nohup: ignoring input
================ Starting Group for n=5 ================
[1/3] Running standard n=5...
[2/3] Running WIDTH n=5...
[3/3] Running WIDTHER n=5...
================ Finished Group for n=5 ================

================ Starting Group for n=10 ================
[1/3] Running standard n=10...
[2/3] Running WIDTH n=10...
[3/3] Running WIDTHER n=10...
================ Finished Group for n=10 ================

================ Starting Group for n=20 ================
[1/3] Running standard n=20...
[2/3] Running WIDTH n=20...
[3/3] Running WIDTHER n=20...
================ Finished Group for n=20 ================

================ Starting Group for n=30 ================
[1/3] Running standard n=30...
[2/3] Running WIDTH n=30...
[3/3] Running WIDTHER n=30...
================ Finished Group for n=30 ================

================ Starting Group for n=40 ================
[1/3] Running standard n=40...
[2/3] Running WIDTH n=40...
[3/3] Running WIDTHER n=40...
================ Finished Group for n=40 ================

================ Starting Group for n=50 ================
[1/3] Running standard n=50...
[2/3] Running WIDTH n=50...
[3/3] Running WIDTHER n=50...
================ Finished Group for n=50 ================

All experiments finished!
