Namespace(source_csv='./drug-target/Davis.csv', target_csv='./drug-target/CASF2016_graph_valid.csv', pretrained='/Davis80_best_model.pt', max_seq_len=1024, batch_size=128, epochs=200, ft_epochs=150, lr=5e-05, weight_decay=0.0001, dropout=0.1, device='cuda:0', save_dir='DETS_DTA', num_prototypes=20, tau_high=0.85, sigma_0=0.15, gamma=10, alpha=0.9, w_min=0.0001, edl_lambda=0.01, mlp_hidden='256,128')
Loading datasets...
Initializing DETS Projection Head (High Variance)...

=== PHASE 1: DETS Source Training ===
-> Extracting Anchors from Target (CASF)...
/root/miniconda3/envs/subset/lib/python3.9/site-packages/torch/nn/modules/transformer.py:508: UserWarning: The PyTorch API of nested tensors is in prototype stage and will change in the near future. We recommend specifying layout=torch.jagged when constructing a nested tensor, as this layout receives active development, has better operator coverage, and works with torch.compile. (Triggered internally at /pytorch/aten/src/ATen/NestedTensorImpl.cpp:178.)
  output = torch._nested_tensor_from_mask(
   Running K-Means (K=20)...
-> Anchors Established: 20 prototypes.
   [Weight Stats] Min: 0.0000 | Max: 1.0000 | Mean: 0.3000 | Std: 0.4583
   [Weight Stats] Zero Count: 17470/24956 (70.0%)
-> [Ep 1] Active Samples: 7486/24956
[P1] Ep 1 | Loss 2.9932 | Val MAE 1.6039 CI 0.5673 Acc 31.6%
   [Weight Stats] Min: 0.0000 | Max: 1.0000 | Mean: 0.3000 | Std: 0.4583
   [Weight Stats] Zero Count: 17470/24956 (70.0%)
-> [Ep 2] Active Samples: 7486/24956
[P1] Ep 2 | Loss 1.2551 | Val MAE 1.9087 CI 0.5789 Acc 15.8%
   [Weight Stats] Min: 0.0000 | Max: 1.0000 | Mean: 0.3000 | Std: 0.4583
   [Weight Stats] Zero Count: 17470/24956 (70.0%)
-> [Ep 3] Active Samples: 7486/24956
[P1] Ep 3 | Loss 1.1189 | Val MAE 1.9926 CI 0.5848 Acc 10.5%
   [Weight Stats] Min: 0.0000 | Max: 1.0000 | Mean: 0.3000 | Std: 0.4583
   [Weight Stats] Zero Count: 17470/24956 (70.0%)
-> [Ep 4] Active Samples: 7486/24956
[P1] Ep 4 | Loss 1.0897 | Val MAE 1.9335 CI 0.5965 Acc 15.8%
   [Weight Stats] Min: 0.0000 | Max: 1.0000 | Mean: 0.3000 | Std: 0.4583
   [Weight Stats] Zero Count: 17470/24956 (70.0%)
-> [Ep 5] Active Samples: 7486/24956
[P1] Ep 5 | Loss 1.0588 | Val MAE 2.0043 CI 0.6023 Acc 10.5%
   [Weight Stats] Min: 0.0000 | Max: 1.0000 | Mean: 0.3000 | Std: 0.4583
   [Weight Stats] Zero Count: 17470/24956 (70.0%)
-> [Ep 6] Active Samples: 7486/24956
[P1] Ep 6 | Loss 1.0329 | Val MAE 1.9705 CI 0.6023 Acc 10.5%
   [Weight Stats] Min: 0.0000 | Max: 1.0000 | Mean: 0.3000 | Std: 0.4583
   [Weight Stats] Zero Count: 17470/24956 (70.0%)
-> [Ep 7] Active Samples: 7486/24956
[P1] Ep 7 | Loss 1.0305 | Val MAE 1.9384 CI 0.6374 Acc 10.5%
   [Weight Stats] Min: 0.0000 | Max: 1.0000 | Mean: 0.3000 | Std: 0.4583
   [Weight Stats] Zero Count: 17470/24956 (70.0%)
-> [Ep 8] Active Samples: 7486/24956
[P1] Ep 8 | Loss 1.0047 | Val MAE 2.0614 CI 0.6667 Acc 10.5%
   [Weight Stats] Min: 0.0000 | Max: 1.0000 | Mean: 0.3000 | Std: 0.4583
   [Weight Stats] Zero Count: 17470/24956 (70.0%)
-> [Ep 9] Active Samples: 7486/24956
[P1] Ep 9 | Loss 1.0074 | Val MAE 2.0129 CI 0.6550 Acc 10.5%
   [Weight Stats] Min: 0.0000 | Max: 1.0000 | Mean: 0.3000 | Std: 0.4583
   [Weight Stats] Zero Count: 17470/24956 (70.0%)
-> [Ep 10] Active Samples: 7486/24956
[P1] Ep 10 | Loss 0.9809 | Val MAE 1.9755 CI 0.6608 Acc 10.5%
   [Weight Stats] Min: 0.0000 | Max: 1.0000 | Mean: 0.3000 | Std: 0.4583
   [Weight Stats] Zero Count: 17470/24956 (70.0%)
-> [Ep 11] Active Samples: 7486/24956
[P1] Ep 11 | Loss 0.9534 | Val MAE 1.9936 CI 0.6550 Acc 10.5%
   [Weight Stats] Min: 0.0000 | Max: 1.0000 | Mean: 0.3000 | Std: 0.4583
   [Weight Stats] Zero Count: 17470/24956 (70.0%)
-> [Ep 12] Active Samples: 7486/24956
[P1] Ep 12 | Loss 0.9699 | Val MAE 2.0342 CI 0.6491 Acc 10.5%
   [Weight Stats] Min: 0.0000 | Max: 1.0000 | Mean: 0.3000 | Std: 0.4583
   [Weight Stats] Zero Count: 17470/24956 (70.0%)
-> [Ep 13] Active Samples: 7486/24956
[P1] Ep 13 | Loss 0.9554 | Val MAE 1.9922 CI 0.6667 Acc 10.5%
   [Weight Stats] Min: 0.0000 | Max: 1.0000 | Mean: 0.3000 | Std: 0.4583
   [Weight Stats] Zero Count: 17470/24956 (70.0%)
-> [Ep 14] Active Samples: 7486/24956
[P1] Ep 14 | Loss 0.9348 | Val MAE 2.0137 CI 0.6667 Acc 10.5%
   [Weight Stats] Min: 0.0000 | Max: 1.0000 | Mean: 0.3000 | Std: 0.4583
   [Weight Stats] Zero Count: 17470/24956 (70.0%)
-> [Ep 15] Active Samples: 7486/24956
[P1] Ep 15 | Loss 0.9449 | Val MAE 2.0009 CI 0.6550 Acc 10.5%
   [Weight Stats] Min: 0.0000 | Max: 1.0000 | Mean: 0.3000 | Std: 0.4583
   [Weight Stats] Zero Count: 17470/24956 (70.0%)
-> [Ep 16] Active Samples: 7486/24956
[P1] Ep 16 | Loss 0.9274 | Val MAE 2.0043 CI 0.6608 Acc 10.5%
   [Weight Stats] Min: 0.0000 | Max: 1.0000 | Mean: 0.3000 | Std: 0.4583
   [Weight Stats] Zero Count: 17470/24956 (70.0%)
-> [Ep 17] Active Samples: 7486/24956
[P1] Ep 17 | Loss 0.9076 | Val MAE 2.0135 CI 0.6725 Acc 10.5%
   [Weight Stats] Min: 0.0000 | Max: 1.0000 | Mean: 0.3000 | Std: 0.4583
   [Weight Stats] Zero Count: 17470/24956 (70.0%)
-> [Ep 18] Active Samples: 7486/24956
[P1] Ep 18 | Loss 0.9126 | Val MAE 1.9736 CI 0.6491 Acc 10.5%
   [Weight Stats] Min: 0.0000 | Max: 1.0000 | Mean: 0.3000 | Std: 0.4583
   [Weight Stats] Zero Count: 17470/24956 (70.0%)
-> [Ep 19] Active Samples: 7486/24956
[P1] Ep 19 | Loss 0.8935 | Val MAE 1.9142 CI 0.6550 Acc 15.8%
   [Weight Stats] Min: 0.0000 | Max: 1.0000 | Mean: 0.3000 | Std: 0.4583
   [Weight Stats] Zero Count: 17470/24956 (70.0%)
-> [Ep 20] Active Samples: 7486/24956
[P1] Ep 20 | Loss 0.8985 | Val MAE 1.9525 CI 0.6667 Acc 10.5%
   [Weight Stats] Min: 0.0000 | Max: 1.0000 | Mean: 0.3000 | Std: 0.4583
   [Weight Stats] Zero Count: 17470/24956 (70.0%)
-> [Ep 21] Active Samples: 7486/24956
[P1] Ep 21 | Loss 0.8987 | Val MAE 1.9807 CI 0.6608 Acc 10.5%
   [Weight Stats] Min: 0.0000 | Max: 1.0000 | Mean: 0.3000 | Std: 0.4583
   [Weight Stats] Zero Count: 17470/24956 (70.0%)
-> [Ep 22] Active Samples: 7486/24956
[P1] Ep 22 | Loss 0.8632 | Val MAE 1.9681 CI 0.6550 Acc 10.5%
   [Weight Stats] Min: 0.0000 | Max: 1.0000 | Mean: 0.3000 | Std: 0.4583
   [Weight Stats] Zero Count: 17470/24956 (70.0%)
-> [Ep 23] Active Samples: 7486/24956
[P1] Ep 23 | Loss 0.8822 | Val MAE 1.9268 CI 0.6433 Acc 10.5%
   [Weight Stats] Min: 0.0000 | Max: 1.0000 | Mean: 0.3000 | Std: 0.4583
   [Weight Stats] Zero Count: 17470/24956 (70.0%)
-> [Ep 24] Active Samples: 7486/24956
[P1] Ep 24 | Loss 0.8887 | Val MAE 2.0544 CI 0.6433 Acc 10.5%
   [Weight Stats] Min: 0.0000 | Max: 1.0000 | Mean: 0.3000 | Std: 0.4583
   [Weight Stats] Zero Count: 17470/24956 (70.0%)
-> [Ep 25] Active Samples: 7486/24956
[P1] Ep 25 | Loss 0.8725 | Val MAE 2.0024 CI 0.6374 Acc 10.5%
   [Weight Stats] Min: 0.0000 | Max: 1.0000 | Mean: 0.3000 | Std: 0.4583
   [Weight Stats] Zero Count: 17470/24956 (70.0%)
-> [Ep 26] Active Samples: 7486/24956
[P1] Ep 26 | Loss 0.8806 | Val MAE 1.9796 CI 0.6433 Acc 10.5%
   [Weight Stats] Min: 0.0000 | Max: 1.0000 | Mean: 0.3000 | Std: 0.4583
   [Weight Stats] Zero Count: 17470/24956 (70.0%)
-> [Ep 27] Active Samples: 7486/24956
[P1] Ep 27 | Loss 0.8619 | Val MAE 1.9482 CI 0.6374 Acc 10.5%
   [Weight Stats] Min: 0.0000 | Max: 1.0000 | Mean: 0.3000 | Std: 0.4583
   [Weight Stats] Zero Count: 17470/24956 (70.0%)
-> [Ep 28] Active Samples: 7486/24956
[P1] Ep 28 | Loss 0.8723 | Val MAE 1.9617 CI 0.6433 Acc 10.5%
   [Weight Stats] Min: 0.0000 | Max: 1.0000 | Mean: 0.3000 | Std: 0.4583
   [Weight Stats] Zero Count: 17470/24956 (70.0%)
-> [Ep 29] Active Samples: 7486/24956
[P1] Ep 29 | Loss 0.8428 | Val MAE 1.9873 CI 0.6374 Acc 10.5%
   [Weight Stats] Min: 0.0000 | Max: 1.0000 | Mean: 0.3000 | Std: 0.4583
   [Weight Stats] Zero Count: 17470/24956 (70.0%)
-> [Ep 30] Active Samples: 7486/24956
[P1] Ep 30 | Loss 0.8440 | Val MAE 1.9884 CI 0.6433 Acc 10.5%
   [Weight Stats] Min: 0.0000 | Max: 1.0000 | Mean: 0.3000 | Std: 0.4583
   [Weight Stats] Zero Count: 17470/24956 (70.0%)
-> [Ep 31] Active Samples: 7486/24956
[P1] Ep 31 | Loss 0.8291 | Val MAE 1.9758 CI 0.6316 Acc 10.5%
   [Weight Stats] Min: 0.0000 | Max: 1.0000 | Mean: 0.3000 | Std: 0.4583
   [Weight Stats] Zero Count: 17470/24956 (70.0%)
-> [Ep 32] Active Samples: 7486/24956
[P1] Ep 32 | Loss 0.8491 | Val MAE 2.0409 CI 0.6374 Acc 10.5%
   [Weight Stats] Min: 0.0000 | Max: 1.0000 | Mean: 0.3000 | Std: 0.4583
   [Weight Stats] Zero Count: 17470/24956 (70.0%)
-> [Ep 33] Active Samples: 7486/24956
[P1] Ep 33 | Loss 0.7996 | Val MAE 2.0019 CI 0.6257 Acc 10.5%
   [Weight Stats] Min: 0.0000 | Max: 1.0000 | Mean: 0.3000 | Std: 0.4583
   [Weight Stats] Zero Count: 17470/24956 (70.0%)
-> [Ep 34] Active Samples: 7486/24956
[P1] Ep 34 | Loss 0.8437 | Val MAE 2.0484 CI 0.6257 Acc 10.5%
   [Weight Stats] Min: 0.0000 | Max: 1.0000 | Mean: 0.3000 | Std: 0.4583
   [Weight Stats] Zero Count: 17470/24956 (70.0%)
-> [Ep 35] Active Samples: 7486/24956
[P1] Ep 35 | Loss 0.8555 | Val MAE 1.9901 CI 0.6257 Acc 10.5%
   [Weight Stats] Min: 0.0000 | Max: 1.0000 | Mean: 0.3000 | Std: 0.4583
   [Weight Stats] Zero Count: 17470/24956 (70.0%)
-> [Ep 36] Active Samples: 7486/24956
[P1] Ep 36 | Loss 0.8467 | Val MAE 1.9828 CI 0.6316 Acc 10.5%
   [Weight Stats] Min: 0.0000 | Max: 1.0000 | Mean: 0.3000 | Std: 0.4583
   [Weight Stats] Zero Count: 17470/24956 (70.0%)
-> [Ep 37] Active Samples: 7486/24956
[P1] Ep 37 | Loss 0.8235 | Val MAE 1.9894 CI 0.6433 Acc 10.5%
   [Weight Stats] Min: 0.0000 | Max: 1.0000 | Mean: 0.3000 | Std: 0.4583
   [Weight Stats] Zero Count: 17470/24956 (70.0%)
-> [Ep 38] Active Samples: 7486/24956
[P1] Ep 38 | Loss 0.8180 | Val MAE 2.0060 CI 0.6316 Acc 10.5%
   [Weight Stats] Min: 0.0000 | Max: 1.0000 | Mean: 0.3000 | Std: 0.4583
   [Weight Stats] Zero Count: 17470/24956 (70.0%)
-> [Ep 39] Active Samples: 7486/24956
[P1] Ep 39 | Loss 0.8244 | Val MAE 2.0438 CI 0.6316 Acc 10.5%
   [Weight Stats] Min: 0.0000 | Max: 1.0000 | Mean: 0.3000 | Std: 0.4583
   [Weight Stats] Zero Count: 17470/24956 (70.0%)
-> [Ep 40] Active Samples: 7486/24956
[P1] Ep 40 | Loss 0.8438 | Val MAE 2.0449 CI 0.6082 Acc 10.5%
   [Weight Stats] Min: 0.0000 | Max: 1.0000 | Mean: 0.3000 | Std: 0.4583
   [Weight Stats] Zero Count: 17470/24956 (70.0%)
-> [Ep 41] Active Samples: 7486/24956
[P1] Ep 41 | Loss 0.8426 | Val MAE 1.9663 CI 0.6082 Acc 10.5%
   [Weight Stats] Min: 0.0000 | Max: 1.0000 | Mean: 0.3000 | Std: 0.4583
   [Weight Stats] Zero Count: 17470/24956 (70.0%)
-> [Ep 42] Active Samples: 7486/24956
[P1] Ep 42 | Loss 0.8656 | Val MAE 1.9676 CI 0.6023 Acc 10.5%
   [Weight Stats] Min: 0.0000 | Max: 1.0000 | Mean: 0.3000 | Std: 0.4583
   [Weight Stats] Zero Count: 17470/24956 (70.0%)
-> [Ep 43] Active Samples: 7486/24956
[P1] Ep 43 | Loss 0.9561 | Val MAE 1.9788 CI 0.6082 Acc 10.5%
   [Weight Stats] Min: 0.0000 | Max: 1.0000 | Mean: 0.3000 | Std: 0.4583
   [Weight Stats] Zero Count: 17470/24956 (70.0%)
-> [Ep 44] Active Samples: 7486/24956
[P1] Ep 44 | Loss 1.0684 | Val MAE 1.9284 CI 0.6023 Acc 10.5%
   [Weight Stats] Min: 0.0000 | Max: 1.0000 | Mean: 0.3000 | Std: 0.4583
   [Weight Stats] Zero Count: 17470/24956 (70.0%)
-> [Ep 45] Active Samples: 7486/24956
[P1] Ep 45 | Loss 1.1095 | Val MAE 1.9001 CI 0.6199 Acc 15.8%
   [Weight Stats] Min: 0.0000 | Max: 1.0000 | Mean: 0.3000 | Std: 0.4583
   [Weight Stats] Zero Count: 17470/24956 (70.0%)
-> [Ep 46] Active Samples: 7486/24956
[P1] Ep 46 | Loss 0.9658 | Val MAE 1.9537 CI 0.6140 Acc 10.5%
   [Weight Stats] Min: 0.0000 | Max: 1.0000 | Mean: 0.3000 | Std: 0.4583
   [Weight Stats] Zero Count: 17470/24956 (70.0%)
-> [Ep 47] Active Samples: 7486/24956
[P1] Ep 47 | Loss 0.8407 | Val MAE 2.0334 CI 0.6140 Acc 10.5%
   [Weight Stats] Min: 0.0000 | Max: 1.0000 | Mean: 0.3000 | Std: 0.4583
   [Weight Stats] Zero Count: 17470/24956 (70.0%)
-> [Ep 48] Active Samples: 7486/24956
[P1] Ep 48 | Loss 0.9830 | Val MAE 1.9600 CI 0.6140 Acc 10.5%
   [Weight Stats] Min: 0.0000 | Max: 1.0000 | Mean: 0.3000 | Std: 0.4583
   [Weight Stats] Zero Count: 17470/24956 (70.0%)
-> [Ep 49] Active Samples: 7486/24956
[P1] Ep 49 | Loss 0.9705 | Val MAE 1.9687 CI 0.6199 Acc 10.5%
   [Weight Stats] Min: 0.0000 | Max: 1.0000 | Mean: 0.3000 | Std: 0.4583
   [Weight Stats] Zero Count: 17470/24956 (70.0%)
-> [Ep 50] Active Samples: 7486/24956
[P1] Ep 50 | Loss 0.9447 | Val MAE 2.0416 CI 0.6023 Acc 10.5%
   [Weight Stats] Min: 0.0000 | Max: 1.0000 | Mean: 0.3000 | Std: 0.4583
   [Weight Stats] Zero Count: 17470/24956 (70.0%)
-> [Ep 51] Active Samples: 7486/24956
[P1] Ep 51 | Loss 0.9718 | Val MAE 1.9435 CI 0.6023 Acc 10.5%
   [Weight Stats] Min: 0.0000 | Max: 1.0000 | Mean: 0.3000 | Std: 0.4583
   [Weight Stats] Zero Count: 17470/24956 (70.0%)
-> [Ep 52] Active Samples: 7486/24956
[P1] Ep 52 | Loss 1.0073 | Val MAE 1.9348 CI 0.6023 Acc 10.5%
   [Weight Stats] Min: 0.0000 | Max: 1.0000 | Mean: 0.3000 | Std: 0.4583
   [Weight Stats] Zero Count: 17470/24956 (70.0%)
-> [Ep 53] Active Samples: 7486/24956
[P1] Ep 53 | Loss 1.1151 | Val MAE 1.8501 CI 0.6257 Acc 21.1%
   [Weight Stats] Min: 0.0000 | Max: 1.0000 | Mean: 0.3000 | Std: 0.4583
   [Weight Stats] Zero Count: 17470/24956 (70.0%)
-> [Ep 54] Active Samples: 7486/24956
[P1] Ep 54 | Loss 1.0990 | Val MAE 1.9273 CI 0.5848 Acc 10.5%
   [Weight Stats] Min: 0.0000 | Max: 1.0000 | Mean: 0.3000 | Std: 0.4583
   [Weight Stats] Zero Count: 17470/24956 (70.0%)
-> [Ep 55] Active Samples: 7486/24956
[P1] Ep 55 | Loss 1.0688 | Val MAE 1.9215 CI 0.5848 Acc 10.5%
   [Weight Stats] Min: 0.0000 | Max: 1.0000 | Mean: 0.3000 | Std: 0.4583
   [Weight Stats] Zero Count: 17470/24956 (70.0%)
-> [Ep 56] Active Samples: 7486/24956
[P1] Ep 56 | Loss 1.0829 | Val MAE 1.8788 CI 0.5556 Acc 21.1%
   [Weight Stats] Min: 0.0000 | Max: 1.0000 | Mean: 0.3000 | Std: 0.4583
   [Weight Stats] Zero Count: 17470/24956 (70.0%)
-> [Ep 57] Active Samples: 7486/24956
[P1] Ep 57 | Loss 1.0058 | Val MAE 1.9440 CI 0.5614 Acc 10.5%
   [Weight Stats] Min: 0.0000 | Max: 1.0000 | Mean: 0.3000 | Std: 0.4583
   [Weight Stats] Zero Count: 17470/24956 (70.0%)
-> [Ep 58] Active Samples: 7486/24956
[P1] Ep 58 | Loss 0.9944 | Val MAE 2.0497 CI 0.5673 Acc 10.5%
   [Weight Stats] Min: 0.0000 | Max: 1.0000 | Mean: 0.3000 | Std: 0.4583
   [Weight Stats] Zero Count: 17470/24956 (70.0%)
-> [Ep 59] Active Samples: 7486/24956
[P1] Ep 59 | Loss 1.0816 | Val MAE 1.9068 CI 0.5614 Acc 10.5%
   [Weight Stats] Min: 0.0000 | Max: 1.0000 | Mean: 0.3000 | Std: 0.4583
   [Weight Stats] Zero Count: 17470/24956 (70.0%)
-> [Ep 60] Active Samples: 7486/24956
[P1] Ep 60 | Loss 1.0182 | Val MAE 1.8789 CI 0.5614 Acc 21.1%
   [Weight Stats] Min: 0.0000 | Max: 1.0000 | Mean: 0.3000 | Std: 0.4583
   [Weight Stats] Zero Count: 17470/24956 (70.0%)
-> [Ep 61] Active Samples: 7486/24956
[P1] Ep 61 | Loss 1.0911 | Val MAE 1.8853 CI 0.5614 Acc 15.8%
   [Weight Stats] Min: 0.0000 | Max: 1.0000 | Mean: 0.3000 | Std: 0.4583
   [Weight Stats] Zero Count: 17470/24956 (70.0%)
-> [Ep 62] Active Samples: 7486/24956
[P1] Ep 62 | Loss 1.0088 | Val MAE 1.9224 CI 0.5673 Acc 10.5%
   [Weight Stats] Min: 0.0000 | Max: 1.0000 | Mean: 0.3000 | Std: 0.4583
   [Weight Stats] Zero Count: 17470/24956 (70.0%)
-> [Ep 63] Active Samples: 7486/24956
[P1] Ep 63 | Loss 0.9784 | Val MAE 1.9236 CI 0.5614 Acc 10.5%
   [Weight Stats] Min: 0.0000 | Max: 1.0000 | Mean: 0.3000 | Std: 0.4583
   [Weight Stats] Zero Count: 17470/24956 (70.0%)
-> [Ep 64] Active Samples: 7486/24956
[P1] Ep 64 | Loss 0.9547 | Val MAE 1.9125 CI 0.5673 Acc 10.5%
   [Weight Stats] Min: 0.0000 | Max: 1.0000 | Mean: 0.3000 | Std: 0.4583
   [Weight Stats] Zero Count: 17470/24956 (70.0%)
-> [Ep 65] Active Samples: 7486/24956
[P1] Ep 65 | Loss 1.0536 | Val MAE 1.9381 CI 0.5497 Acc 10.5%
   [Weight Stats] Min: 0.0000 | Max: 1.0000 | Mean: 0.3000 | Std: 0.4583
   [Weight Stats] Zero Count: 17470/24956 (70.0%)
-> [Ep 66] Active Samples: 7486/24956
[P1] Ep 66 | Loss 0.9544 | Val MAE 1.9816 CI 0.5439 Acc 10.5%
   [Weight Stats] Min: 0.0000 | Max: 1.0000 | Mean: 0.3000 | Std: 0.4583
   [Weight Stats] Zero Count: 17470/24956 (70.0%)
-> [Ep 67] Active Samples: 7486/24956
[P1] Ep 67 | Loss 0.9890 | Val MAE 1.9237 CI 0.5322 Acc 10.5%
   [Weight Stats] Min: 0.0000 | Max: 1.0000 | Mean: 0.3000 | Std: 0.4583
   [Weight Stats] Zero Count: 17470/24956 (70.0%)
-> [Ep 68] Active Samples: 7486/24956
[P1] Ep 68 | Loss 1.0014 | Val MAE 1.9342 CI 0.5263 Acc 10.5%
   [Weight Stats] Min: 0.0000 | Max: 1.0000 | Mean: 0.3000 | Std: 0.4583
   [Weight Stats] Zero Count: 17470/24956 (70.0%)
-> [Ep 69] Active Samples: 7486/24956
[P1] Ep 69 | Loss 1.0130 | Val MAE 1.9152 CI 0.5263 Acc 10.5%
   [Weight Stats] Min: 0.0000 | Max: 1.0000 | Mean: 0.3000 | Std: 0.4583
   [Weight Stats] Zero Count: 17470/24956 (70.0%)
-> [Ep 70] Active Samples: 7486/24956
[P1] Ep 70 | Loss 1.0520 | Val MAE 1.8948 CI 0.5263 Acc 15.8%
   [Weight Stats] Min: 0.0000 | Max: 1.0000 | Mean: 0.3000 | Std: 0.4583
   [Weight Stats] Zero Count: 17470/24956 (70.0%)
-> [Ep 71] Active Samples: 7486/24956
[P1] Ep 71 | Loss 0.9130 | Val MAE 1.9667 CI 0.5322 Acc 10.5%
   [Weight Stats] Min: 0.0000 | Max: 1.0000 | Mean: 0.3000 | Std: 0.4583
   [Weight Stats] Zero Count: 17470/24956 (70.0%)
-> [Ep 72] Active Samples: 7486/24956
[P1] Ep 72 | Loss 1.0795 | Val MAE 1.9273 CI 0.5322 Acc 10.5%
   [Weight Stats] Min: 0.0000 | Max: 1.0000 | Mean: 0.2960 | Std: 0.4526
   [Weight Stats] Zero Count: 17470/24956 (70.0%)
-> [Ep 73] Active Samples: 7486/24956
[P1] Ep 73 | Loss 1.0436 | Val MAE 1.8739 CI 0.5322 Acc 15.8%
   [Weight Stats] Min: 0.0000 | Max: 1.0000 | Mean: 0.2991 | Std: 0.4571
   [Weight Stats] Zero Count: 17470/24956 (70.0%)
-> [Ep 74] Active Samples: 7486/24956
[P1] Ep 74 | Loss 0.9907 | Val MAE 1.9549 CI 0.5380 Acc 10.5%
   [Weight Stats] Min: 0.0000 | Max: 1.0000 | Mean: 0.3000 | Std: 0.4583
   [Weight Stats] Zero Count: 17470/24956 (70.0%)
-> [Ep 75] Active Samples: 7486/24956
[P1] Ep 75 | Loss 1.0838 | Val MAE 1.8745 CI 0.5322 Acc 15.8%
   [Weight Stats] Min: 0.0000 | Max: 1.0000 | Mean: 0.3000 | Std: 0.4583
   [Weight Stats] Zero Count: 17470/24956 (70.0%)
-> [Ep 76] Active Samples: 7486/24956
[P1] Ep 76 | Loss 1.0525 | Val MAE 1.9125 CI 0.5205 Acc 10.5%
   [Weight Stats] Min: 0.0000 | Max: 1.0000 | Mean: 0.2912 | Std: 0.4456
   [Weight Stats] Zero Count: 17470/24956 (70.0%)
-> [Ep 77] Active Samples: 7486/24956
[P1] Ep 77 | Loss 1.0304 | Val MAE 1.8993 CI 0.5263 Acc 15.8%
   [Weight Stats] Min: 0.0000 | Max: 1.0000 | Mean: 0.2956 | Std: 0.4520
   [Weight Stats] Zero Count: 17470/24956 (70.0%)
-> [Ep 78] Active Samples: 7486/24956
[P1] Ep 78 | Loss 1.0247 | Val MAE 1.8375 CI 0.4971 Acc 21.1%
   [Weight Stats] Min: 0.0000 | Max: 1.0000 | Mean: 0.2926 | Std: 0.4477
   [Weight Stats] Zero Count: 17470/24956 (70.0%)
-> [Ep 79] Active Samples: 7486/24956
[P1] Ep 79 | Loss 0.9649 | Val MAE 1.9439 CI 0.5322 Acc 10.5%
   [Weight Stats] Min: 0.0000 | Max: 1.0000 | Mean: 0.2830 | Std: 0.4332
   [Weight Stats] Zero Count: 17470/24956 (70.0%)
-> [Ep 80] Active Samples: 7486/24956
[P1] Ep 80 | Loss 0.9592 | Val MAE 1.8764 CI 0.5205 Acc 15.8%
   [Weight Stats] Min: 0.0000 | Max: 1.0000 | Mean: 0.2875 | Std: 0.4401
   [Weight Stats] Zero Count: 17470/24956 (70.0%)
-> [Ep 81] Active Samples: 7486/24956
[P1] Ep 81 | Loss 0.9658 | Val MAE 1.9413 CI 0.5380 Acc 10.5%
   [Weight Stats] Min: 0.0000 | Max: 1.0000 | Mean: 0.2884 | Std: 0.4415
   [Weight Stats] Zero Count: 17470/24956 (70.0%)
-> [Ep 82] Active Samples: 7486/24956
[P1] Ep 82 | Loss 0.9689 | Val MAE 1.8907 CI 0.5380 Acc 10.5%
   [Weight Stats] Min: 0.0000 | Max: 1.0000 | Mean: 0.3000 | Std: 0.4583
   [Weight Stats] Zero Count: 17470/24956 (70.0%)
-> [Ep 83] Active Samples: 7486/24956
[P1] Ep 83 | Loss 1.0090 | Val MAE 1.9372 CI 0.5497 Acc 10.5%

=== PHASE 2: Target Fine-tuning ===
>>> Stage 2.1: Head Alignment...
[Head] Ep 10 MAE 1.5205 CI 0.6316 Acc 26.3%
[Head] Ep 20 MAE 1.5174 CI 0.6257 Acc 26.3%
[Head] Ep 30 MAE 1.5189 CI 0.6257 Acc 26.3%
[Head] Ep 40 MAE 1.5175 CI 0.6316 Acc 26.3%
[Head] Ep 50 MAE 1.5297 CI 0.6140 Acc 26.3%
[Head] Ep 60 MAE 1.5240 CI 0.6023 Acc 26.3%
[Head] Ep 70 MAE 1.5279 CI 0.5848 Acc 26.3%
[Head] Ep 80 MAE 1.5313 CI 0.5965 Acc 26.3%
[Head] Ep 90 MAE 1.5385 CI 0.5965 Acc 26.3%
[Head] Ep 100 MAE 1.5465 CI 0.5906 Acc 26.3%
[Head] Ep 110 MAE 1.5558 CI 0.6023 Acc 21.1%
[Head] Ep 120 MAE 1.5450 CI 0.5848 Acc 26.3%
[Head] Ep 130 MAE 1.5496 CI 0.5673 Acc 26.3%
[Head] Ep 140 MAE 1.5574 CI 0.5556 Acc 26.3%
[Head] Ep 150 MAE 1.5568 CI 0.5556 Acc 26.3%
>>> Stage 2.2: Full Fine-tuning...
[Full] Ep 10 MAE 1.5185 CI 0.6374 RM2 0.0401 Acc 26.3%
[Full] Ep 20 MAE 1.5159 CI 0.6199 RM2 0.0382 Acc 26.3%
[Full] Ep 30 MAE 1.5164 CI 0.6140 RM2 0.0371 Acc 26.3%
[Full] Ep 40 MAE 1.5145 CI 0.6023 RM2 0.0350 Acc 26.3%
[Full] Ep 50 MAE 1.5172 CI 0.6023 RM2 0.0322 Acc 26.3%

>>> Testing Final Model...
------------------------------------------------------------
[FINAL RESULT] Test Set:
   MAE:  1.3771
   RMSE: 1.7234
   CI:   0.6158
   RM2:  0.0813
   MAPE: 24.42 %
   Acc:  30.00 %
------------------------------------------------------------
