Namespace(source_csv='./drug-target/Davis.csv', target_csv='./drug-target/CASF2016_graph_valid.csv', pretrained='/Davis80_best_model.pt', max_seq_len=1024, batch_size=128, epochs=200, ft_epochs=150, lr=5e-05, weight_decay=0.0001, dropout=0.1, device='cuda:0', save_dir='DETS_DTA', num_prototypes=30, tau_high=0.8, sigma_0=0.2, gamma=10, alpha=0.9, w_min=0.0001, edl_lambda=0.01, mlp_hidden='256,128')
Loading datasets...
Initializing DETS Projection Head (High Variance)...

=== PHASE 1: DETS Source Training ===
-> Extracting Anchors from Target (CASF)...
/root/miniconda3/envs/subset/lib/python3.9/site-packages/torch/nn/modules/transformer.py:508: UserWarning: The PyTorch API of nested tensors is in prototype stage and will change in the near future. We recommend specifying layout=torch.jagged when constructing a nested tensor, as this layout receives active development, has better operator coverage, and works with torch.compile. (Triggered internally at /pytorch/aten/src/ATen/NestedTensorImpl.cpp:178.)
  output = torch._nested_tensor_from_mask(
   Running K-Means (K=30)...
-> Anchors Established: 30 prototypes.
   [Weight Stats] Min: 0.0000 | Max: 1.0000 | Mean: 0.3000 | Std: 0.4583
   [Weight Stats] Zero Count: 17470/24956 (70.0%)
-> [Ep 1] Active Samples: 7486/24956
[P1] Ep 1 | Loss 3.0095 | Val MAE 1.6038 CI 0.5673 Acc 31.6%
   [Weight Stats] Min: 0.0000 | Max: 1.0000 | Mean: 0.3000 | Std: 0.4583
   [Weight Stats] Zero Count: 17470/24956 (70.0%)
-> [Ep 2] Active Samples: 7486/24956
[P1] Ep 2 | Loss 1.2608 | Val MAE 1.9072 CI 0.5789 Acc 15.8%
   [Weight Stats] Min: 0.0000 | Max: 1.0000 | Mean: 0.3000 | Std: 0.4583
   [Weight Stats] Zero Count: 17470/24956 (70.0%)
-> [Ep 3] Active Samples: 7486/24956
[P1] Ep 3 | Loss 1.1234 | Val MAE 1.9974 CI 0.5848 Acc 10.5%
   [Weight Stats] Min: 0.0000 | Max: 1.0000 | Mean: 0.3000 | Std: 0.4583
   [Weight Stats] Zero Count: 17470/24956 (70.0%)
-> [Ep 4] Active Samples: 7486/24956
[P1] Ep 4 | Loss 1.0946 | Val MAE 1.9332 CI 0.5965 Acc 15.8%
   [Weight Stats] Min: 0.0000 | Max: 1.0000 | Mean: 0.3000 | Std: 0.4583
   [Weight Stats] Zero Count: 17470/24956 (70.0%)
-> [Ep 5] Active Samples: 7486/24956
[P1] Ep 5 | Loss 1.0623 | Val MAE 1.9973 CI 0.5965 Acc 10.5%
   [Weight Stats] Min: 0.0000 | Max: 1.0000 | Mean: 0.3000 | Std: 0.4583
   [Weight Stats] Zero Count: 17470/24956 (70.0%)
-> [Ep 6] Active Samples: 7486/24956
[P1] Ep 6 | Loss 1.0328 | Val MAE 1.9841 CI 0.6199 Acc 10.5%
   [Weight Stats] Min: 0.0000 | Max: 1.0000 | Mean: 0.3000 | Std: 0.4583
   [Weight Stats] Zero Count: 17470/24956 (70.0%)
-> [Ep 7] Active Samples: 7486/24956
[P1] Ep 7 | Loss 1.0282 | Val MAE 1.9349 CI 0.6491 Acc 10.5%
   [Weight Stats] Min: 0.0000 | Max: 1.0000 | Mean: 0.3000 | Std: 0.4583
   [Weight Stats] Zero Count: 17470/24956 (70.0%)
-> [Ep 8] Active Samples: 7486/24956
[P1] Ep 8 | Loss 1.0089 | Val MAE 2.0529 CI 0.6491 Acc 10.5%
   [Weight Stats] Min: 0.0000 | Max: 1.0000 | Mean: 0.3000 | Std: 0.4583
   [Weight Stats] Zero Count: 17470/24956 (70.0%)
-> [Ep 9] Active Samples: 7486/24956
[P1] Ep 9 | Loss 1.0096 | Val MAE 1.9949 CI 0.6608 Acc 10.5%
   [Weight Stats] Min: 0.0000 | Max: 1.0000 | Mean: 0.3000 | Std: 0.4583
   [Weight Stats] Zero Count: 17470/24956 (70.0%)
-> [Ep 10] Active Samples: 7486/24956
[P1] Ep 10 | Loss 0.9822 | Val MAE 1.9746 CI 0.6491 Acc 10.5%
   [Weight Stats] Min: 0.0000 | Max: 1.0000 | Mean: 0.3000 | Std: 0.4583
   [Weight Stats] Zero Count: 17470/24956 (70.0%)
-> [Ep 11] Active Samples: 7486/24956
[P1] Ep 11 | Loss 0.9546 | Val MAE 1.9962 CI 0.6433 Acc 10.5%
   [Weight Stats] Min: 0.0000 | Max: 1.0000 | Mean: 0.3000 | Std: 0.4583
   [Weight Stats] Zero Count: 17470/24956 (70.0%)
-> [Ep 12] Active Samples: 7486/24956
[P1] Ep 12 | Loss 0.9706 | Val MAE 2.0289 CI 0.6550 Acc 10.5%
   [Weight Stats] Min: 0.0000 | Max: 1.0000 | Mean: 0.3000 | Std: 0.4583
   [Weight Stats] Zero Count: 17470/24956 (70.0%)
-> [Ep 13] Active Samples: 7486/24956
[P1] Ep 13 | Loss 0.9613 | Val MAE 2.0074 CI 0.6667 Acc 10.5%
   [Weight Stats] Min: 0.0000 | Max: 1.0000 | Mean: 0.3000 | Std: 0.4583
   [Weight Stats] Zero Count: 17470/24956 (70.0%)
-> [Ep 14] Active Samples: 7486/24956
[P1] Ep 14 | Loss 0.9394 | Val MAE 1.9994 CI 0.6784 Acc 10.5%
   [Weight Stats] Min: 0.0000 | Max: 1.0000 | Mean: 0.3000 | Std: 0.4583
   [Weight Stats] Zero Count: 17470/24956 (70.0%)
-> [Ep 15] Active Samples: 7486/24956
[P1] Ep 15 | Loss 0.9477 | Val MAE 2.0254 CI 0.6842 Acc 10.5%
   [Weight Stats] Min: 0.0000 | Max: 1.0000 | Mean: 0.3000 | Std: 0.4583
   [Weight Stats] Zero Count: 17470/24956 (70.0%)
-> [Ep 16] Active Samples: 7486/24956
[P1] Ep 16 | Loss 0.9384 | Val MAE 2.0052 CI 0.6725 Acc 10.5%
   [Weight Stats] Min: 0.0000 | Max: 1.0000 | Mean: 0.3000 | Std: 0.4583
   [Weight Stats] Zero Count: 17470/24956 (70.0%)
-> [Ep 17] Active Samples: 7486/24956
[P1] Ep 17 | Loss 0.9094 | Val MAE 2.0278 CI 0.6667 Acc 10.5%
   [Weight Stats] Min: 0.0000 | Max: 1.0000 | Mean: 0.3000 | Std: 0.4583
   [Weight Stats] Zero Count: 17470/24956 (70.0%)
-> [Ep 18] Active Samples: 7486/24956
[P1] Ep 18 | Loss 0.9214 | Val MAE 1.9584 CI 0.6491 Acc 10.5%
   [Weight Stats] Min: 0.0000 | Max: 1.0000 | Mean: 0.3000 | Std: 0.4583
   [Weight Stats] Zero Count: 17470/24956 (70.0%)
-> [Ep 19] Active Samples: 7486/24956
[P1] Ep 19 | Loss 0.8959 | Val MAE 1.9398 CI 0.6491 Acc 10.5%
   [Weight Stats] Min: 0.0000 | Max: 1.0000 | Mean: 0.3000 | Std: 0.4583
   [Weight Stats] Zero Count: 17470/24956 (70.0%)
-> [Ep 20] Active Samples: 7486/24956
[P1] Ep 20 | Loss 0.9068 | Val MAE 1.9554 CI 0.6433 Acc 10.5%
   [Weight Stats] Min: 0.0000 | Max: 1.0000 | Mean: 0.3000 | Std: 0.4583
   [Weight Stats] Zero Count: 17470/24956 (70.0%)
-> [Ep 21] Active Samples: 7486/24956
[P1] Ep 21 | Loss 0.9010 | Val MAE 1.9582 CI 0.6433 Acc 10.5%
   [Weight Stats] Min: 0.0000 | Max: 1.0000 | Mean: 0.3000 | Std: 0.4583
   [Weight Stats] Zero Count: 17470/24956 (70.0%)
-> [Ep 22] Active Samples: 7486/24956
[P1] Ep 22 | Loss 0.8687 | Val MAE 1.9626 CI 0.6433 Acc 10.5%
   [Weight Stats] Min: 0.0000 | Max: 1.0000 | Mean: 0.3000 | Std: 0.4583
   [Weight Stats] Zero Count: 17470/24956 (70.0%)
-> [Ep 23] Active Samples: 7486/24956
[P1] Ep 23 | Loss 0.8987 | Val MAE 1.9805 CI 0.6433 Acc 10.5%
   [Weight Stats] Min: 0.0000 | Max: 1.0000 | Mean: 0.3000 | Std: 0.4583
   [Weight Stats] Zero Count: 17470/24956 (70.0%)
-> [Ep 24] Active Samples: 7486/24956
[P1] Ep 24 | Loss 0.8977 | Val MAE 2.0609 CI 0.6316 Acc 10.5%
   [Weight Stats] Min: 0.0000 | Max: 1.0000 | Mean: 0.3000 | Std: 0.4583
   [Weight Stats] Zero Count: 17470/24956 (70.0%)
-> [Ep 25] Active Samples: 7486/24956
[P1] Ep 25 | Loss 0.8769 | Val MAE 1.9827 CI 0.6374 Acc 10.5%
   [Weight Stats] Min: 0.0000 | Max: 1.0000 | Mean: 0.3000 | Std: 0.4583
   [Weight Stats] Zero Count: 17470/24956 (70.0%)
-> [Ep 26] Active Samples: 7486/24956
[P1] Ep 26 | Loss 0.8797 | Val MAE 2.0312 CI 0.6374 Acc 10.5%
   [Weight Stats] Min: 0.0000 | Max: 1.0000 | Mean: 0.3000 | Std: 0.4583
   [Weight Stats] Zero Count: 17470/24956 (70.0%)
-> [Ep 27] Active Samples: 7486/24956
[P1] Ep 27 | Loss 0.8756 | Val MAE 1.9654 CI 0.6433 Acc 10.5%
   [Weight Stats] Min: 0.0000 | Max: 1.0000 | Mean: 0.3000 | Std: 0.4583
   [Weight Stats] Zero Count: 17470/24956 (70.0%)
-> [Ep 28] Active Samples: 7486/24956
[P1] Ep 28 | Loss 0.8817 | Val MAE 1.9868 CI 0.6257 Acc 10.5%
   [Weight Stats] Min: 0.0000 | Max: 1.0000 | Mean: 0.3000 | Std: 0.4583
   [Weight Stats] Zero Count: 17470/24956 (70.0%)
-> [Ep 29] Active Samples: 7486/24956
[P1] Ep 29 | Loss 0.8970 | Val MAE 1.9792 CI 0.6082 Acc 10.5%
   [Weight Stats] Min: 0.0000 | Max: 1.0000 | Mean: 0.3000 | Std: 0.4583
   [Weight Stats] Zero Count: 17470/24956 (70.0%)
-> [Ep 30] Active Samples: 7486/24956
[P1] Ep 30 | Loss 0.8668 | Val MAE 1.9555 CI 0.6082 Acc 10.5%
   [Weight Stats] Min: 0.0000 | Max: 1.0000 | Mean: 0.3000 | Std: 0.4583
   [Weight Stats] Zero Count: 17470/24956 (70.0%)
-> [Ep 31] Active Samples: 7486/24956
[P1] Ep 31 | Loss 0.8754 | Val MAE 1.9728 CI 0.6433 Acc 10.5%
   [Weight Stats] Min: 0.0000 | Max: 1.0000 | Mean: 0.3000 | Std: 0.4583
   [Weight Stats] Zero Count: 17470/24956 (70.0%)
-> [Ep 32] Active Samples: 7486/24956
[P1] Ep 32 | Loss 0.8828 | Val MAE 2.0179 CI 0.6140 Acc 10.5%
   [Weight Stats] Min: 0.0000 | Max: 1.0000 | Mean: 0.3000 | Std: 0.4583
   [Weight Stats] Zero Count: 17470/24956 (70.0%)
-> [Ep 33] Active Samples: 7486/24956
[P1] Ep 33 | Loss 0.8578 | Val MAE 1.9793 CI 0.6140 Acc 10.5%
   [Weight Stats] Min: 0.0000 | Max: 1.0000 | Mean: 0.3000 | Std: 0.4583
   [Weight Stats] Zero Count: 17470/24956 (70.0%)
-> [Ep 34] Active Samples: 7486/24956
[P1] Ep 34 | Loss 0.8335 | Val MAE 2.0249 CI 0.6433 Acc 10.5%
   [Weight Stats] Min: 0.0000 | Max: 1.0000 | Mean: 0.3000 | Std: 0.4583
   [Weight Stats] Zero Count: 17470/24956 (70.0%)
-> [Ep 35] Active Samples: 7486/24956
[P1] Ep 35 | Loss 0.8592 | Val MAE 2.0015 CI 0.6082 Acc 10.5%
   [Weight Stats] Min: 0.0000 | Max: 1.0000 | Mean: 0.3000 | Std: 0.4583
   [Weight Stats] Zero Count: 17470/24956 (70.0%)
-> [Ep 36] Active Samples: 7486/24956
[P1] Ep 36 | Loss 0.8416 | Val MAE 2.0061 CI 0.6199 Acc 10.5%
   [Weight Stats] Min: 0.0000 | Max: 1.0000 | Mean: 0.3000 | Std: 0.4583
   [Weight Stats] Zero Count: 17470/24956 (70.0%)
-> [Ep 37] Active Samples: 7486/24956
[P1] Ep 37 | Loss 0.8496 | Val MAE 1.9775 CI 0.6316 Acc 10.5%
   [Weight Stats] Min: 0.0000 | Max: 1.0000 | Mean: 0.3000 | Std: 0.4583
   [Weight Stats] Zero Count: 17470/24956 (70.0%)
-> [Ep 38] Active Samples: 7486/24956
[P1] Ep 38 | Loss 0.8478 | Val MAE 2.0189 CI 0.6491 Acc 10.5%
   [Weight Stats] Min: 0.0000 | Max: 1.0000 | Mean: 0.3000 | Std: 0.4583
   [Weight Stats] Zero Count: 17470/24956 (70.0%)
-> [Ep 39] Active Samples: 7486/24956
[P1] Ep 39 | Loss 0.8122 | Val MAE 2.0315 CI 0.6316 Acc 10.5%
   [Weight Stats] Min: 0.0000 | Max: 1.0000 | Mean: 0.3000 | Std: 0.4583
   [Weight Stats] Zero Count: 17470/24956 (70.0%)
-> [Ep 40] Active Samples: 7486/24956
[P1] Ep 40 | Loss 0.8402 | Val MAE 2.0303 CI 0.6433 Acc 10.5%
   [Weight Stats] Min: 0.0000 | Max: 1.0000 | Mean: 0.3000 | Std: 0.4583
   [Weight Stats] Zero Count: 17470/24956 (70.0%)
-> [Ep 41] Active Samples: 7486/24956
[P1] Ep 41 | Loss 0.8428 | Val MAE 1.9833 CI 0.6374 Acc 10.5%
   [Weight Stats] Min: 0.0000 | Max: 1.0000 | Mean: 0.3000 | Std: 0.4583
   [Weight Stats] Zero Count: 17470/24956 (70.0%)
-> [Ep 42] Active Samples: 7486/24956
[P1] Ep 42 | Loss 0.8200 | Val MAE 1.9881 CI 0.6374 Acc 10.5%
   [Weight Stats] Min: 0.0000 | Max: 1.0000 | Mean: 0.3000 | Std: 0.4583
   [Weight Stats] Zero Count: 17470/24956 (70.0%)
-> [Ep 43] Active Samples: 7486/24956
[P1] Ep 43 | Loss 0.8188 | Val MAE 1.9882 CI 0.6491 Acc 10.5%
   [Weight Stats] Min: 0.0000 | Max: 1.0000 | Mean: 0.3000 | Std: 0.4583
   [Weight Stats] Zero Count: 17470/24956 (70.0%)
-> [Ep 44] Active Samples: 7486/24956
[P1] Ep 44 | Loss 0.8176 | Val MAE 1.9820 CI 0.6433 Acc 10.5%
   [Weight Stats] Min: 0.0000 | Max: 1.0000 | Mean: 0.3000 | Std: 0.4583
   [Weight Stats] Zero Count: 17470/24956 (70.0%)
-> [Ep 45] Active Samples: 7486/24956
[P1] Ep 45 | Loss 0.8324 | Val MAE 2.0359 CI 0.6257 Acc 10.5%
   [Weight Stats] Min: 0.0000 | Max: 1.0000 | Mean: 0.3000 | Std: 0.4583
   [Weight Stats] Zero Count: 17470/24956 (70.0%)
-> [Ep 46] Active Samples: 7486/24956
[P1] Ep 46 | Loss 0.8175 | Val MAE 1.9926 CI 0.6316 Acc 10.5%
   [Weight Stats] Min: 0.0000 | Max: 1.0000 | Mean: 0.3000 | Std: 0.4583
   [Weight Stats] Zero Count: 17470/24956 (70.0%)
-> [Ep 47] Active Samples: 7486/24956
[P1] Ep 47 | Loss 0.8233 | Val MAE 2.0706 CI 0.6257 Acc 10.5%
   [Weight Stats] Min: 0.0000 | Max: 1.0000 | Mean: 0.3000 | Std: 0.4583
   [Weight Stats] Zero Count: 17470/24956 (70.0%)
-> [Ep 48] Active Samples: 7486/24956
[P1] Ep 48 | Loss 0.8108 | Val MAE 2.0021 CI 0.6023 Acc 10.5%
   [Weight Stats] Min: 0.0000 | Max: 1.0000 | Mean: 0.3000 | Std: 0.4583
   [Weight Stats] Zero Count: 17470/24956 (70.0%)
-> [Ep 49] Active Samples: 7486/24956
[P1] Ep 49 | Loss 0.8320 | Val MAE 1.9863 CI 0.6082 Acc 10.5%
   [Weight Stats] Min: 0.0000 | Max: 1.0000 | Mean: 0.3000 | Std: 0.4583
   [Weight Stats] Zero Count: 17470/24956 (70.0%)
-> [Ep 50] Active Samples: 7486/24956
[P1] Ep 50 | Loss 0.8098 | Val MAE 2.0545 CI 0.5906 Acc 10.5%
   [Weight Stats] Min: 0.0000 | Max: 1.0000 | Mean: 0.3000 | Std: 0.4583
   [Weight Stats] Zero Count: 17470/24956 (70.0%)
-> [Ep 51] Active Samples: 7486/24956
[P1] Ep 51 | Loss 0.8328 | Val MAE 1.9328 CI 0.5906 Acc 10.5%
   [Weight Stats] Min: 0.0000 | Max: 1.0000 | Mean: 0.3000 | Std: 0.4583
   [Weight Stats] Zero Count: 17470/24956 (70.0%)
-> [Ep 52] Active Samples: 7486/24956
[P1] Ep 52 | Loss 0.8273 | Val MAE 2.0374 CI 0.6199 Acc 10.5%
   [Weight Stats] Min: 0.0000 | Max: 1.0000 | Mean: 0.3000 | Std: 0.4583
   [Weight Stats] Zero Count: 17470/24956 (70.0%)
-> [Ep 53] Active Samples: 7486/24956
[P1] Ep 53 | Loss 0.8133 | Val MAE 1.9968 CI 0.6140 Acc 10.5%
   [Weight Stats] Min: 0.0000 | Max: 1.0000 | Mean: 0.3000 | Std: 0.4583
   [Weight Stats] Zero Count: 17470/24956 (70.0%)
-> [Ep 54] Active Samples: 7486/24956
[P1] Ep 54 | Loss 0.8066 | Val MAE 1.9595 CI 0.6140 Acc 10.5%
   [Weight Stats] Min: 0.0000 | Max: 1.0000 | Mean: 0.3000 | Std: 0.4583
   [Weight Stats] Zero Count: 17470/24956 (70.0%)
-> [Ep 55] Active Samples: 7486/24956
[P1] Ep 55 | Loss 0.8429 | Val MAE 2.0492 CI 0.6199 Acc 10.5%
   [Weight Stats] Min: 0.0000 | Max: 1.0000 | Mean: 0.3000 | Std: 0.4583
   [Weight Stats] Zero Count: 17470/24956 (70.0%)
-> [Ep 56] Active Samples: 7486/24956
[P1] Ep 56 | Loss 0.8189 | Val MAE 2.0417 CI 0.6140 Acc 10.5%
   [Weight Stats] Min: 0.0000 | Max: 1.0000 | Mean: 0.3000 | Std: 0.4583
   [Weight Stats] Zero Count: 17470/24956 (70.0%)
-> [Ep 57] Active Samples: 7486/24956
[P1] Ep 57 | Loss 0.8213 | Val MAE 2.0363 CI 0.6082 Acc 10.5%
   [Weight Stats] Min: 0.0000 | Max: 1.0000 | Mean: 0.3000 | Std: 0.4583
   [Weight Stats] Zero Count: 17470/24956 (70.0%)
-> [Ep 58] Active Samples: 7486/24956
[P1] Ep 58 | Loss 0.8158 | Val MAE 1.9951 CI 0.5906 Acc 10.5%
   [Weight Stats] Min: 0.0000 | Max: 1.0000 | Mean: 0.3000 | Std: 0.4583
   [Weight Stats] Zero Count: 17470/24956 (70.0%)
-> [Ep 59] Active Samples: 7486/24956
[P1] Ep 59 | Loss 0.8072 | Val MAE 1.9780 CI 0.5906 Acc 10.5%
   [Weight Stats] Min: 0.0000 | Max: 1.0000 | Mean: 0.3000 | Std: 0.4583
   [Weight Stats] Zero Count: 17470/24956 (70.0%)
-> [Ep 60] Active Samples: 7486/24956
[P1] Ep 60 | Loss 0.7858 | Val MAE 2.0186 CI 0.5731 Acc 10.5%
   [Weight Stats] Min: 0.0000 | Max: 1.0000 | Mean: 0.3000 | Std: 0.4583
   [Weight Stats] Zero Count: 17470/24956 (70.0%)
-> [Ep 61] Active Samples: 7486/24956
[P1] Ep 61 | Loss 0.7912 | Val MAE 1.9738 CI 0.5848 Acc 10.5%
   [Weight Stats] Min: 0.0000 | Max: 1.0000 | Mean: 0.3000 | Std: 0.4583
   [Weight Stats] Zero Count: 17470/24956 (70.0%)
-> [Ep 62] Active Samples: 7486/24956
[P1] Ep 62 | Loss 0.7939 | Val MAE 2.0519 CI 0.5673 Acc 10.5%
   [Weight Stats] Min: 0.0000 | Max: 1.0000 | Mean: 0.3000 | Std: 0.4583
   [Weight Stats] Zero Count: 17470/24956 (70.0%)
-> [Ep 63] Active Samples: 7486/24956
[P1] Ep 63 | Loss 0.7870 | Val MAE 2.0403 CI 0.5731 Acc 10.5%
   [Weight Stats] Min: 0.0000 | Max: 1.0000 | Mean: 0.3000 | Std: 0.4583
   [Weight Stats] Zero Count: 17470/24956 (70.0%)
-> [Ep 64] Active Samples: 7486/24956
[P1] Ep 64 | Loss 0.7780 | Val MAE 2.0086 CI 0.5789 Acc 10.5%
   [Weight Stats] Min: 0.0000 | Max: 1.0000 | Mean: 0.3000 | Std: 0.4583
   [Weight Stats] Zero Count: 17470/24956 (70.0%)
-> [Ep 65] Active Samples: 7486/24956
[P1] Ep 65 | Loss 0.8161 | Val MAE 1.9166 CI 0.5906 Acc 15.8%
   [Weight Stats] Min: 0.0000 | Max: 1.0000 | Mean: 0.3000 | Std: 0.4583
   [Weight Stats] Zero Count: 17470/24956 (70.0%)
-> [Ep 66] Active Samples: 7486/24956
[P1] Ep 66 | Loss 0.7772 | Val MAE 2.0066 CI 0.5906 Acc 10.5%
   [Weight Stats] Min: 0.0000 | Max: 1.0000 | Mean: 0.3000 | Std: 0.4583
   [Weight Stats] Zero Count: 17470/24956 (70.0%)
-> [Ep 67] Active Samples: 7486/24956
[P1] Ep 67 | Loss 0.8017 | Val MAE 2.0277 CI 0.5673 Acc 10.5%
   [Weight Stats] Min: 0.0000 | Max: 1.0000 | Mean: 0.3000 | Std: 0.4583
   [Weight Stats] Zero Count: 17470/24956 (70.0%)
-> [Ep 68] Active Samples: 7486/24956
[P1] Ep 68 | Loss 0.7924 | Val MAE 2.0905 CI 0.5789 Acc 10.5%
   [Weight Stats] Min: 0.0000 | Max: 1.0000 | Mean: 0.3000 | Std: 0.4583
   [Weight Stats] Zero Count: 17470/24956 (70.0%)
-> [Ep 69] Active Samples: 7486/24956
[P1] Ep 69 | Loss 0.7758 | Val MAE 2.0508 CI 0.5848 Acc 10.5%
   [Weight Stats] Min: 0.0000 | Max: 1.0000 | Mean: 0.3000 | Std: 0.4583
   [Weight Stats] Zero Count: 17470/24956 (70.0%)
-> [Ep 70] Active Samples: 7486/24956
[P1] Ep 70 | Loss 0.7821 | Val MAE 2.0462 CI 0.5497 Acc 10.5%
   [Weight Stats] Min: 0.0000 | Max: 1.0000 | Mean: 0.3000 | Std: 0.4583
   [Weight Stats] Zero Count: 17470/24956 (70.0%)
-> [Ep 71] Active Samples: 7486/24956
[P1] Ep 71 | Loss 0.7803 | Val MAE 2.0495 CI 0.5731 Acc 10.5%
   [Weight Stats] Min: 0.0000 | Max: 1.0000 | Mean: 0.3000 | Std: 0.4583
   [Weight Stats] Zero Count: 17470/24956 (70.0%)
-> [Ep 72] Active Samples: 7486/24956
[P1] Ep 72 | Loss 0.7734 | Val MAE 1.9770 CI 0.5848 Acc 10.5%
   [Weight Stats] Min: 0.0000 | Max: 1.0000 | Mean: 0.3000 | Std: 0.4583
   [Weight Stats] Zero Count: 17470/24956 (70.0%)
-> [Ep 73] Active Samples: 7486/24956
[P1] Ep 73 | Loss 0.7609 | Val MAE 2.0140 CI 0.5731 Acc 10.5%
   [Weight Stats] Min: 0.0000 | Max: 1.0000 | Mean: 0.3000 | Std: 0.4583
   [Weight Stats] Zero Count: 17470/24956 (70.0%)
-> [Ep 74] Active Samples: 7486/24956
[P1] Ep 74 | Loss 0.7788 | Val MAE 2.0599 CI 0.5848 Acc 10.5%
   [Weight Stats] Min: 0.0000 | Max: 1.0000 | Mean: 0.3000 | Std: 0.4583
   [Weight Stats] Zero Count: 17470/24956 (70.0%)
-> [Ep 75] Active Samples: 7486/24956
[P1] Ep 75 | Loss 0.7663 | Val MAE 2.0335 CI 0.5848 Acc 10.5%
   [Weight Stats] Min: 0.0000 | Max: 1.0000 | Mean: 0.3000 | Std: 0.4583
   [Weight Stats] Zero Count: 17470/24956 (70.0%)
-> [Ep 76] Active Samples: 7486/24956
[P1] Ep 76 | Loss 0.7718 | Val MAE 2.0752 CI 0.5906 Acc 10.5%
   [Weight Stats] Min: 0.0000 | Max: 1.0000 | Mean: 0.3000 | Std: 0.4583
   [Weight Stats] Zero Count: 17470/24956 (70.0%)
-> [Ep 77] Active Samples: 7486/24956
[P1] Ep 77 | Loss 0.7801 | Val MAE 2.0102 CI 0.5556 Acc 10.5%
   [Weight Stats] Min: 0.0000 | Max: 1.0000 | Mean: 0.3000 | Std: 0.4583
   [Weight Stats] Zero Count: 17470/24956 (70.0%)
-> [Ep 78] Active Samples: 7486/24956
[P1] Ep 78 | Loss 0.7774 | Val MAE 1.9690 CI 0.5848 Acc 10.5%
   [Weight Stats] Min: 0.0000 | Max: 1.0000 | Mean: 0.3000 | Std: 0.4583
   [Weight Stats] Zero Count: 17470/24956 (70.0%)
-> [Ep 79] Active Samples: 7486/24956
[P1] Ep 79 | Loss 0.7666 | Val MAE 2.0226 CI 0.5556 Acc 10.5%
   [Weight Stats] Min: 0.0000 | Max: 1.0000 | Mean: 0.3000 | Std: 0.4583
   [Weight Stats] Zero Count: 17470/24956 (70.0%)
-> [Ep 80] Active Samples: 7486/24956
[P1] Ep 80 | Loss 0.9024 | Val MAE 1.9748 CI 0.5556 Acc 10.5%
   [Weight Stats] Min: 0.0000 | Max: 1.0000 | Mean: 0.3000 | Std: 0.4583
   [Weight Stats] Zero Count: 17470/24956 (70.0%)
-> [Ep 81] Active Samples: 7486/24956
[P1] Ep 81 | Loss 1.0332 | Val MAE 1.9369 CI 0.5965 Acc 10.5%
   [Weight Stats] Min: 0.0000 | Max: 1.0000 | Mean: 0.3000 | Std: 0.4583
   [Weight Stats] Zero Count: 17470/24956 (70.0%)
-> [Ep 82] Active Samples: 7486/24956
[P1] Ep 82 | Loss 0.8360 | Val MAE 2.0088 CI 0.5906 Acc 10.5%
   [Weight Stats] Min: 0.0000 | Max: 1.0000 | Mean: 0.3000 | Std: 0.4583
   [Weight Stats] Zero Count: 17470/24956 (70.0%)
-> [Ep 83] Active Samples: 7486/24956
[P1] Ep 83 | Loss 0.8933 | Val MAE 2.0017 CI 0.5848 Acc 10.5%
   [Weight Stats] Min: 0.0000 | Max: 1.0000 | Mean: 0.3000 | Std: 0.4583
   [Weight Stats] Zero Count: 17470/24956 (70.0%)
-> [Ep 84] Active Samples: 7486/24956
[P1] Ep 84 | Loss 0.9730 | Val MAE 1.9935 CI 0.6082 Acc 10.5%
   [Weight Stats] Min: 0.0000 | Max: 1.0000 | Mean: 0.3000 | Std: 0.4583
   [Weight Stats] Zero Count: 17470/24956 (70.0%)
-> [Ep 85] Active Samples: 7486/24956
[P1] Ep 85 | Loss 0.7964 | Val MAE 2.0516 CI 0.5906 Acc 10.5%
   [Weight Stats] Min: 0.0000 | Max: 1.0000 | Mean: 0.3000 | Std: 0.4583
   [Weight Stats] Zero Count: 17470/24956 (70.0%)
-> [Ep 86] Active Samples: 7486/24956
[P1] Ep 86 | Loss 0.7512 | Val MAE 2.0185 CI 0.5848 Acc 10.5%
   [Weight Stats] Min: 0.0000 | Max: 1.0000 | Mean: 0.3000 | Std: 0.4583
   [Weight Stats] Zero Count: 17470/24956 (70.0%)
-> [Ep 87] Active Samples: 7486/24956
[P1] Ep 87 | Loss 0.7701 | Val MAE 1.9729 CI 0.5673 Acc 10.5%
   [Weight Stats] Min: 0.0000 | Max: 1.0000 | Mean: 0.3000 | Std: 0.4583
   [Weight Stats] Zero Count: 17470/24956 (70.0%)
-> [Ep 88] Active Samples: 7486/24956
[P1] Ep 88 | Loss 0.8316 | Val MAE 2.0096 CI 0.5731 Acc 10.5%
   [Weight Stats] Min: 0.0000 | Max: 1.0000 | Mean: 0.3000 | Std: 0.4583
   [Weight Stats] Zero Count: 17470/24956 (70.0%)
-> [Ep 89] Active Samples: 7486/24956
[P1] Ep 89 | Loss 0.8043 | Val MAE 2.0253 CI 0.5497 Acc 10.5%
   [Weight Stats] Min: 0.0000 | Max: 1.0000 | Mean: 0.3000 | Std: 0.4583
   [Weight Stats] Zero Count: 17470/24956 (70.0%)
-> [Ep 90] Active Samples: 7486/24956
[P1] Ep 90 | Loss 0.8067 | Val MAE 2.0365 CI 0.5497 Acc 10.5%
   [Weight Stats] Min: 0.0000 | Max: 1.0000 | Mean: 0.3000 | Std: 0.4583
   [Weight Stats] Zero Count: 17470/24956 (70.0%)
-> [Ep 91] Active Samples: 7486/24956
[P1] Ep 91 | Loss 0.8336 | Val MAE 2.0294 CI 0.5614 Acc 10.5%
   [Weight Stats] Min: 0.0000 | Max: 1.0000 | Mean: 0.3000 | Std: 0.4583
   [Weight Stats] Zero Count: 17470/24956 (70.0%)
-> [Ep 92] Active Samples: 7486/24956
[P1] Ep 92 | Loss 0.8798 | Val MAE 1.9874 CI 0.5731 Acc 10.5%
   [Weight Stats] Min: 0.0000 | Max: 1.0000 | Mean: 0.3000 | Std: 0.4583
   [Weight Stats] Zero Count: 17470/24956 (70.0%)
-> [Ep 93] Active Samples: 7486/24956
[P1] Ep 93 | Loss 0.9230 | Val MAE 2.0283 CI 0.5673 Acc 10.5%
   [Weight Stats] Min: 0.0000 | Max: 1.0000 | Mean: 0.3000 | Std: 0.4583
   [Weight Stats] Zero Count: 17470/24956 (70.0%)
-> [Ep 94] Active Samples: 7486/24956
[P1] Ep 94 | Loss 0.8618 | Val MAE 2.0630 CI 0.5673 Acc 10.5%
   [Weight Stats] Min: 0.0000 | Max: 1.0000 | Mean: 0.3000 | Std: 0.4583
   [Weight Stats] Zero Count: 17470/24956 (70.0%)
-> [Ep 95] Active Samples: 7486/24956
[P1] Ep 95 | Loss 0.7627 | Val MAE 2.0155 CI 0.5789 Acc 10.5%
   [Weight Stats] Min: 0.0000 | Max: 1.0000 | Mean: 0.3000 | Std: 0.4583
   [Weight Stats] Zero Count: 17470/24956 (70.0%)
-> [Ep 96] Active Samples: 7486/24956
[P1] Ep 96 | Loss 0.7883 | Val MAE 2.0721 CI 0.5556 Acc 10.5%
   [Weight Stats] Min: 0.0000 | Max: 1.0000 | Mean: 0.3000 | Std: 0.4583
   [Weight Stats] Zero Count: 17470/24956 (70.0%)
-> [Ep 97] Active Samples: 7486/24956
[P1] Ep 97 | Loss 0.7899 | Val MAE 2.0437 CI 0.5614 Acc 10.5%
   [Weight Stats] Min: 0.0000 | Max: 1.0000 | Mean: 0.3000 | Std: 0.4583
   [Weight Stats] Zero Count: 17470/24956 (70.0%)
-> [Ep 98] Active Samples: 7486/24956
[P1] Ep 98 | Loss 0.9342 | Val MAE 1.9920 CI 0.5789 Acc 10.5%
   [Weight Stats] Min: 0.0000 | Max: 1.0000 | Mean: 0.3000 | Std: 0.4583
   [Weight Stats] Zero Count: 17470/24956 (70.0%)
-> [Ep 99] Active Samples: 7486/24956
[P1] Ep 99 | Loss 0.9803 | Val MAE 1.9630 CI 0.5848 Acc 10.5%
   [Weight Stats] Min: 0.0000 | Max: 1.0000 | Mean: 0.3000 | Std: 0.4583
   [Weight Stats] Zero Count: 17470/24956 (70.0%)
-> [Ep 100] Active Samples: 7486/24956
[P1] Ep 100 | Loss 0.9353 | Val MAE 1.9851 CI 0.5965 Acc 10.5%
   [Weight Stats] Min: 0.0000 | Max: 1.0000 | Mean: 0.3000 | Std: 0.4583
   [Weight Stats] Zero Count: 17470/24956 (70.0%)
-> [Ep 101] Active Samples: 7486/24956
[P1] Ep 101 | Loss 0.9078 | Val MAE 1.9543 CI 0.6023 Acc 10.5%
   [Weight Stats] Min: 0.0000 | Max: 1.0000 | Mean: 0.3000 | Std: 0.4583
   [Weight Stats] Zero Count: 17470/24956 (70.0%)
-> [Ep 102] Active Samples: 7486/24956
[P1] Ep 102 | Loss 0.8533 | Val MAE 2.0143 CI 0.5848 Acc 10.5%
   [Weight Stats] Min: 0.0000 | Max: 1.0000 | Mean: 0.3000 | Std: 0.4583
   [Weight Stats] Zero Count: 17470/24956 (70.0%)
-> [Ep 103] Active Samples: 7486/24956
[P1] Ep 103 | Loss 0.7590 | Val MAE 1.9582 CI 0.5789 Acc 10.5%
   [Weight Stats] Min: 0.0000 | Max: 1.0000 | Mean: 0.3000 | Std: 0.4583
   [Weight Stats] Zero Count: 17470/24956 (70.0%)
-> [Ep 104] Active Samples: 7486/24956
[P1] Ep 104 | Loss 0.8760 | Val MAE 1.9545 CI 0.5789 Acc 10.5%
   [Weight Stats] Min: 0.0000 | Max: 1.0000 | Mean: 0.3000 | Std: 0.4583
   [Weight Stats] Zero Count: 17470/24956 (70.0%)
-> [Ep 105] Active Samples: 7486/24956
[P1] Ep 105 | Loss 0.8345 | Val MAE 2.0012 CI 0.5848 Acc 10.5%
   [Weight Stats] Min: 0.0000 | Max: 1.0000 | Mean: 0.3000 | Std: 0.4583
   [Weight Stats] Zero Count: 17470/24956 (70.0%)
-> [Ep 106] Active Samples: 7486/24956
[P1] Ep 106 | Loss 0.8748 | Val MAE 1.9915 CI 0.5848 Acc 10.5%
   [Weight Stats] Min: 0.0000 | Max: 1.0000 | Mean: 0.3000 | Std: 0.4583
   [Weight Stats] Zero Count: 17470/24956 (70.0%)
-> [Ep 107] Active Samples: 7486/24956
[P1] Ep 107 | Loss 0.9189 | Val MAE 1.9620 CI 0.5848 Acc 10.5%
   [Weight Stats] Min: 0.0000 | Max: 1.0000 | Mean: 0.3000 | Std: 0.4583
   [Weight Stats] Zero Count: 17470/24956 (70.0%)
-> [Ep 108] Active Samples: 7486/24956
[P1] Ep 108 | Loss 0.9531 | Val MAE 1.9300 CI 0.5789 Acc 10.5%
   [Weight Stats] Min: 0.0000 | Max: 1.0000 | Mean: 0.3000 | Std: 0.4583
   [Weight Stats] Zero Count: 17470/24956 (70.0%)
-> [Ep 109] Active Samples: 7486/24956
[P1] Ep 109 | Loss 0.9365 | Val MAE 1.9137 CI 0.5848 Acc 10.5%
   [Weight Stats] Min: 0.0000 | Max: 1.0000 | Mean: 0.3000 | Std: 0.4583
   [Weight Stats] Zero Count: 17470/24956 (70.0%)
-> [Ep 110] Active Samples: 7486/24956
[P1] Ep 110 | Loss 0.8505 | Val MAE 1.9692 CI 0.5848 Acc 10.5%
   [Weight Stats] Min: 0.0000 | Max: 1.0000 | Mean: 0.3000 | Std: 0.4583
   [Weight Stats] Zero Count: 17470/24956 (70.0%)
-> [Ep 111] Active Samples: 7486/24956
[P1] Ep 111 | Loss 0.8066 | Val MAE 1.9909 CI 0.5965 Acc 10.5%
   [Weight Stats] Min: 0.0000 | Max: 1.0000 | Mean: 0.3000 | Std: 0.4583
   [Weight Stats] Zero Count: 17470/24956 (70.0%)
-> [Ep 112] Active Samples: 7486/24956
[P1] Ep 112 | Loss 0.8981 | Val MAE 1.9196 CI 0.5789 Acc 10.5%
   [Weight Stats] Min: 0.0000 | Max: 1.0000 | Mean: 0.3000 | Std: 0.4583
   [Weight Stats] Zero Count: 17470/24956 (70.0%)
-> [Ep 113] Active Samples: 7486/24956
[P1] Ep 113 | Loss 0.8135 | Val MAE 1.9711 CI 0.5848 Acc 10.5%
   [Weight Stats] Min: 0.0000 | Max: 1.0000 | Mean: 0.3000 | Std: 0.4583
   [Weight Stats] Zero Count: 17470/24956 (70.0%)
-> [Ep 114] Active Samples: 7486/24956
[P1] Ep 114 | Loss 0.8278 | Val MAE 1.9266 CI 0.5789 Acc 10.5%
   [Weight Stats] Min: 0.0000 | Max: 1.0000 | Mean: 0.3000 | Std: 0.4583
   [Weight Stats] Zero Count: 17470/24956 (70.0%)
-> [Ep 115] Active Samples: 7486/24956
[P1] Ep 115 | Loss 0.9060 | Val MAE 1.9208 CI 0.5731 Acc 10.5%
   [Weight Stats] Min: 0.0000 | Max: 1.0000 | Mean: 0.3000 | Std: 0.4583
   [Weight Stats] Zero Count: 17470/24956 (70.0%)
-> [Ep 116] Active Samples: 7486/24956
[P1] Ep 116 | Loss 0.8553 | Val MAE 1.9407 CI 0.5731 Acc 10.5%
   [Weight Stats] Min: 0.0000 | Max: 1.0000 | Mean: 0.3000 | Std: 0.4583
   [Weight Stats] Zero Count: 17470/24956 (70.0%)
-> [Ep 117] Active Samples: 7486/24956
[P1] Ep 117 | Loss 0.8892 | Val MAE 1.9473 CI 0.5731 Acc 10.5%
   [Weight Stats] Min: 0.0000 | Max: 1.0000 | Mean: 0.3000 | Std: 0.4583
   [Weight Stats] Zero Count: 17470/24956 (70.0%)
-> [Ep 118] Active Samples: 7486/24956
[P1] Ep 118 | Loss 0.8434 | Val MAE 1.9696 CI 0.5789 Acc 10.5%
   [Weight Stats] Min: 0.0000 | Max: 1.0000 | Mean: 0.3000 | Std: 0.4583
   [Weight Stats] Zero Count: 17470/24956 (70.0%)
-> [Ep 119] Active Samples: 7486/24956
[P1] Ep 119 | Loss 0.8631 | Val MAE 1.9428 CI 0.5848 Acc 10.5%
   [Weight Stats] Min: 0.0000 | Max: 1.0000 | Mean: 0.3000 | Std: 0.4583
   [Weight Stats] Zero Count: 17470/24956 (70.0%)
-> [Ep 120] Active Samples: 7486/24956
[P1] Ep 120 | Loss 0.7610 | Val MAE 1.9642 CI 0.5848 Acc 10.5%
   [Weight Stats] Min: 0.0000 | Max: 1.0000 | Mean: 0.3000 | Std: 0.4583
   [Weight Stats] Zero Count: 17470/24956 (70.0%)
-> [Ep 121] Active Samples: 7486/24956
[P1] Ep 121 | Loss 0.7450 | Val MAE 1.9868 CI 0.5965 Acc 10.5%
   [Weight Stats] Min: 0.0000 | Max: 1.0000 | Mean: 0.3000 | Std: 0.4583
   [Weight Stats] Zero Count: 17470/24956 (70.0%)
-> [Ep 122] Active Samples: 7486/24956
[P1] Ep 122 | Loss 0.8362 | Val MAE 1.8929 CI 0.5848 Acc 10.5%
   [Weight Stats] Min: 0.0000 | Max: 1.0000 | Mean: 0.3000 | Std: 0.4583
   [Weight Stats] Zero Count: 17470/24956 (70.0%)
-> [Ep 123] Active Samples: 7486/24956
[P1] Ep 123 | Loss 0.7668 | Val MAE 1.9464 CI 0.5965 Acc 10.5%
   [Weight Stats] Min: 0.0000 | Max: 1.0000 | Mean: 0.3000 | Std: 0.4583
   [Weight Stats] Zero Count: 17470/24956 (70.0%)
-> [Ep 124] Active Samples: 7486/24956
[P1] Ep 124 | Loss 0.7441 | Val MAE 1.9896 CI 0.5848 Acc 10.5%
   [Weight Stats] Min: 0.0000 | Max: 1.0000 | Mean: 0.3000 | Std: 0.4583
   [Weight Stats] Zero Count: 17470/24956 (70.0%)
-> [Ep 125] Active Samples: 7486/24956
[P1] Ep 125 | Loss 0.7409 | Val MAE 1.9789 CI 0.5965 Acc 10.5%
   [Weight Stats] Min: 0.0000 | Max: 1.0000 | Mean: 0.3000 | Std: 0.4583
   [Weight Stats] Zero Count: 17470/24956 (70.0%)
-> [Ep 126] Active Samples: 7486/24956
[P1] Ep 126 | Loss 0.6589 | Val MAE 1.9630 CI 0.5906 Acc 10.5%
   [Weight Stats] Min: 0.0000 | Max: 1.0000 | Mean: 0.3000 | Std: 0.4583
   [Weight Stats] Zero Count: 17470/24956 (70.0%)
-> [Ep 127] Active Samples: 7486/24956
[P1] Ep 127 | Loss 0.8082 | Val MAE 1.9237 CI 0.5673 Acc 10.5%
   [Weight Stats] Min: 0.0000 | Max: 1.0000 | Mean: 0.3000 | Std: 0.4583
   [Weight Stats] Zero Count: 17470/24956 (70.0%)
-> [Ep 128] Active Samples: 7486/24956
[P1] Ep 128 | Loss 0.6401 | Val MAE 1.9848 CI 0.5848 Acc 10.5%
   [Weight Stats] Min: 0.0000 | Max: 1.0000 | Mean: 0.3000 | Std: 0.4583
   [Weight Stats] Zero Count: 17470/24956 (70.0%)
-> [Ep 129] Active Samples: 7486/24956
[P1] Ep 129 | Loss 0.8160 | Val MAE 1.8939 CI 0.5673 Acc 10.5%
   [Weight Stats] Min: 0.0000 | Max: 1.0000 | Mean: 0.3000 | Std: 0.4583
   [Weight Stats] Zero Count: 17470/24956 (70.0%)
-> [Ep 130] Active Samples: 7486/24956
[P1] Ep 130 | Loss 0.6846 | Val MAE 1.9040 CI 0.5789 Acc 10.5%
   [Weight Stats] Min: 0.0000 | Max: 1.0000 | Mean: 0.3000 | Std: 0.4583
   [Weight Stats] Zero Count: 17470/24956 (70.0%)
-> [Ep 131] Active Samples: 7486/24956
[P1] Ep 131 | Loss 0.7026 | Val MAE 1.9633 CI 0.5789 Acc 10.5%
   [Weight Stats] Min: 0.0000 | Max: 1.0000 | Mean: 0.3000 | Std: 0.4583
   [Weight Stats] Zero Count: 17470/24956 (70.0%)
-> [Ep 132] Active Samples: 7486/24956
[P1] Ep 132 | Loss 0.7058 | Val MAE 1.9741 CI 0.5731 Acc 10.5%
   [Weight Stats] Min: 0.0000 | Max: 1.0000 | Mean: 0.3000 | Std: 0.4583
   [Weight Stats] Zero Count: 17470/24956 (70.0%)
-> [Ep 133] Active Samples: 7486/24956
[P1] Ep 133 | Loss 0.7319 | Val MAE 1.9776 CI 0.5614 Acc 10.5%
   [Weight Stats] Min: 0.0000 | Max: 1.0000 | Mean: 0.3000 | Std: 0.4583
   [Weight Stats] Zero Count: 17470/24956 (70.0%)
-> [Ep 134] Active Samples: 7486/24956
[P1] Ep 134 | Loss 0.6925 | Val MAE 1.9076 CI 0.5614 Acc 10.5%
   [Weight Stats] Min: 0.0000 | Max: 1.0000 | Mean: 0.3000 | Std: 0.4583
   [Weight Stats] Zero Count: 17470/24956 (70.0%)
-> [Ep 135] Active Samples: 7486/24956
[P1] Ep 135 | Loss 0.7069 | Val MAE 1.9386 CI 0.5673 Acc 10.5%
   [Weight Stats] Min: 0.0000 | Max: 1.0000 | Mean: 0.3000 | Std: 0.4583
   [Weight Stats] Zero Count: 17470/24956 (70.0%)
-> [Ep 136] Active Samples: 7486/24956
[P1] Ep 136 | Loss 0.6537 | Val MAE 1.9654 CI 0.5965 Acc 10.5%
   [Weight Stats] Min: 0.0000 | Max: 1.0000 | Mean: 0.3000 | Std: 0.4583
   [Weight Stats] Zero Count: 17470/24956 (70.0%)
-> [Ep 137] Active Samples: 7486/24956
[P1] Ep 137 | Loss 0.7048 | Val MAE 1.9708 CI 0.5906 Acc 10.5%
   [Weight Stats] Min: 0.0000 | Max: 1.0000 | Mean: 0.3000 | Std: 0.4583
   [Weight Stats] Zero Count: 17470/24956 (70.0%)
-> [Ep 138] Active Samples: 7486/24956
[P1] Ep 138 | Loss 0.6796 | Val MAE 1.9639 CI 0.5906 Acc 10.5%
   [Weight Stats] Min: 0.0000 | Max: 1.0000 | Mean: 0.3000 | Std: 0.4583
   [Weight Stats] Zero Count: 17470/24956 (70.0%)
-> [Ep 139] Active Samples: 7486/24956
[P1] Ep 139 | Loss 0.6812 | Val MAE 1.9607 CI 0.6023 Acc 10.5%
   [Weight Stats] Min: 0.0000 | Max: 1.0000 | Mean: 0.3000 | Std: 0.4583
   [Weight Stats] Zero Count: 17470/24956 (70.0%)
-> [Ep 140] Active Samples: 7486/24956
[P1] Ep 140 | Loss 0.6646 | Val MAE 1.9720 CI 0.5906 Acc 10.5%
   [Weight Stats] Min: 0.0000 | Max: 1.0000 | Mean: 0.3000 | Std: 0.4583
   [Weight Stats] Zero Count: 17470/24956 (70.0%)
-> [Ep 141] Active Samples: 7486/24956
[P1] Ep 141 | Loss 0.7774 | Val MAE 1.9341 CI 0.5789 Acc 10.5%
   [Weight Stats] Min: 0.0000 | Max: 1.0000 | Mean: 0.3000 | Std: 0.4583
   [Weight Stats] Zero Count: 17470/24956 (70.0%)
-> [Ep 142] Active Samples: 7486/24956
[P1] Ep 142 | Loss 0.7025 | Val MAE 1.9609 CI 0.5789 Acc 10.5%
   [Weight Stats] Min: 0.0000 | Max: 1.0000 | Mean: 0.3000 | Std: 0.4583
   [Weight Stats] Zero Count: 17470/24956 (70.0%)
-> [Ep 143] Active Samples: 7486/24956
[P1] Ep 143 | Loss 0.7428 | Val MAE 1.9615 CI 0.5906 Acc 10.5%
   [Weight Stats] Min: 0.0000 | Max: 1.0000 | Mean: 0.3000 | Std: 0.4583
   [Weight Stats] Zero Count: 17470/24956 (70.0%)
-> [Ep 144] Active Samples: 7486/24956
[P1] Ep 144 | Loss 0.7155 | Val MAE 1.9457 CI 0.5906 Acc 10.5%
   [Weight Stats] Min: 0.0000 | Max: 1.0000 | Mean: 0.2998 | Std: 0.4580
   [Weight Stats] Zero Count: 17470/24956 (70.0%)
-> [Ep 145] Active Samples: 7486/24956
[P1] Ep 145 | Loss 0.6658 | Val MAE 1.9465 CI 0.6082 Acc 10.5%
   [Weight Stats] Min: 0.0000 | Max: 1.0000 | Mean: 0.2956 | Std: 0.4519
   [Weight Stats] Zero Count: 17470/24956 (70.0%)
-> [Ep 146] Active Samples: 7486/24956
[P1] Ep 146 | Loss 0.7538 | Val MAE 1.9680 CI 0.5848 Acc 10.5%
   [Weight Stats] Min: 0.0000 | Max: 1.0000 | Mean: 0.2905 | Std: 0.4445
   [Weight Stats] Zero Count: 17470/24956 (70.0%)
-> [Ep 147] Active Samples: 7486/24956
[P1] Ep 147 | Loss 0.7908 | Val MAE 1.9566 CI 0.5906 Acc 10.5%
   [Weight Stats] Min: 0.0000 | Max: 1.0000 | Mean: 0.2696 | Std: 0.4140
   [Weight Stats] Zero Count: 17470/24956 (70.0%)
-> [Ep 148] Active Samples: 7486/24956
[P1] Ep 148 | Loss 0.7142 | Val MAE 2.0191 CI 0.6082 Acc 10.5%
   [Weight Stats] Min: 0.0000 | Max: 1.0000 | Mean: 0.2727 | Std: 0.4178
   [Weight Stats] Zero Count: 17470/24956 (70.0%)
-> [Ep 149] Active Samples: 7486/24956
[P1] Ep 149 | Loss 0.7463 | Val MAE 1.9568 CI 0.6023 Acc 10.5%
   [Weight Stats] Min: 0.0000 | Max: 1.0000 | Mean: 0.2726 | Std: 0.4168
   [Weight Stats] Zero Count: 17470/24956 (70.0%)
-> [Ep 150] Active Samples: 7486/24956
[P1] Ep 150 | Loss 0.7273 | Val MAE 1.9321 CI 0.5789 Acc 10.5%
   [Weight Stats] Min: 0.0000 | Max: 1.0000 | Mean: 0.2700 | Std: 0.4127
   [Weight Stats] Zero Count: 17470/24956 (70.0%)
-> [Ep 151] Active Samples: 7486/24956
[P1] Ep 151 | Loss 0.7295 | Val MAE 1.9519 CI 0.5731 Acc 10.5%
   [Weight Stats] Min: 0.0000 | Max: 1.0000 | Mean: 0.2703 | Std: 0.4130
   [Weight Stats] Zero Count: 17470/24956 (70.0%)
-> [Ep 152] Active Samples: 7486/24956
[P1] Ep 152 | Loss 0.7616 | Val MAE 1.9360 CI 0.5848 Acc 10.5%
   [Weight Stats] Min: 0.0000 | Max: 1.0000 | Mean: 0.2706 | Std: 0.4135
   [Weight Stats] Zero Count: 17470/24956 (70.0%)
-> [Ep 153] Active Samples: 7486/24956
[P1] Ep 153 | Loss 0.6702 | Val MAE 1.9267 CI 0.5906 Acc 10.5%
   [Weight Stats] Min: 0.0000 | Max: 1.0000 | Mean: 0.2643 | Std: 0.4045
   [Weight Stats] Zero Count: 17470/24956 (70.0%)
-> [Ep 154] Active Samples: 7486/24956
[P1] Ep 154 | Loss 0.6508 | Val MAE 1.9347 CI 0.5731 Acc 10.5%
   [Weight Stats] Min: 0.0000 | Max: 1.0000 | Mean: 0.2694 | Std: 0.4117
   [Weight Stats] Zero Count: 17470/24956 (70.0%)
-> [Ep 155] Active Samples: 7486/24956
[P1] Ep 155 | Loss 0.6906 | Val MAE 1.9354 CI 0.5614 Acc 10.5%
   [Weight Stats] Min: 0.0000 | Max: 1.0000 | Mean: 0.2706 | Std: 0.4137
   [Weight Stats] Zero Count: 17470/24956 (70.0%)
-> [Ep 156] Active Samples: 7486/24956
[P1] Ep 156 | Loss 0.6677 | Val MAE 1.9422 CI 0.5731 Acc 10.5%
   [Weight Stats] Min: 0.0000 | Max: 1.0000 | Mean: 0.2718 | Std: 0.4155
   [Weight Stats] Zero Count: 17470/24956 (70.0%)
-> [Ep 157] Active Samples: 7486/24956
[P1] Ep 157 | Loss 0.6428 | Val MAE 1.9431 CI 0.5673 Acc 10.5%
   [Weight Stats] Min: 0.0000 | Max: 1.0000 | Mean: 0.2685 | Std: 0.4104
   [Weight Stats] Zero Count: 17470/24956 (70.0%)
-> [Ep 158] Active Samples: 7486/24956
[P1] Ep 158 | Loss 0.6952 | Val MAE 1.9036 CI 0.5673 Acc 10.5%
   [Weight Stats] Min: 0.0000 | Max: 1.0000 | Mean: 0.2674 | Std: 0.4090
   [Weight Stats] Zero Count: 17470/24956 (70.0%)
-> [Ep 159] Active Samples: 7486/24956
[P1] Ep 159 | Loss 0.6946 | Val MAE 1.9388 CI 0.5556 Acc 10.5%
   [Weight Stats] Min: 0.0000 | Max: 1.0000 | Mean: 0.2665 | Std: 0.4076
   [Weight Stats] Zero Count: 17470/24956 (70.0%)
-> [Ep 160] Active Samples: 7486/24956
[P1] Ep 160 | Loss 0.6184 | Val MAE 1.9703 CI 0.5673 Acc 10.5%
   [Weight Stats] Min: 0.0000 | Max: 1.0000 | Mean: 0.2703 | Std: 0.4130
   [Weight Stats] Zero Count: 17470/24956 (70.0%)
-> [Ep 161] Active Samples: 7486/24956
[P1] Ep 161 | Loss 0.6439 | Val MAE 1.9466 CI 0.5556 Acc 10.5%
   [Weight Stats] Min: 0.0000 | Max: 1.0000 | Mean: 0.2694 | Std: 0.4116
   [Weight Stats] Zero Count: 17470/24956 (70.0%)
-> [Ep 162] Active Samples: 7486/24956
[P1] Ep 162 | Loss 0.6616 | Val MAE 1.9406 CI 0.5497 Acc 10.5%
   [Weight Stats] Min: 0.0000 | Max: 1.0000 | Mean: 0.2690 | Std: 0.4110
   [Weight Stats] Zero Count: 17470/24956 (70.0%)
-> [Ep 163] Active Samples: 7486/24956
[P1] Ep 163 | Loss 0.6519 | Val MAE 1.9641 CI 0.5673 Acc 10.5%
   [Weight Stats] Min: 0.0000 | Max: 1.0000 | Mean: 0.2669 | Std: 0.4081
   [Weight Stats] Zero Count: 17470/24956 (70.0%)
-> [Ep 164] Active Samples: 7486/24956
[P1] Ep 164 | Loss 0.6689 | Val MAE 1.9488 CI 0.5556 Acc 10.5%
   [Weight Stats] Min: 0.0000 | Max: 1.0000 | Mean: 0.2690 | Std: 0.4111
   [Weight Stats] Zero Count: 17470/24956 (70.0%)
-> [Ep 165] Active Samples: 7486/24956
[P1] Ep 165 | Loss 0.6537 | Val MAE 1.9118 CI 0.5673 Acc 10.5%
   [Weight Stats] Min: 0.0000 | Max: 1.0000 | Mean: 0.2697 | Std: 0.4121
   [Weight Stats] Zero Count: 17470/24956 (70.0%)
-> [Ep 166] Active Samples: 7486/24956
[P1] Ep 166 | Loss 0.6634 | Val MAE 1.9291 CI 0.5673 Acc 10.5%
   [Weight Stats] Min: 0.0000 | Max: 1.0000 | Mean: 0.2683 | Std: 0.4102
   [Weight Stats] Zero Count: 17470/24956 (70.0%)
-> [Ep 167] Active Samples: 7486/24956
[P1] Ep 167 | Loss 0.7021 | Val MAE 1.9374 CI 0.5556 Acc 10.5%
   [Weight Stats] Min: 0.0000 | Max: 1.0000 | Mean: 0.2663 | Std: 0.4072
   [Weight Stats] Zero Count: 17470/24956 (70.0%)
-> [Ep 168] Active Samples: 7486/24956
[P1] Ep 168 | Loss 0.7139 | Val MAE 1.8685 CI 0.5556 Acc 10.5%
   [Weight Stats] Min: 0.0000 | Max: 1.0000 | Mean: 0.2671 | Std: 0.4083
   [Weight Stats] Zero Count: 17470/24956 (70.0%)
-> [Ep 169] Active Samples: 7486/24956
[P1] Ep 169 | Loss 0.6853 | Val MAE 1.9263 CI 0.5731 Acc 10.5%
   [Weight Stats] Min: 0.0000 | Max: 1.0000 | Mean: 0.2661 | Std: 0.4069
   [Weight Stats] Zero Count: 17470/24956 (70.0%)
-> [Ep 170] Active Samples: 7486/24956
[P1] Ep 170 | Loss 0.6769 | Val MAE 1.8912 CI 0.5614 Acc 10.5%
   [Weight Stats] Min: 0.0000 | Max: 1.0000 | Mean: 0.2684 | Std: 0.4102
   [Weight Stats] Zero Count: 17470/24956 (70.0%)
-> [Ep 171] Active Samples: 7486/24956
[P1] Ep 171 | Loss 0.7394 | Val MAE 1.9199 CI 0.5673 Acc 10.5%
   [Weight Stats] Min: 0.0000 | Max: 1.0000 | Mean: 0.2684 | Std: 0.4102
   [Weight Stats] Zero Count: 17470/24956 (70.0%)
-> [Ep 172] Active Samples: 7486/24956
[P1] Ep 172 | Loss 0.7185 | Val MAE 1.9103 CI 0.5439 Acc 10.5%
   [Weight Stats] Min: 0.0000 | Max: 1.0000 | Mean: 0.2690 | Std: 0.4111
   [Weight Stats] Zero Count: 17470/24956 (70.0%)
-> [Ep 173] Active Samples: 7486/24956
[P1] Ep 173 | Loss 0.7799 | Val MAE 1.9031 CI 0.5556 Acc 10.5%
   [Weight Stats] Min: 0.0000 | Max: 1.0000 | Mean: 0.2699 | Std: 0.4125
   [Weight Stats] Zero Count: 17470/24956 (70.0%)
-> [Ep 174] Active Samples: 7486/24956
[P1] Ep 174 | Loss 0.7586 | Val MAE 1.8525 CI 0.5556 Acc 15.8%
   [Weight Stats] Min: 0.0000 | Max: 1.0000 | Mean: 0.2581 | Std: 0.3960
   [Weight Stats] Zero Count: 17470/24956 (70.0%)
-> [Ep 175] Active Samples: 7486/24956
[P1] Ep 175 | Loss 0.6588 | Val MAE 1.9191 CI 0.5789 Acc 10.5%
   [Weight Stats] Min: 0.0000 | Max: 1.0000 | Mean: 0.2708 | Std: 0.4139
   [Weight Stats] Zero Count: 17470/24956 (70.0%)
-> [Ep 176] Active Samples: 7486/24956
[P1] Ep 176 | Loss 0.7724 | Val MAE 1.8554 CI 0.5556 Acc 15.8%
   [Weight Stats] Min: 0.0000 | Max: 1.0000 | Mean: 0.2705 | Std: 0.4134
   [Weight Stats] Zero Count: 17470/24956 (70.0%)
-> [Ep 177] Active Samples: 7486/24956
[P1] Ep 177 | Loss 0.7569 | Val MAE 1.8634 CI 0.5731 Acc 10.5%
   [Weight Stats] Min: 0.0000 | Max: 1.0000 | Mean: 0.2703 | Std: 0.4130
   [Weight Stats] Zero Count: 17470/24956 (70.0%)
-> [Ep 178] Active Samples: 7486/24956
[P1] Ep 178 | Loss 0.7408 | Val MAE 1.8960 CI 0.5731 Acc 10.5%
   [Weight Stats] Min: 0.0000 | Max: 1.0000 | Mean: 0.2702 | Std: 0.4129
   [Weight Stats] Zero Count: 17470/24956 (70.0%)
-> [Ep 179] Active Samples: 7486/24956
[P1] Ep 179 | Loss 0.7576 | Val MAE 1.8837 CI 0.5731 Acc 10.5%
   [Weight Stats] Min: 0.0000 | Max: 1.0000 | Mean: 0.2646 | Std: 0.4049
   [Weight Stats] Zero Count: 17470/24956 (70.0%)
-> [Ep 180] Active Samples: 7486/24956
[P1] Ep 180 | Loss 0.6670 | Val MAE 1.8880 CI 0.5731 Acc 10.5%
   [Weight Stats] Min: 0.0000 | Max: 1.0000 | Mean: 0.2620 | Std: 0.4014
   [Weight Stats] Zero Count: 17470/24956 (70.0%)
-> [Ep 181] Active Samples: 7486/24956
[P1] Ep 181 | Loss 0.7064 | Val MAE 1.9000 CI 0.5731 Acc 10.5%
   [Weight Stats] Min: 0.0000 | Max: 1.0000 | Mean: 0.2692 | Std: 0.4113
   [Weight Stats] Zero Count: 17470/24956 (70.0%)
-> [Ep 182] Active Samples: 7486/24956
[P1] Ep 182 | Loss 0.7154 | Val MAE 1.8778 CI 0.5731 Acc 10.5%
   [Weight Stats] Min: 0.0000 | Max: 1.0000 | Mean: 0.2702 | Std: 0.4128
   [Weight Stats] Zero Count: 17470/24956 (70.0%)
-> [Ep 183] Active Samples: 7486/24956
[P1] Ep 183 | Loss 0.6958 | Val MAE 1.8730 CI 0.5614 Acc 10.5%
   [Weight Stats] Min: 0.0000 | Max: 1.0000 | Mean: 0.2701 | Std: 0.4126
   [Weight Stats] Zero Count: 17470/24956 (70.0%)
-> [Ep 184] Active Samples: 7486/24956
[P1] Ep 184 | Loss 0.7105 | Val MAE 1.8928 CI 0.5673 Acc 10.5%
   [Weight Stats] Min: 0.0000 | Max: 1.0000 | Mean: 0.2701 | Std: 0.4126
   [Weight Stats] Zero Count: 17470/24956 (70.0%)
-> [Ep 185] Active Samples: 7486/24956
[P1] Ep 185 | Loss 0.7143 | Val MAE 1.9103 CI 0.5731 Acc 10.5%
   [Weight Stats] Min: 0.0000 | Max: 1.0000 | Mean: 0.2700 | Std: 0.4125
   [Weight Stats] Zero Count: 17470/24956 (70.0%)
-> [Ep 186] Active Samples: 7486/24956
[P1] Ep 186 | Loss 0.7058 | Val MAE 1.9132 CI 0.5673 Acc 10.5%
   [Weight Stats] Min: 0.0000 | Max: 1.0000 | Mean: 0.2700 | Std: 0.4125
   [Weight Stats] Zero Count: 17470/24956 (70.0%)
-> [Ep 187] Active Samples: 7486/24956
[P1] Ep 187 | Loss 0.6975 | Val MAE 1.9146 CI 0.5673 Acc 10.5%
   [Weight Stats] Min: 0.0000 | Max: 1.0000 | Mean: 0.2700 | Std: 0.4125
   [Weight Stats] Zero Count: 17470/24956 (70.0%)
-> [Ep 188] Active Samples: 7486/24956
[P1] Ep 188 | Loss 0.7110 | Val MAE 1.9050 CI 0.5789 Acc 10.5%
   [Weight Stats] Min: 0.0000 | Max: 1.0000 | Mean: 0.2699 | Std: 0.4124
   [Weight Stats] Zero Count: 17470/24956 (70.0%)
-> [Ep 189] Active Samples: 7486/24956
[P1] Ep 189 | Loss 0.6598 | Val MAE 1.9091 CI 0.5731 Acc 10.5%
   [Weight Stats] Min: 0.0000 | Max: 1.0000 | Mean: 0.2699 | Std: 0.4123
   [Weight Stats] Zero Count: 17470/24956 (70.0%)
-> [Ep 190] Active Samples: 7486/24956
[P1] Ep 190 | Loss 0.7089 | Val MAE 1.9150 CI 0.5556 Acc 10.5%
   [Weight Stats] Min: 0.0000 | Max: 1.0000 | Mean: 0.2699 | Std: 0.4123
   [Weight Stats] Zero Count: 17470/24956 (70.0%)
-> [Ep 191] Active Samples: 7486/24956
[P1] Ep 191 | Loss 0.7226 | Val MAE 1.8933 CI 0.5614 Acc 10.5%
   [Weight Stats] Min: 0.0000 | Max: 1.0000 | Mean: 0.2699 | Std: 0.4123
   [Weight Stats] Zero Count: 17470/24956 (70.0%)
-> [Ep 192] Active Samples: 7486/24956
[P1] Ep 192 | Loss 0.7095 | Val MAE 1.8621 CI 0.5673 Acc 15.8%
   [Weight Stats] Min: 0.0000 | Max: 1.0000 | Mean: 0.2699 | Std: 0.4123
   [Weight Stats] Zero Count: 17470/24956 (70.0%)
-> [Ep 193] Active Samples: 7486/24956
[P1] Ep 193 | Loss 0.7044 | Val MAE 1.8988 CI 0.5614 Acc 10.5%
   [Weight Stats] Min: 0.0000 | Max: 1.0000 | Mean: 0.2699 | Std: 0.4123
   [Weight Stats] Zero Count: 17470/24956 (70.0%)
-> [Ep 194] Active Samples: 7486/24956
[P1] Ep 194 | Loss 0.6876 | Val MAE 1.8909 CI 0.5673 Acc 15.8%
   [Weight Stats] Min: 0.0000 | Max: 1.0000 | Mean: 0.2999 | Std: 0.4581
   [Weight Stats] Zero Count: 17470/24956 (70.0%)
-> [Ep 195] Active Samples: 7486/24956
[P1] Ep 195 | Loss 0.6468 | Val MAE 1.9398 CI 0.5497 Acc 10.5%
   [Weight Stats] Min: 0.0000 | Max: 1.0000 | Mean: 0.2999 | Std: 0.4581
   [Weight Stats] Zero Count: 17470/24956 (70.0%)
-> [Ep 196] Active Samples: 7486/24956
[P1] Ep 196 | Loss 0.7027 | Val MAE 1.9227 CI 0.5673 Acc 10.5%
   [Weight Stats] Min: 0.0000 | Max: 1.0000 | Mean: 0.2999 | Std: 0.4581
   [Weight Stats] Zero Count: 17470/24956 (70.0%)
-> [Ep 197] Active Samples: 7486/24956
[P1] Ep 197 | Loss 0.6624 | Val MAE 1.8819 CI 0.5556 Acc 15.8%
   [Weight Stats] Min: 0.0000 | Max: 1.0000 | Mean: 0.2699 | Std: 0.4123
   [Weight Stats] Zero Count: 17470/24956 (70.0%)
-> [Ep 198] Active Samples: 7486/24956
[P1] Ep 198 | Loss 0.6469 | Val MAE 1.9045 CI 0.5673 Acc 15.8%
   [Weight Stats] Min: 0.0000 | Max: 1.0000 | Mean: 0.2999 | Std: 0.4581
   [Weight Stats] Zero Count: 17470/24956 (70.0%)
-> [Ep 199] Active Samples: 7486/24956
[P1] Ep 199 | Loss 0.6565 | Val MAE 1.8475 CI 0.5614 Acc 15.8%
   [Weight Stats] Min: 0.0000 | Max: 1.0000 | Mean: 0.2999 | Std: 0.4581
   [Weight Stats] Zero Count: 17470/24956 (70.0%)
-> [Ep 200] Active Samples: 7486/24956
[P1] Ep 200 | Loss 0.6514 | Val MAE 1.8982 CI 0.5556 Acc 15.8%

=== PHASE 2: Target Fine-tuning ===
>>> Stage 2.1: Head Alignment...
[Head] Ep 10 MAE 1.5587 CI 0.5497 Acc 15.8%
[Head] Ep 20 MAE 1.5546 CI 0.5497 Acc 21.1%
[Head] Ep 30 MAE 1.5484 CI 0.5439 Acc 21.1%
[Head] Ep 40 MAE 1.5401 CI 0.5439 Acc 21.1%
[Head] Ep 50 MAE 1.5295 CI 0.5556 Acc 21.1%
[Head] Ep 60 MAE 1.5178 CI 0.5439 Acc 26.3%
[Head] Ep 70 MAE 1.5073 CI 0.5497 Acc 26.3%
[Head] Ep 80 MAE 1.5121 CI 0.5497 Acc 26.3%
[Head] Ep 90 MAE 1.5099 CI 0.5906 Acc 26.3%
[Head] Ep 100 MAE 1.5024 CI 0.6023 Acc 26.3%
[Head] Ep 110 MAE 1.5136 CI 0.6023 Acc 26.3%
[Head] Ep 120 MAE 1.5277 CI 0.5789 Acc 26.3%
[Head] Ep 130 MAE 1.5301 CI 0.5673 Acc 26.3%
[Head] Ep 140 MAE 1.5265 CI 0.5848 Acc 26.3%
[Head] Ep 150 MAE 1.5385 CI 0.5848 Acc 26.3%
>>> Stage 2.2: Full Fine-tuning...
[Full] Ep 10 MAE 1.4912 CI 0.5848 RM2 0.0622 Acc 26.3%
[Full] Ep 20 MAE 1.5018 CI 0.5906 RM2 0.0554 Acc 26.3%
[Full] Ep 30 MAE 1.4969 CI 0.5789 RM2 0.0489 Acc 26.3%
[Full] Ep 40 MAE 1.5032 CI 0.5789 RM2 0.0419 Acc 26.3%
[Full] Ep 50 MAE 1.5112 CI 0.5789 RM2 0.0342 Acc 26.3%

>>> Testing Final Model...
------------------------------------------------------------
[FINAL RESULT] Test Set:
   MAE:  1.3838
   RMSE: 1.7306
   CI:   0.5684
   RM2:  0.0742
   MAPE: 24.78 %
   Acc:  30.00 %
------------------------------------------------------------
