Namespace(source_csv='./drug-target/Davis.csv', target_csv='./drug-target/CASF2016_graph_valid.csv', pretrained='/Davis80_best_model.pt', max_seq_len=1024, batch_size=128, epochs=200, ft_epochs=150, lr=5e-05, weight_decay=0.0001, dropout=0.1, device='cuda:0', save_dir='DETS_DTA', num_prototypes=40, tau_high=0.9, sigma_0=0.1, gamma=10, alpha=0.9, w_min=1e-05, edl_lambda=0.01, mlp_hidden='256,128')
Loading datasets...
Initializing DETS Projection Head (High Variance)...

=== PHASE 1: DETS Source Training ===
-> Extracting Anchors from Target (CASF)...
/root/miniconda3/envs/subset/lib/python3.9/site-packages/torch/nn/modules/transformer.py:508: UserWarning: The PyTorch API of nested tensors is in prototype stage and will change in the near future. We recommend specifying layout=torch.jagged when constructing a nested tensor, as this layout receives active development, has better operator coverage, and works with torch.compile. (Triggered internally at /pytorch/aten/src/ATen/NestedTensorImpl.cpp:178.)
  output = torch._nested_tensor_from_mask(
   Running K-Means (K=40)...
-> Anchors Established: 40 prototypes.
   [Weight Stats] Min: 0.0000 | Max: 1.0000 | Mean: 0.3000 | Std: 0.4583
   [Weight Stats] Zero Count: 17470/24956 (70.0%)
-> [Ep 1] Active Samples: 7486/24956
[P1] Ep 1 | Loss 3.0116 | Val MAE 1.6038 CI 0.5673 Acc 31.6%
   [Weight Stats] Min: 0.0000 | Max: 1.0000 | Mean: 0.3000 | Std: 0.4583
   [Weight Stats] Zero Count: 17470/24956 (70.0%)
-> [Ep 2] Active Samples: 7486/24956
[P1] Ep 2 | Loss 1.2611 | Val MAE 1.9072 CI 0.5789 Acc 15.8%
   [Weight Stats] Min: 0.0000 | Max: 1.0000 | Mean: 0.3000 | Std: 0.4583
   [Weight Stats] Zero Count: 17470/24956 (70.0%)
-> [Ep 3] Active Samples: 7486/24956
[P1] Ep 3 | Loss 1.1238 | Val MAE 1.9983 CI 0.5848 Acc 10.5%
   [Weight Stats] Min: 0.0000 | Max: 1.0000 | Mean: 0.3000 | Std: 0.4583
   [Weight Stats] Zero Count: 17470/24956 (70.0%)
-> [Ep 4] Active Samples: 7486/24956
[P1] Ep 4 | Loss 1.0953 | Val MAE 1.9367 CI 0.5965 Acc 15.8%
   [Weight Stats] Min: 0.0000 | Max: 1.0000 | Mean: 0.3000 | Std: 0.4583
   [Weight Stats] Zero Count: 17470/24956 (70.0%)
-> [Ep 5] Active Samples: 7486/24956
[P1] Ep 5 | Loss 1.0630 | Val MAE 1.9904 CI 0.6023 Acc 10.5%
   [Weight Stats] Min: 0.0000 | Max: 1.0000 | Mean: 0.3000 | Std: 0.4583
   [Weight Stats] Zero Count: 17470/24956 (70.0%)
-> [Ep 6] Active Samples: 7486/24956
[P1] Ep 6 | Loss 1.0332 | Val MAE 1.9860 CI 0.6257 Acc 10.5%
   [Weight Stats] Min: 0.0000 | Max: 1.0000 | Mean: 0.3000 | Std: 0.4583
   [Weight Stats] Zero Count: 17470/24956 (70.0%)
-> [Ep 7] Active Samples: 7486/24956
[P1] Ep 7 | Loss 1.0281 | Val MAE 1.9403 CI 0.6491 Acc 10.5%
   [Weight Stats] Min: 0.0000 | Max: 1.0000 | Mean: 0.3000 | Std: 0.4583
   [Weight Stats] Zero Count: 17470/24956 (70.0%)
-> [Ep 8] Active Samples: 7486/24956
[P1] Ep 8 | Loss 0.9950 | Val MAE 2.0563 CI 0.6608 Acc 10.5%
   [Weight Stats] Min: 0.0000 | Max: 1.0000 | Mean: 0.3000 | Std: 0.4583
   [Weight Stats] Zero Count: 17470/24956 (70.0%)
-> [Ep 9] Active Samples: 7486/24956
[P1] Ep 9 | Loss 0.9862 | Val MAE 2.0103 CI 0.6550 Acc 10.5%
   [Weight Stats] Min: 0.0000 | Max: 1.0000 | Mean: 0.3000 | Std: 0.4583
   [Weight Stats] Zero Count: 17470/24956 (70.0%)
-> [Ep 10] Active Samples: 7486/24956
[P1] Ep 10 | Loss 0.9814 | Val MAE 2.0012 CI 0.6550 Acc 10.5%
   [Weight Stats] Min: 0.0000 | Max: 1.0000 | Mean: 0.3000 | Std: 0.4583
   [Weight Stats] Zero Count: 17470/24956 (70.0%)
-> [Ep 11] Active Samples: 7486/24956
[P1] Ep 11 | Loss 0.9792 | Val MAE 1.9324 CI 0.6608 Acc 10.5%
   [Weight Stats] Min: 0.0000 | Max: 1.0000 | Mean: 0.3000 | Std: 0.4583
   [Weight Stats] Zero Count: 17470/24956 (70.0%)
-> [Ep 12] Active Samples: 7486/24956
[P1] Ep 12 | Loss 0.9419 | Val MAE 2.0662 CI 0.6550 Acc 10.5%
   [Weight Stats] Min: 0.0000 | Max: 1.0000 | Mean: 0.3000 | Std: 0.4583
   [Weight Stats] Zero Count: 17470/24956 (70.0%)
-> [Ep 13] Active Samples: 7486/24956
[P1] Ep 13 | Loss 0.9463 | Val MAE 1.9733 CI 0.6433 Acc 10.5%
   [Weight Stats] Min: 0.0000 | Max: 1.0000 | Mean: 0.3000 | Std: 0.4583
   [Weight Stats] Zero Count: 17470/24956 (70.0%)
-> [Ep 14] Active Samples: 7486/24956
[P1] Ep 14 | Loss 0.9484 | Val MAE 2.0034 CI 0.6374 Acc 10.5%
   [Weight Stats] Min: 0.0000 | Max: 1.0000 | Mean: 0.3000 | Std: 0.4583
   [Weight Stats] Zero Count: 17470/24956 (70.0%)
-> [Ep 15] Active Samples: 7486/24956
[P1] Ep 15 | Loss 0.9794 | Val MAE 1.9946 CI 0.6316 Acc 10.5%
   [Weight Stats] Min: 0.0000 | Max: 1.0000 | Mean: 0.3000 | Std: 0.4583
   [Weight Stats] Zero Count: 17470/24956 (70.0%)
-> [Ep 16] Active Samples: 7486/24956
[P1] Ep 16 | Loss 0.9628 | Val MAE 1.9934 CI 0.6316 Acc 10.5%
   [Weight Stats] Min: 0.0000 | Max: 1.0000 | Mean: 0.3000 | Std: 0.4583
   [Weight Stats] Zero Count: 17470/24956 (70.0%)
-> [Ep 17] Active Samples: 7486/24956
[P1] Ep 17 | Loss 1.0031 | Val MAE 1.9619 CI 0.6491 Acc 10.5%
   [Weight Stats] Min: 0.0000 | Max: 1.0000 | Mean: 0.3000 | Std: 0.4583
   [Weight Stats] Zero Count: 17470/24956 (70.0%)
-> [Ep 18] Active Samples: 7486/24956
[P1] Ep 18 | Loss 1.0215 | Val MAE 1.9293 CI 0.6667 Acc 10.5%
   [Weight Stats] Min: 0.0000 | Max: 1.0000 | Mean: 0.3000 | Std: 0.4583
   [Weight Stats] Zero Count: 17470/24956 (70.0%)
-> [Ep 19] Active Samples: 7486/24956
[P1] Ep 19 | Loss 1.0352 | Val MAE 1.9163 CI 0.6374 Acc 10.5%
   [Weight Stats] Min: 0.0000 | Max: 1.0000 | Mean: 0.3000 | Std: 0.4583
   [Weight Stats] Zero Count: 17470/24956 (70.0%)
-> [Ep 20] Active Samples: 7486/24956
[P1] Ep 20 | Loss 1.0427 | Val MAE 1.9577 CI 0.6374 Acc 10.5%
   [Weight Stats] Min: 0.0000 | Max: 1.0000 | Mean: 0.3000 | Std: 0.4583
   [Weight Stats] Zero Count: 17470/24956 (70.0%)
-> [Ep 21] Active Samples: 7486/24956
[P1] Ep 21 | Loss 1.0614 | Val MAE 1.9404 CI 0.6374 Acc 10.5%
   [Weight Stats] Min: 0.0000 | Max: 1.0000 | Mean: 0.3000 | Std: 0.4583
   [Weight Stats] Zero Count: 17470/24956 (70.0%)
-> [Ep 22] Active Samples: 7486/24956
[P1] Ep 22 | Loss 1.0662 | Val MAE 1.8708 CI 0.6140 Acc 15.8%
   [Weight Stats] Min: 0.0000 | Max: 1.0000 | Mean: 0.3000 | Std: 0.4583
   [Weight Stats] Zero Count: 17470/24956 (70.0%)
-> [Ep 23] Active Samples: 7486/24956
[P1] Ep 23 | Loss 1.0591 | Val MAE 1.9091 CI 0.6140 Acc 10.5%
   [Weight Stats] Min: 0.0000 | Max: 1.0000 | Mean: 0.3000 | Std: 0.4583
   [Weight Stats] Zero Count: 17470/24956 (70.0%)
-> [Ep 24] Active Samples: 7486/24956
[P1] Ep 24 | Loss 1.1294 | Val MAE 1.9188 CI 0.6199 Acc 10.5%
   [Weight Stats] Min: 0.0000 | Max: 1.0000 | Mean: 0.3000 | Std: 0.4583
   [Weight Stats] Zero Count: 17470/24956 (70.0%)
-> [Ep 25] Active Samples: 7486/24956
[P1] Ep 25 | Loss 1.0612 | Val MAE 1.8724 CI 0.6199 Acc 15.8%
   [Weight Stats] Min: 0.0000 | Max: 1.0000 | Mean: 0.3000 | Std: 0.4583
   [Weight Stats] Zero Count: 17470/24956 (70.0%)
-> [Ep 26] Active Samples: 7486/24956
[P1] Ep 26 | Loss 1.1314 | Val MAE 1.8869 CI 0.6023 Acc 10.5%
   [Weight Stats] Min: 0.0000 | Max: 1.0000 | Mean: 0.3000 | Std: 0.4583
   [Weight Stats] Zero Count: 17470/24956 (70.0%)
-> [Ep 27] Active Samples: 7486/24956
[P1] Ep 27 | Loss 1.1304 | Val MAE 1.8789 CI 0.6023 Acc 10.5%
   [Weight Stats] Min: 0.0000 | Max: 1.0000 | Mean: 0.3000 | Std: 0.4583
   [Weight Stats] Zero Count: 17470/24956 (70.0%)
-> [Ep 28] Active Samples: 7486/24956
[P1] Ep 28 | Loss 1.1260 | Val MAE 1.8960 CI 0.5789 Acc 10.5%
   [Weight Stats] Min: 0.0000 | Max: 1.0000 | Mean: 0.3000 | Std: 0.4583
   [Weight Stats] Zero Count: 17470/24956 (70.0%)
-> [Ep 29] Active Samples: 7486/24956
[P1] Ep 29 | Loss 1.1381 | Val MAE 1.9093 CI 0.5965 Acc 10.5%
   [Weight Stats] Min: 0.0000 | Max: 1.0000 | Mean: 0.3000 | Std: 0.4583
   [Weight Stats] Zero Count: 17470/24956 (70.0%)
-> [Ep 30] Active Samples: 7486/24956
[P1] Ep 30 | Loss 1.1093 | Val MAE 1.8303 CI 0.5789 Acc 21.1%
   [Weight Stats] Min: 0.0000 | Max: 1.0000 | Mean: 0.3000 | Std: 0.4583
   [Weight Stats] Zero Count: 17470/24956 (70.0%)
-> [Ep 31] Active Samples: 7486/24956
[P1] Ep 31 | Loss 1.1527 | Val MAE 1.9054 CI 0.5789 Acc 10.5%
   [Weight Stats] Min: 0.0000 | Max: 1.0000 | Mean: 0.3000 | Std: 0.4583
   [Weight Stats] Zero Count: 17470/24956 (70.0%)
-> [Ep 32] Active Samples: 7486/24956
[P1] Ep 32 | Loss 1.0720 | Val MAE 1.8949 CI 0.5731 Acc 10.5%
   [Weight Stats] Min: 0.0000 | Max: 1.0000 | Mean: 0.2928 | Std: 0.4479
   [Weight Stats] Zero Count: 17470/24956 (70.0%)
-> [Ep 33] Active Samples: 7486/24956
[P1] Ep 33 | Loss 1.1017 | Val MAE 1.8673 CI 0.5556 Acc 15.8%
   [Weight Stats] Min: 0.0000 | Max: 1.0000 | Mean: 0.2822 | Std: 0.4321
   [Weight Stats] Zero Count: 17470/24956 (70.0%)
-> [Ep 34] Active Samples: 7486/24956
[P1] Ep 34 | Loss 1.0522 | Val MAE 1.9695 CI 0.5556 Acc 10.5%
   [Weight Stats] Min: 0.0000 | Max: 1.0000 | Mean: 0.2687 | Std: 0.4129
   [Weight Stats] Zero Count: 17470/24956 (70.0%)
-> [Ep 35] Active Samples: 7486/24956
[P1] Ep 35 | Loss 1.0706 | Val MAE 1.9181 CI 0.5380 Acc 10.5%
   [Weight Stats] Min: 0.0000 | Max: 1.0000 | Mean: 0.2448 | Std: 0.3787
   [Weight Stats] Zero Count: 17470/24956 (70.0%)
-> [Ep 36] Active Samples: 7486/24956
[P1] Ep 36 | Loss 0.9344 | Val MAE 1.8934 CI 0.5380 Acc 10.5%
   [Weight Stats] Min: 0.0000 | Max: 1.0000 | Mean: 0.2369 | Std: 0.3668
   [Weight Stats] Zero Count: 17470/24956 (70.0%)
-> [Ep 37] Active Samples: 7486/24956
[P1] Ep 37 | Loss 0.9361 | Val MAE 1.8866 CI 0.5380 Acc 15.8%
   [Weight Stats] Min: 0.0000 | Max: 1.0000 | Mean: 0.2443 | Std: 0.3775
   [Weight Stats] Zero Count: 17470/24956 (70.0%)
-> [Ep 38] Active Samples: 7486/24956
[P1] Ep 38 | Loss 0.9439 | Val MAE 1.9558 CI 0.5322 Acc 10.5%
   [Weight Stats] Min: 0.0000 | Max: 1.0000 | Mean: 0.2461 | Std: 0.3804
   [Weight Stats] Zero Count: 17470/24956 (70.0%)
-> [Ep 39] Active Samples: 7486/24956
[P1] Ep 39 | Loss 1.0041 | Val MAE 1.8969 CI 0.5322 Acc 15.8%
   [Weight Stats] Min: 0.0000 | Max: 1.0000 | Mean: 0.2471 | Std: 0.3814
   [Weight Stats] Zero Count: 17470/24956 (70.0%)
-> [Ep 40] Active Samples: 7486/24956
[P1] Ep 40 | Loss 1.0240 | Val MAE 1.8585 CI 0.5205 Acc 21.1%
   [Weight Stats] Min: 0.0000 | Max: 1.0000 | Mean: 0.2605 | Std: 0.4005
   [Weight Stats] Zero Count: 17470/24956 (70.0%)
-> [Ep 41] Active Samples: 7486/24956
[P1] Ep 41 | Loss 0.9820 | Val MAE 1.8338 CI 0.5322 Acc 21.1%
   [Weight Stats] Min: 0.0000 | Max: 1.0000 | Mean: 0.2474 | Std: 0.3814
   [Weight Stats] Zero Count: 17470/24956 (70.0%)
-> [Ep 42] Active Samples: 7486/24956
[P1] Ep 42 | Loss 0.9976 | Val MAE 1.8906 CI 0.5205 Acc 15.8%
   [Weight Stats] Min: 0.0000 | Max: 1.0000 | Mean: 0.2430 | Std: 0.3754
   [Weight Stats] Zero Count: 17470/24956 (70.0%)
-> [Ep 43] Active Samples: 7486/24956
[P1] Ep 43 | Loss 1.0055 | Val MAE 1.9210 CI 0.5205 Acc 10.5%
   [Weight Stats] Min: 0.0000 | Max: 1.0000 | Mean: 0.2455 | Std: 0.3789
   [Weight Stats] Zero Count: 17470/24956 (70.0%)
-> [Ep 44] Active Samples: 7486/24956
[P1] Ep 44 | Loss 0.9941 | Val MAE 1.8824 CI 0.5263 Acc 15.8%
   [Weight Stats] Min: 0.0000 | Max: 1.0000 | Mean: 0.2398 | Std: 0.3706
   [Weight Stats] Zero Count: 17470/24956 (70.0%)
-> [Ep 45] Active Samples: 7486/24956
[P1] Ep 45 | Loss 1.0153 | Val MAE 1.8895 CI 0.5322 Acc 15.8%
   [Weight Stats] Min: 0.0000 | Max: 1.0000 | Mean: 0.2406 | Std: 0.3719
   [Weight Stats] Zero Count: 17470/24956 (70.0%)
-> [Ep 46] Active Samples: 7486/24956
[P1] Ep 46 | Loss 1.0350 | Val MAE 1.8522 CI 0.5263 Acc 21.1%
   [Weight Stats] Min: 0.0000 | Max: 1.0000 | Mean: 0.2465 | Std: 0.3800
   [Weight Stats] Zero Count: 17470/24956 (70.0%)
-> [Ep 47] Active Samples: 7486/24956
[P1] Ep 47 | Loss 1.0274 | Val MAE 1.8848 CI 0.5146 Acc 15.8%
   [Weight Stats] Min: 0.0000 | Max: 1.0000 | Mean: 0.2184 | Std: 0.3412
   [Weight Stats] Zero Count: 17470/24956 (70.0%)
-> [Ep 48] Active Samples: 7486/24956
[P1] Ep 48 | Loss 0.9488 | Val MAE 1.9670 CI 0.5205 Acc 10.5%
   [Weight Stats] Min: 0.0000 | Max: 1.0000 | Mean: 0.2165 | Std: 0.3384
   [Weight Stats] Zero Count: 17470/24956 (70.0%)
-> [Ep 49] Active Samples: 7486/24956
[P1] Ep 49 | Loss 0.9328 | Val MAE 1.8389 CI 0.5205 Acc 21.1%
   [Weight Stats] Min: 0.0000 | Max: 1.0000 | Mean: 0.2147 | Std: 0.3360
   [Weight Stats] Zero Count: 17470/24956 (70.0%)
-> [Ep 50] Active Samples: 7486/24956
[P1] Ep 50 | Loss 0.9161 | Val MAE 1.9138 CI 0.5263 Acc 10.5%
   [Weight Stats] Min: 0.0000 | Max: 1.0000 | Mean: 0.2096 | Std: 0.3285
   [Weight Stats] Zero Count: 17470/24956 (70.0%)
-> [Ep 51] Active Samples: 7486/24956
[P1] Ep 51 | Loss 0.8742 | Val MAE 1.8926 CI 0.5205 Acc 15.8%
   [Weight Stats] Min: 0.0000 | Max: 1.0000 | Mean: 0.2104 | Std: 0.3295
   [Weight Stats] Zero Count: 17470/24956 (70.0%)
-> [Ep 52] Active Samples: 7486/24956
[P1] Ep 52 | Loss 0.8722 | Val MAE 1.9007 CI 0.5205 Acc 10.5%
   [Weight Stats] Min: 0.0000 | Max: 1.0000 | Mean: 0.2096 | Std: 0.3292
   [Weight Stats] Zero Count: 17470/24956 (70.0%)
-> [Ep 53] Active Samples: 7486/24956
[P1] Ep 53 | Loss 0.9022 | Val MAE 1.8811 CI 0.5029 Acc 15.8%
   [Weight Stats] Min: 0.0000 | Max: 1.0000 | Mean: 0.2138 | Std: 0.3356
   [Weight Stats] Zero Count: 17470/24956 (70.0%)
-> [Ep 54] Active Samples: 7486/24956
[P1] Ep 54 | Loss 0.8979 | Val MAE 1.8607 CI 0.5029 Acc 21.1%
   [Weight Stats] Min: 0.0000 | Max: 1.0000 | Mean: 0.2310 | Std: 0.3635
   [Weight Stats] Zero Count: 17470/24956 (70.0%)
-> [Ep 55] Active Samples: 7486/24956
[P1] Ep 55 | Loss 0.8881 | Val MAE 1.9240 CI 0.5146 Acc 10.5%
   [Weight Stats] Min: 0.0000 | Max: 1.0000 | Mean: 0.2203 | Std: 0.3499
   [Weight Stats] Zero Count: 17470/24956 (70.0%)
-> [Ep 56] Active Samples: 7486/24956
[P1] Ep 56 | Loss 0.9014 | Val MAE 1.9054 CI 0.5205 Acc 10.5%
   [Weight Stats] Min: 0.0000 | Max: 1.0000 | Mean: 0.2273 | Std: 0.3608
   [Weight Stats] Zero Count: 17470/24956 (70.0%)
-> [Ep 57] Active Samples: 7486/24956
[P1] Ep 57 | Loss 0.9037 | Val MAE 1.8854 CI 0.5263 Acc 10.5%
   [Weight Stats] Min: 0.0000 | Max: 1.0000 | Mean: 0.2343 | Std: 0.3689
   [Weight Stats] Zero Count: 17470/24956 (70.0%)
-> [Ep 58] Active Samples: 7486/24956
[P1] Ep 58 | Loss 0.8589 | Val MAE 1.9147 CI 0.5263 Acc 10.5%
   [Weight Stats] Min: 0.0000 | Max: 1.0000 | Mean: 0.2295 | Std: 0.3619
   [Weight Stats] Zero Count: 17470/24956 (70.0%)
-> [Ep 59] Active Samples: 7486/24956
[P1] Ep 59 | Loss 0.9214 | Val MAE 1.8427 CI 0.5205 Acc 21.1%
   [Weight Stats] Min: 0.0000 | Max: 1.0000 | Mean: 0.2326 | Std: 0.3659
   [Weight Stats] Zero Count: 17470/24956 (70.0%)
-> [Ep 60] Active Samples: 7486/24956
[P1] Ep 60 | Loss 0.8651 | Val MAE 1.8632 CI 0.5205 Acc 15.8%
   [Weight Stats] Min: 0.0000 | Max: 1.0000 | Mean: 0.2295 | Std: 0.3611
   [Weight Stats] Zero Count: 17470/24956 (70.0%)
-> [Ep 61] Active Samples: 7486/24956
[P1] Ep 61 | Loss 0.8843 | Val MAE 1.8582 CI 0.5205 Acc 15.8%
   [Weight Stats] Min: 0.0000 | Max: 1.0000 | Mean: 0.2298 | Std: 0.3619
   [Weight Stats] Zero Count: 17470/24956 (70.0%)
-> [Ep 62] Active Samples: 7486/24956
[P1] Ep 62 | Loss 0.8807 | Val MAE 1.9321 CI 0.5380 Acc 10.5%
   [Weight Stats] Min: 0.0000 | Max: 1.0000 | Mean: 0.2297 | Std: 0.3651
   [Weight Stats] Zero Count: 17470/24956 (70.0%)
-> [Ep 63] Active Samples: 7486/24956
[P1] Ep 63 | Loss 0.8646 | Val MAE 1.8960 CI 0.5380 Acc 10.5%
   [Weight Stats] Min: 0.0000 | Max: 1.0000 | Mean: 0.2286 | Std: 0.3642
   [Weight Stats] Zero Count: 17470/24956 (70.0%)
-> [Ep 64] Active Samples: 7486/24956
[P1] Ep 64 | Loss 0.9130 | Val MAE 1.9339 CI 0.5322 Acc 10.5%
   [Weight Stats] Min: 0.0000 | Max: 1.0000 | Mean: 0.2255 | Std: 0.3576
   [Weight Stats] Zero Count: 17470/24956 (70.0%)
-> [Ep 65] Active Samples: 7486/24956
[P1] Ep 65 | Loss 0.8634 | Val MAE 1.9157 CI 0.5556 Acc 10.5%
   [Weight Stats] Min: 0.0000 | Max: 1.0000 | Mean: 0.2409 | Std: 0.3806
   [Weight Stats] Zero Count: 17470/24956 (70.0%)
-> [Ep 66] Active Samples: 7486/24956
[P1] Ep 66 | Loss 0.9043 | Val MAE 1.9231 CI 0.5439 Acc 10.5%
   [Weight Stats] Min: 0.0000 | Max: 1.0000 | Mean: 0.2391 | Std: 0.3781
   [Weight Stats] Zero Count: 17470/24956 (70.0%)
-> [Ep 67] Active Samples: 7486/24956
[P1] Ep 67 | Loss 0.8975 | Val MAE 1.8944 CI 0.5322 Acc 10.5%
   [Weight Stats] Min: 0.0000 | Max: 1.0000 | Mean: 0.2325 | Std: 0.3684
   [Weight Stats] Zero Count: 17470/24956 (70.0%)
-> [Ep 68] Active Samples: 7486/24956
[P1] Ep 68 | Loss 0.9105 | Val MAE 1.8912 CI 0.5146 Acc 10.5%
   [Weight Stats] Min: 0.0000 | Max: 1.0000 | Mean: 0.2335 | Std: 0.3689
   [Weight Stats] Zero Count: 17470/24956 (70.0%)
-> [Ep 69] Active Samples: 7486/24956
[P1] Ep 69 | Loss 0.8724 | Val MAE 1.8959 CI 0.5146 Acc 10.5%
   [Weight Stats] Min: 0.0000 | Max: 1.0000 | Mean: 0.2314 | Std: 0.3661
   [Weight Stats] Zero Count: 17470/24956 (70.0%)
-> [Ep 70] Active Samples: 7486/24956
[P1] Ep 70 | Loss 0.8759 | Val MAE 1.8831 CI 0.5380 Acc 10.5%
   [Weight Stats] Min: 0.0000 | Max: 1.0000 | Mean: 0.2500 | Std: 0.3936
   [Weight Stats] Zero Count: 17470/24956 (70.0%)
-> [Ep 71] Active Samples: 7486/24956
[P1] Ep 71 | Loss 0.8665 | Val MAE 1.8752 CI 0.5263 Acc 10.5%
   [Weight Stats] Min: 0.0000 | Max: 1.0000 | Mean: 0.2816 | Std: 0.4339
   [Weight Stats] Zero Count: 17470/24956 (70.0%)
-> [Ep 72] Active Samples: 7486/24956
[P1] Ep 72 | Loss 0.8916 | Val MAE 1.8568 CI 0.5146 Acc 15.8%
   [Weight Stats] Min: 0.0000 | Max: 1.0000 | Mean: 0.2661 | Std: 0.4142
   [Weight Stats] Zero Count: 17470/24956 (70.0%)
-> [Ep 73] Active Samples: 7486/24956
[P1] Ep 73 | Loss 0.9043 | Val MAE 1.8406 CI 0.5088 Acc 15.8%
   [Weight Stats] Min: 0.0000 | Max: 1.0000 | Mean: 0.2794 | Std: 0.4308
   [Weight Stats] Zero Count: 17470/24956 (70.0%)
-> [Ep 74] Active Samples: 7486/24956
[P1] Ep 74 | Loss 0.8748 | Val MAE 1.9162 CI 0.5439 Acc 10.5%
   [Weight Stats] Min: 0.0000 | Max: 1.0000 | Mean: 0.2695 | Std: 0.4186
   [Weight Stats] Zero Count: 17470/24956 (70.0%)
-> [Ep 75] Active Samples: 7486/24956
[P1] Ep 75 | Loss 0.8296 | Val MAE 1.9405 CI 0.5497 Acc 10.5%
   [Weight Stats] Min: 0.0000 | Max: 1.0000 | Mean: 0.2406 | Std: 0.3814
   [Weight Stats] Zero Count: 17470/24956 (70.0%)
-> [Ep 76] Active Samples: 7486/24956
[P1] Ep 76 | Loss 0.8943 | Val MAE 1.8333 CI 0.5263 Acc 15.8%
   [Weight Stats] Min: 0.0000 | Max: 1.0000 | Mean: 0.2383 | Std: 0.3775
   [Weight Stats] Zero Count: 17470/24956 (70.0%)
-> [Ep 77] Active Samples: 7486/24956
[P1] Ep 77 | Loss 0.9104 | Val MAE 1.8813 CI 0.5205 Acc 10.5%
   [Weight Stats] Min: 0.0000 | Max: 1.0000 | Mean: 0.2246 | Std: 0.3592
   [Weight Stats] Zero Count: 17470/24956 (70.0%)
-> [Ep 78] Active Samples: 7486/24956
[P1] Ep 78 | Loss 0.9010 | Val MAE 1.8611 CI 0.5263 Acc 10.5%
   [Weight Stats] Min: 0.0000 | Max: 1.0000 | Mean: 0.2432 | Std: 0.3852
   [Weight Stats] Zero Count: 17470/24956 (70.0%)
-> [Ep 79] Active Samples: 7486/24956
[P1] Ep 79 | Loss 0.8669 | Val MAE 1.8604 CI 0.5146 Acc 10.5%
   [Weight Stats] Min: 0.0000 | Max: 1.0000 | Mean: 0.2787 | Std: 0.4303
   [Weight Stats] Zero Count: 17470/24956 (70.0%)
-> [Ep 80] Active Samples: 7486/24956
[P1] Ep 80 | Loss 0.7989 | Val MAE 1.8955 CI 0.5380 Acc 10.5%
   [Weight Stats] Min: 0.0000 | Max: 1.0000 | Mean: 0.2740 | Std: 0.4261
   [Weight Stats] Zero Count: 17470/24956 (70.0%)
-> [Ep 81] Active Samples: 7486/24956
[P1] Ep 81 | Loss 0.8566 | Val MAE 1.8831 CI 0.5497 Acc 10.5%
   [Weight Stats] Min: 0.0000 | Max: 1.0000 | Mean: 0.2938 | Std: 0.4497
   [Weight Stats] Zero Count: 17470/24956 (70.0%)
-> [Ep 82] Active Samples: 7486/24956
[P1] Ep 82 | Loss 0.7819 | Val MAE 1.9268 CI 0.5497 Acc 10.5%
   [Weight Stats] Min: 0.0000 | Max: 1.0000 | Mean: 0.2987 | Std: 0.4564
   [Weight Stats] Zero Count: 17470/24956 (70.0%)
-> [Ep 83] Active Samples: 7486/24956
[P1] Ep 83 | Loss 0.8004 | Val MAE 1.9161 CI 0.5731 Acc 10.5%
   [Weight Stats] Min: 0.0000 | Max: 1.0000 | Mean: 0.2959 | Std: 0.4526
   [Weight Stats] Zero Count: 17470/24956 (70.0%)
-> [Ep 84] Active Samples: 7486/24956
[P1] Ep 84 | Loss 0.8354 | Val MAE 1.9271 CI 0.5556 Acc 10.5%
   [Weight Stats] Min: 0.0000 | Max: 1.0000 | Mean: 0.2991 | Std: 0.4569
   [Weight Stats] Zero Count: 17470/24956 (70.0%)
-> [Ep 85] Active Samples: 7486/24956
[P1] Ep 85 | Loss 0.7267 | Val MAE 1.9370 CI 0.5906 Acc 10.5%
   [Weight Stats] Min: 0.0000 | Max: 1.0000 | Mean: 0.2986 | Std: 0.4562
   [Weight Stats] Zero Count: 17470/24956 (70.0%)
-> [Ep 86] Active Samples: 7486/24956
[P1] Ep 86 | Loss 0.7123 | Val MAE 1.9615 CI 0.5731 Acc 10.5%
   [Weight Stats] Min: 0.0000 | Max: 1.0000 | Mean: 0.2993 | Std: 0.4572
   [Weight Stats] Zero Count: 17470/24956 (70.0%)
-> [Ep 87] Active Samples: 7486/24956
[P1] Ep 87 | Loss 0.7460 | Val MAE 1.8717 CI 0.5556 Acc 10.5%
   [Weight Stats] Min: 0.0000 | Max: 1.0000 | Mean: 0.2992 | Std: 0.4571
   [Weight Stats] Zero Count: 17470/24956 (70.0%)
-> [Ep 88] Active Samples: 7486/24956
[P1] Ep 88 | Loss 0.7371 | Val MAE 1.9795 CI 0.5731 Acc 10.5%
   [Weight Stats] Min: 0.0000 | Max: 1.0000 | Mean: 0.2979 | Std: 0.4552
   [Weight Stats] Zero Count: 17470/24956 (70.0%)
-> [Ep 89] Active Samples: 7486/24956
[P1] Ep 89 | Loss 0.7291 | Val MAE 1.9377 CI 0.5731 Acc 10.5%
   [Weight Stats] Min: 0.0000 | Max: 1.0000 | Mean: 0.2975 | Std: 0.4547
   [Weight Stats] Zero Count: 17470/24956 (70.0%)
-> [Ep 90] Active Samples: 7486/24956
[P1] Ep 90 | Loss 0.7186 | Val MAE 1.9144 CI 0.5673 Acc 10.5%
   [Weight Stats] Min: 0.0000 | Max: 1.0000 | Mean: 0.2957 | Std: 0.4522
   [Weight Stats] Zero Count: 17470/24956 (70.0%)
-> [Ep 91] Active Samples: 7486/24956
[P1] Ep 91 | Loss 0.7423 | Val MAE 1.8906 CI 0.5673 Acc 10.5%
   [Weight Stats] Min: 0.0000 | Max: 1.0000 | Mean: 0.2840 | Std: 0.4370
   [Weight Stats] Zero Count: 17470/24956 (70.0%)
-> [Ep 92] Active Samples: 7486/24956
[P1] Ep 92 | Loss 0.8657 | Val MAE 1.8852 CI 0.5614 Acc 10.5%
   [Weight Stats] Min: 0.0000 | Max: 1.0000 | Mean: 0.2785 | Std: 0.4295
   [Weight Stats] Zero Count: 17470/24956 (70.0%)
-> [Ep 93] Active Samples: 7486/24956
[P1] Ep 93 | Loss 0.8954 | Val MAE 1.8936 CI 0.5380 Acc 10.5%
   [Weight Stats] Min: 0.0000 | Max: 1.0000 | Mean: 0.2765 | Std: 0.4267
   [Weight Stats] Zero Count: 17470/24956 (70.0%)
-> [Ep 94] Active Samples: 7486/24956
[P1] Ep 94 | Loss 0.9523 | Val MAE 1.9070 CI 0.5497 Acc 10.5%
   [Weight Stats] Min: 0.0000 | Max: 1.0000 | Mean: 0.2894 | Std: 0.4435
   [Weight Stats] Zero Count: 17470/24956 (70.0%)
-> [Ep 95] Active Samples: 7486/24956
[P1] Ep 95 | Loss 0.9112 | Val MAE 1.8793 CI 0.5322 Acc 15.8%
   [Weight Stats] Min: 0.0000 | Max: 1.0000 | Mean: 0.2920 | Std: 0.4470
   [Weight Stats] Zero Count: 17470/24956 (70.0%)
-> [Ep 96] Active Samples: 7486/24956
[P1] Ep 96 | Loss 0.9277 | Val MAE 1.8592 CI 0.5497 Acc 15.8%
   [Weight Stats] Min: 0.0000 | Max: 1.0000 | Mean: 0.2964 | Std: 0.4531
   [Weight Stats] Zero Count: 17470/24956 (70.0%)
-> [Ep 97] Active Samples: 7486/24956
[P1] Ep 97 | Loss 0.8929 | Val MAE 1.8985 CI 0.5614 Acc 10.5%
   [Weight Stats] Min: 0.0000 | Max: 1.0000 | Mean: 0.2954 | Std: 0.4517
   [Weight Stats] Zero Count: 17470/24956 (70.0%)
-> [Ep 98] Active Samples: 7486/24956
[P1] Ep 98 | Loss 0.8802 | Val MAE 1.9197 CI 0.5556 Acc 10.5%
   [Weight Stats] Min: 0.0000 | Max: 1.0000 | Mean: 0.2692 | Std: 0.4195
   [Weight Stats] Zero Count: 17470/24956 (70.0%)
-> [Ep 99] Active Samples: 7486/24956
[P1] Ep 99 | Loss 0.9019 | Val MAE 1.8472 CI 0.5439 Acc 15.8%
   [Weight Stats] Min: 0.0000 | Max: 1.0000 | Mean: 0.2730 | Std: 0.4240
   [Weight Stats] Zero Count: 17470/24956 (70.0%)
-> [Ep 100] Active Samples: 7486/24956
[P1] Ep 100 | Loss 0.8970 | Val MAE 1.9339 CI 0.5556 Acc 10.5%
   [Weight Stats] Min: 0.0000 | Max: 1.0000 | Mean: 0.2975 | Std: 0.4547
   [Weight Stats] Zero Count: 17470/24956 (70.0%)
-> [Ep 101] Active Samples: 7486/24956
[P1] Ep 101 | Loss 0.7974 | Val MAE 1.8622 CI 0.5263 Acc 10.5%
   [Weight Stats] Min: 0.0000 | Max: 1.0000 | Mean: 0.2975 | Std: 0.4548
   [Weight Stats] Zero Count: 17470/24956 (70.0%)
-> [Ep 102] Active Samples: 7486/24956
[P1] Ep 102 | Loss 0.7770 | Val MAE 1.8939 CI 0.5497 Acc 10.5%
   [Weight Stats] Min: 0.0000 | Max: 1.0000 | Mean: 0.2994 | Std: 0.4574
   [Weight Stats] Zero Count: 17470/24956 (70.0%)
-> [Ep 103] Active Samples: 7486/24956
[P1] Ep 103 | Loss 0.8137 | Val MAE 1.8537 CI 0.5439 Acc 15.8%
   [Weight Stats] Min: 0.0000 | Max: 1.0000 | Mean: 0.2932 | Std: 0.4492
   [Weight Stats] Zero Count: 17470/24956 (70.0%)
-> [Ep 104] Active Samples: 7486/24956
[P1] Ep 104 | Loss 0.8314 | Val MAE 1.8903 CI 0.5380 Acc 10.5%
   [Weight Stats] Min: 0.0000 | Max: 1.0000 | Mean: 0.2794 | Std: 0.4320
   [Weight Stats] Zero Count: 17470/24956 (70.0%)
-> [Ep 105] Active Samples: 7486/24956
[P1] Ep 105 | Loss 0.8301 | Val MAE 1.9031 CI 0.5497 Acc 10.5%
   [Weight Stats] Min: 0.0000 | Max: 1.0000 | Mean: 0.2723 | Std: 0.4234
   [Weight Stats] Zero Count: 17470/24956 (70.0%)
-> [Ep 106] Active Samples: 7486/24956
[P1] Ep 106 | Loss 0.8826 | Val MAE 1.8849 CI 0.5497 Acc 10.5%
   [Weight Stats] Min: 0.0000 | Max: 1.0000 | Mean: 0.2672 | Std: 0.4160
   [Weight Stats] Zero Count: 17470/24956 (70.0%)
-> [Ep 107] Active Samples: 7486/24956
[P1] Ep 107 | Loss 0.9048 | Val MAE 1.8729 CI 0.5673 Acc 10.5%
   [Weight Stats] Min: 0.0000 | Max: 1.0000 | Mean: 0.2726 | Std: 0.4235
   [Weight Stats] Zero Count: 17470/24956 (70.0%)
-> [Ep 108] Active Samples: 7486/24956
[P1] Ep 108 | Loss 0.9437 | Val MAE 1.8339 CI 0.5439 Acc 15.8%
   [Weight Stats] Min: 0.0000 | Max: 1.0000 | Mean: 0.2788 | Std: 0.4297
   [Weight Stats] Zero Count: 17470/24956 (70.0%)
-> [Ep 109] Active Samples: 7486/24956
[P1] Ep 109 | Loss 0.9456 | Val MAE 1.8964 CI 0.5322 Acc 15.8%
   [Weight Stats] Min: 0.0000 | Max: 1.0000 | Mean: 0.2725 | Std: 0.4224
   [Weight Stats] Zero Count: 17470/24956 (70.0%)
-> [Ep 110] Active Samples: 7486/24956
[P1] Ep 110 | Loss 0.9562 | Val MAE 1.8581 CI 0.5322 Acc 15.8%
   [Weight Stats] Min: 0.0000 | Max: 1.0000 | Mean: 0.2751 | Std: 0.4264
   [Weight Stats] Zero Count: 17470/24956 (70.0%)
-> [Ep 111] Active Samples: 7486/24956
[P1] Ep 111 | Loss 0.9210 | Val MAE 1.8494 CI 0.5146 Acc 15.8%
   [Weight Stats] Min: 0.0000 | Max: 1.0000 | Mean: 0.2685 | Std: 0.4180
   [Weight Stats] Zero Count: 17470/24956 (70.0%)
-> [Ep 112] Active Samples: 7486/24956
[P1] Ep 112 | Loss 0.9290 | Val MAE 1.8676 CI 0.5088 Acc 15.8%
   [Weight Stats] Min: 0.0000 | Max: 1.0000 | Mean: 0.2839 | Std: 0.4377
   [Weight Stats] Zero Count: 17470/24956 (70.0%)
-> [Ep 113] Active Samples: 7486/24956
[P1] Ep 113 | Loss 0.8966 | Val MAE 1.8029 CI 0.5439 Acc 26.3%
   [Weight Stats] Min: 0.0000 | Max: 1.0000 | Mean: 0.2948 | Std: 0.4513
   [Weight Stats] Zero Count: 17470/24956 (70.0%)
-> [Ep 114] Active Samples: 7486/24956
[P1] Ep 114 | Loss 0.8407 | Val MAE 1.8575 CI 0.5439 Acc 15.8%
   [Weight Stats] Min: 0.0000 | Max: 1.0000 | Mean: 0.2956 | Std: 0.4523
   [Weight Stats] Zero Count: 17470/24956 (70.0%)
-> [Ep 115] Active Samples: 7486/24956
[P1] Ep 115 | Loss 0.8244 | Val MAE 1.9070 CI 0.5497 Acc 15.8%
   [Weight Stats] Min: 0.0000 | Max: 1.0000 | Mean: 0.2957 | Std: 0.4526
   [Weight Stats] Zero Count: 17470/24956 (70.0%)
-> [Ep 116] Active Samples: 7486/24956
[P1] Ep 116 | Loss 0.8475 | Val MAE 1.9261 CI 0.5497 Acc 15.8%
   [Weight Stats] Min: 0.0000 | Max: 1.0000 | Mean: 0.2933 | Std: 0.4497
   [Weight Stats] Zero Count: 17470/24956 (70.0%)
-> [Ep 117] Active Samples: 7486/24956
[P1] Ep 117 | Loss 0.8504 | Val MAE 1.9067 CI 0.5322 Acc 15.8%
   [Weight Stats] Min: 0.0000 | Max: 1.0000 | Mean: 0.2973 | Std: 0.4546
   [Weight Stats] Zero Count: 17470/24956 (70.0%)
-> [Ep 118] Active Samples: 7486/24956
[P1] Ep 118 | Loss 0.7643 | Val MAE 1.8632 CI 0.5439 Acc 15.8%
   [Weight Stats] Min: 0.0000 | Max: 1.0000 | Mean: 0.2938 | Std: 0.4501
   [Weight Stats] Zero Count: 17470/24956 (70.0%)
-> [Ep 119] Active Samples: 7486/24956
[P1] Ep 119 | Loss 0.8601 | Val MAE 1.8583 CI 0.5322 Acc 15.8%
   [Weight Stats] Min: 0.0000 | Max: 1.0000 | Mean: 0.2987 | Std: 0.4564
   [Weight Stats] Zero Count: 17470/24956 (70.0%)
-> [Ep 120] Active Samples: 7486/24956
[P1] Ep 120 | Loss 0.8335 | Val MAE 1.8149 CI 0.5322 Acc 21.1%
   [Weight Stats] Min: 0.0000 | Max: 1.0000 | Mean: 0.2994 | Std: 0.4574
   [Weight Stats] Zero Count: 17470/24956 (70.0%)
-> [Ep 121] Active Samples: 7486/24956
[P1] Ep 121 | Loss 0.8300 | Val MAE 1.8328 CI 0.5497 Acc 15.8%
   [Weight Stats] Min: 0.0000 | Max: 1.0000 | Mean: 0.2988 | Std: 0.4565
   [Weight Stats] Zero Count: 17470/24956 (70.0%)
-> [Ep 122] Active Samples: 7486/24956
[P1] Ep 122 | Loss 0.8480 | Val MAE 1.8609 CI 0.5556 Acc 15.8%
   [Weight Stats] Min: 0.0000 | Max: 1.0000 | Mean: 0.2943 | Std: 0.4506
   [Weight Stats] Zero Count: 17470/24956 (70.0%)
-> [Ep 123] Active Samples: 7486/24956
[P1] Ep 123 | Loss 0.8932 | Val MAE 1.8222 CI 0.5146 Acc 15.8%
   [Weight Stats] Min: 0.0000 | Max: 1.0000 | Mean: 0.2802 | Std: 0.4326
   [Weight Stats] Zero Count: 17470/24956 (70.0%)
-> [Ep 124] Active Samples: 7486/24956
[P1] Ep 124 | Loss 0.9065 | Val MAE 1.8330 CI 0.5614 Acc 15.8%
   [Weight Stats] Min: 0.0000 | Max: 1.0000 | Mean: 0.2697 | Std: 0.4210
   [Weight Stats] Zero Count: 17470/24956 (70.0%)
-> [Ep 125] Active Samples: 7486/24956
[P1] Ep 125 | Loss 0.8496 | Val MAE 1.8771 CI 0.5439 Acc 15.8%
   [Weight Stats] Min: 0.0000 | Max: 1.0000 | Mean: 0.2738 | Std: 0.4294
   [Weight Stats] Zero Count: 17470/24956 (70.0%)
-> [Ep 126] Active Samples: 7486/24956
[P1] Ep 126 | Loss 0.9274 | Val MAE 1.8629 CI 0.5205 Acc 15.8%
   [Weight Stats] Min: 0.0000 | Max: 1.0000 | Mean: 0.2765 | Std: 0.4285
   [Weight Stats] Zero Count: 17470/24956 (70.0%)
-> [Ep 127] Active Samples: 7486/24956
[P1] Ep 127 | Loss 0.9233 | Val MAE 1.8426 CI 0.5146 Acc 15.8%
   [Weight Stats] Min: 0.0000 | Max: 1.0000 | Mean: 0.2860 | Std: 0.4408
   [Weight Stats] Zero Count: 17470/24956 (70.0%)
-> [Ep 128] Active Samples: 7486/24956
[P1] Ep 128 | Loss 0.8720 | Val MAE 1.8577 CI 0.5439 Acc 15.8%
   [Weight Stats] Min: 0.0000 | Max: 1.0000 | Mean: 0.2850 | Std: 0.4398
   [Weight Stats] Zero Count: 17470/24956 (70.0%)
-> [Ep 129] Active Samples: 7486/24956
[P1] Ep 129 | Loss 0.9079 | Val MAE 1.8519 CI 0.5263 Acc 15.8%
   [Weight Stats] Min: 0.0000 | Max: 1.0000 | Mean: 0.2861 | Std: 0.4407
   [Weight Stats] Zero Count: 17470/24956 (70.0%)
-> [Ep 130] Active Samples: 7486/24956
[P1] Ep 130 | Loss 0.9079 | Val MAE 1.8192 CI 0.5263 Acc 15.8%
   [Weight Stats] Min: 0.0000 | Max: 1.0000 | Mean: 0.2743 | Std: 0.4258
   [Weight Stats] Zero Count: 17470/24956 (70.0%)
-> [Ep 131] Active Samples: 7486/24956
[P1] Ep 131 | Loss 0.9232 | Val MAE 1.8236 CI 0.5263 Acc 15.8%
   [Weight Stats] Min: 0.0000 | Max: 1.0000 | Mean: 0.2757 | Std: 0.4282
   [Weight Stats] Zero Count: 17470/24956 (70.0%)
-> [Ep 132] Active Samples: 7486/24956
[P1] Ep 132 | Loss 0.9356 | Val MAE 1.8143 CI 0.5205 Acc 21.1%
   [Weight Stats] Min: 0.0000 | Max: 1.0000 | Mean: 0.2773 | Std: 0.4308
   [Weight Stats] Zero Count: 17470/24956 (70.0%)
-> [Ep 133] Active Samples: 7486/24956
[P1] Ep 133 | Loss 0.8770 | Val MAE 1.8778 CI 0.5263 Acc 15.8%
   [Weight Stats] Min: 0.0000 | Max: 1.0000 | Mean: 0.2751 | Std: 0.4300
   [Weight Stats] Zero Count: 17470/24956 (70.0%)
-> [Ep 134] Active Samples: 7486/24956
[P1] Ep 134 | Loss 0.8632 | Val MAE 1.8560 CI 0.5380 Acc 15.8%
   [Weight Stats] Min: 0.0000 | Max: 1.0000 | Mean: 0.2940 | Std: 0.4503
   [Weight Stats] Zero Count: 17470/24956 (70.0%)
-> [Ep 135] Active Samples: 7486/24956
[P1] Ep 135 | Loss 0.7678 | Val MAE 1.8259 CI 0.5263 Acc 15.8%
   [Weight Stats] Min: 0.0000 | Max: 1.0000 | Mean: 0.2723 | Std: 0.4253
   [Weight Stats] Zero Count: 17470/24956 (70.0%)
-> [Ep 136] Active Samples: 7486/24956
[P1] Ep 136 | Loss 0.8781 | Val MAE 1.8608 CI 0.5380 Acc 15.8%

=== PHASE 2: Target Fine-tuning ===
>>> Stage 2.1: Head Alignment...
[Head] Ep 10 MAE 1.5690 CI 0.5146 Acc 21.1%
[Head] Ep 20 MAE 1.5519 CI 0.5088 Acc 21.1%
[Head] Ep 30 MAE 1.5335 CI 0.5146 Acc 21.1%
[Head] Ep 40 MAE 1.5276 CI 0.5322 Acc 21.1%
[Head] Ep 50 MAE 1.5194 CI 0.5322 Acc 21.1%
[Head] Ep 60 MAE 1.5124 CI 0.5614 Acc 26.3%
[Head] Ep 70 MAE 1.5283 CI 0.5789 Acc 26.3%
[Head] Ep 80 MAE 1.5025 CI 0.6316 Acc 26.3%
[Head] Ep 90 MAE 1.5112 CI 0.5673 Acc 26.3%
[Head] Ep 100 MAE 1.5249 CI 0.5614 Acc 26.3%
[Head] Ep 110 MAE 1.5330 CI 0.5556 Acc 26.3%
[Head] Ep 120 MAE 1.5503 CI 0.5614 Acc 26.3%
[Head] Ep 130 MAE 1.5521 CI 0.5497 Acc 26.3%
[Head] Ep 140 MAE 1.5580 CI 0.5497 Acc 26.3%
[Head] Ep 150 MAE 1.5621 CI 0.5556 Acc 21.1%
>>> Stage 2.2: Full Fine-tuning...
[Full] Ep 10 MAE 1.5120 CI 0.5614 RM2 0.0661 Acc 26.3%
[Full] Ep 20 MAE 1.5192 CI 0.5965 RM2 0.0626 Acc 26.3%
[Full] Ep 30 MAE 1.5228 CI 0.6082 RM2 0.0548 Acc 26.3%
[Full] Ep 40 MAE 1.5231 CI 0.5906 RM2 0.0512 Acc 26.3%
[Full] Ep 50 MAE 1.5087 CI 0.5789 RM2 0.0450 Acc 26.3%

>>> Testing Final Model...
------------------------------------------------------------
[FINAL RESULT] Test Set:
   MAE:  1.4067
   RMSE: 1.7486
   CI:   0.5368
   RM2:  0.0193
   MAPE: 24.91 %
   Acc:  25.00 %
------------------------------------------------------------
