Namespace(source_csv='./drug-target/Davis.csv', target_csv='./drug-target/CASF2016_graph_valid.csv', pretrained='/Davis80_best_model.pt', max_seq_len=1024, batch_size=128, epochs=200, ft_epochs=150, lr=5e-05, weight_decay=0.0001, dropout=0.1, device='cuda:0', save_dir='DETS_DTA', num_prototypes=50, tau_high=0.85, sigma_0=0.15, gamma=10, alpha=0.9, w_min=0.0001, edl_lambda=0.01, mlp_hidden='256,128')
Loading datasets...
Initializing DETS Projection Head (High Variance)...

=== PHASE 1: DETS Source Training ===
-> Extracting Anchors from Target (CASF)...
/root/miniconda3/envs/subset/lib/python3.9/site-packages/torch/nn/modules/transformer.py:508: UserWarning: The PyTorch API of nested tensors is in prototype stage and will change in the near future. We recommend specifying layout=torch.jagged when constructing a nested tensor, as this layout receives active development, has better operator coverage, and works with torch.compile. (Triggered internally at /pytorch/aten/src/ATen/NestedTensorImpl.cpp:178.)
  output = torch._nested_tensor_from_mask(
   Running K-Means (K=50)...
-> Anchors Established: 50 prototypes.
   [Weight Stats] Min: 0.0000 | Max: 1.0000 | Mean: 0.3000 | Std: 0.4583
   [Weight Stats] Zero Count: 17470/24956 (70.0%)
-> [Ep 1] Active Samples: 7486/24956
[P1] Ep 1 | Loss 3.0118 | Val MAE 1.6038 CI 0.5673 Acc 31.6%
   [Weight Stats] Min: 0.0000 | Max: 1.0000 | Mean: 0.3000 | Std: 0.4583
   [Weight Stats] Zero Count: 17470/24956 (70.0%)
-> [Ep 2] Active Samples: 7486/24956
[P1] Ep 2 | Loss 1.2612 | Val MAE 1.9074 CI 0.5848 Acc 15.8%
   [Weight Stats] Min: 0.0000 | Max: 1.0000 | Mean: 0.3000 | Std: 0.4583
   [Weight Stats] Zero Count: 17470/24956 (70.0%)
-> [Ep 3] Active Samples: 7486/24956
[P1] Ep 3 | Loss 1.1239 | Val MAE 1.9942 CI 0.5848 Acc 10.5%
   [Weight Stats] Min: 0.0000 | Max: 1.0000 | Mean: 0.3000 | Std: 0.4583
   [Weight Stats] Zero Count: 17470/24956 (70.0%)
-> [Ep 4] Active Samples: 7486/24956
[P1] Ep 4 | Loss 1.0950 | Val MAE 1.9390 CI 0.5965 Acc 10.5%
   [Weight Stats] Min: 0.0000 | Max: 1.0000 | Mean: 0.3000 | Std: 0.4583
   [Weight Stats] Zero Count: 17470/24956 (70.0%)
-> [Ep 5] Active Samples: 7486/24956
[P1] Ep 5 | Loss 1.0637 | Val MAE 2.0086 CI 0.5906 Acc 10.5%
   [Weight Stats] Min: 0.0000 | Max: 1.0000 | Mean: 0.3000 | Std: 0.4583
   [Weight Stats] Zero Count: 17470/24956 (70.0%)
-> [Ep 6] Active Samples: 7486/24956
[P1] Ep 6 | Loss 1.0351 | Val MAE 1.9836 CI 0.6199 Acc 10.5%
   [Weight Stats] Min: 0.0000 | Max: 1.0000 | Mean: 0.3000 | Std: 0.4583
   [Weight Stats] Zero Count: 17470/24956 (70.0%)
-> [Ep 7] Active Samples: 7486/24956
[P1] Ep 7 | Loss 1.0309 | Val MAE 1.9513 CI 0.6491 Acc 10.5%
   [Weight Stats] Min: 0.0000 | Max: 1.0000 | Mean: 0.3000 | Std: 0.4583
   [Weight Stats] Zero Count: 17470/24956 (70.0%)
-> [Ep 8] Active Samples: 7486/24956
[P1] Ep 8 | Loss 1.0070 | Val MAE 2.0642 CI 0.6608 Acc 10.5%
   [Weight Stats] Min: 0.0000 | Max: 1.0000 | Mean: 0.3000 | Std: 0.4583
   [Weight Stats] Zero Count: 17470/24956 (70.0%)
-> [Ep 9] Active Samples: 7486/24956
[P1] Ep 9 | Loss 1.0092 | Val MAE 2.0082 CI 0.6608 Acc 10.5%
   [Weight Stats] Min: 0.0000 | Max: 1.0000 | Mean: 0.3000 | Std: 0.4583
   [Weight Stats] Zero Count: 17470/24956 (70.0%)
-> [Ep 10] Active Samples: 7486/24956
[P1] Ep 10 | Loss 0.9823 | Val MAE 1.9755 CI 0.6667 Acc 10.5%
   [Weight Stats] Min: 0.0000 | Max: 1.0000 | Mean: 0.3000 | Std: 0.4583
   [Weight Stats] Zero Count: 17470/24956 (70.0%)
-> [Ep 11] Active Samples: 7486/24956
[P1] Ep 11 | Loss 0.9555 | Val MAE 1.9970 CI 0.6491 Acc 10.5%
   [Weight Stats] Min: 0.0000 | Max: 1.0000 | Mean: 0.3000 | Std: 0.4583
   [Weight Stats] Zero Count: 17470/24956 (70.0%)
-> [Ep 12] Active Samples: 7486/24956
[P1] Ep 12 | Loss 0.9715 | Val MAE 2.0423 CI 0.6491 Acc 10.5%
   [Weight Stats] Min: 0.0000 | Max: 1.0000 | Mean: 0.3000 | Std: 0.4583
   [Weight Stats] Zero Count: 17470/24956 (70.0%)
-> [Ep 13] Active Samples: 7486/24956
[P1] Ep 13 | Loss 0.9585 | Val MAE 1.9988 CI 0.6608 Acc 10.5%
   [Weight Stats] Min: 0.0000 | Max: 1.0000 | Mean: 0.3000 | Std: 0.4583
   [Weight Stats] Zero Count: 17470/24956 (70.0%)
-> [Ep 14] Active Samples: 7486/24956
[P1] Ep 14 | Loss 0.9360 | Val MAE 1.9901 CI 0.6667 Acc 10.5%
   [Weight Stats] Min: 0.0000 | Max: 1.0000 | Mean: 0.3000 | Std: 0.4583
   [Weight Stats] Zero Count: 17470/24956 (70.0%)
-> [Ep 15] Active Samples: 7486/24956
[P1] Ep 15 | Loss 0.9440 | Val MAE 2.0176 CI 0.6608 Acc 10.5%
   [Weight Stats] Min: 0.0000 | Max: 1.0000 | Mean: 0.3000 | Std: 0.4583
   [Weight Stats] Zero Count: 17470/24956 (70.0%)
-> [Ep 16] Active Samples: 7486/24956
[P1] Ep 16 | Loss 0.9316 | Val MAE 2.0150 CI 0.6491 Acc 10.5%
   [Weight Stats] Min: 0.0000 | Max: 1.0000 | Mean: 0.3000 | Std: 0.4583
   [Weight Stats] Zero Count: 17470/24956 (70.0%)
-> [Ep 17] Active Samples: 7486/24956
[P1] Ep 17 | Loss 0.9077 | Val MAE 2.0188 CI 0.6667 Acc 10.5%
   [Weight Stats] Min: 0.0000 | Max: 1.0000 | Mean: 0.3000 | Std: 0.4583
   [Weight Stats] Zero Count: 17470/24956 (70.0%)
-> [Ep 18] Active Samples: 7486/24956
[P1] Ep 18 | Loss 0.9128 | Val MAE 1.9989 CI 0.6433 Acc 10.5%
   [Weight Stats] Min: 0.0000 | Max: 1.0000 | Mean: 0.3000 | Std: 0.4583
   [Weight Stats] Zero Count: 17470/24956 (70.0%)
-> [Ep 19] Active Samples: 7486/24956
[P1] Ep 19 | Loss 0.8928 | Val MAE 1.9285 CI 0.6550 Acc 10.5%
   [Weight Stats] Min: 0.0000 | Max: 1.0000 | Mean: 0.3000 | Std: 0.4583
   [Weight Stats] Zero Count: 17470/24956 (70.0%)
-> [Ep 20] Active Samples: 7486/24956
[P1] Ep 20 | Loss 0.9003 | Val MAE 1.9376 CI 0.6608 Acc 10.5%
   [Weight Stats] Min: 0.0000 | Max: 1.0000 | Mean: 0.3000 | Std: 0.4583
   [Weight Stats] Zero Count: 17470/24956 (70.0%)
-> [Ep 21] Active Samples: 7486/24956
[P1] Ep 21 | Loss 0.8968 | Val MAE 2.0082 CI 0.6491 Acc 10.5%
   [Weight Stats] Min: 0.0000 | Max: 1.0000 | Mean: 0.3000 | Std: 0.4583
   [Weight Stats] Zero Count: 17470/24956 (70.0%)
-> [Ep 22] Active Samples: 7486/24956
[P1] Ep 22 | Loss 0.8743 | Val MAE 1.9467 CI 0.6491 Acc 10.5%
   [Weight Stats] Min: 0.0000 | Max: 1.0000 | Mean: 0.3000 | Std: 0.4583
   [Weight Stats] Zero Count: 17470/24956 (70.0%)
-> [Ep 23] Active Samples: 7486/24956
[P1] Ep 23 | Loss 0.8924 | Val MAE 1.9579 CI 0.6374 Acc 10.5%
   [Weight Stats] Min: 0.0000 | Max: 1.0000 | Mean: 0.3000 | Std: 0.4583
   [Weight Stats] Zero Count: 17470/24956 (70.0%)
-> [Ep 24] Active Samples: 7486/24956
[P1] Ep 24 | Loss 0.8922 | Val MAE 2.0778 CI 0.6491 Acc 10.5%
   [Weight Stats] Min: 0.0000 | Max: 1.0000 | Mean: 0.3000 | Std: 0.4583
   [Weight Stats] Zero Count: 17470/24956 (70.0%)
-> [Ep 25] Active Samples: 7486/24956
[P1] Ep 25 | Loss 0.8779 | Val MAE 2.0445 CI 0.6491 Acc 10.5%
   [Weight Stats] Min: 0.0000 | Max: 1.0000 | Mean: 0.3000 | Std: 0.4583
   [Weight Stats] Zero Count: 17470/24956 (70.0%)
-> [Ep 26] Active Samples: 7486/24956
[P1] Ep 26 | Loss 0.8959 | Val MAE 1.9791 CI 0.6316 Acc 10.5%
   [Weight Stats] Min: 0.0000 | Max: 1.0000 | Mean: 0.3000 | Std: 0.4583
   [Weight Stats] Zero Count: 17470/24956 (70.0%)
-> [Ep 27] Active Samples: 7486/24956
[P1] Ep 27 | Loss 0.8775 | Val MAE 1.9532 CI 0.6199 Acc 10.5%
   [Weight Stats] Min: 0.0000 | Max: 1.0000 | Mean: 0.3000 | Std: 0.4583
   [Weight Stats] Zero Count: 17470/24956 (70.0%)
-> [Ep 28] Active Samples: 7486/24956
[P1] Ep 28 | Loss 0.8610 | Val MAE 1.9774 CI 0.6374 Acc 10.5%
   [Weight Stats] Min: 0.0000 | Max: 1.0000 | Mean: 0.3000 | Std: 0.4583
   [Weight Stats] Zero Count: 17470/24956 (70.0%)
-> [Ep 29] Active Samples: 7486/24956
[P1] Ep 29 | Loss 0.8755 | Val MAE 1.9296 CI 0.6199 Acc 10.5%
   [Weight Stats] Min: 0.0000 | Max: 1.0000 | Mean: 0.3000 | Std: 0.4583
   [Weight Stats] Zero Count: 17470/24956 (70.0%)
-> [Ep 30] Active Samples: 7486/24956
[P1] Ep 30 | Loss 0.8611 | Val MAE 1.9503 CI 0.6316 Acc 10.5%
   [Weight Stats] Min: 0.0000 | Max: 1.0000 | Mean: 0.3000 | Std: 0.4583
   [Weight Stats] Zero Count: 17470/24956 (70.0%)
-> [Ep 31] Active Samples: 7486/24956
[P1] Ep 31 | Loss 0.8610 | Val MAE 1.9677 CI 0.6433 Acc 10.5%
   [Weight Stats] Min: 0.0000 | Max: 1.0000 | Mean: 0.3000 | Std: 0.4583
   [Weight Stats] Zero Count: 17470/24956 (70.0%)
-> [Ep 32] Active Samples: 7486/24956
[P1] Ep 32 | Loss 0.8352 | Val MAE 1.9683 CI 0.6433 Acc 10.5%
   [Weight Stats] Min: 0.0000 | Max: 1.0000 | Mean: 0.3000 | Std: 0.4583
   [Weight Stats] Zero Count: 17470/24956 (70.0%)
-> [Ep 33] Active Samples: 7486/24956
[P1] Ep 33 | Loss 0.8213 | Val MAE 1.9458 CI 0.6433 Acc 10.5%
   [Weight Stats] Min: 0.0000 | Max: 1.0000 | Mean: 0.3000 | Std: 0.4583
   [Weight Stats] Zero Count: 17470/24956 (70.0%)
-> [Ep 34] Active Samples: 7486/24956
[P1] Ep 34 | Loss 0.8522 | Val MAE 1.9992 CI 0.6316 Acc 10.5%
   [Weight Stats] Min: 0.0000 | Max: 1.0000 | Mean: 0.3000 | Std: 0.4583
   [Weight Stats] Zero Count: 17470/24956 (70.0%)
-> [Ep 35] Active Samples: 7486/24956
[P1] Ep 35 | Loss 0.8832 | Val MAE 1.9493 CI 0.6257 Acc 10.5%
   [Weight Stats] Min: 0.0000 | Max: 1.0000 | Mean: 0.3000 | Std: 0.4583
   [Weight Stats] Zero Count: 17470/24956 (70.0%)
-> [Ep 36] Active Samples: 7486/24956
[P1] Ep 36 | Loss 0.8303 | Val MAE 1.9408 CI 0.6316 Acc 10.5%
   [Weight Stats] Min: 0.0000 | Max: 1.0000 | Mean: 0.3000 | Std: 0.4583
   [Weight Stats] Zero Count: 17470/24956 (70.0%)
-> [Ep 37] Active Samples: 7486/24956
[P1] Ep 37 | Loss 0.8480 | Val MAE 1.9629 CI 0.6433 Acc 10.5%
   [Weight Stats] Min: 0.0000 | Max: 1.0000 | Mean: 0.3000 | Std: 0.4583
   [Weight Stats] Zero Count: 17470/24956 (70.0%)
-> [Ep 38] Active Samples: 7486/24956
[P1] Ep 38 | Loss 0.9679 | Val MAE 2.0019 CI 0.6199 Acc 10.5%
   [Weight Stats] Min: 0.0000 | Max: 1.0000 | Mean: 0.3000 | Std: 0.4583
   [Weight Stats] Zero Count: 17470/24956 (70.0%)
-> [Ep 39] Active Samples: 7486/24956
[P1] Ep 39 | Loss 0.8900 | Val MAE 2.0398 CI 0.6199 Acc 10.5%
   [Weight Stats] Min: 0.0000 | Max: 1.0000 | Mean: 0.3000 | Std: 0.4583
   [Weight Stats] Zero Count: 17470/24956 (70.0%)
-> [Ep 40] Active Samples: 7486/24956
[P1] Ep 40 | Loss 0.9344 | Val MAE 1.9564 CI 0.6199 Acc 10.5%
   [Weight Stats] Min: 0.0000 | Max: 1.0000 | Mean: 0.3000 | Std: 0.4583
   [Weight Stats] Zero Count: 17470/24956 (70.0%)
-> [Ep 41] Active Samples: 7486/24956
[P1] Ep 41 | Loss 0.9884 | Val MAE 2.0031 CI 0.6199 Acc 10.5%
   [Weight Stats] Min: 0.0000 | Max: 1.0000 | Mean: 0.3000 | Std: 0.4583
   [Weight Stats] Zero Count: 17470/24956 (70.0%)
-> [Ep 42] Active Samples: 7486/24956
[P1] Ep 42 | Loss 0.9550 | Val MAE 1.9267 CI 0.6316 Acc 10.5%
   [Weight Stats] Min: 0.0000 | Max: 1.0000 | Mean: 0.3000 | Std: 0.4583
   [Weight Stats] Zero Count: 17470/24956 (70.0%)
-> [Ep 43] Active Samples: 7486/24956
[P1] Ep 43 | Loss 0.9648 | Val MAE 1.9536 CI 0.6316 Acc 10.5%
   [Weight Stats] Min: 0.0000 | Max: 1.0000 | Mean: 0.3000 | Std: 0.4583
   [Weight Stats] Zero Count: 17470/24956 (70.0%)
-> [Ep 44] Active Samples: 7486/24956
[P1] Ep 44 | Loss 0.9835 | Val MAE 1.9339 CI 0.6140 Acc 10.5%
   [Weight Stats] Min: 0.0000 | Max: 1.0000 | Mean: 0.3000 | Std: 0.4583
   [Weight Stats] Zero Count: 17470/24956 (70.0%)
-> [Ep 45] Active Samples: 7486/24956
[P1] Ep 45 | Loss 1.0716 | Val MAE 1.9196 CI 0.6374 Acc 10.5%
   [Weight Stats] Min: 0.0000 | Max: 1.0000 | Mean: 0.3000 | Std: 0.4583
   [Weight Stats] Zero Count: 17470/24956 (70.0%)
-> [Ep 46] Active Samples: 7486/24956
[P1] Ep 46 | Loss 0.9511 | Val MAE 1.9364 CI 0.6374 Acc 10.5%
   [Weight Stats] Min: 0.0000 | Max: 1.0000 | Mean: 0.3000 | Std: 0.4583
   [Weight Stats] Zero Count: 17470/24956 (70.0%)
-> [Ep 47] Active Samples: 7486/24956
[P1] Ep 47 | Loss 0.9018 | Val MAE 1.9971 CI 0.6316 Acc 10.5%
   [Weight Stats] Min: 0.0000 | Max: 1.0000 | Mean: 0.3000 | Std: 0.4583
   [Weight Stats] Zero Count: 17470/24956 (70.0%)
-> [Ep 48] Active Samples: 7486/24956
[P1] Ep 48 | Loss 0.9503 | Val MAE 1.9563 CI 0.6374 Acc 10.5%
   [Weight Stats] Min: 0.0000 | Max: 1.0000 | Mean: 0.3000 | Std: 0.4583
   [Weight Stats] Zero Count: 17470/24956 (70.0%)
-> [Ep 49] Active Samples: 7486/24956
[P1] Ep 49 | Loss 1.0131 | Val MAE 1.9693 CI 0.6140 Acc 10.5%
   [Weight Stats] Min: 0.0000 | Max: 1.0000 | Mean: 0.3000 | Std: 0.4583
   [Weight Stats] Zero Count: 17470/24956 (70.0%)
-> [Ep 50] Active Samples: 7486/24956
[P1] Ep 50 | Loss 0.9635 | Val MAE 1.9827 CI 0.6082 Acc 10.5%
   [Weight Stats] Min: 0.0000 | Max: 1.0000 | Mean: 0.3000 | Std: 0.4583
   [Weight Stats] Zero Count: 17470/24956 (70.0%)
-> [Ep 51] Active Samples: 7486/24956
[P1] Ep 51 | Loss 0.9260 | Val MAE 1.9585 CI 0.6140 Acc 10.5%
   [Weight Stats] Min: 0.0000 | Max: 1.0000 | Mean: 0.3000 | Std: 0.4583
   [Weight Stats] Zero Count: 17470/24956 (70.0%)
-> [Ep 52] Active Samples: 7486/24956
[P1] Ep 52 | Loss 0.9773 | Val MAE 1.9417 CI 0.6140 Acc 10.5%
   [Weight Stats] Min: 0.0000 | Max: 1.0000 | Mean: 0.3000 | Std: 0.4583
   [Weight Stats] Zero Count: 17470/24956 (70.0%)
-> [Ep 53] Active Samples: 7486/24956
[P1] Ep 53 | Loss 1.0089 | Val MAE 1.9886 CI 0.6140 Acc 10.5%
   [Weight Stats] Min: 0.0000 | Max: 1.0000 | Mean: 0.3000 | Std: 0.4583
   [Weight Stats] Zero Count: 17470/24956 (70.0%)
-> [Ep 54] Active Samples: 7486/24956
[P1] Ep 54 | Loss 0.9999 | Val MAE 1.9568 CI 0.6140 Acc 10.5%
   [Weight Stats] Min: 0.0000 | Max: 1.0000 | Mean: 0.3000 | Std: 0.4583
   [Weight Stats] Zero Count: 17470/24956 (70.0%)
-> [Ep 55] Active Samples: 7486/24956
[P1] Ep 55 | Loss 0.9652 | Val MAE 1.9697 CI 0.6199 Acc 10.5%
   [Weight Stats] Min: 0.0000 | Max: 1.0000 | Mean: 0.3000 | Std: 0.4583
   [Weight Stats] Zero Count: 17470/24956 (70.0%)
-> [Ep 56] Active Samples: 7486/24956
[P1] Ep 56 | Loss 0.9650 | Val MAE 1.9825 CI 0.6199 Acc 10.5%
   [Weight Stats] Min: 0.0000 | Max: 1.0000 | Mean: 0.3000 | Std: 0.4583
   [Weight Stats] Zero Count: 17470/24956 (70.0%)
-> [Ep 57] Active Samples: 7486/24956
[P1] Ep 57 | Loss 0.9827 | Val MAE 1.9967 CI 0.6257 Acc 10.5%
   [Weight Stats] Min: 0.0000 | Max: 1.0000 | Mean: 0.3000 | Std: 0.4583
   [Weight Stats] Zero Count: 17470/24956 (70.0%)
-> [Ep 58] Active Samples: 7486/24956
[P1] Ep 58 | Loss 0.9801 | Val MAE 1.9754 CI 0.6316 Acc 10.5%
   [Weight Stats] Min: 0.0000 | Max: 1.0000 | Mean: 0.3000 | Std: 0.4583
   [Weight Stats] Zero Count: 17470/24956 (70.0%)
-> [Ep 59] Active Samples: 7486/24956
[P1] Ep 59 | Loss 1.0268 | Val MAE 1.9501 CI 0.6140 Acc 10.5%
   [Weight Stats] Min: 0.0000 | Max: 1.0000 | Mean: 0.3000 | Std: 0.4583
   [Weight Stats] Zero Count: 17470/24956 (70.0%)
-> [Ep 60] Active Samples: 7486/24956
[P1] Ep 60 | Loss 0.9913 | Val MAE 1.9240 CI 0.5965 Acc 10.5%
   [Weight Stats] Min: 0.0000 | Max: 1.0000 | Mean: 0.3000 | Std: 0.4583
   [Weight Stats] Zero Count: 17470/24956 (70.0%)
-> [Ep 61] Active Samples: 7486/24956
[P1] Ep 61 | Loss 0.9716 | Val MAE 1.9503 CI 0.5906 Acc 10.5%
   [Weight Stats] Min: 0.0000 | Max: 1.0000 | Mean: 0.3000 | Std: 0.4583
   [Weight Stats] Zero Count: 17470/24956 (70.0%)
-> [Ep 62] Active Samples: 7486/24956
[P1] Ep 62 | Loss 0.9749 | Val MAE 1.9344 CI 0.5848 Acc 10.5%
   [Weight Stats] Min: 0.0000 | Max: 1.0000 | Mean: 0.3000 | Std: 0.4583
   [Weight Stats] Zero Count: 17470/24956 (70.0%)
-> [Ep 63] Active Samples: 7486/24956
[P1] Ep 63 | Loss 1.0191 | Val MAE 1.9640 CI 0.5789 Acc 10.5%
   [Weight Stats] Min: 0.0000 | Max: 1.0000 | Mean: 0.3000 | Std: 0.4583
   [Weight Stats] Zero Count: 17470/24956 (70.0%)
-> [Ep 64] Active Samples: 7486/24956
[P1] Ep 64 | Loss 0.9998 | Val MAE 1.9495 CI 0.6023 Acc 10.5%
   [Weight Stats] Min: 0.0000 | Max: 1.0000 | Mean: 0.3000 | Std: 0.4583
   [Weight Stats] Zero Count: 17470/24956 (70.0%)
-> [Ep 65] Active Samples: 7486/24956
[P1] Ep 65 | Loss 0.9625 | Val MAE 1.9127 CI 0.6082 Acc 10.5%
   [Weight Stats] Min: 0.0000 | Max: 1.0000 | Mean: 0.3000 | Std: 0.4583
   [Weight Stats] Zero Count: 17470/24956 (70.0%)
-> [Ep 66] Active Samples: 7486/24956
[P1] Ep 66 | Loss 0.9483 | Val MAE 1.9365 CI 0.5965 Acc 10.5%
   [Weight Stats] Min: 0.0000 | Max: 1.0000 | Mean: 0.3000 | Std: 0.4583
   [Weight Stats] Zero Count: 17470/24956 (70.0%)
-> [Ep 67] Active Samples: 7486/24956
[P1] Ep 67 | Loss 1.0469 | Val MAE 1.9539 CI 0.6082 Acc 10.5%
   [Weight Stats] Min: 0.0000 | Max: 1.0000 | Mean: 0.3000 | Std: 0.4583
   [Weight Stats] Zero Count: 17470/24956 (70.0%)
-> [Ep 68] Active Samples: 7486/24956
[P1] Ep 68 | Loss 1.1045 | Val MAE 1.9196 CI 0.5906 Acc 10.5%
   [Weight Stats] Min: 0.0000 | Max: 1.0000 | Mean: 0.3000 | Std: 0.4583
   [Weight Stats] Zero Count: 17470/24956 (70.0%)
-> [Ep 69] Active Samples: 7486/24956
[P1] Ep 69 | Loss 1.0917 | Val MAE 1.8901 CI 0.5848 Acc 10.5%
   [Weight Stats] Min: 0.0000 | Max: 1.0000 | Mean: 0.3000 | Std: 0.4583
   [Weight Stats] Zero Count: 17470/24956 (70.0%)
-> [Ep 70] Active Samples: 7486/24956
[P1] Ep 70 | Loss 1.0304 | Val MAE 1.9272 CI 0.5965 Acc 10.5%
   [Weight Stats] Min: 0.0000 | Max: 1.0000 | Mean: 0.3000 | Std: 0.4583
   [Weight Stats] Zero Count: 17470/24956 (70.0%)
-> [Ep 71] Active Samples: 7486/24956
[P1] Ep 71 | Loss 1.0216 | Val MAE 1.9450 CI 0.5789 Acc 10.5%
   [Weight Stats] Min: 0.0000 | Max: 1.0000 | Mean: 0.3000 | Std: 0.4583
   [Weight Stats] Zero Count: 17470/24956 (70.0%)
-> [Ep 72] Active Samples: 7486/24956
[P1] Ep 72 | Loss 1.0465 | Val MAE 1.9017 CI 0.5673 Acc 10.5%
   [Weight Stats] Min: 0.0000 | Max: 1.0000 | Mean: 0.3000 | Std: 0.4583
   [Weight Stats] Zero Count: 17470/24956 (70.0%)
-> [Ep 73] Active Samples: 7486/24956
[P1] Ep 73 | Loss 0.9633 | Val MAE 1.8896 CI 0.5614 Acc 10.5%
   [Weight Stats] Min: 0.0000 | Max: 1.0000 | Mean: 0.3000 | Std: 0.4583
   [Weight Stats] Zero Count: 17470/24956 (70.0%)
-> [Ep 74] Active Samples: 7486/24956
[P1] Ep 74 | Loss 1.0052 | Val MAE 1.9194 CI 0.5673 Acc 10.5%
   [Weight Stats] Min: 0.0000 | Max: 1.0000 | Mean: 0.3000 | Std: 0.4583
   [Weight Stats] Zero Count: 17470/24956 (70.0%)
-> [Ep 75] Active Samples: 7486/24956
[P1] Ep 75 | Loss 1.0565 | Val MAE 1.9356 CI 0.5497 Acc 10.5%
   [Weight Stats] Min: 0.0000 | Max: 1.0000 | Mean: 0.3000 | Std: 0.4583
   [Weight Stats] Zero Count: 17470/24956 (70.0%)
-> [Ep 76] Active Samples: 7486/24956
[P1] Ep 76 | Loss 1.0882 | Val MAE 1.8448 CI 0.5556 Acc 21.1%
   [Weight Stats] Min: 0.0000 | Max: 1.0000 | Mean: 0.3000 | Std: 0.4583
   [Weight Stats] Zero Count: 17470/24956 (70.0%)
-> [Ep 77] Active Samples: 7486/24956
[P1] Ep 77 | Loss 0.9313 | Val MAE 1.9269 CI 0.5614 Acc 10.5%
   [Weight Stats] Min: 0.0000 | Max: 1.0000 | Mean: 0.2981 | Std: 0.4555
   [Weight Stats] Zero Count: 17470/24956 (70.0%)
-> [Ep 78] Active Samples: 7486/24956
[P1] Ep 78 | Loss 1.0756 | Val MAE 1.9101 CI 0.5614 Acc 10.5%
   [Weight Stats] Min: 0.0000 | Max: 1.0000 | Mean: 0.2922 | Std: 0.4474
   [Weight Stats] Zero Count: 17470/24956 (70.0%)
-> [Ep 79] Active Samples: 7486/24956
[P1] Ep 79 | Loss 0.9929 | Val MAE 1.9635 CI 0.5556 Acc 10.5%
   [Weight Stats] Min: 0.0000 | Max: 1.0000 | Mean: 0.2965 | Std: 0.4535
   [Weight Stats] Zero Count: 17470/24956 (70.0%)
-> [Ep 80] Active Samples: 7486/24956
[P1] Ep 80 | Loss 1.0036 | Val MAE 1.9003 CI 0.5614 Acc 10.5%
   [Weight Stats] Min: 0.0000 | Max: 1.0000 | Mean: 0.2617 | Std: 0.4042
   [Weight Stats] Zero Count: 17470/24956 (70.0%)
-> [Ep 81] Active Samples: 7486/24956
[P1] Ep 81 | Loss 0.9378 | Val MAE 1.8707 CI 0.5556 Acc 10.5%
   [Weight Stats] Min: 0.0000 | Max: 1.0000 | Mean: 0.2475 | Std: 0.3830
   [Weight Stats] Zero Count: 17470/24956 (70.0%)
-> [Ep 82] Active Samples: 7486/24956
[P1] Ep 82 | Loss 0.9501 | Val MAE 1.9832 CI 0.5614 Acc 10.5%
   [Weight Stats] Min: 0.0000 | Max: 1.0000 | Mean: 0.2371 | Std: 0.3667
   [Weight Stats] Zero Count: 17470/24956 (70.0%)
-> [Ep 83] Active Samples: 7486/24956
[P1] Ep 83 | Loss 0.9274 | Val MAE 1.8784 CI 0.5556 Acc 10.5%

=== PHASE 2: Target Fine-tuning ===
>>> Stage 2.1: Head Alignment...
[Head] Ep 10 MAE 1.5176 CI 0.6433 Acc 26.3%
[Head] Ep 20 MAE 1.5107 CI 0.6374 Acc 26.3%
[Head] Ep 30 MAE 1.5141 CI 0.6257 Acc 26.3%
[Head] Ep 40 MAE 1.5116 CI 0.6257 Acc 26.3%
[Head] Ep 50 MAE 1.5208 CI 0.6199 Acc 26.3%
[Head] Ep 60 MAE 1.5211 CI 0.6082 Acc 26.3%
[Head] Ep 70 MAE 1.5243 CI 0.6023 Acc 26.3%
[Head] Ep 80 MAE 1.5276 CI 0.6257 Acc 26.3%
[Head] Ep 90 MAE 1.5354 CI 0.5965 Acc 26.3%
[Head] Ep 100 MAE 1.5395 CI 0.6023 Acc 26.3%
[Head] Ep 110 MAE 1.5521 CI 0.5965 Acc 21.1%
[Head] Ep 120 MAE 1.5422 CI 0.5906 Acc 26.3%
[Head] Ep 130 MAE 1.5428 CI 0.5789 Acc 26.3%
[Head] Ep 140 MAE 1.5504 CI 0.5789 Acc 26.3%
[Head] Ep 150 MAE 1.5509 CI 0.5789 Acc 26.3%
>>> Stage 2.2: Full Fine-tuning...
[Full] Ep 10 MAE 1.5115 CI 0.6257 RM2 0.0438 Acc 26.3%
[Full] Ep 20 MAE 1.5082 CI 0.6374 RM2 0.0402 Acc 26.3%
[Full] Ep 30 MAE 1.5115 CI 0.6374 RM2 0.0363 Acc 26.3%
[Full] Ep 40 MAE 1.5109 CI 0.6199 RM2 0.0342 Acc 26.3%
[Full] Ep 50 MAE 1.5129 CI 0.6023 RM2 0.0320 Acc 26.3%

>>> Testing Final Model...
------------------------------------------------------------
[FINAL RESULT] Test Set:
   MAE:  1.3825
   RMSE: 1.7278
   CI:   0.6211
   RM2:  0.0706
   MAPE: 24.63 %
   Acc:  30.00 %
------------------------------------------------------------
