Namespace(source_csv='./drug-target/Davis.csv', target_csv='./drug-target/CASF2016_graph_valid.csv', pretrained='/Davis80_best_model.pt', max_seq_len=1024, batch_size=128, epochs=200, ft_epochs=150, lr=5e-05, weight_decay=0.0001, dropout=0.1, device='cuda:0', save_dir='DETS_DTA', num_prototypes=5, tau_high=0.85, sigma_0=0.15, gamma=10, alpha=0.9, w_min=0.0001, edl_lambda=0.01, mlp_hidden='256,128')
Loading datasets...
Initializing DETS Projection Head (High Variance)...

=== PHASE 1: DETS Source Training ===
-> Extracting Anchors from Target (CASF)...
/root/miniconda3/envs/subset/lib/python3.9/site-packages/torch/nn/modules/transformer.py:508: UserWarning: The PyTorch API of nested tensors is in prototype stage and will change in the near future. We recommend specifying layout=torch.jagged when constructing a nested tensor, as this layout receives active development, has better operator coverage, and works with torch.compile. (Triggered internally at /pytorch/aten/src/ATen/NestedTensorImpl.cpp:178.)
  output = torch._nested_tensor_from_mask(
   Running K-Means (K=5)...
-> Anchors Established: 5 prototypes.
   [Weight Stats] Min: 0.0000 | Max: 1.0000 | Mean: 0.3000 | Std: 0.4583
   [Weight Stats] Zero Count: 17470/24956 (70.0%)
-> [Ep 1] Active Samples: 7486/24956
[P1] Ep 1 | Loss 2.9612 | Val MAE 1.6038 CI 0.5673 Acc 31.6%
   [Weight Stats] Min: 0.0000 | Max: 1.0000 | Mean: 0.3000 | Std: 0.4583
   [Weight Stats] Zero Count: 17470/24956 (70.0%)
-> [Ep 2] Active Samples: 7486/24956
[P1] Ep 2 | Loss 1.2411 | Val MAE 1.9084 CI 0.5848 Acc 15.8%
   [Weight Stats] Min: 0.0000 | Max: 1.0000 | Mean: 0.3000 | Std: 0.4583
   [Weight Stats] Zero Count: 17470/24956 (70.0%)
-> [Ep 3] Active Samples: 7486/24956
[P1] Ep 3 | Loss 1.1085 | Val MAE 1.9942 CI 0.5848 Acc 10.5%
   [Weight Stats] Min: 0.0000 | Max: 1.0000 | Mean: 0.3000 | Std: 0.4583
   [Weight Stats] Zero Count: 17470/24956 (70.0%)
-> [Ep 4] Active Samples: 7486/24956
[P1] Ep 4 | Loss 1.0804 | Val MAE 1.9408 CI 0.5965 Acc 10.5%
   [Weight Stats] Min: 0.0000 | Max: 1.0000 | Mean: 0.3000 | Std: 0.4583
   [Weight Stats] Zero Count: 17470/24956 (70.0%)
-> [Ep 5] Active Samples: 7486/24956
[P1] Ep 5 | Loss 1.0495 | Val MAE 1.9903 CI 0.6023 Acc 10.5%
   [Weight Stats] Min: 0.0000 | Max: 1.0000 | Mean: 0.3000 | Std: 0.4583
   [Weight Stats] Zero Count: 17470/24956 (70.0%)
-> [Ep 6] Active Samples: 7486/24956
[P1] Ep 6 | Loss 1.0204 | Val MAE 1.9886 CI 0.6257 Acc 10.5%
   [Weight Stats] Min: 0.0000 | Max: 1.0000 | Mean: 0.3000 | Std: 0.4583
   [Weight Stats] Zero Count: 17470/24956 (70.0%)
-> [Ep 7] Active Samples: 7486/24956
[P1] Ep 7 | Loss 1.0154 | Val MAE 1.9406 CI 0.6491 Acc 10.5%
   [Weight Stats] Min: 0.0000 | Max: 1.0000 | Mean: 0.3000 | Std: 0.4583
   [Weight Stats] Zero Count: 17470/24956 (70.0%)
-> [Ep 8] Active Samples: 7486/24956
[P1] Ep 8 | Loss 0.9960 | Val MAE 2.0484 CI 0.6608 Acc 10.5%
   [Weight Stats] Min: 0.0000 | Max: 1.0000 | Mean: 0.3000 | Std: 0.4583
   [Weight Stats] Zero Count: 17470/24956 (70.0%)
-> [Ep 9] Active Samples: 7486/24956
[P1] Ep 9 | Loss 0.9955 | Val MAE 2.0046 CI 0.6608 Acc 10.5%
   [Weight Stats] Min: 0.0000 | Max: 1.0000 | Mean: 0.3000 | Std: 0.4583
   [Weight Stats] Zero Count: 17470/24956 (70.0%)
-> [Ep 10] Active Samples: 7486/24956
[P1] Ep 10 | Loss 0.9695 | Val MAE 1.9266 CI 0.6433 Acc 10.5%
   [Weight Stats] Min: 0.0000 | Max: 1.0000 | Mean: 0.3000 | Std: 0.4583
   [Weight Stats] Zero Count: 17470/24956 (70.0%)
-> [Ep 11] Active Samples: 7486/24956
[P1] Ep 11 | Loss 0.9407 | Val MAE 1.9850 CI 0.6316 Acc 10.5%
   [Weight Stats] Min: 0.0000 | Max: 1.0000 | Mean: 0.3000 | Std: 0.4583
   [Weight Stats] Zero Count: 17470/24956 (70.0%)
-> [Ep 12] Active Samples: 7486/24956
[P1] Ep 12 | Loss 0.9573 | Val MAE 2.0225 CI 0.6550 Acc 10.5%
   [Weight Stats] Min: 0.0000 | Max: 1.0000 | Mean: 0.3000 | Std: 0.4583
   [Weight Stats] Zero Count: 17470/24956 (70.0%)
-> [Ep 13] Active Samples: 7486/24956
[P1] Ep 13 | Loss 0.9470 | Val MAE 1.9969 CI 0.6725 Acc 10.5%
   [Weight Stats] Min: 0.0000 | Max: 1.0000 | Mean: 0.3000 | Std: 0.4583
   [Weight Stats] Zero Count: 17470/24956 (70.0%)
-> [Ep 14] Active Samples: 7486/24956
[P1] Ep 14 | Loss 0.9263 | Val MAE 1.9956 CI 0.6784 Acc 10.5%
   [Weight Stats] Min: 0.0000 | Max: 1.0000 | Mean: 0.3000 | Std: 0.4583
   [Weight Stats] Zero Count: 17470/24956 (70.0%)
-> [Ep 15] Active Samples: 7486/24956
[P1] Ep 15 | Loss 0.9369 | Val MAE 2.0203 CI 0.6667 Acc 10.5%
   [Weight Stats] Min: 0.0000 | Max: 1.0000 | Mean: 0.3000 | Std: 0.4583
   [Weight Stats] Zero Count: 17470/24956 (70.0%)
-> [Ep 16] Active Samples: 7486/24956
[P1] Ep 16 | Loss 0.9248 | Val MAE 2.0134 CI 0.6608 Acc 10.5%
   [Weight Stats] Min: 0.0000 | Max: 1.0000 | Mean: 0.3000 | Std: 0.4583
   [Weight Stats] Zero Count: 17470/24956 (70.0%)
-> [Ep 17] Active Samples: 7486/24956
[P1] Ep 17 | Loss 0.8963 | Val MAE 2.0203 CI 0.6725 Acc 10.5%
   [Weight Stats] Min: 0.0000 | Max: 1.0000 | Mean: 0.3000 | Std: 0.4583
   [Weight Stats] Zero Count: 17470/24956 (70.0%)
-> [Ep 18] Active Samples: 7486/24956
[P1] Ep 18 | Loss 0.9034 | Val MAE 1.9855 CI 0.6608 Acc 10.5%
   [Weight Stats] Min: 0.0000 | Max: 1.0000 | Mean: 0.3000 | Std: 0.4583
   [Weight Stats] Zero Count: 17470/24956 (70.0%)
-> [Ep 19] Active Samples: 7486/24956
[P1] Ep 19 | Loss 0.8827 | Val MAE 1.9233 CI 0.6491 Acc 10.5%
   [Weight Stats] Min: 0.0000 | Max: 1.0000 | Mean: 0.3000 | Std: 0.4583
   [Weight Stats] Zero Count: 17470/24956 (70.0%)
-> [Ep 20] Active Samples: 7486/24956
[P1] Ep 20 | Loss 0.8728 | Val MAE 1.9780 CI 0.6374 Acc 10.5%
   [Weight Stats] Min: 0.0000 | Max: 1.0000 | Mean: 0.3000 | Std: 0.4583
   [Weight Stats] Zero Count: 17470/24956 (70.0%)
-> [Ep 21] Active Samples: 7486/24956
[P1] Ep 21 | Loss 0.8711 | Val MAE 1.9567 CI 0.6491 Acc 10.5%
   [Weight Stats] Min: 0.0000 | Max: 1.0000 | Mean: 0.3000 | Std: 0.4583
   [Weight Stats] Zero Count: 17470/24956 (70.0%)
-> [Ep 22] Active Samples: 7486/24956
[P1] Ep 22 | Loss 0.8749 | Val MAE 1.9914 CI 0.6550 Acc 10.5%
   [Weight Stats] Min: 0.0000 | Max: 1.0000 | Mean: 0.3000 | Std: 0.4583
   [Weight Stats] Zero Count: 17470/24956 (70.0%)
-> [Ep 23] Active Samples: 7486/24956
[P1] Ep 23 | Loss 0.8664 | Val MAE 1.9649 CI 0.6550 Acc 10.5%
   [Weight Stats] Min: 0.0000 | Max: 1.0000 | Mean: 0.3000 | Std: 0.4583
   [Weight Stats] Zero Count: 17470/24956 (70.0%)
-> [Ep 24] Active Samples: 7486/24956
[P1] Ep 24 | Loss 0.8683 | Val MAE 2.0635 CI 0.6433 Acc 10.5%
   [Weight Stats] Min: 0.0000 | Max: 1.0000 | Mean: 0.3000 | Std: 0.4583
   [Weight Stats] Zero Count: 17470/24956 (70.0%)
-> [Ep 25] Active Samples: 7486/24956
[P1] Ep 25 | Loss 0.8665 | Val MAE 2.0235 CI 0.6491 Acc 10.5%
   [Weight Stats] Min: 0.0000 | Max: 1.0000 | Mean: 0.3000 | Std: 0.4583
   [Weight Stats] Zero Count: 17470/24956 (70.0%)
-> [Ep 26] Active Samples: 7486/24956
[P1] Ep 26 | Loss 0.8624 | Val MAE 1.9898 CI 0.6550 Acc 10.5%
   [Weight Stats] Min: 0.0000 | Max: 1.0000 | Mean: 0.3000 | Std: 0.4583
   [Weight Stats] Zero Count: 17470/24956 (70.0%)
-> [Ep 27] Active Samples: 7486/24956
[P1] Ep 27 | Loss 0.8601 | Val MAE 1.9751 CI 0.6491 Acc 10.5%
   [Weight Stats] Min: 0.0000 | Max: 1.0000 | Mean: 0.3000 | Std: 0.4583
   [Weight Stats] Zero Count: 17470/24956 (70.0%)
-> [Ep 28] Active Samples: 7486/24956
[P1] Ep 28 | Loss 0.8613 | Val MAE 1.9877 CI 0.6316 Acc 10.5%
   [Weight Stats] Min: 0.0000 | Max: 1.0000 | Mean: 0.3000 | Std: 0.4583
   [Weight Stats] Zero Count: 17470/24956 (70.0%)
-> [Ep 29] Active Samples: 7486/24956
[P1] Ep 29 | Loss 0.8391 | Val MAE 1.9675 CI 0.6374 Acc 10.5%
   [Weight Stats] Min: 0.0000 | Max: 1.0000 | Mean: 0.3000 | Std: 0.4583
   [Weight Stats] Zero Count: 17470/24956 (70.0%)
-> [Ep 30] Active Samples: 7486/24956
[P1] Ep 30 | Loss 0.8288 | Val MAE 1.9685 CI 0.6316 Acc 10.5%
   [Weight Stats] Min: 0.0000 | Max: 1.0000 | Mean: 0.3000 | Std: 0.4583
   [Weight Stats] Zero Count: 17470/24956 (70.0%)
-> [Ep 31] Active Samples: 7486/24956
[P1] Ep 31 | Loss 0.8376 | Val MAE 2.0147 CI 0.6140 Acc 10.5%
   [Weight Stats] Min: 0.0000 | Max: 1.0000 | Mean: 0.3000 | Std: 0.4583
   [Weight Stats] Zero Count: 17470/24956 (70.0%)
-> [Ep 32] Active Samples: 7486/24956
[P1] Ep 32 | Loss 0.8608 | Val MAE 2.0178 CI 0.6257 Acc 10.5%
   [Weight Stats] Min: 0.0000 | Max: 1.0000 | Mean: 0.3000 | Std: 0.4583
   [Weight Stats] Zero Count: 17470/24956 (70.0%)
-> [Ep 33] Active Samples: 7486/24956
[P1] Ep 33 | Loss 0.9547 | Val MAE 1.8765 CI 0.6140 Acc 21.1%
   [Weight Stats] Min: 0.0000 | Max: 1.0000 | Mean: 0.3000 | Std: 0.4583
   [Weight Stats] Zero Count: 17470/24956 (70.0%)
-> [Ep 34] Active Samples: 7486/24956
[P1] Ep 34 | Loss 1.0570 | Val MAE 1.9572 CI 0.6491 Acc 10.5%
   [Weight Stats] Min: 0.0000 | Max: 1.0000 | Mean: 0.3000 | Std: 0.4583
   [Weight Stats] Zero Count: 17470/24956 (70.0%)
-> [Ep 35] Active Samples: 7486/24956
[P1] Ep 35 | Loss 1.1066 | Val MAE 1.9098 CI 0.6199 Acc 15.8%
   [Weight Stats] Min: 0.0000 | Max: 1.0000 | Mean: 0.3000 | Std: 0.4583
   [Weight Stats] Zero Count: 17470/24956 (70.0%)
-> [Ep 36] Active Samples: 7486/24956
[P1] Ep 36 | Loss 1.1069 | Val MAE 1.8997 CI 0.6374 Acc 15.8%
   [Weight Stats] Min: 0.0000 | Max: 1.0000 | Mean: 0.3000 | Std: 0.4583
   [Weight Stats] Zero Count: 17470/24956 (70.0%)
-> [Ep 37] Active Samples: 7486/24956
[P1] Ep 37 | Loss 1.1241 | Val MAE 1.9321 CI 0.6433 Acc 10.5%
   [Weight Stats] Min: 0.0000 | Max: 1.0000 | Mean: 0.3000 | Std: 0.4583
   [Weight Stats] Zero Count: 17470/24956 (70.0%)
-> [Ep 38] Active Samples: 7486/24956
[P1] Ep 38 | Loss 1.0374 | Val MAE 1.9853 CI 0.6491 Acc 10.5%
   [Weight Stats] Min: 0.0000 | Max: 1.0000 | Mean: 0.3000 | Std: 0.4583
   [Weight Stats] Zero Count: 17470/24956 (70.0%)
-> [Ep 39] Active Samples: 7486/24956
[P1] Ep 39 | Loss 1.1223 | Val MAE 1.8856 CI 0.6140 Acc 15.8%
   [Weight Stats] Min: 0.0000 | Max: 1.0000 | Mean: 0.3000 | Std: 0.4583
   [Weight Stats] Zero Count: 17470/24956 (70.0%)
-> [Ep 40] Active Samples: 7486/24956
[P1] Ep 40 | Loss 1.1007 | Val MAE 1.8765 CI 0.6023 Acc 15.8%
   [Weight Stats] Min: 0.0000 | Max: 1.0000 | Mean: 0.3000 | Std: 0.4583
   [Weight Stats] Zero Count: 17470/24956 (70.0%)
-> [Ep 41] Active Samples: 7486/24956
[P1] Ep 41 | Loss 1.0933 | Val MAE 1.8388 CI 0.5965 Acc 21.1%
   [Weight Stats] Min: 0.0000 | Max: 1.0000 | Mean: 0.3000 | Std: 0.4583
   [Weight Stats] Zero Count: 17470/24956 (70.0%)
-> [Ep 42] Active Samples: 7486/24956
[P1] Ep 42 | Loss 1.0577 | Val MAE 1.8896 CI 0.5789 Acc 10.5%
   [Weight Stats] Min: 0.0000 | Max: 1.0000 | Mean: 0.3000 | Std: 0.4583
   [Weight Stats] Zero Count: 17470/24956 (70.0%)
-> [Ep 43] Active Samples: 7486/24956
[P1] Ep 43 | Loss 1.0119 | Val MAE 1.9290 CI 0.6140 Acc 10.5%
   [Weight Stats] Min: 0.0000 | Max: 1.0000 | Mean: 0.3000 | Std: 0.4583
   [Weight Stats] Zero Count: 17470/24956 (70.0%)
-> [Ep 44] Active Samples: 7486/24956
[P1] Ep 44 | Loss 1.0418 | Val MAE 1.8798 CI 0.5848 Acc 10.5%
   [Weight Stats] Min: 0.0000 | Max: 1.0000 | Mean: 0.3000 | Std: 0.4583
   [Weight Stats] Zero Count: 17470/24956 (70.0%)
-> [Ep 45] Active Samples: 7486/24956
[P1] Ep 45 | Loss 0.9761 | Val MAE 1.8734 CI 0.6023 Acc 15.8%
   [Weight Stats] Min: 0.0000 | Max: 1.0000 | Mean: 0.3000 | Std: 0.4583
   [Weight Stats] Zero Count: 17470/24956 (70.0%)
-> [Ep 46] Active Samples: 7486/24956
[P1] Ep 46 | Loss 0.9731 | Val MAE 1.9236 CI 0.6199 Acc 10.5%
   [Weight Stats] Min: 0.0000 | Max: 1.0000 | Mean: 0.3000 | Std: 0.4583
   [Weight Stats] Zero Count: 17470/24956 (70.0%)
-> [Ep 47] Active Samples: 7486/24956
[P1] Ep 47 | Loss 0.8601 | Val MAE 1.9994 CI 0.6316 Acc 10.5%
   [Weight Stats] Min: 0.0000 | Max: 1.0000 | Mean: 0.3000 | Std: 0.4583
   [Weight Stats] Zero Count: 17470/24956 (70.0%)
-> [Ep 48] Active Samples: 7486/24956
[P1] Ep 48 | Loss 0.9796 | Val MAE 1.9320 CI 0.6082 Acc 10.5%
   [Weight Stats] Min: 0.0000 | Max: 1.0000 | Mean: 0.3000 | Std: 0.4583
   [Weight Stats] Zero Count: 17470/24956 (70.0%)
-> [Ep 49] Active Samples: 7486/24956
[P1] Ep 49 | Loss 0.9590 | Val MAE 1.9356 CI 0.6199 Acc 10.5%
   [Weight Stats] Min: 0.0000 | Max: 1.0000 | Mean: 0.3000 | Std: 0.4583
   [Weight Stats] Zero Count: 17470/24956 (70.0%)
-> [Ep 50] Active Samples: 7486/24956
[P1] Ep 50 | Loss 0.9955 | Val MAE 1.9589 CI 0.6140 Acc 10.5%
   [Weight Stats] Min: 0.0000 | Max: 1.0000 | Mean: 0.3000 | Std: 0.4583
   [Weight Stats] Zero Count: 17470/24956 (70.0%)
-> [Ep 51] Active Samples: 7486/24956
[P1] Ep 51 | Loss 0.9073 | Val MAE 1.9186 CI 0.6199 Acc 10.5%
   [Weight Stats] Min: 0.0000 | Max: 1.0000 | Mean: 0.3000 | Std: 0.4583
   [Weight Stats] Zero Count: 17470/24956 (70.0%)
-> [Ep 52] Active Samples: 7486/24956
[P1] Ep 52 | Loss 0.9709 | Val MAE 1.9636 CI 0.6257 Acc 10.5%
   [Weight Stats] Min: 0.0000 | Max: 1.0000 | Mean: 0.3000 | Std: 0.4583
   [Weight Stats] Zero Count: 17470/24956 (70.0%)
-> [Ep 53] Active Samples: 7486/24956
[P1] Ep 53 | Loss 0.9727 | Val MAE 1.9304 CI 0.6140 Acc 10.5%
   [Weight Stats] Min: 0.0000 | Max: 1.0000 | Mean: 0.3000 | Std: 0.4583
   [Weight Stats] Zero Count: 17470/24956 (70.0%)
-> [Ep 54] Active Samples: 7486/24956
[P1] Ep 54 | Loss 0.9716 | Val MAE 1.9384 CI 0.6023 Acc 10.5%
   [Weight Stats] Min: 0.0000 | Max: 1.0000 | Mean: 0.3000 | Std: 0.4583
   [Weight Stats] Zero Count: 17470/24956 (70.0%)
-> [Ep 55] Active Samples: 7486/24956
[P1] Ep 55 | Loss 1.0732 | Val MAE 1.8645 CI 0.5848 Acc 21.1%
   [Weight Stats] Min: 0.0000 | Max: 1.0000 | Mean: 0.2989 | Std: 0.4567
   [Weight Stats] Zero Count: 17470/24956 (70.0%)
-> [Ep 56] Active Samples: 7486/24956
[P1] Ep 56 | Loss 1.0217 | Val MAE 1.9675 CI 0.5731 Acc 10.5%
   [Weight Stats] Min: 0.0000 | Max: 1.0000 | Mean: 0.3000 | Std: 0.4583
   [Weight Stats] Zero Count: 17470/24956 (70.0%)
-> [Ep 57] Active Samples: 7486/24956
[P1] Ep 57 | Loss 1.0725 | Val MAE 1.9584 CI 0.5848 Acc 10.5%
   [Weight Stats] Min: 0.0000 | Max: 1.0000 | Mean: 0.3000 | Std: 0.4583
   [Weight Stats] Zero Count: 17470/24956 (70.0%)
-> [Ep 58] Active Samples: 7486/24956
[P1] Ep 58 | Loss 1.0193 | Val MAE 1.9488 CI 0.5965 Acc 10.5%
   [Weight Stats] Min: 0.0000 | Max: 1.0000 | Mean: 0.2994 | Std: 0.4575
   [Weight Stats] Zero Count: 17470/24956 (70.0%)
-> [Ep 59] Active Samples: 7486/24956
[P1] Ep 59 | Loss 0.9790 | Val MAE 1.9199 CI 0.5965 Acc 10.5%
   [Weight Stats] Min: 0.0000 | Max: 1.0000 | Mean: 0.2980 | Std: 0.4555
   [Weight Stats] Zero Count: 17470/24956 (70.0%)
-> [Ep 60] Active Samples: 7486/24956
[P1] Ep 60 | Loss 1.0249 | Val MAE 1.9720 CI 0.5906 Acc 10.5%
   [Weight Stats] Min: 0.0000 | Max: 1.0000 | Mean: 0.2986 | Std: 0.4564
   [Weight Stats] Zero Count: 17470/24956 (70.0%)
-> [Ep 61] Active Samples: 7486/24956
[P1] Ep 61 | Loss 1.0493 | Val MAE 1.8871 CI 0.5848 Acc 10.5%
   [Weight Stats] Min: 0.0000 | Max: 1.0000 | Mean: 0.2966 | Std: 0.4535
   [Weight Stats] Zero Count: 17470/24956 (70.0%)
-> [Ep 62] Active Samples: 7486/24956
[P1] Ep 62 | Loss 1.0376 | Val MAE 1.9250 CI 0.5614 Acc 10.5%
   [Weight Stats] Min: 0.0000 | Max: 1.0000 | Mean: 0.2911 | Std: 0.4459
   [Weight Stats] Zero Count: 17470/24956 (70.0%)
-> [Ep 63] Active Samples: 7486/24956
[P1] Ep 63 | Loss 1.0269 | Val MAE 1.8976 CI 0.5439 Acc 10.5%
   [Weight Stats] Min: 0.0000 | Max: 1.0000 | Mean: 0.2783 | Std: 0.4275
   [Weight Stats] Zero Count: 17470/24956 (70.0%)
-> [Ep 64] Active Samples: 7486/24956
[P1] Ep 64 | Loss 0.9811 | Val MAE 1.9288 CI 0.5380 Acc 10.5%
   [Weight Stats] Min: 0.0000 | Max: 1.0000 | Mean: 0.2729 | Std: 0.4195
   [Weight Stats] Zero Count: 17470/24956 (70.0%)
-> [Ep 65] Active Samples: 7486/24956
[P1] Ep 65 | Loss 0.9626 | Val MAE 1.9098 CI 0.5380 Acc 10.5%
   [Weight Stats] Min: 0.0000 | Max: 1.0000 | Mean: 0.2666 | Std: 0.4099
   [Weight Stats] Zero Count: 17470/24956 (70.0%)
-> [Ep 66] Active Samples: 7486/24956
[P1] Ep 66 | Loss 0.8964 | Val MAE 1.9355 CI 0.5439 Acc 10.5%
   [Weight Stats] Min: 0.0000 | Max: 1.0000 | Mean: 0.2585 | Std: 0.3972
   [Weight Stats] Zero Count: 17470/24956 (70.0%)
-> [Ep 67] Active Samples: 7486/24956
[P1] Ep 67 | Loss 0.8781 | Val MAE 1.9168 CI 0.5439 Acc 10.5%
   [Weight Stats] Min: 0.0000 | Max: 1.0000 | Mean: 0.2524 | Std: 0.3880
   [Weight Stats] Zero Count: 17470/24956 (70.0%)
-> [Ep 68] Active Samples: 7486/24956
[P1] Ep 68 | Loss 0.8615 | Val MAE 1.9585 CI 0.5614 Acc 10.5%
   [Weight Stats] Min: 0.0000 | Max: 1.0000 | Mean: 0.2417 | Std: 0.3719
   [Weight Stats] Zero Count: 17470/24956 (70.0%)
-> [Ep 69] Active Samples: 7486/24956
[P1] Ep 69 | Loss 0.8751 | Val MAE 1.9524 CI 0.5731 Acc 10.5%
   [Weight Stats] Min: 0.0000 | Max: 1.0000 | Mean: 0.2474 | Std: 0.3804
   [Weight Stats] Zero Count: 17470/24956 (70.0%)
-> [Ep 70] Active Samples: 7486/24956
[P1] Ep 70 | Loss 0.8762 | Val MAE 1.9321 CI 0.5673 Acc 10.5%
   [Weight Stats] Min: 0.0000 | Max: 1.0000 | Mean: 0.2490 | Std: 0.3823
   [Weight Stats] Zero Count: 17470/24956 (70.0%)
-> [Ep 71] Active Samples: 7486/24956
[P1] Ep 71 | Loss 0.8409 | Val MAE 1.9191 CI 0.5614 Acc 10.5%
   [Weight Stats] Min: 0.0000 | Max: 1.0000 | Mean: 0.2458 | Std: 0.3770
   [Weight Stats] Zero Count: 17470/24956 (70.0%)
-> [Ep 72] Active Samples: 7486/24956
[P1] Ep 72 | Loss 0.8536 | Val MAE 1.9469 CI 0.5731 Acc 10.5%
   [Weight Stats] Min: 0.0000 | Max: 1.0000 | Mean: 0.2434 | Std: 0.3732
   [Weight Stats] Zero Count: 17470/24956 (70.0%)
-> [Ep 73] Active Samples: 7486/24956
[P1] Ep 73 | Loss 0.8387 | Val MAE 1.9115 CI 0.5673 Acc 10.5%
   [Weight Stats] Min: 0.0000 | Max: 1.0000 | Mean: 0.2425 | Std: 0.3728
   [Weight Stats] Zero Count: 17470/24956 (70.0%)
-> [Ep 74] Active Samples: 7486/24956
[P1] Ep 74 | Loss 0.8365 | Val MAE 1.9272 CI 0.5614 Acc 10.5%
   [Weight Stats] Min: 0.0000 | Max: 1.0000 | Mean: 0.2392 | Std: 0.3672
   [Weight Stats] Zero Count: 17470/24956 (70.0%)
-> [Ep 75] Active Samples: 7486/24956
[P1] Ep 75 | Loss 0.8045 | Val MAE 1.9657 CI 0.5789 Acc 10.5%
   [Weight Stats] Min: 0.0000 | Max: 1.0000 | Mean: 0.2325 | Std: 0.3569
   [Weight Stats] Zero Count: 17470/24956 (70.0%)
-> [Ep 76] Active Samples: 7486/24956
[P1] Ep 76 | Loss 0.8401 | Val MAE 1.8889 CI 0.5614 Acc 10.5%
   [Weight Stats] Min: 0.0000 | Max: 1.0000 | Mean: 0.2337 | Std: 0.3587
   [Weight Stats] Zero Count: 17470/24956 (70.0%)
-> [Ep 77] Active Samples: 7486/24956
[P1] Ep 77 | Loss 0.8153 | Val MAE 1.9419 CI 0.5614 Acc 10.5%
   [Weight Stats] Min: 0.0000 | Max: 1.0000 | Mean: 0.2309 | Std: 0.3543
   [Weight Stats] Zero Count: 17470/24956 (70.0%)
-> [Ep 78] Active Samples: 7486/24956
[P1] Ep 78 | Loss 0.8343 | Val MAE 1.8676 CI 0.5614 Acc 15.8%
   [Weight Stats] Min: 0.0000 | Max: 1.0000 | Mean: 0.2276 | Std: 0.3494
   [Weight Stats] Zero Count: 17470/24956 (70.0%)
-> [Ep 79] Active Samples: 7486/24956
[P1] Ep 79 | Loss 0.8422 | Val MAE 1.9230 CI 0.5673 Acc 10.5%
   [Weight Stats] Min: 0.0000 | Max: 1.0000 | Mean: 0.2223 | Std: 0.3417
   [Weight Stats] Zero Count: 17470/24956 (70.0%)
-> [Ep 80] Active Samples: 7486/24956
[P1] Ep 80 | Loss 0.8789 | Val MAE 1.9028 CI 0.5439 Acc 10.5%
   [Weight Stats] Min: 0.0000 | Max: 1.0000 | Mean: 0.2208 | Std: 0.3398
   [Weight Stats] Zero Count: 17470/24956 (70.0%)
-> [Ep 81] Active Samples: 7486/24956
[P1] Ep 81 | Loss 0.8600 | Val MAE 1.8947 CI 0.5380 Acc 10.5%
   [Weight Stats] Min: 0.0000 | Max: 1.0000 | Mean: 0.2170 | Std: 0.3343
   [Weight Stats] Zero Count: 17470/24956 (70.0%)
-> [Ep 82] Active Samples: 7486/24956
[P1] Ep 82 | Loss 0.8814 | Val MAE 1.8898 CI 0.5380 Acc 10.5%
   [Weight Stats] Min: 0.0000 | Max: 1.0000 | Mean: 0.2224 | Std: 0.3419
   [Weight Stats] Zero Count: 17470/24956 (70.0%)
-> [Ep 83] Active Samples: 7486/24956
[P1] Ep 83 | Loss 0.8668 | Val MAE 1.8886 CI 0.5439 Acc 10.5%
   [Weight Stats] Min: 0.0000 | Max: 1.0000 | Mean: 0.2500 | Std: 0.3843
   [Weight Stats] Zero Count: 17470/24956 (70.0%)
-> [Ep 84] Active Samples: 7486/24956
[P1] Ep 84 | Loss 0.8404 | Val MAE 1.8962 CI 0.5614 Acc 10.5%
   [Weight Stats] Min: 0.0000 | Max: 1.0000 | Mean: 0.2226 | Std: 0.3422
   [Weight Stats] Zero Count: 17470/24956 (70.0%)
-> [Ep 85] Active Samples: 7486/24956
[P1] Ep 85 | Loss 0.8374 | Val MAE 1.8976 CI 0.5556 Acc 10.5%
   [Weight Stats] Min: 0.0000 | Max: 1.0000 | Mean: 0.2533 | Std: 0.3889
   [Weight Stats] Zero Count: 17470/24956 (70.0%)
-> [Ep 86] Active Samples: 7486/24956
[P1] Ep 86 | Loss 0.8471 | Val MAE 1.9297 CI 0.5497 Acc 10.5%
   [Weight Stats] Min: 0.0000 | Max: 1.0000 | Mean: 0.2227 | Std: 0.3424
   [Weight Stats] Zero Count: 17470/24956 (70.0%)
-> [Ep 87] Active Samples: 7486/24956
[P1] Ep 87 | Loss 0.8597 | Val MAE 1.8649 CI 0.5497 Acc 10.5%
   [Weight Stats] Min: 0.0000 | Max: 1.0000 | Mean: 0.2234 | Std: 0.3433
   [Weight Stats] Zero Count: 17470/24956 (70.0%)
-> [Ep 88] Active Samples: 7486/24956
[P1] Ep 88 | Loss 0.8558 | Val MAE 1.9524 CI 0.5439 Acc 10.5%
   [Weight Stats] Min: 0.0000 | Max: 1.0000 | Mean: 0.2198 | Std: 0.3381
   [Weight Stats] Zero Count: 17470/24956 (70.0%)
-> [Ep 89] Active Samples: 7486/24956
[P1] Ep 89 | Loss 0.8585 | Val MAE 1.9332 CI 0.5497 Acc 10.5%
   [Weight Stats] Min: 0.0000 | Max: 1.0000 | Mean: 0.2155 | Std: 0.3319
   [Weight Stats] Zero Count: 17470/24956 (70.0%)
-> [Ep 90] Active Samples: 7486/24956
[P1] Ep 90 | Loss 0.8758 | Val MAE 1.9192 CI 0.5263 Acc 10.5%
   [Weight Stats] Min: 0.0000 | Max: 1.0000 | Mean: 0.2206 | Std: 0.3393
   [Weight Stats] Zero Count: 17470/24956 (70.0%)
-> [Ep 91] Active Samples: 7486/24956
[P1] Ep 91 | Loss 0.8787 | Val MAE 1.8845 CI 0.5322 Acc 10.5%
   [Weight Stats] Min: 0.0000 | Max: 1.0000 | Mean: 0.2178 | Std: 0.3354
   [Weight Stats] Zero Count: 17470/24956 (70.0%)
-> [Ep 92] Active Samples: 7486/24956
[P1] Ep 92 | Loss 0.8658 | Val MAE 1.8460 CI 0.5731 Acc 21.1%
   [Weight Stats] Min: 0.0000 | Max: 1.0000 | Mean: 0.2186 | Std: 0.3365
   [Weight Stats] Zero Count: 17470/24956 (70.0%)
-> [Ep 93] Active Samples: 7486/24956
[P1] Ep 93 | Loss 0.8581 | Val MAE 1.9253 CI 0.5731 Acc 10.5%
   [Weight Stats] Min: 0.0000 | Max: 1.0000 | Mean: 0.2521 | Std: 0.3872
   [Weight Stats] Zero Count: 17470/24956 (70.0%)
-> [Ep 94] Active Samples: 7486/24956
[P1] Ep 94 | Loss 0.8367 | Val MAE 1.8680 CI 0.5380 Acc 10.5%
   [Weight Stats] Min: 0.0000 | Max: 1.0000 | Mean: 0.2256 | Std: 0.3466
   [Weight Stats] Zero Count: 17470/24956 (70.0%)
-> [Ep 95] Active Samples: 7486/24956
[P1] Ep 95 | Loss 0.8073 | Val MAE 1.9035 CI 0.5497 Acc 10.5%
   [Weight Stats] Min: 0.0000 | Max: 1.0000 | Mean: 0.2249 | Std: 0.3455
   [Weight Stats] Zero Count: 17470/24956 (70.0%)
-> [Ep 96] Active Samples: 7486/24956
[P1] Ep 96 | Loss 0.8053 | Val MAE 1.8457 CI 0.5263 Acc 15.8%
   [Weight Stats] Min: 0.0000 | Max: 1.0000 | Mean: 0.2300 | Std: 0.3529
   [Weight Stats] Zero Count: 17470/24956 (70.0%)
-> [Ep 97] Active Samples: 7486/24956
[P1] Ep 97 | Loss 0.8241 | Val MAE 1.9213 CI 0.5556 Acc 10.5%
   [Weight Stats] Min: 0.0000 | Max: 1.0000 | Mean: 0.2263 | Std: 0.3474
   [Weight Stats] Zero Count: 17470/24956 (70.0%)
-> [Ep 98] Active Samples: 7486/24956
[P1] Ep 98 | Loss 0.8239 | Val MAE 1.9293 CI 0.5556 Acc 10.5%
   [Weight Stats] Min: 0.0000 | Max: 1.0000 | Mean: 0.2512 | Std: 0.3859
   [Weight Stats] Zero Count: 17470/24956 (70.0%)
-> [Ep 99] Active Samples: 7486/24956
[P1] Ep 99 | Loss 0.8284 | Val MAE 1.9069 CI 0.5380 Acc 10.5%
   [Weight Stats] Min: 0.0000 | Max: 1.0000 | Mean: 0.2245 | Std: 0.3447
   [Weight Stats] Zero Count: 17470/24956 (70.0%)
-> [Ep 100] Active Samples: 7486/24956
[P1] Ep 100 | Loss 0.8287 | Val MAE 1.8906 CI 0.5497 Acc 10.5%
   [Weight Stats] Min: 0.0000 | Max: 1.0000 | Mean: 0.2191 | Std: 0.3370
   [Weight Stats] Zero Count: 17470/24956 (70.0%)
-> [Ep 101] Active Samples: 7486/24956
[P1] Ep 101 | Loss 0.8286 | Val MAE 1.9033 CI 0.5556 Acc 10.5%
   [Weight Stats] Min: 0.0000 | Max: 1.0000 | Mean: 0.2221 | Std: 0.3415
   [Weight Stats] Zero Count: 17470/24956 (70.0%)
-> [Ep 102] Active Samples: 7486/24956
[P1] Ep 102 | Loss 0.8355 | Val MAE 1.8896 CI 0.5673 Acc 10.5%
   [Weight Stats] Min: 0.0000 | Max: 1.0000 | Mean: 0.2239 | Std: 0.3440
   [Weight Stats] Zero Count: 17470/24956 (70.0%)
-> [Ep 103] Active Samples: 7486/24956
[P1] Ep 103 | Loss 0.8274 | Val MAE 1.9158 CI 0.5614 Acc 10.5%
   [Weight Stats] Min: 0.0000 | Max: 1.0000 | Mean: 0.2290 | Std: 0.3514
   [Weight Stats] Zero Count: 17470/24956 (70.0%)
-> [Ep 104] Active Samples: 7486/24956
[P1] Ep 104 | Loss 0.8177 | Val MAE 1.9035 CI 0.5497 Acc 10.5%
   [Weight Stats] Min: 0.0000 | Max: 1.0000 | Mean: 0.2462 | Std: 0.3786
   [Weight Stats] Zero Count: 17470/24956 (70.0%)
-> [Ep 105] Active Samples: 7486/24956
[P1] Ep 105 | Loss 0.8565 | Val MAE 1.9108 CI 0.5614 Acc 10.5%
   [Weight Stats] Min: 0.0000 | Max: 1.0000 | Mean: 0.2201 | Std: 0.3383
   [Weight Stats] Zero Count: 17470/24956 (70.0%)
-> [Ep 106] Active Samples: 7486/24956
[P1] Ep 106 | Loss 0.8282 | Val MAE 1.8980 CI 0.5614 Acc 10.5%
   [Weight Stats] Min: 0.0000 | Max: 1.0000 | Mean: 0.2173 | Std: 0.3344
   [Weight Stats] Zero Count: 17470/24956 (70.0%)
-> [Ep 107] Active Samples: 7486/24956
[P1] Ep 107 | Loss 0.8570 | Val MAE 1.9079 CI 0.5556 Acc 10.5%
   [Weight Stats] Min: 0.0000 | Max: 1.0000 | Mean: 0.2192 | Std: 0.3372
   [Weight Stats] Zero Count: 17470/24956 (70.0%)
-> [Ep 108] Active Samples: 7486/24956
[P1] Ep 108 | Loss 0.8351 | Val MAE 1.8987 CI 0.5614 Acc 10.5%
   [Weight Stats] Min: 0.0000 | Max: 1.0000 | Mean: 0.2195 | Std: 0.3378
   [Weight Stats] Zero Count: 17470/24956 (70.0%)
-> [Ep 109] Active Samples: 7486/24956
[P1] Ep 109 | Loss 0.8284 | Val MAE 1.8865 CI 0.5614 Acc 10.5%
   [Weight Stats] Min: 0.0000 | Max: 1.0000 | Mean: 0.2154 | Std: 0.3317
   [Weight Stats] Zero Count: 17470/24956 (70.0%)
-> [Ep 110] Active Samples: 7486/24956
[P1] Ep 110 | Loss 0.8384 | Val MAE 1.8953 CI 0.5673 Acc 10.5%
   [Weight Stats] Min: 0.0000 | Max: 1.0000 | Mean: 0.2171 | Std: 0.3343
   [Weight Stats] Zero Count: 17470/24956 (70.0%)
-> [Ep 111] Active Samples: 7486/24956
[P1] Ep 111 | Loss 0.8274 | Val MAE 1.8863 CI 0.5556 Acc 10.5%
   [Weight Stats] Min: 0.0000 | Max: 1.0000 | Mean: 0.2205 | Std: 0.3396
   [Weight Stats] Zero Count: 17470/24956 (70.0%)
-> [Ep 112] Active Samples: 7486/24956
[P1] Ep 112 | Loss 0.8511 | Val MAE 1.9492 CI 0.5614 Acc 10.5%
   [Weight Stats] Min: 0.0000 | Max: 1.0000 | Mean: 0.2210 | Std: 0.3403
   [Weight Stats] Zero Count: 17470/24956 (70.0%)
-> [Ep 113] Active Samples: 7486/24956
[P1] Ep 113 | Loss 0.8288 | Val MAE 1.8824 CI 0.5439 Acc 10.5%
   [Weight Stats] Min: 0.0000 | Max: 1.0000 | Mean: 0.2140 | Std: 0.3304
   [Weight Stats] Zero Count: 17470/24956 (70.0%)
-> [Ep 114] Active Samples: 7486/24956
[P1] Ep 114 | Loss 0.8244 | Val MAE 1.9202 CI 0.5556 Acc 10.5%
   [Weight Stats] Min: 0.0000 | Max: 1.0000 | Mean: 0.2165 | Std: 0.3334
   [Weight Stats] Zero Count: 17470/24956 (70.0%)
-> [Ep 115] Active Samples: 7486/24956
[P1] Ep 115 | Loss 0.8532 | Val MAE 1.8992 CI 0.5380 Acc 10.5%
   [Weight Stats] Min: 0.0000 | Max: 1.0000 | Mean: 0.2208 | Std: 0.3397
   [Weight Stats] Zero Count: 17470/24956 (70.0%)
-> [Ep 116] Active Samples: 7486/24956
[P1] Ep 116 | Loss 0.8355 | Val MAE 1.8648 CI 0.5614 Acc 10.5%
   [Weight Stats] Min: 0.0000 | Max: 1.0000 | Mean: 0.2411 | Std: 0.3715
   [Weight Stats] Zero Count: 17470/24956 (70.0%)
-> [Ep 117] Active Samples: 7486/24956
[P1] Ep 117 | Loss 0.8207 | Val MAE 1.9135 CI 0.5439 Acc 10.5%
   [Weight Stats] Min: 0.0000 | Max: 1.0000 | Mean: 0.2404 | Std: 0.3709
   [Weight Stats] Zero Count: 17470/24956 (70.0%)
-> [Ep 118] Active Samples: 7486/24956
[P1] Ep 118 | Loss 0.8301 | Val MAE 1.8467 CI 0.5322 Acc 15.8%
   [Weight Stats] Min: 0.0000 | Max: 1.0000 | Mean: 0.2457 | Std: 0.3782
   [Weight Stats] Zero Count: 17470/24956 (70.0%)
-> [Ep 119] Active Samples: 7486/24956
[P1] Ep 119 | Loss 0.8200 | Val MAE 1.8853 CI 0.5497 Acc 10.5%
   [Weight Stats] Min: 0.0000 | Max: 1.0000 | Mean: 0.2336 | Std: 0.3607
   [Weight Stats] Zero Count: 17470/24956 (70.0%)
-> [Ep 120] Active Samples: 7486/24956
[P1] Ep 120 | Loss 0.8240 | Val MAE 1.8860 CI 0.5673 Acc 10.5%
   [Weight Stats] Min: 0.0000 | Max: 1.0000 | Mean: 0.2362 | Std: 0.3643
   [Weight Stats] Zero Count: 17470/24956 (70.0%)
-> [Ep 121] Active Samples: 7486/24956
[P1] Ep 121 | Loss 0.8236 | Val MAE 1.8791 CI 0.5497 Acc 10.5%
   [Weight Stats] Min: 0.0000 | Max: 1.0000 | Mean: 0.2414 | Std: 0.3720
   [Weight Stats] Zero Count: 17470/24956 (70.0%)
-> [Ep 122] Active Samples: 7486/24956
[P1] Ep 122 | Loss 0.8332 | Val MAE 1.8817 CI 0.5556 Acc 10.5%
   [Weight Stats] Min: 0.0000 | Max: 1.0000 | Mean: 0.2415 | Std: 0.3726
   [Weight Stats] Zero Count: 17470/24956 (70.0%)
-> [Ep 123] Active Samples: 7486/24956
[P1] Ep 123 | Loss 0.8064 | Val MAE 1.8948 CI 0.5556 Acc 10.5%
   [Weight Stats] Min: 0.0000 | Max: 1.0000 | Mean: 0.2348 | Std: 0.3628
   [Weight Stats] Zero Count: 17470/24956 (70.0%)
-> [Ep 124] Active Samples: 7486/24956
[P1] Ep 124 | Loss 0.8210 | Val MAE 1.9365 CI 0.5497 Acc 10.5%
   [Weight Stats] Min: 0.0000 | Max: 1.0000 | Mean: 0.2297 | Std: 0.3557
   [Weight Stats] Zero Count: 17470/24956 (70.0%)
-> [Ep 125] Active Samples: 7486/24956
[P1] Ep 125 | Loss 0.8102 | Val MAE 1.9208 CI 0.5556 Acc 10.5%

=== PHASE 2: Target Fine-tuning ===
>>> Stage 2.1: Head Alignment...
[Head] Ep 10 MAE 1.5479 CI 0.5322 Acc 15.8%
[Head] Ep 20 MAE 1.5386 CI 0.5263 Acc 21.1%
[Head] Ep 30 MAE 1.5280 CI 0.5380 Acc 26.3%
[Head] Ep 40 MAE 1.5287 CI 0.5322 Acc 15.8%
[Head] Ep 50 MAE 1.5133 CI 0.5614 Acc 26.3%
[Head] Ep 60 MAE 1.5081 CI 0.6023 Acc 26.3%
[Head] Ep 70 MAE 1.5096 CI 0.6023 Acc 26.3%
[Head] Ep 80 MAE 1.5294 CI 0.6082 Acc 26.3%
[Head] Ep 90 MAE 1.5292 CI 0.5906 Acc 26.3%
[Head] Ep 100 MAE 1.5356 CI 0.5673 Acc 26.3%
[Head] Ep 110 MAE 1.5347 CI 0.5731 Acc 26.3%
[Head] Ep 120 MAE 1.5435 CI 0.5614 Acc 26.3%
[Head] Ep 130 MAE 1.5538 CI 0.5556 Acc 26.3%
[Head] Ep 140 MAE 1.5633 CI 0.5556 Acc 21.1%
[Head] Ep 150 MAE 1.5535 CI 0.5497 Acc 26.3%
>>> Stage 2.2: Full Fine-tuning...
[Full] Ep 10 MAE 1.5010 CI 0.5906 RM2 0.0845 Acc 26.3%
[Full] Ep 20 MAE 1.5101 CI 0.6023 RM2 0.0796 Acc 26.3%
[Full] Ep 30 MAE 1.5083 CI 0.6082 RM2 0.0742 Acc 26.3%
[Full] Ep 40 MAE 1.5186 CI 0.5906 RM2 0.0668 Acc 26.3%
[Full] Ep 50 MAE 1.5098 CI 0.5848 RM2 0.0598 Acc 26.3%
[Full] Ep 60 MAE 1.5120 CI 0.5906 RM2 0.0552 Acc 26.3%

>>> Testing Final Model...
------------------------------------------------------------
[FINAL RESULT] Test Set:
   MAE:  1.3832
   RMSE: 1.7304
   CI:   0.5895
   RM2:  0.0653
   MAPE: 25.00 %
   Acc:  30.00 %
------------------------------------------------------------
