/root/miniconda3/envs/subset/lib/python3.9/site-packages/torch/nn/modules/transformer.py:508: UserWarning: The PyTorch API of nested tensors is in prototype stage and will change in the near future. We recommend specifying layout=torch.jagged when constructing a nested tensor, as this layout receives active development, has better operator coverage, and works with torch.compile. (Triggered internally at /pytorch/aten/src/ATen/NestedTensorImpl.cpp:178.)
  output = torch._nested_tensor_from_mask(
--- DTA Baseline: Full (Ratio: 0.4) ---

=== Phase 1: Source Pre-training ===
[P1] Ep 1: Loss 1.4163 | Val MAE 2.0807
[P1] Ep 2: Loss 0.8564 | Val MAE 2.1152
[P1] Ep 3: Loss 0.7944 | Val MAE 2.1569
[P1] Ep 4: Loss 0.7713 | Val MAE 2.2271
[P1] Ep 5: Loss 0.7660 | Val MAE 2.1666
[P1] Ep 6: Loss 0.7163 | Val MAE 2.0249
[P1] Ep 7: Loss 0.7008 | Val MAE 2.1210
[P1] Ep 8: Loss 0.6823 | Val MAE 2.2275
[P1] Ep 9: Loss 0.6701 | Val MAE 1.9939
[P1] Ep 10: Loss 0.6662 | Val MAE 2.1938
[P1] Ep 11: Loss 0.6568 | Val MAE 2.1014
[P1] Ep 12: Loss 0.6478 | Val MAE 2.0472
[P1] Ep 13: Loss 0.6430 | Val MAE 1.9265
[P1] Ep 14: Loss 0.6330 | Val MAE 2.0299
[P1] Ep 15: Loss 0.6302 | Val MAE 2.0346
[P1] Ep 16: Loss 0.6215 | Val MAE 1.9745
[P1] Ep 17: Loss 0.6120 | Val MAE 2.0170
[P1] Ep 18: Loss 0.6160 | Val MAE 2.0021
[P1] Ep 19: Loss 0.6047 | Val MAE 2.0421
[P1] Ep 20: Loss 0.5949 | Val MAE 2.0591
[P1] Ep 21: Loss 0.5959 | Val MAE 2.0100
[P1] Ep 22: Loss 0.5828 | Val MAE 1.9725
[P1] Ep 23: Loss 0.5800 | Val MAE 2.0171
[P1] Ep 24: Loss 0.5754 | Val MAE 2.0463
[P1] Ep 25: Loss 0.5703 | Val MAE 1.9818
[P1] Ep 26: Loss 0.5607 | Val MAE 1.9730
[P1] Ep 27: Loss 0.5503 | Val MAE 1.9746
[P1] Ep 28: Loss 0.5515 | Val MAE 1.9558
[P1] Ep 29: Loss 0.5433 | Val MAE 1.9095
[P1] Ep 30: Loss 0.5372 | Val MAE 1.9482
[P1] Ep 31: Loss 0.5357 | Val MAE 1.9373
[P1] Ep 32: Loss 0.5225 | Val MAE 1.8659
[P1] Ep 33: Loss 0.5220 | Val MAE 1.7504
[P1] Ep 34: Loss 0.5048 | Val MAE 1.8850
[P1] Ep 35: Loss 0.5169 | Val MAE 1.8567
[P1] Ep 36: Loss 0.5033 | Val MAE 1.9325
[P1] Ep 37: Loss 0.4987 | Val MAE 1.9250
[P1] Ep 38: Loss 0.4867 | Val MAE 2.0044
[P1] Ep 39: Loss 0.4839 | Val MAE 1.8384
[P1] Ep 40: Loss 0.4869 | Val MAE 1.8798
[P1] Ep 41: Loss 0.4771 | Val MAE 1.7050
[P1] Ep 42: Loss 0.4737 | Val MAE 1.8564
[P1] Ep 43: Loss 0.4725 | Val MAE 2.0022
[P1] Ep 44: Loss 0.4639 | Val MAE 1.8848
[P1] Ep 45: Loss 0.4544 | Val MAE 1.9763
[P1] Ep 46: Loss 0.4576 | Val MAE 1.8948
[P1] Ep 47: Loss 0.4524 | Val MAE 2.1734
[P1] Ep 48: Loss 0.4499 | Val MAE 2.0356
[P1] Ep 49: Loss 0.4419 | Val MAE 1.8287
[P1] Ep 50: Loss 0.4330 | Val MAE 1.9812
[P1] Ep 51: Loss 0.4317 | Val MAE 1.8413
[P1] Ep 52: Loss 0.4284 | Val MAE 1.9352
[P1] Ep 53: Loss 0.4212 | Val MAE 1.9219
[P1] Ep 54: Loss 0.4185 | Val MAE 1.9006
[P1] Ep 55: Loss 0.4164 | Val MAE 1.8718
[P1] Ep 56: Loss 0.4147 | Val MAE 1.8566
[P1] Ep 57: Loss 0.4048 | Val MAE 1.7854
[P1] Ep 58: Loss 0.4006 | Val MAE 1.8839
[P1] Ep 59: Loss 0.3967 | Val MAE 1.9606
[P1] Ep 60: Loss 0.3969 | Val MAE 1.7887
[P1] Ep 61: Loss 0.3916 | Val MAE 1.7208
[P1] Ep 62: Loss 0.3880 | Val MAE 1.8398
[P1] Ep 63: Loss 0.3778 | Val MAE 1.9155
[P1] Ep 64: Loss 0.3788 | Val MAE 1.8082
[P1] Ep 65: Loss 0.3751 | Val MAE 1.7218
[P1] Ep 66: Loss 0.3707 | Val MAE 1.6948
[P1] Ep 67: Loss 0.3668 | Val MAE 1.8062
[P1] Ep 68: Loss 0.3641 | Val MAE 1.7242
[P1] Ep 69: Loss 0.3594 | Val MAE 1.9096
[P1] Ep 70: Loss 0.3557 | Val MAE 1.8327
[P1] Ep 71: Loss 0.3545 | Val MAE 1.8066
[P1] Ep 72: Loss 0.3517 | Val MAE 1.6936
[P1] Ep 73: Loss 0.3467 | Val MAE 1.7659
[P1] Ep 74: Loss 0.3370 | Val MAE 1.8059
[P1] Ep 75: Loss 0.3307 | Val MAE 1.6892
[P1] Ep 76: Loss 0.3303 | Val MAE 1.8475
[P1] Ep 77: Loss 0.3317 | Val MAE 1.7845
[P1] Ep 78: Loss 0.3219 | Val MAE 1.7583
[P1] Ep 79: Loss 0.3179 | Val MAE 1.9091
[P1] Ep 80: Loss 0.3130 | Val MAE 1.6437
[P1] Ep 81: Loss 0.3069 | Val MAE 1.7139
[P1] Ep 82: Loss 0.3071 | Val MAE 1.7024
[P1] Ep 83: Loss 0.3011 | Val MAE 1.8242
[P1] Ep 84: Loss 0.2977 | Val MAE 1.7010
[P1] Ep 85: Loss 0.2947 | Val MAE 1.6681
[P1] Ep 86: Loss 0.2903 | Val MAE 1.7134
[P1] Ep 87: Loss 0.2855 | Val MAE 1.6870
[P1] Ep 88: Loss 0.2859 | Val MAE 1.7901
[P1] Ep 89: Loss 0.2758 | Val MAE 1.6933
[P1] Ep 90: Loss 0.2810 | Val MAE 1.6900
[P1] Ep 91: Loss 0.2737 | Val MAE 1.7812
[P1] Ep 92: Loss 0.2738 | Val MAE 1.7474
[P1] Ep 93: Loss 0.2698 | Val MAE 1.7458
[P1] Ep 94: Loss 0.2686 | Val MAE 1.7221
[P1] Ep 95: Loss 0.2638 | Val MAE 1.6606
[P1] Ep 96: Loss 0.2601 | Val MAE 1.8127
[P1] Ep 97: Loss 0.2600 | Val MAE 1.7145
[P1] Ep 98: Loss 0.2562 | Val MAE 1.7482
[P1] Ep 99: Loss 0.2542 | Val MAE 1.7459
[P1] Ep 100: Loss 0.2491 | Val MAE 1.7325
[P1] Ep 101: Loss 0.2488 | Val MAE 1.7314
[P1] Ep 102: Loss 0.2455 | Val MAE 1.7309
[P1] Ep 103: Loss 0.2434 | Val MAE 1.6729
[P1] Ep 104: Loss 0.2406 | Val MAE 1.7589
[P1] Ep 105: Loss 0.2383 | Val MAE 1.7521
[P1] Ep 106: Loss 0.2355 | Val MAE 1.6767
[P1] Ep 107: Loss 0.2336 | Val MAE 1.7149
[P1] Ep 108: Loss 0.2295 | Val MAE 1.7140
[P1] Ep 109: Loss 0.2321 | Val MAE 1.6813
[P1] Ep 110: Loss 0.2313 | Val MAE 1.7029
[P1] Ep 111: Loss 0.2267 | Val MAE 1.6496
[P1] Ep 112: Loss 0.2234 | Val MAE 1.5926
[P1] Ep 113: Loss 0.2185 | Val MAE 1.6630
[P1] Ep 114: Loss 0.2228 | Val MAE 1.6855
[P1] Ep 115: Loss 0.2207 | Val MAE 1.6502
[P1] Ep 116: Loss 0.2139 | Val MAE 1.6239
[P1] Ep 117: Loss 0.2178 | Val MAE 1.7681
[P1] Ep 118: Loss 0.2114 | Val MAE 1.6026
[P1] Ep 119: Loss 0.2090 | Val MAE 1.7756
[P1] Ep 120: Loss 0.2134 | Val MAE 1.7739
[P1] Ep 121: Loss 0.2062 | Val MAE 1.7403
[P1] Ep 122: Loss 0.2072 | Val MAE 1.7169
[P1] Ep 123: Loss 0.2066 | Val MAE 1.6388
[P1] Ep 124: Loss 0.2030 | Val MAE 1.7486
[P1] Ep 125: Loss 0.1986 | Val MAE 1.8015
[P1] Ep 126: Loss 0.1976 | Val MAE 1.6627
[P1] Ep 127: Loss 0.1997 | Val MAE 1.6430
[P1] Ep 128: Loss 0.2011 | Val MAE 1.7492
[P1] Ep 129: Loss 0.1959 | Val MAE 1.6833
[P1] Ep 130: Loss 0.1928 | Val MAE 1.6849
[P1] Ep 131: Loss 0.1915 | Val MAE 1.6674
[P1] Ep 132: Loss 0.1909 | Val MAE 1.6824
[P1] Ep 133: Loss 0.1884 | Val MAE 1.6822
[P1] Ep 134: Loss 0.1850 | Val MAE 1.6634
[P1] Ep 135: Loss 0.1850 | Val MAE 1.6652
[P1] Ep 136: Loss 0.1832 | Val MAE 1.6781
[P1] Ep 137: Loss 0.1803 | Val MAE 1.7780
[P1] Ep 138: Loss 0.1785 | Val MAE 1.7340
[P1] Ep 139: Loss 0.1810 | Val MAE 1.8297
[P1] Ep 140: Loss 0.1810 | Val MAE 1.6519
[P1] Ep 141: Loss 0.1763 | Val MAE 1.7268
[P1] Ep 142: Loss 0.1738 | Val MAE 1.6876
[P1] Ep 143: Loss 0.1714 | Val MAE 1.7662
[P1] Ep 144: Loss 0.1721 | Val MAE 1.7578
[P1] Ep 145: Loss 0.1725 | Val MAE 1.7451
[P1] Ep 146: Loss 0.1712 | Val MAE 1.8042
[P1] Ep 147: Loss 0.1643 | Val MAE 1.7376
[P1] Ep 148: Loss 0.1686 | Val MAE 1.6920
[P1] Ep 149: Loss 0.1663 | Val MAE 1.7606
[P1] Ep 150: Loss 0.1602 | Val MAE 1.6615
[P1] Ep 151: Loss 0.1598 | Val MAE 1.7918
[P1] Ep 152: Loss 0.1602 | Val MAE 1.6867
[P1] Ep 153: Loss 0.1617 | Val MAE 1.8191
[P1] Ep 154: Loss 0.1592 | Val MAE 1.7613
[P1] Ep 155: Loss 0.1569 | Val MAE 1.7687
[P1] Ep 156: Loss 0.1587 | Val MAE 1.8189
[P1] Ep 157: Loss 0.1547 | Val MAE 1.7677
[P1] Ep 158: Loss 0.1513 | Val MAE 1.6593
[P1] Ep 159: Loss 0.1522 | Val MAE 1.7166
[P1] Ep 160: Loss 0.1473 | Val MAE 1.7265
[P1] Ep 161: Loss 0.1493 | Val MAE 1.7997
[P1] Ep 162: Loss 0.1473 | Val MAE 1.7818
[P1] Ep 163: Loss 0.1489 | Val MAE 1.7339
[P1] Ep 164: Loss 0.1435 | Val MAE 1.7342
[P1] Ep 165: Loss 0.1458 | Val MAE 1.7961
[P1] Ep 166: Loss 0.1419 | Val MAE 1.6945
[P1] Ep 167: Loss 0.1425 | Val MAE 1.7399
[P1] Ep 168: Loss 0.1428 | Val MAE 1.8443
[P1] Ep 169: Loss 0.1411 | Val MAE 1.7900
[P1] Ep 170: Loss 0.1410 | Val MAE 1.7735
[P1] Ep 171: Loss 0.1383 | Val MAE 1.8031
[P1] Ep 172: Loss 0.1361 | Val MAE 1.7822
[P1] Ep 173: Loss 0.1354 | Val MAE 1.8209
[P1] Ep 174: Loss 0.1357 | Val MAE 1.8217
[P1] Ep 175: Loss 0.1335 | Val MAE 1.8117
[P1] Ep 176: Loss 0.1360 | Val MAE 1.7662
[P1] Ep 177: Loss 0.1299 | Val MAE 1.8407
[P1] Ep 178: Loss 0.1304 | Val MAE 1.8636
[P1] Ep 179: Loss 0.1306 | Val MAE 1.8392
[P1] Ep 180: Loss 0.1288 | Val MAE 1.8611
[P1] Ep 181: Loss 0.1274 | Val MAE 1.8272
[P1] Ep 182: Loss 0.1267 | Val MAE 1.8211
[P1] Ep 183: Loss 0.1252 | Val MAE 1.7743
[P1] Ep 184: Loss 0.1259 | Val MAE 1.7547
[P1] Ep 185: Loss 0.1252 | Val MAE 1.7870
[P1] Ep 186: Loss 0.1243 | Val MAE 1.8208
[P1] Ep 187: Loss 0.1233 | Val MAE 1.7934
[P1] Ep 188: Loss 0.1255 | Val MAE 1.8142
[P1] Ep 189: Loss 0.1196 | Val MAE 1.8166
[P1] Ep 190: Loss 0.1211 | Val MAE 1.7581
[P1] Ep 191: Loss 0.1193 | Val MAE 1.8165
[P1] Ep 192: Loss 0.1211 | Val MAE 1.7021
[P1] Ep 193: Loss 0.1206 | Val MAE 1.8911
[P1] Ep 194: Loss 0.1187 | Val MAE 1.7766
[P1] Ep 195: Loss 0.1164 | Val MAE 1.8583
[P1] Ep 196: Loss 0.1199 | Val MAE 1.8283
[P1] Ep 197: Loss 0.1144 | Val MAE 1.8110
[P1] Ep 198: Loss 0.1158 | Val MAE 1.8720
[P1] Ep 199: Loss 0.1139 | Val MAE 1.8107
[P1] Ep 200: Loss 0.1146 | Val MAE 1.8352

=== Phase 2: Target Fine-tuning ===
Freezing backbone layers...
[FT] Ep 1: Loss 7.8403 | Val MAE 1.5704 CI 0.5965
[FT] Ep 2: Loss 7.0325 | Val MAE 1.4989 CI 0.6140
[FT] Ep 3: Loss 7.0802 | Val MAE 1.4324 CI 0.6199
[FT] Ep 4: Loss 6.2917 | Val MAE 1.3893 CI 0.6433
[FT] Ep 5: Loss 6.2930 | Val MAE 1.3672 CI 0.6608
[FT] Ep 6: Loss 6.2270 | Val MAE 1.3475 CI 0.6608
[FT] Ep 7: Loss 5.6848 | Val MAE 1.3369 CI 0.6784
[FT] Ep 8: Loss 5.7296 | Val MAE 1.3278 CI 0.7076
[FT] Ep 9: Loss 5.4418 | Val MAE 1.3266 CI 0.7193
[FT] Ep 10: Loss 5.3906 | Val MAE 1.3313 CI 0.7544
[FT] Ep 11: Loss 5.4609 | Val MAE 1.3310 CI 0.7602
[FT] Ep 12: Loss 5.2515 | Val MAE 1.3349 CI 0.7836
[FT] Ep 13: Loss 5.2886 | Val MAE 1.3414 CI 0.7661
[FT] Ep 14: Loss 4.7500 | Val MAE 1.3476 CI 0.7661
[FT] Ep 15: Loss 4.9152 | Val MAE 1.3540 CI 0.7661
[FT] Ep 16: Loss 4.7709 | Val MAE 1.3632 CI 0.7836
[FT] Ep 17: Loss 4.5227 | Val MAE 1.3627 CI 0.7719
[FT] Ep 18: Loss 4.5389 | Val MAE 1.3604 CI 0.7661
[FT] Ep 19: Loss 4.5460 | Val MAE 1.3599 CI 0.7544
[FT] Ep 20: Loss 4.4297 | Val MAE 1.3578 CI 0.7485
[FT] Ep 21: Loss 4.4204 | Val MAE 1.3521 CI 0.7485
[FT] Ep 22: Loss 4.4970 | Val MAE 1.3464 CI 0.7427
[FT] Ep 23: Loss 4.3952 | Val MAE 1.3442 CI 0.7368
[FT] Ep 24: Loss 4.3339 | Val MAE 1.3471 CI 0.7427
[FT] Ep 25: Loss 4.3408 | Val MAE 1.3525 CI 0.7310
[FT] Ep 26: Loss 4.1617 | Val MAE 1.3511 CI 0.7310
[FT] Ep 27: Loss 4.0108 | Val MAE 1.3572 CI 0.7310
[FT] Ep 28: Loss 4.1335 | Val MAE 1.3580 CI 0.7193
[FT] Ep 29: Loss 3.9106 | Val MAE 1.3582 CI 0.7193
[FT] Ep 30: Loss 4.0809 | Val MAE 1.3552 CI 0.7135
[FT] Ep 31: Loss 3.7078 | Val MAE 1.3527 CI 0.7193
[FT] Ep 32: Loss 3.7357 | Val MAE 1.3528 CI 0.7135
[FT] Ep 33: Loss 3.6842 | Val MAE 1.3516 CI 0.7135
[FT] Ep 34: Loss 3.5683 | Val MAE 1.3520 CI 0.7076
[FT] Ep 35: Loss 3.5955 | Val MAE 1.3465 CI 0.7135
[FT] Ep 36: Loss 3.4098 | Val MAE 1.3410 CI 0.7135
[FT] Ep 37: Loss 3.8110 | Val MAE 1.3347 CI 0.7018
[FT] Ep 38: Loss 3.4399 | Val MAE 1.3336 CI 0.6959
[FT] Ep 39: Loss 3.4327 | Val MAE 1.3348 CI 0.6959
[FT] Ep 40: Loss 3.3386 | Val MAE 1.3355 CI 0.6959
[FT] Ep 41: Loss 3.3079 | Val MAE 1.3263 CI 0.6842
[FT] Ep 42: Loss 3.2857 | Val MAE 1.3297 CI 0.6842
[FT] Ep 43: Loss 3.2518 | Val MAE 1.3314 CI 0.6784
[FT] Ep 44: Loss 3.1334 | Val MAE 1.3269 CI 0.6667
[FT] Ep 45: Loss 3.4360 | Val MAE 1.3167 CI 0.6667
[FT] Ep 46: Loss 3.1097 | Val MAE 1.3140 CI 0.6550
[FT] Ep 47: Loss 3.2052 | Val MAE 1.3132 CI 0.6608
[FT] Ep 48: Loss 2.9824 | Val MAE 1.3079 CI 0.6608
[FT] Ep 49: Loss 2.8482 | Val MAE 1.3056 CI 0.6608
[FT] Ep 50: Loss 2.7820 | Val MAE 1.3049 CI 0.6608
[FT] Ep 51: Loss 2.9611 | Val MAE 1.3037 CI 0.6608
[FT] Ep 52: Loss 2.9014 | Val MAE 1.3074 CI 0.6667
[FT] Ep 53: Loss 2.9590 | Val MAE 1.3092 CI 0.6550
[FT] Ep 54: Loss 2.8673 | Val MAE 1.3105 CI 0.6550
[FT] Ep 55: Loss 3.0452 | Val MAE 1.3097 CI 0.6550
[FT] Ep 56: Loss 2.5030 | Val MAE 1.3094 CI 0.6491
[FT] Ep 57: Loss 2.8456 | Val MAE 1.3126 CI 0.6491
[FT] Ep 58: Loss 2.8466 | Val MAE 1.3145 CI 0.6550
[FT] Ep 59: Loss 2.8030 | Val MAE 1.3120 CI 0.6550
[FT] Ep 60: Loss 2.3062 | Val MAE 1.3170 CI 0.6550
[FT] Ep 61: Loss 2.5193 | Val MAE 1.3213 CI 0.6550
[FT] Ep 62: Loss 2.3643 | Val MAE 1.3283 CI 0.6550
[FT] Ep 63: Loss 2.3223 | Val MAE 1.3323 CI 0.6491
[FT] Ep 64: Loss 2.3268 | Val MAE 1.3344 CI 0.6316
[FT] Ep 65: Loss 2.3115 | Val MAE 1.3350 CI 0.6257
[FT] Ep 66: Loss 2.4958 | Val MAE 1.3361 CI 0.6257
[FT] Ep 67: Loss 2.3161 | Val MAE 1.3391 CI 0.6257
[FT] Ep 68: Loss 2.2558 | Val MAE 1.3375 CI 0.6316
[FT] Ep 69: Loss 2.2439 | Val MAE 1.3322 CI 0.6316
[FT] Ep 70: Loss 2.4789 | Val MAE 1.3290 CI 0.6316
[FT] Ep 71: Loss 2.1973 | Val MAE 1.3332 CI 0.6433
[FT] Ep 72: Loss 2.4314 | Val MAE 1.3314 CI 0.6433
[FT] Ep 73: Loss 2.2567 | Val MAE 1.3390 CI 0.6433
[FT] Ep 74: Loss 2.0470 | Val MAE 1.3260 CI 0.6374
[FT] Ep 75: Loss 2.1366 | Val MAE 1.3247 CI 0.6491
[FT] Ep 76: Loss 2.3187 | Val MAE 1.3333 CI 0.6257
[FT] Ep 77: Loss 1.9736 | Val MAE 1.3470 CI 0.6257
[FT] Ep 78: Loss 2.1433 | Val MAE 1.3501 CI 0.6257
[FT] Ep 79: Loss 1.8633 | Val MAE 1.3565 CI 0.6257
[FT] Ep 80: Loss 1.9985 | Val MAE 1.3545 CI 0.6316
[FT] Ep 81: Loss 2.0172 | Val MAE 1.3555 CI 0.6316
[FT] Ep 82: Loss 2.1579 | Val MAE 1.3489 CI 0.6257
[FT] Ep 83: Loss 1.9104 | Val MAE 1.3322 CI 0.6316
[FT] Ep 84: Loss 1.8560 | Val MAE 1.3225 CI 0.6374
[FT] Ep 85: Loss 1.9947 | Val MAE 1.3198 CI 0.6374
[FT] Ep 86: Loss 1.8242 | Val MAE 1.3217 CI 0.6433
[FT] Ep 87: Loss 1.9838 | Val MAE 1.3324 CI 0.6374
[FT] Ep 88: Loss 1.5521 | Val MAE 1.3407 CI 0.6374
[FT] Ep 89: Loss 1.7519 | Val MAE 1.3431 CI 0.6374
[FT] Ep 90: Loss 1.7482 | Val MAE 1.3500 CI 0.6316
[FT] Ep 91: Loss 1.7935 | Val MAE 1.3629 CI 0.6316
[FT] Ep 92: Loss 1.8204 | Val MAE 1.3764 CI 0.6316
[FT] Ep 93: Loss 1.5705 | Val MAE 1.3849 CI 0.6257
[FT] Ep 94: Loss 1.8338 | Val MAE 1.3852 CI 0.6140
[FT] Ep 95: Loss 1.7096 | Val MAE 1.3832 CI 0.6140
[FT] Ep 96: Loss 1.6359 | Val MAE 1.3779 CI 0.6140
[FT] Ep 97: Loss 1.4897 | Val MAE 1.3857 CI 0.6140
[FT] Ep 98: Loss 1.6085 | Val MAE 1.3893 CI 0.6140
[FT] Ep 99: Loss 1.5696 | Val MAE 1.3921 CI 0.6199
[FT] Ep 100: Loss 1.6084 | Val MAE 1.3770 CI 0.6140
[FT] Ep 101: Loss 1.6206 | Val MAE 1.3647 CI 0.6199
Early stopping triggered.

>>> Final Test Evaluation
------------------------------------------------------------
[BASELINE RESULT] Method: Full
   MAE:  1.3412
   RMSE: 1.6921
   CI:   0.6105
   RM2:  0.0951
   MAPE: 24.73 %
   Acc:  35.00 %
------------------------------------------------------------
