--- Enthalpy Baseline: Full (Ratio: 0.2) ---
Loading datasets...
Processing ../enthalpy/atct.csv...
-> Loaded 358 valid molecules from 358 rows.
Processing ../enthalpy/wudily_cho.csv...
-> Loaded 6074 valid molecules from 6074 rows.
Target Stats: Mean=14.00, Std=51.68

=== Phase 1: Source Pre-training ===
[P1] Ep 10: Loss 1.3542 | Val MAE 147.0910
[P1] Ep 20: Loss 0.4415 | Val MAE 306.0107
[P1] Ep 30: Loss 0.2210 | Val MAE 324.8213
[P1] Ep 40: Loss 0.1668 | Val MAE 367.5780
[P1] Ep 50: Loss 0.1308 | Val MAE 359.6833
[P1] Ep 60: Loss 0.1131 | Val MAE 243.1402
[P1] Ep 70: Loss 0.1022 | Val MAE 364.9447
[P1] Ep 80: Loss 0.0881 | Val MAE 178.5926
[P1] Ep 90: Loss 0.0760 | Val MAE 386.5956
[P1] Ep 100: Loss 0.0690 | Val MAE 432.3038
[P1] Ep 110: Loss 0.0672 | Val MAE 461.9470
[P1] Ep 120: Loss 0.0624 | Val MAE 584.6783
[P1] Ep 130: Loss 0.0557 | Val MAE 311.2128
[P1] Ep 140: Loss 0.0500 | Val MAE 599.3290
[P1] Ep 150: Loss 0.0513 | Val MAE 746.2602
[P1] Ep 160: Loss 0.0520 | Val MAE 796.7440
[P1] Ep 170: Loss 0.0483 | Val MAE 1114.1824
[P1] Ep 180: Loss 0.0452 | Val MAE 937.0544
[P1] Ep 190: Loss 0.0464 | Val MAE 961.0761
[P1] Ep 200: Loss 0.0415 | Val MAE 753.6027
[P1] Ep 210: Loss 0.0411 | Val MAE 889.2685
[P1] Ep 220: Loss 0.0405 | Val MAE 793.8852
[P1] Ep 230: Loss 0.0355 | Val MAE 899.3553
[P1] Ep 240: Loss 0.0372 | Val MAE 775.8171
[P1] Ep 250: Loss 0.0364 | Val MAE 968.9724
[P1] Ep 260: Loss 0.0383 | Val MAE 873.4800
[P1] Ep 270: Loss 0.0328 | Val MAE 933.0690
[P1] Ep 280: Loss 0.0321 | Val MAE 929.6939
[P1] Ep 290: Loss 0.0354 | Val MAE 744.7963
[P1] Ep 300: Loss 0.0339 | Val MAE 953.0261
[P1] Ep 310: Loss 0.0369 | Val MAE 667.3312
[P1] Ep 320: Loss 0.0331 | Val MAE 717.0391
[P1] Ep 330: Loss 0.0322 | Val MAE 708.8347
[P1] Ep 340: Loss 0.0292 | Val MAE 610.6019
[P1] Ep 350: Loss 0.0324 | Val MAE 586.1613
[P1] Ep 360: Loss 0.0300 | Val MAE 607.0272
[P1] Ep 370: Loss 0.0297 | Val MAE 578.8983
[P1] Ep 380: Loss 0.0312 | Val MAE 798.5451
[P1] Ep 390: Loss 0.0288 | Val MAE 675.2010
[P1] Ep 400: Loss 0.0364 | Val MAE 780.8490
[P1] Ep 410: Loss 0.0266 | Val MAE 722.4357
[P1] Ep 420: Loss 0.0259 | Val MAE 959.9094
[P1] Ep 430: Loss 0.0274 | Val MAE 964.1027
[P1] Ep 440: Loss 0.0278 | Val MAE 976.6676
[P1] Ep 450: Loss 0.0299 | Val MAE 1289.8146
[P1] Ep 460: Loss 0.0242 | Val MAE 1086.9489
[P1] Ep 470: Loss 0.0296 | Val MAE 1229.2297
[P1] Ep 480: Loss 0.0255 | Val MAE 1148.6088
[P1] Ep 490: Loss 0.0240 | Val MAE 1076.7539
[P1] Ep 500: Loss 0.0250 | Val MAE 1242.4668

=== Phase 2: Target Fine-tuning ===
[FT] Ep 10: Loss 2.1407 | Val MAE 44.5636
[FT] Ep 20: Loss 0.9384 | Val MAE 32.5806
[FT] Ep 30: Loss 0.8488 | Val MAE 36.8862
[FT] Ep 40: Loss 0.8056 | Val MAE 30.9472
[FT] Ep 50: Loss 0.6792 | Val MAE 36.4761
[FT] Ep 60: Loss 0.6938 | Val MAE 32.1108
[FT] Ep 70: Loss 0.6723 | Val MAE 31.9357
[FT] Ep 80: Loss 0.6458 | Val MAE 32.1110
[FT] Ep 90: Loss 0.7211 | Val MAE 34.9110
[FT] Ep 100: Loss 0.6086 | Val MAE 33.4457
[FT] Ep 110: Loss 0.6543 | Val MAE 37.9438
[FT] Ep 120: Loss 0.6460 | Val MAE 33.6821
[FT] Ep 130: Loss 0.5931 | Val MAE 31.0436
[FT] Ep 140: Loss 0.5889 | Val MAE 31.8786
[FT] Ep 150: Loss 0.6479 | Val MAE 27.5492
[FT] Ep 160: Loss 0.5439 | Val MAE 36.1696
[FT] Ep 170: Loss 0.5778 | Val MAE 31.6368
[FT] Ep 180: Loss 0.5768 | Val MAE 29.8785
[FT] Ep 190: Loss 0.6012 | Val MAE 38.4433
[FT] Ep 200: Loss 0.5624 | Val MAE 30.1059
[FT] Ep 210: Loss 0.5893 | Val MAE 28.4602
[FT] Ep 220: Loss 0.5965 | Val MAE 34.1607
[FT] Ep 230: Loss 0.5307 | Val MAE 31.1803
[FT] Ep 240: Loss 0.5185 | Val MAE 31.0698
[FT] Ep 250: Loss 0.5310 | Val MAE 32.0801
[FT] Ep 260: Loss 0.5110 | Val MAE 33.1995
[FT] Ep 270: Loss 0.4959 | Val MAE 35.4371
[FT] Ep 280: Loss 0.5062 | Val MAE 36.8619
[FT] Ep 290: Loss 0.5602 | Val MAE 30.0616
[FT] Ep 300: Loss 0.4900 | Val MAE 32.8894
[FT] Ep 310: Loss 0.5044 | Val MAE 32.5791
Early stopping triggered.

>>> Testing Final Model...
------------------------------------------------------------
[BASELINE RESULT] Method: Full
   MAE:  27.3830
   RMSE: 39.7122
   MAPE: 88.06 %
   Acc:  13.89 %
------------------------------------------------------------
