--- Enthalpy Baseline: Glister (Ratio: 0.2) ---
Loading datasets...
Processing ../enthalpy/atct.csv...
-> Loaded 358 valid molecules from 358 rows.
Processing ../enthalpy/wudily_cho.csv...
-> Loaded 6074 valid molecules from 6074 rows.
Target Stats: Mean=14.00, Std=51.68

>>> [Stage 0] Sampling...

[Sampler] Running Glister | Target: 1214/6074 (20.0%)
Scanning Source (Glister):   0%|          | 0/6 [00:00<?, ?it/s]Scanning Source (Glister):  17%|█▋        | 1/6 [00:01<00:06,  1.31s/it]Scanning Source (Glister):  33%|███▎      | 2/6 [00:02<00:05,  1.29s/it]Scanning Source (Glister):  50%|█████     | 3/6 [00:03<00:03,  1.20s/it]Scanning Source (Glister):  67%|██████▋   | 4/6 [00:04<00:02,  1.20s/it]Scanning Source (Glister):  83%|████████▎ | 5/6 [00:06<00:01,  1.22s/it]Scanning Source (Glister): 100%|██████████| 6/6 [00:07<00:00,  1.39s/it]                                                                           Scanning Target...
Scanning Target:   0%|          | 0/1 [00:00<?, ?it/s]Scanning Target: 100%|██████████| 1/1 [00:00<00:00,  4.19it/s]                                                              -> Source reduced: 6074 -> 1214

=== Phase 1: Source Pre-training ===
[P1] Ep 10: Loss 1.1988 | Val MAE 78.7583
[P1] Ep 20: Loss 0.4560 | Val MAE 117.8502
[P1] Ep 30: Loss 0.2523 | Val MAE 140.9167
[P1] Ep 40: Loss 0.1800 | Val MAE 128.6056
[P1] Ep 50: Loss 0.1487 | Val MAE 126.5260
[P1] Ep 60: Loss 0.1642 | Val MAE 114.9806
[P1] Ep 70: Loss 0.1015 | Val MAE 132.6163
[P1] Ep 80: Loss 0.0923 | Val MAE 126.8901
[P1] Ep 90: Loss 0.1012 | Val MAE 119.9404
[P1] Ep 100: Loss 0.0878 | Val MAE 132.1515
[P1] Ep 110: Loss 0.1195 | Val MAE 114.4701
[P1] Ep 120: Loss 0.0838 | Val MAE 103.8344
[P1] Ep 130: Loss 0.0971 | Val MAE 64.7507
[P1] Ep 140: Loss 0.0687 | Val MAE 102.1717
[P1] Ep 150: Loss 0.0728 | Val MAE 81.2992
[P1] Ep 160: Loss 0.0771 | Val MAE 90.1942
[P1] Ep 170: Loss 0.1035 | Val MAE 116.7859
[P1] Ep 180: Loss 0.0589 | Val MAE 119.2735
[P1] Ep 190: Loss 0.0687 | Val MAE 117.1716
[P1] Ep 200: Loss 0.1265 | Val MAE 108.5509
[P1] Ep 210: Loss 0.0716 | Val MAE 112.3906
[P1] Ep 220: Loss 0.0537 | Val MAE 80.4593
[P1] Ep 230: Loss 0.0661 | Val MAE 103.6414
[P1] Ep 240: Loss 0.0524 | Val MAE 97.7857
[P1] Ep 250: Loss 0.0603 | Val MAE 92.9304
[P1] Ep 260: Loss 0.0672 | Val MAE 83.3033
[P1] Ep 270: Loss 0.0447 | Val MAE 112.0587
[P1] Ep 280: Loss 0.0597 | Val MAE 77.1548
[P1] Ep 290: Loss 0.0576 | Val MAE 117.4048
[P1] Ep 300: Loss 0.0502 | Val MAE 115.9612
[P1] Ep 310: Loss 0.0587 | Val MAE 120.0843
[P1] Ep 320: Loss 0.0472 | Val MAE 111.0250
[P1] Ep 330: Loss 0.0456 | Val MAE 118.4391
[P1] Ep 340: Loss 0.0502 | Val MAE 119.8718
[P1] Ep 350: Loss 0.0257 | Val MAE 130.3871
[P1] Ep 360: Loss 0.0312 | Val MAE 136.7552
[P1] Ep 370: Loss 0.0285 | Val MAE 140.8069
[P1] Ep 380: Loss 0.0346 | Val MAE 146.4523
[P1] Ep 390: Loss 0.0468 | Val MAE 130.2866
[P1] Ep 400: Loss 0.0409 | Val MAE 140.1003
[P1] Ep 410: Loss 0.0512 | Val MAE 168.2759
[P1] Ep 420: Loss 0.0299 | Val MAE 122.4863
[P1] Ep 430: Loss 0.0300 | Val MAE 140.3663
[P1] Ep 440: Loss 0.0317 | Val MAE 111.9996
[P1] Ep 450: Loss 0.0215 | Val MAE 118.7845
[P1] Ep 460: Loss 0.0245 | Val MAE 128.1311
[P1] Ep 470: Loss 0.0223 | Val MAE 122.9946
[P1] Ep 480: Loss 0.0244 | Val MAE 130.3815
[P1] Ep 490: Loss 0.0216 | Val MAE 118.8674
[P1] Ep 500: Loss 0.0365 | Val MAE 121.7085

=== Phase 2: Target Fine-tuning ===
[FT] Ep 10: Loss 0.8595 | Val MAE 36.7740
[FT] Ep 20: Loss 0.8202 | Val MAE 36.0701
[FT] Ep 30: Loss 0.6367 | Val MAE 37.3277
[FT] Ep 40: Loss 0.7630 | Val MAE 33.6347
[FT] Ep 50: Loss 0.7377 | Val MAE 29.2831
[FT] Ep 60: Loss 0.6745 | Val MAE 36.4187
[FT] Ep 70: Loss 0.6538 | Val MAE 35.2013
[FT] Ep 80: Loss 0.5797 | Val MAE 31.8356
[FT] Ep 90: Loss 0.5939 | Val MAE 32.5406
[FT] Ep 100: Loss 0.6239 | Val MAE 32.3900
[FT] Ep 110: Loss 0.6175 | Val MAE 30.3952
[FT] Ep 120: Loss 0.5560 | Val MAE 35.0887
[FT] Ep 130: Loss 0.5695 | Val MAE 30.7915
[FT] Ep 140: Loss 0.5123 | Val MAE 34.0559
[FT] Ep 150: Loss 0.5325 | Val MAE 29.4046
[FT] Ep 160: Loss 0.5408 | Val MAE 36.8227
[FT] Ep 170: Loss 0.5533 | Val MAE 28.1760
[FT] Ep 180: Loss 0.4937 | Val MAE 37.5637
[FT] Ep 190: Loss 0.5124 | Val MAE 34.8801
[FT] Ep 200: Loss 0.5306 | Val MAE 36.3710
[FT] Ep 210: Loss 0.5354 | Val MAE 36.3420
[FT] Ep 220: Loss 0.5098 | Val MAE 30.7036
[FT] Ep 230: Loss 0.5409 | Val MAE 27.9096
[FT] Ep 240: Loss 0.4821 | Val MAE 33.6347
[FT] Ep 250: Loss 0.5158 | Val MAE 34.5839
[FT] Ep 260: Loss 0.4560 | Val MAE 32.4148
[FT] Ep 270: Loss 0.4606 | Val MAE 36.1310
[FT] Ep 280: Loss 0.4591 | Val MAE 33.4219
[FT] Ep 290: Loss 0.4557 | Val MAE 34.7202
[FT] Ep 300: Loss 0.4903 | Val MAE 36.9726
[FT] Ep 310: Loss 0.4416 | Val MAE 31.4285
[FT] Ep 320: Loss 0.4361 | Val MAE 34.1881
[FT] Ep 330: Loss 0.4300 | Val MAE 33.2931
[FT] Ep 340: Loss 0.4366 | Val MAE 32.4329
[FT] Ep 350: Loss 0.4122 | Val MAE 30.1211
[FT] Ep 360: Loss 0.4279 | Val MAE 34.7687
[FT] Ep 370: Loss 0.4354 | Val MAE 33.6923
[FT] Ep 380: Loss 0.4253 | Val MAE 32.1472
[FT] Ep 390: Loss 0.4789 | Val MAE 32.6358
[FT] Ep 400: Loss 0.3538 | Val MAE 34.0212
[FT] Ep 410: Loss 0.3912 | Val MAE 33.4439
[FT] Ep 420: Loss 0.4237 | Val MAE 34.5808
[FT] Ep 430: Loss 0.4181 | Val MAE 34.4590
[FT] Ep 440: Loss 0.4265 | Val MAE 33.3089
[FT] Ep 450: Loss 0.4390 | Val MAE 35.2964
[FT] Ep 460: Loss 0.3509 | Val MAE 34.5080
[FT] Ep 470: Loss 0.3856 | Val MAE 34.6276
Early stopping triggered.

>>> Testing Final Model...
------------------------------------------------------------
[BASELINE RESULT] Method: Glister
   MAE:  27.6999
   RMSE: 40.5935
   MAPE: 116.04 %
   Acc:  19.44 %
------------------------------------------------------------
