--- Enthalpy Baseline: Least Confidence (Ratio: 0.2) ---
Loading datasets...
Processing ../enthalpy/atct.csv...
-> Loaded 358 valid molecules from 358 rows.
Processing ../enthalpy/wudily_cho.csv...
-> Loaded 6074 valid molecules from 6074 rows.
Target Stats: Mean=14.00, Std=51.68

>>> [Stage 0] Sampling...

[Sampler] Running Least Confidence | Target: 1214/6074 (20.0%)
Scanning Source (Least Confidence):   0%|          | 0/6 [00:00<?, ?it/s]Scanning Source (Least Confidence):  17%|█▋        | 1/6 [00:01<00:08,  1.65s/it]Scanning Source (Least Confidence):  33%|███▎      | 2/6 [00:03<00:07,  1.92s/it]Scanning Source (Least Confidence):  50%|█████     | 3/6 [00:05<00:04,  1.63s/it]Scanning Source (Least Confidence):  67%|██████▋   | 4/6 [00:06<00:03,  1.51s/it]Scanning Source (Least Confidence):  83%|████████▎ | 5/6 [00:07<00:01,  1.53s/it]Scanning Source (Least Confidence): 100%|██████████| 6/6 [00:10<00:00,  1.80s/it]                                                                                 -> Source reduced: 6074 -> 1214

=== Phase 1: Source Pre-training ===
[P1] Ep 10: Loss 0.9837 | Val MAE 110.0228
[P1] Ep 20: Loss 0.3740 | Val MAE 94.4949
[P1] Ep 30: Loss 0.2521 | Val MAE 69.6654
[P1] Ep 40: Loss 0.2889 | Val MAE 38.8240
[P1] Ep 50: Loss 0.1639 | Val MAE 64.4404
[P1] Ep 60: Loss 0.1263 | Val MAE 55.8465
[P1] Ep 70: Loss 0.1191 | Val MAE 51.1801
[P1] Ep 80: Loss 0.0886 | Val MAE 46.7507
[P1] Ep 90: Loss 0.1027 | Val MAE 54.3383
[P1] Ep 100: Loss 0.0898 | Val MAE 41.2449
[P1] Ep 110: Loss 0.0899 | Val MAE 50.4600
[P1] Ep 120: Loss 0.0940 | Val MAE 51.9332
[P1] Ep 130: Loss 0.0757 | Val MAE 57.1745
[P1] Ep 140: Loss 0.0734 | Val MAE 62.4551
[P1] Ep 150: Loss 0.0901 | Val MAE 81.3745
[P1] Ep 160: Loss 0.1710 | Val MAE 40.1399
[P1] Ep 170: Loss 0.1055 | Val MAE 52.4739
[P1] Ep 180: Loss 0.0672 | Val MAE 80.2073
[P1] Ep 190: Loss 0.0991 | Val MAE 61.9460
[P1] Ep 200: Loss 0.0982 | Val MAE 54.9268
[P1] Ep 210: Loss 0.1663 | Val MAE 43.8610
[P1] Ep 220: Loss 0.0741 | Val MAE 49.3550
[P1] Ep 230: Loss 0.0643 | Val MAE 64.7531
[P1] Ep 240: Loss 0.0758 | Val MAE 51.4286
[P1] Ep 250: Loss 0.0588 | Val MAE 41.2381
[P1] Ep 260: Loss 0.0787 | Val MAE 48.6576
[P1] Ep 270: Loss 0.0490 | Val MAE 46.3337
[P1] Ep 280: Loss 0.0403 | Val MAE 35.8655
[P1] Ep 290: Loss 0.0526 | Val MAE 31.1655
[P1] Ep 300: Loss 0.0475 | Val MAE 43.5439
[P1] Ep 310: Loss 0.0444 | Val MAE 32.5714
[P1] Ep 320: Loss 0.0415 | Val MAE 44.5748
[P1] Ep 330: Loss 0.0375 | Val MAE 49.6268
[P1] Ep 340: Loss 0.0294 | Val MAE 34.0547
[P1] Ep 350: Loss 0.0467 | Val MAE 43.7506
[P1] Ep 360: Loss 0.0306 | Val MAE 30.3396
[P1] Ep 370: Loss 0.0319 | Val MAE 29.8455
[P1] Ep 380: Loss 0.0346 | Val MAE 51.3196
[P1] Ep 390: Loss 0.0324 | Val MAE 37.2848
[P1] Ep 400: Loss 0.0375 | Val MAE 68.5145
[P1] Ep 410: Loss 0.0474 | Val MAE 43.1030
[P1] Ep 420: Loss 0.0248 | Val MAE 41.0053
[P1] Ep 430: Loss 0.0262 | Val MAE 51.2860
[P1] Ep 440: Loss 0.0383 | Val MAE 35.3027
[P1] Ep 450: Loss 0.0221 | Val MAE 58.2822
[P1] Ep 460: Loss 0.0348 | Val MAE 72.0942
[P1] Ep 470: Loss 0.0222 | Val MAE 90.3373
[P1] Ep 480: Loss 0.0300 | Val MAE 90.8073
[P1] Ep 490: Loss 0.0261 | Val MAE 82.7309
[P1] Ep 500: Loss 0.0230 | Val MAE 83.3970

=== Phase 2: Target Fine-tuning ===
[FT] Ep 10: Loss 0.6971 | Val MAE 35.3017
[FT] Ep 20: Loss 0.7262 | Val MAE 31.7312
[FT] Ep 30: Loss 0.7061 | Val MAE 34.6363
[FT] Ep 40: Loss 0.6614 | Val MAE 33.5585
[FT] Ep 50: Loss 0.5930 | Val MAE 31.6860
[FT] Ep 60: Loss 0.5585 | Val MAE 30.5518
[FT] Ep 70: Loss 0.5636 | Val MAE 31.2641
[FT] Ep 80: Loss 0.5846 | Val MAE 33.3403
[FT] Ep 90: Loss 0.5303 | Val MAE 30.2256
[FT] Ep 100: Loss 0.5129 | Val MAE 32.2296
[FT] Ep 110: Loss 0.4450 | Val MAE 35.4695
[FT] Ep 120: Loss 0.4613 | Val MAE 33.8961
[FT] Ep 130: Loss 0.4833 | Val MAE 30.7717
[FT] Ep 140: Loss 0.4861 | Val MAE 32.2860
[FT] Ep 150: Loss 0.4777 | Val MAE 32.8115
[FT] Ep 160: Loss 0.4926 | Val MAE 32.8667
[FT] Ep 170: Loss 0.4873 | Val MAE 31.8819
[FT] Ep 180: Loss 0.4284 | Val MAE 33.2195
Early stopping triggered.

>>> Testing Final Model...
------------------------------------------------------------
[BASELINE RESULT] Method: Least Confidence
   MAE:  27.9806
   RMSE: 38.6428
   MAPE: 91.07 %
   Acc:  13.89 %
------------------------------------------------------------
