--- Baseline MLP Pipeline (Method: CSIE) ---
Loading data from:
  Theory: ../bandgap/theory_features_clean.csv
  Exp: ../bandgap/exp_features_clean.csv
Full Source Data: 7908 | Target Train: 632
Initializing ResNet Baseline (Dim=128)...

=== Stage 0: Coreset Selection [CSIE] ===
   Target Ratio: 20.0%

[Sampler] Running CSIE | Target: 1581/7908 (20.0%)
Scanning Source (CSIE):   0%|          | 0/8 [00:00<?, ?it/s]Scanning Source (CSIE):  12%|█▎        | 1/8 [00:00<00:00,  7.79it/s]                                                                     Extracting Info:   0%|          | 0/1 [00:00<?, ?it/s]                                                      -> Selected 1581 samples.

=== PHASE 1: Source Pre-training ===
[P1] Ep 20: Loss 0.9835
[P1] Ep 40: Loss 0.7757
[P1] Ep 60: Loss 0.7299
[P1] Ep 80: Loss 0.6703
[P1] Ep 100: Loss 0.5870
[P1] Ep 120: Loss 0.5420
[P1] Ep 140: Loss 0.5126
[P1] Ep 160: Loss 0.4930
[P1] Ep 180: Loss 0.4526
[P1] Ep 200: Loss 0.4118
[P1] Ep 220: Loss 0.4251
[P1] Ep 240: Loss 0.3928
[P1] Ep 260: Loss 0.3657
[P1] Ep 280: Loss 0.3544
[P1] Ep 300: Loss 0.3548
[P1] Ep 320: Loss 0.3313
[P1] Ep 340: Loss 0.3106
[P1] Ep 360: Loss 0.2800
[P1] Ep 380: Loss 0.2823
[P1] Ep 400: Loss 0.2845
[P1] Ep 420: Loss 0.2589
[P1] Ep 440: Loss 0.2417
[P1] Ep 460: Loss 0.2575
[P1] Ep 480: Loss 0.2255
[P1] Ep 500: Loss 0.2319
[P1] Ep 520: Loss 0.2335
[P1] Ep 540: Loss 0.2107
[P1] Ep 560: Loss 0.2028
[P1] Ep 580: Loss 0.1986
[P1] Ep 600: Loss 0.2023
[P1] Ep 620: Loss 0.1944
[P1] Ep 640: Loss 0.1812
[P1] Ep 660: Loss 0.1740
[P1] Ep 680: Loss 0.1674
[P1] Ep 700: Loss 0.1646
[P1] Ep 720: Loss 0.1641
[P1] Ep 740: Loss 0.1578
[P1] Ep 760: Loss 0.1630
[P1] Ep 780: Loss 0.1465
[P1] Ep 800: Loss 0.1531
[P1] Ep 820: Loss 0.1421
[P1] Ep 840: Loss 0.1385
[P1] Ep 860: Loss 0.1355
[P1] Ep 880: Loss 0.1300
Phase 1 Early Stopping

=== PHASE 2.1: Head Alignment ===
[P2.1] Ep 50 MAE 0.8648

=== PHASE 2.2: Full Fine-tuning ===
[P2.2] Ep 20 MAE 0.6739
[P2.2] Ep 40 MAE 0.6865
[P2.2] Ep 60 MAE 0.6687
[P2.2] Ep 80 MAE 0.6724
[P2.2] Ep 100 MAE 0.6574
[P2.2] Ep 120 MAE 0.6515
[P2.2] Ep 140 MAE 0.6721

>>> Final Test Evaluation
------------------------------------------------------------
Method: CSIE (Ratio=0.2)
MAE: 0.7159
RMSE: 0.9329
MAPE: 54.1090
Acc_10: 21.5909
Acc_20: 46.0227
------------------------------------------------------------
