--- Baseline MLP Pipeline (Method: Influence) ---
Loading data from:
  Theory: ../bandgap/theory_features_clean.csv
  Exp: ../bandgap/exp_features_clean.csv
Full Source Data: 7908 | Target Train: 632
Initializing ResNet Baseline (Dim=128)...

=== Stage 0: Coreset Selection [Influence] ===
   Target Ratio: 20.0%

[Sampler] Running Influence | Target: 1581/7908 (20.0%)
Scanning Source (Influence):   0%|          | 0/8 [00:00<?, ?it/s]Scanning Source (Influence):  12%|█▎        | 1/8 [00:00<00:00,  7.47it/s]                                                                          Scanning Target:   0%|          | 0/1 [00:00<?, ?it/s]                                                      -> Selected 1581 samples.

=== PHASE 1: Source Pre-training ===
[P1] Ep 20: Loss 1.1937
[P1] Ep 40: Loss 0.9305
[P1] Ep 60: Loss 0.7834
[P1] Ep 80: Loss 0.7648
[P1] Ep 100: Loss 0.6745
[P1] Ep 120: Loss 0.6272
[P1] Ep 140: Loss 0.5747
[P1] Ep 160: Loss 0.5607
[P1] Ep 180: Loss 0.5111
[P1] Ep 200: Loss 0.4839
[P1] Ep 220: Loss 0.4415
[P1] Ep 240: Loss 0.4193
[P1] Ep 260: Loss 0.4201
[P1] Ep 280: Loss 0.3895
[P1] Ep 300: Loss 0.3539
[P1] Ep 320: Loss 0.3580
[P1] Ep 340: Loss 0.3469
[P1] Ep 360: Loss 0.3461
[P1] Ep 380: Loss 0.3296
[P1] Ep 400: Loss 0.3066
[P1] Ep 420: Loss 0.3002
[P1] Ep 440: Loss 0.2872
[P1] Ep 460: Loss 0.2772
[P1] Ep 480: Loss 0.2817
[P1] Ep 500: Loss 0.2553
[P1] Ep 520: Loss 0.2590
Phase 1 Early Stopping

=== PHASE 2.1: Head Alignment ===
[P2.1] Ep 50 MAE 0.7581
[P2.1] Ep 100 MAE 0.7529

=== PHASE 2.2: Full Fine-tuning ===
[P2.2] Ep 20 MAE 0.6447
[P2.2] Ep 40 MAE 0.6456

>>> Final Test Evaluation
------------------------------------------------------------
Method: Influence (Ratio=0.2)
MAE: 0.6077
RMSE: 0.7655
MAPE: 42.7082
Acc_10: 22.7273
Acc_20: 44.8864
------------------------------------------------------------
