--- Baseline MLP Pipeline (Method: Least Confidence) ---
Loading data from:
  Theory: ../bandgap/theory_features_clean.csv
  Exp: ../bandgap/exp_features_clean.csv
Full Source Data: 7908 | Target Train: 632
Initializing ResNet Baseline (Dim=128)...

=== Stage 0: Coreset Selection [Least Confidence] ===
   Target Ratio: 20.0%

[Sampler] Running Least Confidence | Target: 1581/7908 (20.0%)
Scanning Source (Least Confidence):   0%|          | 0/8 [00:00<?, ?it/s]Scanning Source (Least Confidence):  12%|█▎        | 1/8 [00:00<00:00,  7.04it/s]                                                                                 -> Selected 1581 samples.

=== PHASE 1: Source Pre-training ===
[P1] Ep 20: Loss 1.0833
[P1] Ep 40: Loss 0.8710
[P1] Ep 60: Loss 0.7400
[P1] Ep 80: Loss 0.6319
[P1] Ep 100: Loss 0.5612
[P1] Ep 120: Loss 0.5626
[P1] Ep 140: Loss 0.4956
[P1] Ep 160: Loss 0.4239
[P1] Ep 180: Loss 0.3976
[P1] Ep 200: Loss 0.4180
[P1] Ep 220: Loss 0.3555
[P1] Ep 240: Loss 0.3587
[P1] Ep 260: Loss 0.3412
[P1] Ep 280: Loss 0.3287
[P1] Ep 300: Loss 0.3169
[P1] Ep 320: Loss 0.3064
[P1] Ep 340: Loss 0.2837
[P1] Ep 360: Loss 0.2643
[P1] Ep 380: Loss 0.2644
[P1] Ep 400: Loss 0.2654
[P1] Ep 420: Loss 0.2373
[P1] Ep 440: Loss 0.2242
[P1] Ep 460: Loss 0.2211
[P1] Ep 480: Loss 0.2106
[P1] Ep 500: Loss 0.2073
[P1] Ep 520: Loss 0.1918
[P1] Ep 540: Loss 0.1994
[P1] Ep 560: Loss 0.1845
[P1] Ep 580: Loss 0.1820
[P1] Ep 600: Loss 0.1684
[P1] Ep 620: Loss 0.1521
[P1] Ep 640: Loss 0.1806
[P1] Ep 660: Loss 0.1536
[P1] Ep 680: Loss 0.1556
[P1] Ep 700: Loss 0.1548
[P1] Ep 720: Loss 0.1618
[P1] Ep 740: Loss 0.1424
[P1] Ep 760: Loss 0.1559
[P1] Ep 780: Loss 0.1386
[P1] Ep 800: Loss 0.1349
Phase 1 Early Stopping

=== PHASE 2.1: Head Alignment ===
[P2.1] Ep 50 MAE 0.8926

=== PHASE 2.2: Full Fine-tuning ===
[P2.2] Ep 20 MAE 0.7105
[P2.2] Ep 40 MAE 0.7006
[P2.2] Ep 60 MAE 0.7126
[P2.2] Ep 80 MAE 0.7054
[P2.2] Ep 100 MAE 0.6976
[P2.2] Ep 120 MAE 0.6834
[P2.2] Ep 140 MAE 0.6721
[P2.2] Ep 160 MAE 0.6840
[P2.2] Ep 180 MAE 0.6752
[P2.2] Ep 200 MAE 0.6695
[P2.2] Ep 220 MAE 0.6705
[P2.2] Ep 240 MAE 0.6558
[P2.2] Ep 260 MAE 0.6534
[P2.2] Ep 280 MAE 0.6676
[P2.2] Ep 300 MAE 0.6573
[P2.2] Ep 320 MAE 0.6489
[P2.2] Ep 340 MAE 0.6541
[P2.2] Ep 360 MAE 0.6449

>>> Final Test Evaluation
------------------------------------------------------------
Method: Least Confidence (Ratio=0.2)
MAE: 0.7479
RMSE: 0.9899
MAPE: 57.5725
Acc_10: 25.5682
Acc_20: 42.0455
------------------------------------------------------------
