--- Baseline MLP Pipeline (Method: Soft Random) ---
Loading data from:
  Theory: ../bandgap/theory_features_clean.csv
  Exp: ../bandgap/exp_features_clean.csv
Full Source Data: 7908 | Target Train: 632
Initializing ResNet Baseline (Dim=128)...

=== Stage 0: Coreset Selection [Soft Random] ===
   Target Ratio: 20.0%

[Sampler] Running Soft Random | Target: 1581/7908 (20.0%)
Scanning Source (Soft Random):   0%|          | 0/8 [00:00<?, ?it/s]Scanning Source (Soft Random):  12%|█▎        | 1/8 [00:00<00:00,  8.84it/s]                                                                            -> Selected 1581 samples.

=== PHASE 1: Source Pre-training ===
[P1] Ep 20: Loss 1.2241
[P1] Ep 40: Loss 0.9967
[P1] Ep 60: Loss 0.8492
[P1] Ep 80: Loss 0.7303
[P1] Ep 100: Loss 0.6518
[P1] Ep 120: Loss 0.5897
[P1] Ep 140: Loss 0.5344
[P1] Ep 160: Loss 0.5429
[P1] Ep 180: Loss 0.4658
[P1] Ep 200: Loss 0.4523
[P1] Ep 220: Loss 0.4308
[P1] Ep 240: Loss 0.3919
[P1] Ep 260: Loss 0.3792
[P1] Ep 280: Loss 0.4017
[P1] Ep 300: Loss 0.3263
[P1] Ep 320: Loss 0.3568
[P1] Ep 340: Loss 0.2926
[P1] Ep 360: Loss 0.2962
[P1] Ep 380: Loss 0.2931
[P1] Ep 400: Loss 0.2673
[P1] Ep 420: Loss 0.2589
[P1] Ep 440: Loss 0.2869
[P1] Ep 460: Loss 0.2508
[P1] Ep 480: Loss 0.2475
[P1] Ep 500: Loss 0.2379
[P1] Ep 520: Loss 0.2244
[P1] Ep 540: Loss 0.2140
[P1] Ep 560: Loss 0.2046
[P1] Ep 580: Loss 0.2133
[P1] Ep 600: Loss 0.1794
[P1] Ep 620: Loss 0.1985
[P1] Ep 640: Loss 0.1864
[P1] Ep 660: Loss 0.1877
[P1] Ep 680: Loss 0.1814
[P1] Ep 700: Loss 0.1665
[P1] Ep 720: Loss 0.1741
[P1] Ep 740: Loss 0.1639
[P1] Ep 760: Loss 0.1627
[P1] Ep 780: Loss 0.1573
[P1] Ep 800: Loss 0.1579
[P1] Ep 820: Loss 0.1455
[P1] Ep 840: Loss 0.1457
[P1] Ep 860: Loss 0.1398
[P1] Ep 880: Loss 0.1394
[P1] Ep 900: Loss 0.1384
[P1] Ep 920: Loss 0.1434
[P1] Ep 940: Loss 0.1284
[P1] Ep 960: Loss 0.1225
[P1] Ep 980: Loss 0.1242
[P1] Ep 1000: Loss 0.1291

=== PHASE 2.1: Head Alignment ===
[P2.1] Ep 50 MAE 0.8583

=== PHASE 2.2: Full Fine-tuning ===
[P2.2] Ep 20 MAE 0.7515
[P2.2] Ep 40 MAE 0.7361
[P2.2] Ep 60 MAE 0.7434
[P2.2] Ep 80 MAE 0.7429
[P2.2] Ep 100 MAE 0.7359
[P2.2] Ep 120 MAE 0.7380
[P2.2] Ep 140 MAE 0.7417
[P2.2] Ep 160 MAE 0.7293
[P2.2] Ep 180 MAE 0.7233
[P2.2] Ep 200 MAE 0.7301
[P2.2] Ep 220 MAE 0.7186
[P2.2] Ep 240 MAE 0.7216
[P2.2] Ep 260 MAE 0.7137
[P2.2] Ep 280 MAE 0.7171
[P2.2] Ep 300 MAE 0.7134
[P2.2] Ep 320 MAE 0.7080
[P2.2] Ep 340 MAE 0.7105
[P2.2] Ep 360 MAE 0.7005
[P2.2] Ep 380 MAE 0.6953
[P2.2] Ep 400 MAE 0.6974
[P2.2] Ep 420 MAE 0.6922
[P2.2] Ep 440 MAE 0.6910
[P2.2] Ep 460 MAE 0.6935
[P2.2] Ep 480 MAE 0.6905

>>> Final Test Evaluation
------------------------------------------------------------
Method: Soft Random (Ratio=0.2)
MAE: 0.6573
RMSE: 0.8564
MAPE: 42.8493
Acc_10: 22.1591
Acc_20: 46.5909
------------------------------------------------------------
