-> Loading CSVs...
-> Selected 128 features.
-> Target Stats: Mean=2.7508, Std=1.5292
Source Data: 7908 | Target Train: 632
Initializing ResNet DETS Model (Dim=128)...
-> Applying Sparsity Init...

=== PHASE 1: Source Pre-training (Soft DETS) ===
-> Extracting Prototypes...
[P1] Ep 20: Loss 0.6819 | Val MAE 1.2218
[P1] Ep 40: Loss 0.5997 | Val MAE 1.3256
[P1] Ep 60: Loss 0.5507 | Val MAE 1.2934
[P1] Ep 80: Loss 0.5122 | Val MAE 1.2555
[P1] Ep 100: Loss 0.4756 | Val MAE 1.2295
[P1] Ep 120: Loss 0.4505 | Val MAE 1.2169
[P1] Ep 140: Loss 0.4141 | Val MAE 1.2285
[P1] Ep 160: Loss 0.3846 | Val MAE 1.2750
[P1] Ep 180: Loss 0.3667 | Val MAE 1.2637
[P1] Ep 200: Loss 0.3428 | Val MAE 1.2629
[P1] Ep 220: Loss 0.3291 | Val MAE 1.2663
[P1] Ep 240: Loss 0.2982 | Val MAE 1.2135
[P1] Ep 260: Loss 0.2693 | Val MAE 1.2479
[P1] Ep 280: Loss 0.2531 | Val MAE 1.2432
[P1] Ep 300: Loss 0.2438 | Val MAE 1.2853
[P1] Ep 320: Loss 0.2423 | Val MAE 1.2610
[P1] Ep 340: Loss 0.2143 | Val MAE 1.2610
[P1] Ep 360: Loss 0.2053 | Val MAE 1.2738
[P1] Ep 380: Loss 0.1950 | Val MAE 1.3049
[P1] Ep 400: Loss 0.1718 | Val MAE 1.2565
[P1] Ep 420: Loss 0.1614 | Val MAE 1.2754
[P1] Ep 440: Loss 0.1506 | Val MAE 1.2434
[P1] Ep 460: Loss 0.1287 | Val MAE 1.2767
[P1] Ep 480: Loss 0.1015 | Val MAE 1.2764
[P1] Ep 500: Loss 0.1023 | Val MAE 1.2766
[P1] Ep 520: Loss 0.1067 | Val MAE 1.2572
[P1] Ep 540: Loss 0.0675 | Val MAE 1.2499
[P1] Ep 560: Loss 0.0834 | Val MAE 1.2537
[P1] Ep 580: Loss 0.0539 | Val MAE 1.2452
[P1] Ep 600: Loss 0.0437 | Val MAE 1.3002
[P1] Ep 620: Loss 0.0430 | Val MAE 1.3081
[P1] Ep 640: Loss 0.0271 | Val MAE 1.2591
[P1] Ep 660: Loss 0.0340 | Val MAE 1.2500
[P1] Ep 680: Loss 0.0277 | Val MAE 1.2736
[P1] Ep 700: Loss 0.0133 | Val MAE 1.2853
[P1] Ep 720: Loss 0.0089 | Val MAE 1.2841
[P1] Ep 740: Loss -0.0003 | Val MAE 1.2564
[P1] Ep 760: Loss -0.0141 | Val MAE 1.2809
[P1] Ep 780: Loss -0.0165 | Val MAE 1.2335
[P1] Ep 800: Loss -0.0358 | Val MAE 1.3025
[P1] Ep 820: Loss -0.0418 | Val MAE 1.2334
[P1] Ep 840: Loss -0.0384 | Val MAE 1.2115
[P1] Ep 860: Loss -0.0566 | Val MAE 1.2122
[P1] Ep 880: Loss -0.0497 | Val MAE 1.2055
[P1] Ep 900: Loss -0.0750 | Val MAE 1.2596
[P1] Ep 920: Loss -0.0661 | Val MAE 1.2046
[P1] Ep 940: Loss -0.0673 | Val MAE 1.2623
[P1] Ep 960: Loss -0.0843 | Val MAE 1.2308
[P1] Ep 980: Loss -0.1035 | Val MAE 1.2597
[P1] Ep 1000: Loss -0.1119 | Val MAE 1.2612

=== PHASE 2.1: Head Alignment ===
[P2.1] Ep 20 MAE 0.6582
[P2.1] Ep 40 MAE 0.6628
[P2.1] Ep 60 MAE 0.6635
[P2.1] Ep 80 MAE 0.6498
[P2.1] Ep 100 MAE 0.6521
[P2.1] Ep 120 MAE 0.6379
[P2.1] Ep 140 MAE 0.6433
[P2.1] Ep 160 MAE 0.6394
[P2.1] Ep 180 MAE 0.6384
[P2.1] Ep 200 MAE 0.6381
[P2.1] Ep 220 MAE 0.6379
[P2.1] Ep 240 MAE 0.6267
[P2.1] Ep 260 MAE 0.6057
[P2.1] Ep 280 MAE 0.6192
[P2.1] Ep 300 MAE 0.6083
[P2.1] Ep 320 MAE 0.6109
[P2.1] Ep 340 MAE 0.6093
[P2.1] Ep 360 MAE 0.5938
[P2.1] Ep 380 MAE 0.5857
[P2.1] Ep 400 MAE 0.6064
[P2.1] Ep 420 MAE 0.5989
[P2.1] Ep 440 MAE 0.5827
[P2.1] Ep 460 MAE 0.5933
[P2.1] Ep 480 MAE 0.5955
[P2.1] Ep 500 MAE 0.5984
[P2.1] Ep 520 MAE 0.5894
[P2.1] Ep 540 MAE 0.5834
[P2.1] Ep 560 MAE 0.5929
[P2.1] Ep 580 MAE 0.5864
[P2.1] Ep 600 MAE 0.5813
[P2.1] Ep 620 MAE 0.5766
[P2.1] Ep 640 MAE 0.5664
[P2.1] Ep 660 MAE 0.5802
[P2.1] Ep 680 MAE 0.5864
[P2.1] Ep 700 MAE 0.5671
[P2.1] Ep 720 MAE 0.5777
[P2.1] Ep 740 MAE 0.5728
[P2.1] Ep 760 MAE 0.5651
[P2.1] Ep 780 MAE 0.5744

=== PHASE 2.2: Full Fine-tuning ===
[P2.2] Ep 20 MAE 0.5774
[P2.2] Ep 40 MAE 0.5771
[P2.2] Ep 60 MAE 0.5734
[P2.2] Ep 80 MAE 0.5708
[P2.2] Ep 100 MAE 0.5666
[P2.2] Ep 120 MAE 0.5795
[P2.2] Ep 140 MAE 0.5694
[P2.2] Ep 160 MAE 0.5673
[P2.2] Ep 180 MAE 0.5673
[P2.2] Ep 200 MAE 0.5729
[P2.2] Ep 220 MAE 0.5706

>>> Final Test Evaluation
------------------------------------------------------------
MAE: 0.4728
RMSE: 0.6143
MAPE: 35.8704
Acc_10: 35.7955
Acc_20: 60.7955
------------------------------------------------------------
