--- Baseline MLP Pipeline (Method: CSIE) ---
Loading data from:
  Theory: ../bandgap/theory_features_clean.csv
  Exp: ../bandgap/exp_features_clean.csv
Full Source Data: 7908 | Target Train: 632
Initializing ResNet Baseline (Dim=128)...

=== Stage 0: Coreset Selection [CSIE] ===
   Target Ratio: 60.0%

[Sampler] Running CSIE | Target: 4744/7908 (60.0%)
Scanning Source (CSIE):   0%|          | 0/8 [00:00<?, ?it/s]Scanning Source (CSIE):  12%|█▎        | 1/8 [00:00<00:00,  7.88it/s]                                                                     Extracting Info:   0%|          | 0/1 [00:00<?, ?it/s]                                                      -> Selected 4744 samples.

=== PHASE 1: Source Pre-training ===
[P1] Ep 20: Loss 0.8723
[P1] Ep 40: Loss 0.7365
[P1] Ep 60: Loss 0.6167
[P1] Ep 80: Loss 0.5665
[P1] Ep 100: Loss 0.5196
[P1] Ep 120: Loss 0.4810
[P1] Ep 140: Loss 0.4451
[P1] Ep 160: Loss 0.4086
[P1] Ep 180: Loss 0.4083
[P1] Ep 200: Loss 0.3883
[P1] Ep 220: Loss 0.3549
[P1] Ep 240: Loss 0.3375
[P1] Ep 260: Loss 0.3300
[P1] Ep 280: Loss 0.3206
[P1] Ep 300: Loss 0.2958
[P1] Ep 320: Loss 0.2919
[P1] Ep 340: Loss 0.2789
[P1] Ep 360: Loss 0.2710
[P1] Ep 380: Loss 0.2634
[P1] Ep 400: Loss 0.2543
[P1] Ep 420: Loss 0.2547
[P1] Ep 440: Loss 0.2260
[P1] Ep 460: Loss 0.2338
[P1] Ep 480: Loss 0.2161
[P1] Ep 500: Loss 0.2059
[P1] Ep 520: Loss 0.2077
[P1] Ep 540: Loss 0.2080
[P1] Ep 560: Loss 0.1945
[P1] Ep 580: Loss 0.1914
[P1] Ep 600: Loss 0.1845
[P1] Ep 620: Loss 0.1863
[P1] Ep 640: Loss 0.1707
[P1] Ep 660: Loss 0.1687
[P1] Ep 680: Loss 0.1701
[P1] Ep 700: Loss 0.1623
[P1] Ep 720: Loss 0.1624
[P1] Ep 740: Loss 0.1524
[P1] Ep 760: Loss 0.1509
[P1] Ep 780: Loss 0.1442
[P1] Ep 800: Loss 0.1526
[P1] Ep 820: Loss 0.1463
[P1] Ep 840: Loss 0.1313
[P1] Ep 860: Loss 0.1397
[P1] Ep 880: Loss 0.1347
[P1] Ep 900: Loss 0.1437
[P1] Ep 920: Loss 0.1307
[P1] Ep 940: Loss 0.1198
[P1] Ep 960: Loss 0.1192
[P1] Ep 980: Loss 0.1242
[P1] Ep 1000: Loss 0.1199

=== PHASE 2.1: Head Alignment ===
[P2.1] Ep 50 MAE 0.9151

=== PHASE 2.2: Full Fine-tuning ===
[P2.2] Ep 20 MAE 0.6951
[P2.2] Ep 40 MAE 0.6837
[P2.2] Ep 60 MAE 0.6765
[P2.2] Ep 80 MAE 0.6717
[P2.2] Ep 100 MAE 0.6731
[P2.2] Ep 120 MAE 0.6563
[P2.2] Ep 140 MAE 0.6542
[P2.2] Ep 160 MAE 0.6593
[P2.2] Ep 180 MAE 0.6504
[P2.2] Ep 200 MAE 0.6664
[P2.2] Ep 220 MAE 0.6663

>>> Final Test Evaluation
------------------------------------------------------------
Method: CSIE (Ratio=0.6)
MAE: 0.6970
RMSE: 0.9204
MAPE: 52.7813
Acc_10: 26.1364
Acc_20: 46.5909
------------------------------------------------------------
