--- Baseline MLP Pipeline (Method: DP) ---
Loading data from:
  Theory: ../bandgap/theory_features_clean.csv
  Exp: ../bandgap/exp_features_clean.csv
Full Source Data: 7908 | Target Train: 632
Initializing ResNet Baseline (Dim=128)...

=== Stage 0: Coreset Selection [DP] ===
   Target Ratio: 60.0%

[Sampler] Running DP | Target: 4744/7908 (60.0%)
Scanning Source (DP):   0%|          | 0/8 [00:00<?, ?it/s]Scanning Source (DP):  12%|█▎        | 1/8 [00:00<00:00,  8.33it/s]                                                                   -> Selected 4744 samples.

=== PHASE 1: Source Pre-training ===
[P1] Ep 20: Loss 0.9287
[P1] Ep 40: Loss 0.7615
[P1] Ep 60: Loss 0.6584
[P1] Ep 80: Loss 0.6044
[P1] Ep 100: Loss 0.5902
[P1] Ep 120: Loss 0.5088
[P1] Ep 140: Loss 0.4916
[P1] Ep 160: Loss 0.4472
[P1] Ep 180: Loss 0.4241
[P1] Ep 200: Loss 0.3990
[P1] Ep 220: Loss 0.3963
[P1] Ep 240: Loss 0.3586
[P1] Ep 260: Loss 0.3481
[P1] Ep 280: Loss 0.3236
[P1] Ep 300: Loss 0.3059
[P1] Ep 320: Loss 0.3001
[P1] Ep 340: Loss 0.3073
[P1] Ep 360: Loss 0.2825
[P1] Ep 380: Loss 0.2765
[P1] Ep 400: Loss 0.2622
[P1] Ep 420: Loss 0.2456
[P1] Ep 440: Loss 0.2479
[P1] Ep 460: Loss 0.2344
[P1] Ep 480: Loss 0.2142
[P1] Ep 500: Loss 0.2219
[P1] Ep 520: Loss 0.2211
[P1] Ep 540: Loss 0.2109
[P1] Ep 560: Loss 0.2116
[P1] Ep 580: Loss 0.2057
[P1] Ep 600: Loss 0.1996
[P1] Ep 620: Loss 0.1823
[P1] Ep 640: Loss 0.1780
[P1] Ep 660: Loss 0.1843
[P1] Ep 680: Loss 0.1785
[P1] Ep 700: Loss 0.1701
[P1] Ep 720: Loss 0.1705
[P1] Ep 740: Loss 0.1633
[P1] Ep 760: Loss 0.1553
[P1] Ep 780: Loss 0.1494
[P1] Ep 800: Loss 0.1461
[P1] Ep 820: Loss 0.1476
[P1] Ep 840: Loss 0.1440
[P1] Ep 860: Loss 0.1447
[P1] Ep 880: Loss 0.1431
[P1] Ep 900: Loss 0.1329
[P1] Ep 920: Loss 0.1438
[P1] Ep 940: Loss 0.1331
[P1] Ep 960: Loss 0.1293
[P1] Ep 980: Loss 0.1283
[P1] Ep 1000: Loss 0.1316

=== PHASE 2.1: Head Alignment ===
[P2.1] Ep 50 MAE 0.8198

=== PHASE 2.2: Full Fine-tuning ===
[P2.2] Ep 20 MAE 0.6796
[P2.2] Ep 40 MAE 0.6745
[P2.2] Ep 60 MAE 0.6819
[P2.2] Ep 80 MAE 0.6687
[P2.2] Ep 100 MAE 0.6609
[P2.2] Ep 120 MAE 0.6686
[P2.2] Ep 140 MAE 0.6561

>>> Final Test Evaluation
------------------------------------------------------------
Method: DP (Ratio=0.6)
MAE: 0.6630
RMSE: 0.8429
MAPE: 45.1073
Acc_10: 22.1591
Acc_20: 47.7273
------------------------------------------------------------
