--- Baseline MLP Pipeline (Method: epsilon-greedy) ---
Loading data from:
  Theory: ../bandgap/theory_features_clean.csv
  Exp: ../bandgap/exp_features_clean.csv
Full Source Data: 7908 | Target Train: 632
Initializing ResNet Baseline (Dim=128)...

=== Stage 0: Coreset Selection [epsilon-greedy] ===
   Target Ratio: 60.0%

[Sampler] Running epsilon-greedy | Target: 4744/7908 (60.0%)
Scanning Source (epsilon-greedy):   0%|          | 0/8 [00:00<?, ?it/s]Scanning Source (epsilon-greedy):  12%|█▎        | 1/8 [00:00<00:00,  8.75it/s]                                                                               -> Selected 4744 samples.

=== PHASE 1: Source Pre-training ===
[P1] Ep 20: Loss 0.9074
[P1] Ep 40: Loss 0.6834
[P1] Ep 60: Loss 0.6173
[P1] Ep 80: Loss 0.5270
[P1] Ep 100: Loss 0.4960
[P1] Ep 120: Loss 0.4554
[P1] Ep 140: Loss 0.4442
[P1] Ep 160: Loss 0.4351
[P1] Ep 180: Loss 0.3745
[P1] Ep 200: Loss 0.3740
[P1] Ep 220: Loss 0.3481
[P1] Ep 240: Loss 0.3297
[P1] Ep 260: Loss 0.3179
[P1] Ep 280: Loss 0.2975
[P1] Ep 300: Loss 0.2830
[P1] Ep 320: Loss 0.2807
[P1] Ep 340: Loss 0.2623
[P1] Ep 360: Loss 0.2529
[P1] Ep 380: Loss 0.2526
[P1] Ep 400: Loss 0.2395
[P1] Ep 420: Loss 0.2316
[P1] Ep 440: Loss 0.2219
[P1] Ep 460: Loss 0.2183
[P1] Ep 480: Loss 0.2097
[P1] Ep 500: Loss 0.2046
[P1] Ep 520: Loss 0.1970
[P1] Ep 540: Loss 0.1855
[P1] Ep 560: Loss 0.1842
[P1] Ep 580: Loss 0.1741
[P1] Ep 600: Loss 0.1882
[P1] Ep 620: Loss 0.1730
[P1] Ep 640: Loss 0.1682
[P1] Ep 660: Loss 0.1670
[P1] Ep 680: Loss 0.1612
[P1] Ep 700: Loss 0.1713
[P1] Ep 720: Loss 0.1561
[P1] Ep 740: Loss 0.1531
[P1] Ep 760: Loss 0.1501
[P1] Ep 780: Loss 0.1553
[P1] Ep 800: Loss 0.1396
[P1] Ep 820: Loss 0.1407
[P1] Ep 840: Loss 0.1465
[P1] Ep 860: Loss 0.1392
[P1] Ep 880: Loss 0.1255
[P1] Ep 900: Loss 0.1261
[P1] Ep 920: Loss 0.1298
[P1] Ep 940: Loss 0.1255
[P1] Ep 960: Loss 0.1253
[P1] Ep 980: Loss 0.1214
[P1] Ep 1000: Loss 0.1123

=== PHASE 2.1: Head Alignment ===
[P2.1] Ep 50 MAE 0.7679

=== PHASE 2.2: Full Fine-tuning ===
[P2.2] Ep 20 MAE 0.6668
[P2.2] Ep 40 MAE 0.6704
[P2.2] Ep 60 MAE 0.6541
[P2.2] Ep 80 MAE 0.6632
[P2.2] Ep 100 MAE 0.6542
[P2.2] Ep 120 MAE 0.6551
[P2.2] Ep 140 MAE 0.6469
[P2.2] Ep 160 MAE 0.6424
[P2.2] Ep 180 MAE 0.6376
[P2.2] Ep 200 MAE 0.6356
[P2.2] Ep 220 MAE 0.6378
[P2.2] Ep 240 MAE 0.6372
[P2.2] Ep 260 MAE 0.6384
[P2.2] Ep 280 MAE 0.6290
[P2.2] Ep 300 MAE 0.6344
[P2.2] Ep 320 MAE 0.6230
[P2.2] Ep 340 MAE 0.6251
[P2.2] Ep 360 MAE 0.6158

>>> Final Test Evaluation
------------------------------------------------------------
Method: epsilon-greedy (Ratio=0.6)
MAE: 0.5844
RMSE: 0.7490
MAPE: 42.5552
Acc_10: 27.2727
Acc_20: 52.2727
------------------------------------------------------------
