--- Baseline MLP Pipeline (Method: Full) ---
Loading data from:
  Theory: ../bandgap/theory_features_clean.csv
  Exp: ../bandgap/exp_features_clean.csv
Full Source Data: 7908 | Target Train: 632
Initializing ResNet Baseline (Dim=128)...

=== Stage 0: Using Full Dataset ===

=== PHASE 1: Source Pre-training ===
[P1] Ep 20: Loss 0.8398
[P1] Ep 40: Loss 0.6929
[P1] Ep 60: Loss 0.6012
[P1] Ep 80: Loss 0.5388
[P1] Ep 100: Loss 0.4893
[P1] Ep 120: Loss 0.4723
[P1] Ep 140: Loss 0.4313
[P1] Ep 160: Loss 0.4126
[P1] Ep 180: Loss 0.3914
[P1] Ep 200: Loss 0.3628
[P1] Ep 220: Loss 0.3400
[P1] Ep 240: Loss 0.3285
[P1] Ep 260: Loss 0.3092
[P1] Ep 280: Loss 0.2999
[P1] Ep 300: Loss 0.2879
[P1] Ep 320: Loss 0.2755
[P1] Ep 340: Loss 0.2690
[P1] Ep 360: Loss 0.2619
[P1] Ep 380: Loss 0.2400
[P1] Ep 400: Loss 0.2360
[P1] Ep 420: Loss 0.2290
[P1] Ep 440: Loss 0.2290
[P1] Ep 460: Loss 0.2127
[P1] Ep 480: Loss 0.2106
[P1] Ep 500: Loss 0.1994
[P1] Ep 520: Loss 0.1957
[P1] Ep 540: Loss 0.1931
[P1] Ep 560: Loss 0.1824
[P1] Ep 580: Loss 0.1780
[P1] Ep 600: Loss 0.1717
[P1] Ep 620: Loss 0.1750
[P1] Ep 640: Loss 0.1636
[P1] Ep 660: Loss 0.1636
[P1] Ep 680: Loss 0.1590
[P1] Ep 700: Loss 0.1563
[P1] Ep 720: Loss 0.1547
[P1] Ep 740: Loss 0.1487
[P1] Ep 760: Loss 0.1450
[P1] Ep 780: Loss 0.1424
[P1] Ep 800: Loss 0.1402
[P1] Ep 820: Loss 0.1271
[P1] Ep 840: Loss 0.1295
[P1] Ep 860: Loss 0.1299
[P1] Ep 880: Loss 0.1346
[P1] Ep 900: Loss 0.1258
[P1] Ep 920: Loss 0.1230
[P1] Ep 940: Loss 0.1209
[P1] Ep 960: Loss 0.1131
[P1] Ep 980: Loss 0.1155
[P1] Ep 1000: Loss 0.1121

=== PHASE 2.1: Head Alignment ===
[P2.1] Ep 50 MAE 0.8316
[P2.1] Ep 100 MAE 0.8393
[P2.1] Ep 150 MAE 0.8015
[P2.1] Ep 200 MAE 0.8336

=== PHASE 2.2: Full Fine-tuning ===
[P2.2] Ep 20 MAE 0.7497
[P2.2] Ep 40 MAE 0.7514
[P2.2] Ep 60 MAE 0.7598
[P2.2] Ep 80 MAE 0.7440
[P2.2] Ep 100 MAE 0.7420
[P2.2] Ep 120 MAE 0.7299
[P2.2] Ep 140 MAE 0.7400
[P2.2] Ep 160 MAE 0.7463

>>> Final Test Evaluation
------------------------------------------------------------
Method: Full (Ratio=0.6)
MAE: 0.7708
RMSE: 1.0402
MAPE: 62.5910
Acc_10: 23.2955
Acc_20: 42.0455
------------------------------------------------------------
