--- Baseline MLP Pipeline (Method: Glister) ---
Loading data from:
  Theory: ../bandgap/theory_features_clean.csv
  Exp: ../bandgap/exp_features_clean.csv
Full Source Data: 7908 | Target Train: 632
Initializing ResNet Baseline (Dim=128)...

=== Stage 0: Coreset Selection [Glister] ===
   Target Ratio: 60.0%

[Sampler] Running Glister | Target: 4744/7908 (60.0%)
Scanning Source (Glister):   0%|          | 0/8 [00:00<?, ?it/s]Scanning Source (Glister):  12%|█▎        | 1/8 [00:00<00:00,  7.49it/s]Scanning Source (Glister): 100%|██████████| 8/8 [00:00<00:00, 38.26it/s]                                                                        Scanning Target:   0%|          | 0/1 [00:00<?, ?it/s]                                                      -> Selected 4744 samples.

=== PHASE 1: Source Pre-training ===
[P1] Ep 20: Loss 1.0484
[P1] Ep 40: Loss 0.6056
[P1] Ep 60: Loss 0.5328
[P1] Ep 80: Loss 0.4966
[P1] Ep 100: Loss 0.4470
[P1] Ep 120: Loss 0.4020
[P1] Ep 140: Loss 0.3873
[P1] Ep 160: Loss 0.3632
[P1] Ep 180: Loss 0.3255
[P1] Ep 200: Loss 0.3208
[P1] Ep 220: Loss 0.3111
[P1] Ep 240: Loss 0.2859
[P1] Ep 260: Loss 0.2782
[P1] Ep 280: Loss 0.2622
[P1] Ep 300: Loss 0.2533
[P1] Ep 320: Loss 0.2550
[P1] Ep 340: Loss 0.2291
[P1] Ep 360: Loss 0.2530
[P1] Ep 380: Loss 0.2188
[P1] Ep 400: Loss 0.2050
[P1] Ep 420: Loss 0.2256
[P1] Ep 440: Loss 0.2115
[P1] Ep 460: Loss 0.2009
[P1] Ep 480: Loss 0.2034
[P1] Ep 500: Loss 0.1917
[P1] Ep 520: Loss 0.1832
[P1] Ep 540: Loss 0.1831
[P1] Ep 560: Loss 0.1728
[P1] Ep 580: Loss 0.1681
[P1] Ep 600: Loss 0.1566
[P1] Ep 620: Loss 0.1616
[P1] Ep 640: Loss 0.1640
[P1] Ep 660: Loss 0.1456
[P1] Ep 680: Loss 0.1628
[P1] Ep 700: Loss 0.1477
[P1] Ep 720: Loss 0.1592
[P1] Ep 740: Loss 0.1355
[P1] Ep 760: Loss 0.1425
[P1] Ep 780: Loss 0.1371
[P1] Ep 800: Loss 0.1392
[P1] Ep 820: Loss 0.1378
[P1] Ep 840: Loss 0.1246
[P1] Ep 860: Loss 0.1237
[P1] Ep 880: Loss 0.1210
[P1] Ep 900: Loss 0.1202
[P1] Ep 920: Loss 0.1152
[P1] Ep 940: Loss 0.1187
[P1] Ep 960: Loss 0.1247
[P1] Ep 980: Loss 0.1158
[P1] Ep 1000: Loss 0.1096

=== PHASE 2.1: Head Alignment ===
[P2.1] Ep 50 MAE 0.8017
[P2.1] Ep 100 MAE 0.7865

=== PHASE 2.2: Full Fine-tuning ===
[P2.2] Ep 20 MAE 0.7174
[P2.2] Ep 40 MAE 0.7271

>>> Final Test Evaluation
------------------------------------------------------------
Method: Glister (Ratio=0.6)
MAE: 0.6627
RMSE: 0.8323
MAPE: 55.7314
Acc_10: 18.7500
Acc_20: 45.4545
------------------------------------------------------------
