--- Baseline MLP Pipeline (Method: InfoBatch) ---
Loading data from:
  Theory: ../bandgap/theory_features_clean.csv
  Exp: ../bandgap/exp_features_clean.csv
Full Source Data: 7908 | Target Train: 632
Initializing ResNet Baseline (Dim=128)...

=== Stage 0: Coreset Selection [InfoBatch] ===
   Target Ratio: 60.0%

[Sampler] Running InfoBatch | Target: 4744/7908 (60.0%)
Scanning Source (InfoBatch):   0%|          | 0/8 [00:00<?, ?it/s]Scanning Source (InfoBatch):  25%|██▌       | 2/8 [00:00<00:00, 18.45it/s]                                                                          -> Selected 4744 samples.

=== PHASE 1: Source Pre-training ===
[P1] Ep 20: Loss 0.9278
[P1] Ep 40: Loss 0.7538
[P1] Ep 60: Loss 0.6762
[P1] Ep 80: Loss 0.6144
[P1] Ep 100: Loss 0.5606
[P1] Ep 120: Loss 0.5297
[P1] Ep 140: Loss 0.4893
[P1] Ep 160: Loss 0.4522
[P1] Ep 180: Loss 0.4336
[P1] Ep 200: Loss 0.4056
[P1] Ep 220: Loss 0.3899
[P1] Ep 240: Loss 0.3613
[P1] Ep 260: Loss 0.3564
[P1] Ep 280: Loss 0.3420
[P1] Ep 300: Loss 0.3192
[P1] Ep 320: Loss 0.3020
[P1] Ep 340: Loss 0.2921
[P1] Ep 360: Loss 0.2898
[P1] Ep 380: Loss 0.2745
[P1] Ep 400: Loss 0.2606
[P1] Ep 420: Loss 0.2693
[P1] Ep 440: Loss 0.2461
[P1] Ep 460: Loss 0.2280
[P1] Ep 480: Loss 0.2372
[P1] Ep 500: Loss 0.2253
[P1] Ep 520: Loss 0.2149
[P1] Ep 540: Loss 0.2113
[P1] Ep 560: Loss 0.2080
[P1] Ep 580: Loss 0.2056
[P1] Ep 600: Loss 0.2064
[P1] Ep 620: Loss 0.1945
[P1] Ep 640: Loss 0.1919
[P1] Ep 660: Loss 0.1960
[P1] Ep 680: Loss 0.1722
[P1] Ep 700: Loss 0.1794
[P1] Ep 720: Loss 0.1690
[P1] Ep 740: Loss 0.1628
[P1] Ep 760: Loss 0.1556
[P1] Ep 780: Loss 0.1546
[P1] Ep 800: Loss 0.1541
[P1] Ep 820: Loss 0.1509
[P1] Ep 840: Loss 0.1504
[P1] Ep 860: Loss 0.1428
[P1] Ep 880: Loss 0.1471
[P1] Ep 900: Loss 0.1410
[P1] Ep 920: Loss 0.1286
[P1] Ep 940: Loss 0.1511
[P1] Ep 960: Loss 0.1390
[P1] Ep 980: Loss 0.1254
[P1] Ep 1000: Loss 0.1309

=== PHASE 2.1: Head Alignment ===
[P2.1] Ep 50 MAE 0.7110

=== PHASE 2.2: Full Fine-tuning ===
[P2.2] Ep 20 MAE 0.6559
[P2.2] Ep 40 MAE 0.6584

>>> Final Test Evaluation
------------------------------------------------------------
Method: InfoBatch (Ratio=0.6)
MAE: 0.5991
RMSE: 0.7643
MAPE: 46.1479
Acc_10: 31.2500
Acc_20: 47.7273
------------------------------------------------------------
