--- Baseline MLP Pipeline (Method: K-Means) ---
Loading data from:
  Theory: ../bandgap/theory_features_clean.csv
  Exp: ../bandgap/exp_features_clean.csv
Full Source Data: 7908 | Target Train: 632
Initializing ResNet Baseline (Dim=128)...

=== Stage 0: Coreset Selection [K-Means] ===
   Target Ratio: 60.0%

[Sampler] Running K-Means | Target: 4744/7908 (60.0%)
Scanning Source (K-Means):   0%|          | 0/8 [00:00<?, ?it/s]Scanning Source (K-Means):  12%|█▎        | 1/8 [00:00<00:00,  8.44it/s]                                                                           Running KMeans...
-> Selected 4744 samples.

=== PHASE 1: Source Pre-training ===
[P1] Ep 20: Loss 0.9187
[P1] Ep 40: Loss 0.7722
[P1] Ep 60: Loss 0.6845
[P1] Ep 80: Loss 0.6021
[P1] Ep 100: Loss 0.5553
[P1] Ep 120: Loss 0.4989
[P1] Ep 140: Loss 0.4722
[P1] Ep 160: Loss 0.4445
[P1] Ep 180: Loss 0.4171
[P1] Ep 200: Loss 0.4111
[P1] Ep 220: Loss 0.3767
[P1] Ep 240: Loss 0.3572
[P1] Ep 260: Loss 0.3478
[P1] Ep 280: Loss 0.3499
[P1] Ep 300: Loss 0.3195
[P1] Ep 320: Loss 0.3243
[P1] Ep 340: Loss 0.2857
[P1] Ep 360: Loss 0.2946
[P1] Ep 380: Loss 0.3085
[P1] Ep 400: Loss 0.2715
[P1] Ep 420: Loss 0.2427
[P1] Ep 440: Loss 0.2495
[P1] Ep 460: Loss 0.2347
[P1] Ep 480: Loss 0.2419
[P1] Ep 500: Loss 0.2196
[P1] Ep 520: Loss 0.2162
[P1] Ep 540: Loss 0.2039
[P1] Ep 560: Loss 0.2168
[P1] Ep 580: Loss 0.1912
[P1] Ep 600: Loss 0.1972
[P1] Ep 620: Loss 0.1928
[P1] Ep 640: Loss 0.1875
[P1] Ep 660: Loss 0.1788
[P1] Ep 680: Loss 0.1777
[P1] Ep 700: Loss 0.1696
[P1] Ep 720: Loss 0.1646
[P1] Ep 740: Loss 0.1651
[P1] Ep 760: Loss 0.1624
[P1] Ep 780: Loss 0.1565
[P1] Ep 800: Loss 0.1521
[P1] Ep 820: Loss 0.1400
[P1] Ep 840: Loss 0.1457
[P1] Ep 860: Loss 0.1424
[P1] Ep 880: Loss 0.1375
[P1] Ep 900: Loss 0.1412
[P1] Ep 920: Loss 0.1410
[P1] Ep 940: Loss 0.1381
[P1] Ep 960: Loss 0.1263
[P1] Ep 980: Loss 0.1246
[P1] Ep 1000: Loss 0.1367

=== PHASE 2.1: Head Alignment ===
[P2.1] Ep 50 MAE 0.8517
[P2.1] Ep 100 MAE 0.8854

=== PHASE 2.2: Full Fine-tuning ===
[P2.2] Ep 20 MAE 0.7944
[P2.2] Ep 40 MAE 0.7840
[P2.2] Ep 60 MAE 0.7846
[P2.2] Ep 80 MAE 0.7785
[P2.2] Ep 100 MAE 0.7806
[P2.2] Ep 120 MAE 0.7791
[P2.2] Ep 140 MAE 0.7825

>>> Final Test Evaluation
------------------------------------------------------------
Method: K-Means (Ratio=0.6)
MAE: 0.7298
RMSE: 0.9700
MAPE: 54.8759
Acc_10: 25.5682
Acc_20: 43.1818
------------------------------------------------------------
