--- Baseline MLP Pipeline (Method: Soft Random) ---
Loading data from:
  Theory: ../bandgap/theory_features_clean.csv
  Exp: ../bandgap/exp_features_clean.csv
Full Source Data: 7908 | Target Train: 632
Initializing ResNet Baseline (Dim=128)...

=== Stage 0: Coreset Selection [Soft Random] ===
   Target Ratio: 60.0%

[Sampler] Running Soft Random | Target: 4744/7908 (60.0%)
Scanning Source (Soft Random):   0%|          | 0/8 [00:00<?, ?it/s]Scanning Source (Soft Random):  12%|█▎        | 1/8 [00:00<00:00,  9.90it/s]                                                                            -> Selected 4744 samples.

=== PHASE 1: Source Pre-training ===
[P1] Ep 20: Loss 0.9447
[P1] Ep 40: Loss 0.7300
[P1] Ep 60: Loss 0.6655
[P1] Ep 80: Loss 0.5945
[P1] Ep 100: Loss 0.5559
[P1] Ep 120: Loss 0.4947
[P1] Ep 140: Loss 0.4794
[P1] Ep 160: Loss 0.4346
[P1] Ep 180: Loss 0.4073
[P1] Ep 200: Loss 0.4081
[P1] Ep 220: Loss 0.3893
[P1] Ep 240: Loss 0.3582
[P1] Ep 260: Loss 0.3364
[P1] Ep 280: Loss 0.3323
[P1] Ep 300: Loss 0.3230
[P1] Ep 320: Loss 0.2996
[P1] Ep 340: Loss 0.2865
[P1] Ep 360: Loss 0.2695
[P1] Ep 380: Loss 0.2591
[P1] Ep 400: Loss 0.2830
[P1] Ep 420: Loss 0.2424
[P1] Ep 440: Loss 0.2381
[P1] Ep 460: Loss 0.2376
[P1] Ep 480: Loss 0.2305
[P1] Ep 500: Loss 0.2167
[P1] Ep 520: Loss 0.2159
[P1] Ep 540: Loss 0.1995
[P1] Ep 560: Loss 0.2024
[P1] Ep 580: Loss 0.1995
[P1] Ep 600: Loss 0.1798
[P1] Ep 620: Loss 0.2001
[P1] Ep 640: Loss 0.1879
[P1] Ep 660: Loss 0.1806
[P1] Ep 680: Loss 0.1731
[P1] Ep 700: Loss 0.1720
[P1] Ep 720: Loss 0.1685
[P1] Ep 740: Loss 0.1593
[P1] Ep 760: Loss 0.1530
[P1] Ep 780: Loss 0.1607
[P1] Ep 800: Loss 0.1529
[P1] Ep 820: Loss 0.1511
[P1] Ep 840: Loss 0.1418
[P1] Ep 860: Loss 0.1541
[P1] Ep 880: Loss 0.1396
[P1] Ep 900: Loss 0.1399
[P1] Ep 920: Loss 0.1341
[P1] Ep 940: Loss 0.1359
[P1] Ep 960: Loss 0.1283
[P1] Ep 980: Loss 0.1347
[P1] Ep 1000: Loss 0.1369

=== PHASE 2.1: Head Alignment ===
[P2.1] Ep 50 MAE 0.8217
[P2.1] Ep 100 MAE 0.8256

=== PHASE 2.2: Full Fine-tuning ===
[P2.2] Ep 20 MAE 0.7080
[P2.2] Ep 40 MAE 0.7143
[P2.2] Ep 60 MAE 0.7018
[P2.2] Ep 80 MAE 0.7010
[P2.2] Ep 100 MAE 0.7155

>>> Final Test Evaluation
------------------------------------------------------------
Method: Soft Random (Ratio=0.6)
MAE: 0.6616
RMSE: 0.8588
MAPE: 45.8189
Acc_10: 25.5682
Acc_20: 44.8864
------------------------------------------------------------
