/root/miniconda3/envs/subset/lib/python3.9/site-packages/torch/nn/modules/transformer.py:508: UserWarning: The PyTorch API of nested tensors is in prototype stage and will change in the near future. We recommend specifying layout=torch.jagged when constructing a nested tensor, as this layout receives active development, has better operator coverage, and works with torch.compile. (Triggered internally at /pytorch/aten/src/ATen/NestedTensorImpl.cpp:178.)
  output = torch._nested_tensor_from_mask(
--- DTA Baseline: Full (Ratio: 0.2) ---

=== Phase 1: Source Pre-training ===
[P1] Ep 1: Loss 1.3605 | Val MAE 2.0196
[P1] Ep 2: Loss 0.8495 | Val MAE 2.0187
[P1] Ep 3: Loss 0.8063 | Val MAE 2.0265
[P1] Ep 4: Loss 0.7663 | Val MAE 2.0912
[P1] Ep 5: Loss 0.7512 | Val MAE 2.0982
[P1] Ep 6: Loss 0.7161 | Val MAE 1.9185
[P1] Ep 7: Loss 0.7013 | Val MAE 2.0072
[P1] Ep 8: Loss 0.6809 | Val MAE 2.1512
[P1] Ep 9: Loss 0.6717 | Val MAE 1.9686
[P1] Ep 10: Loss 0.6633 | Val MAE 2.1183
[P1] Ep 11: Loss 0.6558 | Val MAE 2.0327
[P1] Ep 12: Loss 0.6540 | Val MAE 1.8997
[P1] Ep 13: Loss 0.6476 | Val MAE 1.9588
[P1] Ep 14: Loss 0.6446 | Val MAE 1.9720
[P1] Ep 15: Loss 0.6328 | Val MAE 2.0168
[P1] Ep 16: Loss 0.6326 | Val MAE 1.9500
[P1] Ep 17: Loss 0.6219 | Val MAE 2.0165
[P1] Ep 18: Loss 0.6110 | Val MAE 1.9051
[P1] Ep 19: Loss 0.6089 | Val MAE 1.9889
[P1] Ep 20: Loss 0.5938 | Val MAE 1.9922
[P1] Ep 21: Loss 0.6088 | Val MAE 1.9837
[P1] Ep 22: Loss 0.5836 | Val MAE 2.0026
[P1] Ep 23: Loss 0.5807 | Val MAE 1.9447
[P1] Ep 24: Loss 0.5716 | Val MAE 2.0334
[P1] Ep 25: Loss 0.5662 | Val MAE 2.0507
[P1] Ep 26: Loss 0.5532 | Val MAE 2.0026
[P1] Ep 27: Loss 0.5392 | Val MAE 1.9606
[P1] Ep 28: Loss 0.5426 | Val MAE 1.9959
[P1] Ep 29: Loss 0.5386 | Val MAE 1.7760
[P1] Ep 30: Loss 0.5280 | Val MAE 1.9104
[P1] Ep 31: Loss 0.5285 | Val MAE 1.8905
[P1] Ep 32: Loss 0.5103 | Val MAE 1.8648
[P1] Ep 33: Loss 0.5134 | Val MAE 1.8568
[P1] Ep 34: Loss 0.5006 | Val MAE 1.8794
[P1] Ep 35: Loss 0.5078 | Val MAE 1.9108
[P1] Ep 36: Loss 0.4924 | Val MAE 1.8958
[P1] Ep 37: Loss 0.4876 | Val MAE 1.9377
[P1] Ep 38: Loss 0.4783 | Val MAE 1.8875
[P1] Ep 39: Loss 0.4798 | Val MAE 1.7768
[P1] Ep 40: Loss 0.4801 | Val MAE 1.7903
[P1] Ep 41: Loss 0.4693 | Val MAE 1.7429
[P1] Ep 42: Loss 0.4659 | Val MAE 1.7959
[P1] Ep 43: Loss 0.4627 | Val MAE 1.8699
[P1] Ep 44: Loss 0.4622 | Val MAE 1.8647
[P1] Ep 45: Loss 0.4502 | Val MAE 1.8712
[P1] Ep 46: Loss 0.4442 | Val MAE 1.9314
[P1] Ep 47: Loss 0.4459 | Val MAE 1.9561
[P1] Ep 48: Loss 0.4394 | Val MAE 1.8696
[P1] Ep 49: Loss 0.4352 | Val MAE 1.8078
[P1] Ep 50: Loss 0.4287 | Val MAE 1.7807
[P1] Ep 51: Loss 0.4239 | Val MAE 1.7459
[P1] Ep 52: Loss 0.4244 | Val MAE 1.7959
[P1] Ep 53: Loss 0.4167 | Val MAE 1.7719
[P1] Ep 54: Loss 0.4202 | Val MAE 1.7470
[P1] Ep 55: Loss 0.4134 | Val MAE 1.7289
[P1] Ep 56: Loss 0.4109 | Val MAE 1.7411
[P1] Ep 57: Loss 0.4009 | Val MAE 1.6539
[P1] Ep 58: Loss 0.4021 | Val MAE 1.5480
[P1] Ep 59: Loss 0.4021 | Val MAE 1.7147
[P1] Ep 60: Loss 0.3929 | Val MAE 1.7372
[P1] Ep 61: Loss 0.3914 | Val MAE 1.6993
[P1] Ep 62: Loss 0.3880 | Val MAE 1.6509
[P1] Ep 63: Loss 0.3824 | Val MAE 1.8421
[P1] Ep 64: Loss 0.3755 | Val MAE 1.6638
[P1] Ep 65: Loss 0.3681 | Val MAE 1.6231
[P1] Ep 66: Loss 0.3727 | Val MAE 1.6550
[P1] Ep 67: Loss 0.3657 | Val MAE 1.8134
[P1] Ep 68: Loss 0.3595 | Val MAE 1.8342
[P1] Ep 69: Loss 0.3598 | Val MAE 1.8729
[P1] Ep 70: Loss 0.3562 | Val MAE 1.8183
[P1] Ep 71: Loss 0.3549 | Val MAE 1.9207
[P1] Ep 72: Loss 0.3468 | Val MAE 1.7349
[P1] Ep 73: Loss 0.3454 | Val MAE 1.7673
[P1] Ep 74: Loss 0.3372 | Val MAE 1.7865
[P1] Ep 75: Loss 0.3332 | Val MAE 1.7814
[P1] Ep 76: Loss 0.3354 | Val MAE 1.8471
[P1] Ep 77: Loss 0.3329 | Val MAE 1.8214
[P1] Ep 78: Loss 0.3271 | Val MAE 1.8216
[P1] Ep 79: Loss 0.3217 | Val MAE 1.8263
[P1] Ep 80: Loss 0.3188 | Val MAE 1.8859
[P1] Ep 81: Loss 0.3146 | Val MAE 1.8954
[P1] Ep 82: Loss 0.3139 | Val MAE 1.8463
[P1] Ep 83: Loss 0.3084 | Val MAE 1.7687
[P1] Ep 84: Loss 0.3023 | Val MAE 1.7497
[P1] Ep 85: Loss 0.3030 | Val MAE 1.8979
[P1] Ep 86: Loss 0.2972 | Val MAE 1.9506
[P1] Ep 87: Loss 0.2993 | Val MAE 1.8041
[P1] Ep 88: Loss 0.2851 | Val MAE 1.8140
[P1] Ep 89: Loss 0.2922 | Val MAE 1.8295
[P1] Ep 90: Loss 0.2863 | Val MAE 1.8467
[P1] Ep 91: Loss 0.2750 | Val MAE 1.7964
[P1] Ep 92: Loss 0.2790 | Val MAE 1.7622
[P1] Ep 93: Loss 0.2723 | Val MAE 1.8900
[P1] Ep 94: Loss 0.2725 | Val MAE 1.7091
[P1] Ep 95: Loss 0.2676 | Val MAE 1.7521
[P1] Ep 96: Loss 0.2660 | Val MAE 1.7547
[P1] Ep 97: Loss 0.2594 | Val MAE 1.6699
[P1] Ep 98: Loss 0.2610 | Val MAE 1.8005
[P1] Ep 99: Loss 0.2547 | Val MAE 1.7814
[P1] Ep 100: Loss 0.2521 | Val MAE 1.7703
[P1] Ep 101: Loss 0.2487 | Val MAE 1.9073
[P1] Ep 102: Loss 0.2442 | Val MAE 1.8136
[P1] Ep 103: Loss 0.2455 | Val MAE 1.8292
[P1] Ep 104: Loss 0.2382 | Val MAE 1.7341
[P1] Ep 105: Loss 0.2432 | Val MAE 1.9157
[P1] Ep 106: Loss 0.2347 | Val MAE 1.9156
[P1] Ep 107: Loss 0.2346 | Val MAE 1.8855
[P1] Ep 108: Loss 0.2354 | Val MAE 1.7816
[P1] Ep 109: Loss 0.2277 | Val MAE 1.8083
[P1] Ep 110: Loss 0.2301 | Val MAE 1.8180
[P1] Ep 111: Loss 0.2254 | Val MAE 1.7545
[P1] Ep 112: Loss 0.2218 | Val MAE 1.8248
[P1] Ep 113: Loss 0.2232 | Val MAE 1.7733
[P1] Ep 114: Loss 0.2216 | Val MAE 1.7643
[P1] Ep 115: Loss 0.2160 | Val MAE 1.8238
[P1] Ep 116: Loss 0.2144 | Val MAE 1.8290
[P1] Ep 117: Loss 0.2113 | Val MAE 1.7845
[P1] Ep 118: Loss 0.2071 | Val MAE 1.7916
[P1] Ep 119: Loss 0.2080 | Val MAE 1.8001
[P1] Ep 120: Loss 0.2098 | Val MAE 1.8182
[P1] Ep 121: Loss 0.2014 | Val MAE 1.8341
[P1] Ep 122: Loss 0.2011 | Val MAE 1.7565
[P1] Ep 123: Loss 0.2000 | Val MAE 1.7652
[P1] Ep 124: Loss 0.2033 | Val MAE 1.8016
[P1] Ep 125: Loss 0.1994 | Val MAE 1.7922
[P1] Ep 126: Loss 0.1967 | Val MAE 1.7593
[P1] Ep 127: Loss 0.1988 | Val MAE 1.7460
[P1] Ep 128: Loss 0.1900 | Val MAE 1.8000
[P1] Ep 129: Loss 0.1880 | Val MAE 1.8254
[P1] Ep 130: Loss 0.1935 | Val MAE 1.9319
[P1] Ep 131: Loss 0.1891 | Val MAE 1.8638
[P1] Ep 132: Loss 0.1860 | Val MAE 1.8325
[P1] Ep 133: Loss 0.1855 | Val MAE 1.8752
[P1] Ep 134: Loss 0.1828 | Val MAE 1.9012
[P1] Ep 135: Loss 0.1818 | Val MAE 1.8744
[P1] Ep 136: Loss 0.1791 | Val MAE 1.8956
[P1] Ep 137: Loss 0.1778 | Val MAE 1.8000
[P1] Ep 138: Loss 0.1751 | Val MAE 1.7761
[P1] Ep 139: Loss 0.1762 | Val MAE 1.8714
[P1] Ep 140: Loss 0.1754 | Val MAE 1.7962
[P1] Ep 141: Loss 0.1678 | Val MAE 1.8925
[P1] Ep 142: Loss 0.1684 | Val MAE 1.7930
[P1] Ep 143: Loss 0.1698 | Val MAE 1.7950
[P1] Ep 144: Loss 0.1693 | Val MAE 1.8123
[P1] Ep 145: Loss 0.1631 | Val MAE 1.7987
[P1] Ep 146: Loss 0.1642 | Val MAE 1.8558
[P1] Ep 147: Loss 0.1618 | Val MAE 1.8013
[P1] Ep 148: Loss 0.1654 | Val MAE 1.9105
[P1] Ep 149: Loss 0.1592 | Val MAE 1.7926
[P1] Ep 150: Loss 0.1612 | Val MAE 1.8795
[P1] Ep 151: Loss 0.1568 | Val MAE 1.7899
[P1] Ep 152: Loss 0.1602 | Val MAE 1.8924
[P1] Ep 153: Loss 0.1567 | Val MAE 1.8122
[P1] Ep 154: Loss 0.1553 | Val MAE 1.8492
[P1] Ep 155: Loss 0.1516 | Val MAE 1.9251
[P1] Ep 156: Loss 0.1507 | Val MAE 1.8596
[P1] Ep 157: Loss 0.1499 | Val MAE 1.8634
[P1] Ep 158: Loss 0.1484 | Val MAE 1.7493
[P1] Ep 159: Loss 0.1473 | Val MAE 1.7869
[P1] Ep 160: Loss 0.1476 | Val MAE 1.7850
[P1] Ep 161: Loss 0.1440 | Val MAE 1.8175
[P1] Ep 162: Loss 0.1433 | Val MAE 1.8542
[P1] Ep 163: Loss 0.1427 | Val MAE 1.8363
[P1] Ep 164: Loss 0.1431 | Val MAE 1.8668
[P1] Ep 165: Loss 0.1389 | Val MAE 1.8366
[P1] Ep 166: Loss 0.1388 | Val MAE 1.8111
[P1] Ep 167: Loss 0.1394 | Val MAE 1.9273
[P1] Ep 168: Loss 0.1375 | Val MAE 1.7892
[P1] Ep 169: Loss 0.1352 | Val MAE 1.8314
[P1] Ep 170: Loss 0.1345 | Val MAE 1.8445
[P1] Ep 171: Loss 0.1390 | Val MAE 1.8510
[P1] Ep 172: Loss 0.1333 | Val MAE 1.9071
[P1] Ep 173: Loss 0.1350 | Val MAE 1.8525
[P1] Ep 174: Loss 0.1319 | Val MAE 1.8643
[P1] Ep 175: Loss 0.1316 | Val MAE 1.8243
[P1] Ep 176: Loss 0.1285 | Val MAE 1.8358
[P1] Ep 177: Loss 0.1277 | Val MAE 1.7946
[P1] Ep 178: Loss 0.1259 | Val MAE 1.9149
[P1] Ep 179: Loss 0.1274 | Val MAE 1.9164
[P1] Ep 180: Loss 0.1231 | Val MAE 1.9490
[P1] Ep 181: Loss 0.1271 | Val MAE 1.8473
[P1] Ep 182: Loss 0.1208 | Val MAE 1.8355
[P1] Ep 183: Loss 0.1202 | Val MAE 1.8098
[P1] Ep 184: Loss 0.1238 | Val MAE 1.9137
[P1] Ep 185: Loss 0.1187 | Val MAE 1.8576
[P1] Ep 186: Loss 0.1199 | Val MAE 1.8458
[P1] Ep 187: Loss 0.1192 | Val MAE 1.7997
[P1] Ep 188: Loss 0.1169 | Val MAE 1.9269
[P1] Ep 189: Loss 0.1183 | Val MAE 1.8237
[P1] Ep 190: Loss 0.1160 | Val MAE 1.8455
[P1] Ep 191: Loss 0.1159 | Val MAE 1.7939
[P1] Ep 192: Loss 0.1160 | Val MAE 1.8095
[P1] Ep 193: Loss 0.1131 | Val MAE 1.8170
[P1] Ep 194: Loss 0.1152 | Val MAE 1.7748
[P1] Ep 195: Loss 0.1139 | Val MAE 1.7984
[P1] Ep 196: Loss 0.1123 | Val MAE 1.8997
[P1] Ep 197: Loss 0.1107 | Val MAE 1.8476
[P1] Ep 198: Loss 0.1108 | Val MAE 1.8066
[P1] Ep 199: Loss 0.1103 | Val MAE 1.8100
[P1] Ep 200: Loss 0.1110 | Val MAE 1.8363

=== Phase 2: Target Fine-tuning ===
Freezing backbone layers...
[FT] Ep 1: Loss 8.3792 | Val MAE 1.5768 CI 0.5965
[FT] Ep 2: Loss 7.5431 | Val MAE 1.5216 CI 0.6023
[FT] Ep 3: Loss 7.1770 | Val MAE 1.4707 CI 0.6199
[FT] Ep 4: Loss 6.8098 | Val MAE 1.4195 CI 0.6374
[FT] Ep 5: Loss 6.3652 | Val MAE 1.3700 CI 0.6433
[FT] Ep 6: Loss 6.3749 | Val MAE 1.3428 CI 0.6433
[FT] Ep 7: Loss 6.1609 | Val MAE 1.3174 CI 0.6550
[FT] Ep 8: Loss 5.8896 | Val MAE 1.2912 CI 0.6608
[FT] Ep 9: Loss 5.8038 | Val MAE 1.2667 CI 0.6842
[FT] Ep 10: Loss 5.7569 | Val MAE 1.2555 CI 0.7076
[FT] Ep 11: Loss 5.1979 | Val MAE 1.2433 CI 0.7135
[FT] Ep 12: Loss 5.5136 | Val MAE 1.2325 CI 0.7251
[FT] Ep 13: Loss 5.3552 | Val MAE 1.2214 CI 0.7485
[FT] Ep 14: Loss 5.1583 | Val MAE 1.2096 CI 0.7544
[FT] Ep 15: Loss 4.9812 | Val MAE 1.2033 CI 0.7778
[FT] Ep 16: Loss 4.7335 | Val MAE 1.2011 CI 0.7836
[FT] Ep 17: Loss 4.4860 | Val MAE 1.1941 CI 0.7836
[FT] Ep 18: Loss 4.7593 | Val MAE 1.1883 CI 0.7778
[FT] Ep 19: Loss 4.4605 | Val MAE 1.1851 CI 0.7778
[FT] Ep 20: Loss 4.4727 | Val MAE 1.1865 CI 0.7778
[FT] Ep 21: Loss 4.1431 | Val MAE 1.1865 CI 0.7778
[FT] Ep 22: Loss 4.4051 | Val MAE 1.1850 CI 0.7778
[FT] Ep 23: Loss 4.1762 | Val MAE 1.1814 CI 0.7719
[FT] Ep 24: Loss 4.1476 | Val MAE 1.1791 CI 0.7719
[FT] Ep 25: Loss 4.2800 | Val MAE 1.1766 CI 0.7602
[FT] Ep 26: Loss 3.8825 | Val MAE 1.1671 CI 0.7544
[FT] Ep 27: Loss 3.9462 | Val MAE 1.1644 CI 0.7544
[FT] Ep 28: Loss 4.1085 | Val MAE 1.1612 CI 0.7427
[FT] Ep 29: Loss 4.1168 | Val MAE 1.1583 CI 0.7427
[FT] Ep 30: Loss 3.6843 | Val MAE 1.1552 CI 0.7427
[FT] Ep 31: Loss 3.7536 | Val MAE 1.1545 CI 0.7427
[FT] Ep 32: Loss 3.5519 | Val MAE 1.1584 CI 0.7310
[FT] Ep 33: Loss 3.5214 | Val MAE 1.1654 CI 0.7310
[FT] Ep 34: Loss 3.6435 | Val MAE 1.1702 CI 0.7427
[FT] Ep 35: Loss 3.5394 | Val MAE 1.1697 CI 0.7368
[FT] Ep 36: Loss 3.5750 | Val MAE 1.1724 CI 0.7427
[FT] Ep 37: Loss 3.5636 | Val MAE 1.1729 CI 0.7427
[FT] Ep 38: Loss 3.4197 | Val MAE 1.1745 CI 0.7427
[FT] Ep 39: Loss 3.3029 | Val MAE 1.1761 CI 0.7427
[FT] Ep 40: Loss 3.2189 | Val MAE 1.1765 CI 0.7368
[FT] Ep 41: Loss 3.2781 | Val MAE 1.1759 CI 0.7310
[FT] Ep 42: Loss 3.1067 | Val MAE 1.1853 CI 0.7310
[FT] Ep 43: Loss 3.1313 | Val MAE 1.1905 CI 0.7368
[FT] Ep 44: Loss 3.0505 | Val MAE 1.1938 CI 0.7251
[FT] Ep 45: Loss 3.1333 | Val MAE 1.1920 CI 0.7193
[FT] Ep 46: Loss 3.0796 | Val MAE 1.1908 CI 0.7193
[FT] Ep 47: Loss 2.7487 | Val MAE 1.1880 CI 0.7193
[FT] Ep 48: Loss 2.9172 | Val MAE 1.1875 CI 0.7193
[FT] Ep 49: Loss 2.8693 | Val MAE 1.1904 CI 0.7193
[FT] Ep 50: Loss 2.7309 | Val MAE 1.1956 CI 0.7135
[FT] Ep 51: Loss 2.7611 | Val MAE 1.1938 CI 0.7135
[FT] Ep 52: Loss 2.8397 | Val MAE 1.1938 CI 0.7135
[FT] Ep 53: Loss 2.6270 | Val MAE 1.1932 CI 0.7076
[FT] Ep 54: Loss 2.8419 | Val MAE 1.1944 CI 0.7018
[FT] Ep 55: Loss 2.6162 | Val MAE 1.1920 CI 0.7018
[FT] Ep 56: Loss 2.6267 | Val MAE 1.1868 CI 0.7018
[FT] Ep 57: Loss 2.5719 | Val MAE 1.1883 CI 0.7018
[FT] Ep 58: Loss 2.4982 | Val MAE 1.1928 CI 0.7076
[FT] Ep 59: Loss 2.5001 | Val MAE 1.1931 CI 0.7135
[FT] Ep 60: Loss 2.4406 | Val MAE 1.1962 CI 0.7076
[FT] Ep 61: Loss 2.3371 | Val MAE 1.1920 CI 0.7076
[FT] Ep 62: Loss 2.4741 | Val MAE 1.1850 CI 0.7135
[FT] Ep 63: Loss 2.3660 | Val MAE 1.1850 CI 0.7135
[FT] Ep 64: Loss 2.3945 | Val MAE 1.1892 CI 0.7076
[FT] Ep 65: Loss 2.3231 | Val MAE 1.1836 CI 0.7018
[FT] Ep 66: Loss 2.4045 | Val MAE 1.1805 CI 0.6901
[FT] Ep 67: Loss 2.4505 | Val MAE 1.1759 CI 0.6901
[FT] Ep 68: Loss 2.0911 | Val MAE 1.1649 CI 0.6901
[FT] Ep 69: Loss 2.3110 | Val MAE 1.1543 CI 0.6901
[FT] Ep 70: Loss 2.2099 | Val MAE 1.1556 CI 0.6842
[FT] Ep 71: Loss 2.3309 | Val MAE 1.1730 CI 0.6842
[FT] Ep 72: Loss 2.0197 | Val MAE 1.1853 CI 0.6842
[FT] Ep 73: Loss 2.1239 | Val MAE 1.2242 CI 0.6784
[FT] Ep 74: Loss 2.0970 | Val MAE 1.2299 CI 0.6842
[FT] Ep 75: Loss 1.8980 | Val MAE 1.2498 CI 0.6784
[FT] Ep 76: Loss 2.1066 | Val MAE 1.2576 CI 0.6725
[FT] Ep 77: Loss 2.0294 | Val MAE 1.2782 CI 0.6784
[FT] Ep 78: Loss 2.0815 | Val MAE 1.2742 CI 0.6725
[FT] Ep 79: Loss 1.9541 | Val MAE 1.2775 CI 0.6667
[FT] Ep 80: Loss 1.9915 | Val MAE 1.2730 CI 0.6667
[FT] Ep 81: Loss 1.7800 | Val MAE 1.2730 CI 0.6608
[FT] Ep 82: Loss 1.6786 | Val MAE 1.2572 CI 0.6608
[FT] Ep 83: Loss 1.9081 | Val MAE 1.2418 CI 0.6608
[FT] Ep 84: Loss 2.0451 | Val MAE 1.2374 CI 0.6608
[FT] Ep 85: Loss 2.0386 | Val MAE 1.2355 CI 0.6667
[FT] Ep 86: Loss 2.0072 | Val MAE 1.2337 CI 0.6667
[FT] Ep 87: Loss 1.6033 | Val MAE 1.2423 CI 0.6667
[FT] Ep 88: Loss 1.9503 | Val MAE 1.2377 CI 0.6667
[FT] Ep 89: Loss 1.5773 | Val MAE 1.2323 CI 0.6725
[FT] Ep 90: Loss 1.6397 | Val MAE 1.2421 CI 0.6725
[FT] Ep 91: Loss 1.5828 | Val MAE 1.2425 CI 0.6725
[FT] Ep 92: Loss 1.6225 | Val MAE 1.2525 CI 0.6725
[FT] Ep 93: Loss 1.5237 | Val MAE 1.2730 CI 0.6725
[FT] Ep 94: Loss 1.6696 | Val MAE 1.2842 CI 0.6667
[FT] Ep 95: Loss 1.4517 | Val MAE 1.2803 CI 0.6667
[FT] Ep 96: Loss 1.5297 | Val MAE 1.2710 CI 0.6667
[FT] Ep 97: Loss 1.5110 | Val MAE 1.2658 CI 0.6667
[FT] Ep 98: Loss 1.5515 | Val MAE 1.2616 CI 0.6550
[FT] Ep 99: Loss 1.5993 | Val MAE 1.2605 CI 0.6550
[FT] Ep 100: Loss 1.3557 | Val MAE 1.2636 CI 0.6550
[FT] Ep 101: Loss 1.5278 | Val MAE 1.2759 CI 0.6491
[FT] Ep 102: Loss 1.5224 | Val MAE 1.2841 CI 0.6491
[FT] Ep 103: Loss 1.4420 | Val MAE 1.2779 CI 0.6491
[FT] Ep 104: Loss 1.3919 | Val MAE 1.2676 CI 0.6491
[FT] Ep 105: Loss 1.5452 | Val MAE 1.2660 CI 0.6491
[FT] Ep 106: Loss 1.3465 | Val MAE 1.2611 CI 0.6491
[FT] Ep 107: Loss 1.3931 | Val MAE 1.2680 CI 0.6433
[FT] Ep 108: Loss 1.3996 | Val MAE 1.2830 CI 0.6491
[FT] Ep 109: Loss 1.2807 | Val MAE 1.2919 CI 0.6550
[FT] Ep 110: Loss 1.2894 | Val MAE 1.2858 CI 0.6550
[FT] Ep 111: Loss 1.2840 | Val MAE 1.2912 CI 0.6491
[FT] Ep 112: Loss 1.2702 | Val MAE 1.2938 CI 0.6491
[FT] Ep 113: Loss 1.4160 | Val MAE 1.2766 CI 0.6433
[FT] Ep 114: Loss 1.2983 | Val MAE 1.2604 CI 0.6433
[FT] Ep 115: Loss 1.1701 | Val MAE 1.2565 CI 0.6491
[FT] Ep 116: Loss 1.1174 | Val MAE 1.2519 CI 0.6491
[FT] Ep 117: Loss 1.3364 | Val MAE 1.2588 CI 0.6550
[FT] Ep 118: Loss 1.2857 | Val MAE 1.2666 CI 0.6491
[FT] Ep 119: Loss 1.4315 | Val MAE 1.2693 CI 0.6550
Early stopping triggered.

>>> Final Test Evaluation
------------------------------------------------------------
[BASELINE RESULT] Method: Full
   MAE:  1.4549
   RMSE: 1.7790
   CI:   0.6105
   RM2:  0.0667
   MAPE: 26.79 %
   Acc:  25.00 %
------------------------------------------------------------
