--- Baseline MLP Pipeline (Method: Hard Random) ---
Loading data from:
  Theory: ../bandgap/theory_features_clean.csv
  Exp: ../bandgap/exp_features_clean.csv
Full Source Data: 7908 | Target Train: 632
Initializing ResNet Baseline (Dim=128)...

=== Stage 0: Coreset Selection [Hard Random] ===
   Target Ratio: 80.0%

[Sampler] Running Hard Random | Target: 6326/7908 (80.0%)
-> Selected 6326 samples.

=== PHASE 1: Source Pre-training ===
[P1] Ep 20: Loss 0.8869
[P1] Ep 40: Loss 0.7188
[P1] Ep 60: Loss 0.6086
[P1] Ep 80: Loss 0.5642
[P1] Ep 100: Loss 0.5048
[P1] Ep 120: Loss 0.4776
[P1] Ep 140: Loss 0.4387
[P1] Ep 160: Loss 0.4083
[P1] Ep 180: Loss 0.3797
[P1] Ep 200: Loss 0.3551
[P1] Ep 220: Loss 0.3506
[P1] Ep 240: Loss 0.3243
[P1] Ep 260: Loss 0.3084
[P1] Ep 280: Loss 0.2898
[P1] Ep 300: Loss 0.2779
[P1] Ep 320: Loss 0.2761
[P1] Ep 340: Loss 0.2533
[P1] Ep 360: Loss 0.2591
[P1] Ep 380: Loss 0.2376
[P1] Ep 400: Loss 0.2289
[P1] Ep 420: Loss 0.2252
[P1] Ep 440: Loss 0.2161
[P1] Ep 460: Loss 0.2108
[P1] Ep 480: Loss 0.2039
[P1] Ep 500: Loss 0.2032
[P1] Ep 520: Loss 0.1932
[P1] Ep 540: Loss 0.1824
[P1] Ep 560: Loss 0.1778
[P1] Ep 580: Loss 0.1747
[P1] Ep 600: Loss 0.1675
[P1] Ep 620: Loss 0.1572
[P1] Ep 640: Loss 0.1553
[P1] Ep 660: Loss 0.1532
[P1] Ep 680: Loss 0.1497
[P1] Ep 700: Loss 0.1453
[P1] Ep 720: Loss 0.1420
[P1] Ep 740: Loss 0.1449
[P1] Ep 760: Loss 0.1390
[P1] Ep 780: Loss 0.1359
[P1] Ep 800: Loss 0.1296
[P1] Ep 820: Loss 0.1262
[P1] Ep 840: Loss 0.1249
[P1] Ep 860: Loss 0.1206
[P1] Ep 880: Loss 0.1189
[P1] Ep 900: Loss 0.1133
[P1] Ep 920: Loss 0.1168
[P1] Ep 940: Loss 0.1144
[P1] Ep 960: Loss 0.1107
[P1] Ep 980: Loss 0.1076
[P1] Ep 1000: Loss 0.1021

=== PHASE 2.1: Head Alignment ===
[P2.1] Ep 50 MAE 0.9085
[P2.1] Ep 100 MAE 0.8787
[P2.1] Ep 150 MAE 0.8381
[P2.1] Ep 200 MAE 0.8400

=== PHASE 2.2: Full Fine-tuning ===
[P2.2] Ep 20 MAE 0.7100
[P2.2] Ep 40 MAE 0.7083
[P2.2] Ep 60 MAE 0.6947
[P2.2] Ep 80 MAE 0.6951
[P2.2] Ep 100 MAE 0.6865
[P2.2] Ep 120 MAE 0.6876
[P2.2] Ep 140 MAE 0.6738
[P2.2] Ep 160 MAE 0.6728
[P2.2] Ep 180 MAE 0.6724
[P2.2] Ep 200 MAE 0.6798
[P2.2] Ep 220 MAE 0.6700

>>> Final Test Evaluation
------------------------------------------------------------
Method: Hard Random (Ratio=0.8)
MAE: 0.6007
RMSE: 0.7685
MAPE: 39.0195
Acc_10: 23.8636
Acc_20: 48.8636
------------------------------------------------------------
