-> Loading CSVs...
-> Selected 128 features.
-> Target Stats: Mean=2.7508, Std=1.5292
Source Data: 7908 | Target Train: 632
Initializing ResNet DETS Model (Dim=128)...
-> Applying Sparsity Init...

=== PHASE 1: Source Pre-training (Soft DETS) ===
-> Extracting Prototypes...
[P1] Ep 20: Loss 0.6731 | Val MAE 1.4122
[P1] Ep 40: Loss 0.6089 | Val MAE 1.3728
[P1] Ep 60: Loss 0.5533 | Val MAE 1.2449
[P1] Ep 80: Loss 0.5252 | Val MAE 1.3247
[P1] Ep 100: Loss 0.4672 | Val MAE 1.2739
[P1] Ep 120: Loss 0.4496 | Val MAE 1.2613
[P1] Ep 140: Loss 0.4180 | Val MAE 1.2489
[P1] Ep 160: Loss 0.3988 | Val MAE 1.2731
[P1] Ep 180: Loss 0.3679 | Val MAE 1.2275
[P1] Ep 200: Loss 0.3335 | Val MAE 1.2181
[P1] Ep 220: Loss 0.3368 | Val MAE 1.2655
[P1] Ep 240: Loss 0.3054 | Val MAE 1.2153
[P1] Ep 260: Loss 0.2977 | Val MAE 1.2668
[P1] Ep 280: Loss 0.2652 | Val MAE 1.2228
[P1] Ep 300: Loss 0.2623 | Val MAE 1.2788
[P1] Ep 320: Loss 0.2382 | Val MAE 1.2646
[P1] Ep 340: Loss 0.2182 | Val MAE 1.2412
[P1] Ep 360: Loss 0.2092 | Val MAE 1.1962
[P1] Ep 380: Loss 0.1849 | Val MAE 1.2395
[P1] Ep 400: Loss 0.1666 | Val MAE 1.2652
[P1] Ep 420: Loss 0.1806 | Val MAE 1.2902
[P1] Ep 440: Loss 0.1509 | Val MAE 1.2230
[P1] Ep 460: Loss 0.1469 | Val MAE 1.2514
[P1] Ep 480: Loss 0.1267 | Val MAE 1.2762
[P1] Ep 500: Loss 0.0942 | Val MAE 1.2578
[P1] Ep 520: Loss 0.1214 | Val MAE 1.2563
[P1] Ep 540: Loss 0.0901 | Val MAE 1.3003
[P1] Ep 560: Loss 0.0718 | Val MAE 1.2634
[P1] Ep 580: Loss 0.0799 | Val MAE 1.2843
[P1] Ep 600: Loss 0.0616 | Val MAE 1.2440
[P1] Ep 620: Loss 0.0432 | Val MAE 1.2350
[P1] Ep 640: Loss 0.0368 | Val MAE 1.2050
[P1] Ep 660: Loss 0.0288 | Val MAE 1.2304
[P1] Ep 680: Loss 0.0213 | Val MAE 1.2716
[P1] Ep 700: Loss 0.0153 | Val MAE 1.2629
[P1] Ep 720: Loss 0.0065 | Val MAE 1.2332
[P1] Ep 740: Loss -0.0083 | Val MAE 1.2815
[P1] Ep 760: Loss -0.0118 | Val MAE 1.2772
[P1] Ep 780: Loss -0.0233 | Val MAE 1.2198
[P1] Ep 800: Loss -0.0353 | Val MAE 1.2301
[P1] Ep 820: Loss -0.0314 | Val MAE 1.2712
[P1] Ep 840: Loss -0.0302 | Val MAE 1.2579
[P1] Ep 860: Loss -0.0478 | Val MAE 1.2458
[P1] Ep 880: Loss -0.0499 | Val MAE 1.2484
[P1] Ep 900: Loss -0.0613 | Val MAE 1.2835
[P1] Ep 920: Loss -0.0735 | Val MAE 1.2288
[P1] Ep 940: Loss -0.0728 | Val MAE 1.2682
[P1] Ep 960: Loss -0.0877 | Val MAE 1.2658
[P1] Ep 980: Loss -0.0851 | Val MAE 1.2631
[P1] Ep 1000: Loss -0.1033 | Val MAE 1.3009

=== PHASE 2.1: Head Alignment ===
[P2.1] Ep 20 MAE 0.6686
[P2.1] Ep 40 MAE 0.6670
[P2.1] Ep 60 MAE 0.6634
[P2.1] Ep 80 MAE 0.6635
[P2.1] Ep 100 MAE 0.6652
[P2.1] Ep 120 MAE 0.6525
[P2.1] Ep 140 MAE 0.6446
[P2.1] Ep 160 MAE 0.6417
[P2.1] Ep 180 MAE 0.6421
[P2.1] Ep 200 MAE 0.6511
[P2.1] Ep 220 MAE 0.6477
[P2.1] Ep 240 MAE 0.6293
[P2.1] Ep 260 MAE 0.6312
[P2.1] Ep 280 MAE 0.6327
[P2.1] Ep 300 MAE 0.6240
[P2.1] Ep 320 MAE 0.6298
[P2.1] Ep 340 MAE 0.6253
[P2.1] Ep 360 MAE 0.6279
[P2.1] Ep 380 MAE 0.6154
[P2.1] Ep 400 MAE 0.6164
[P2.1] Ep 420 MAE 0.6190
[P2.1] Ep 440 MAE 0.6122
[P2.1] Ep 460 MAE 0.6141
[P2.1] Ep 480 MAE 0.6228
[P2.1] Ep 500 MAE 0.6200
[P2.1] Ep 520 MAE 0.6269
[P2.1] Ep 540 MAE 0.6130
[P2.1] Ep 560 MAE 0.6234
[P2.1] Ep 580 MAE 0.6135
[P2.1] Ep 600 MAE 0.6046
[P2.1] Ep 620 MAE 0.6083
[P2.1] Ep 640 MAE 0.6117
[P2.1] Ep 660 MAE 0.6279
[P2.1] Ep 680 MAE 0.6164
[P2.1] Ep 700 MAE 0.6147

=== PHASE 2.2: Full Fine-tuning ===
[P2.2] Ep 20 MAE 0.5657
[P2.2] Ep 40 MAE 0.5659

>>> Final Test Evaluation
------------------------------------------------------------
MAE: 0.4827
RMSE: 0.6442
MAPE: 36.3993
Acc_10: 35.7955
Acc_20: 59.0909
------------------------------------------------------------
