-> Loading CSVs...
-> Selected 128 features.
-> Target Stats: Mean=2.7508, Std=1.5292
Source Data: 7908 | Target Train: 632
Initializing ResNet DETS Model (Dim=128)...
-> Applying Sparsity Init...

=== PHASE 1: Source Pre-training (Soft DETS) ===
-> Extracting Prototypes...
[P1] Ep 20: Loss 0.6877 | Val MAE 1.3718
[P1] Ep 40: Loss 0.6302 | Val MAE 1.2654
[P1] Ep 60: Loss 0.5723 | Val MAE 1.2652
[P1] Ep 80: Loss 0.5119 | Val MAE 1.2713
[P1] Ep 100: Loss 0.5056 | Val MAE 1.2503
[P1] Ep 120: Loss 0.4526 | Val MAE 1.2227
[P1] Ep 140: Loss 0.4322 | Val MAE 1.2848
[P1] Ep 160: Loss 0.4064 | Val MAE 1.2462
[P1] Ep 180: Loss 0.3635 | Val MAE 1.3125
[P1] Ep 200: Loss 0.3435 | Val MAE 1.2293
[P1] Ep 220: Loss 0.3167 | Val MAE 1.2775
[P1] Ep 240: Loss 0.3009 | Val MAE 1.2685
[P1] Ep 260: Loss 0.2865 | Val MAE 1.2334
[P1] Ep 280: Loss 0.2553 | Val MAE 1.2368
[P1] Ep 300: Loss 0.2485 | Val MAE 1.2638
[P1] Ep 320: Loss 0.2280 | Val MAE 1.2723
[P1] Ep 340: Loss 0.2084 | Val MAE 1.2289
[P1] Ep 360: Loss 0.1931 | Val MAE 1.2066
[P1] Ep 380: Loss 0.1698 | Val MAE 1.2664
[P1] Ep 400: Loss 0.1673 | Val MAE 1.2822
[P1] Ep 420: Loss 0.1677 | Val MAE 1.2652
[P1] Ep 440: Loss 0.1538 | Val MAE 1.2336
[P1] Ep 460: Loss 0.1481 | Val MAE 1.2453
[P1] Ep 480: Loss 0.1245 | Val MAE 1.2530
[P1] Ep 500: Loss 0.1248 | Val MAE 1.2187
[P1] Ep 520: Loss 0.0993 | Val MAE 1.2561
[P1] Ep 540: Loss 0.0851 | Val MAE 1.2479
[P1] Ep 560: Loss 0.0925 | Val MAE 1.2405
[P1] Ep 580: Loss 0.0756 | Val MAE 1.1859
[P1] Ep 600: Loss 0.0619 | Val MAE 1.2574
[P1] Ep 620: Loss 0.0380 | Val MAE 1.2402
[P1] Ep 640: Loss 0.0442 | Val MAE 1.2119
[P1] Ep 660: Loss 0.0438 | Val MAE 1.2298
[P1] Ep 680: Loss 0.0146 | Val MAE 1.2522
[P1] Ep 700: Loss 0.0065 | Val MAE 1.2630
[P1] Ep 720: Loss 0.0121 | Val MAE 1.2866
[P1] Ep 740: Loss 0.0079 | Val MAE 1.2117
[P1] Ep 760: Loss -0.0120 | Val MAE 1.2377
[P1] Ep 780: Loss -0.0242 | Val MAE 1.2560
[P1] Ep 800: Loss -0.0471 | Val MAE 1.2614
[P1] Ep 820: Loss -0.0378 | Val MAE 1.2341
[P1] Ep 840: Loss -0.0545 | Val MAE 1.2607
[P1] Ep 860: Loss -0.0316 | Val MAE 1.2673
[P1] Ep 880: Loss -0.0612 | Val MAE 1.2444
[P1] Ep 900: Loss -0.0850 | Val MAE 1.2565
[P1] Ep 920: Loss -0.0979 | Val MAE 1.2533
[P1] Ep 940: Loss -0.0760 | Val MAE 1.2230
[P1] Ep 960: Loss -0.0826 | Val MAE 1.2455
[P1] Ep 980: Loss -0.1000 | Val MAE 1.2598
[P1] Ep 1000: Loss -0.1036 | Val MAE 1.2521

=== PHASE 2.1: Head Alignment ===
[P2.1] Ep 20 MAE 0.6534
[P2.1] Ep 40 MAE 0.6385
[P2.1] Ep 60 MAE 0.6390
[P2.1] Ep 80 MAE 0.6234
[P2.1] Ep 100 MAE 0.6183
[P2.1] Ep 120 MAE 0.6152
[P2.1] Ep 140 MAE 0.6087
[P2.1] Ep 160 MAE 0.6026
[P2.1] Ep 180 MAE 0.6007
[P2.1] Ep 200 MAE 0.5924
[P2.1] Ep 220 MAE 0.5898
[P2.1] Ep 240 MAE 0.5674
[P2.1] Ep 260 MAE 0.5799
[P2.1] Ep 280 MAE 0.5808
[P2.1] Ep 300 MAE 0.5880
[P2.1] Ep 320 MAE 0.5731
[P2.1] Ep 340 MAE 0.5814
[P2.1] Ep 360 MAE 0.5760
[P2.1] Ep 380 MAE 0.5670
[P2.1] Ep 400 MAE 0.5843
[P2.1] Ep 420 MAE 0.5737
[P2.1] Ep 440 MAE 0.5665
[P2.1] Ep 460 MAE 0.5836
[P2.1] Ep 480 MAE 0.5746
[P2.1] Ep 500 MAE 0.5913
[P2.1] Ep 520 MAE 0.5761

=== PHASE 2.2: Full Fine-tuning ===
[P2.2] Ep 20 MAE 0.5459
[P2.2] Ep 40 MAE 0.5517
[P2.2] Ep 60 MAE 0.5518
[P2.2] Ep 80 MAE 0.5487
[P2.2] Ep 100 MAE 0.5409
[P2.2] Ep 120 MAE 0.5395
[P2.2] Ep 140 MAE 0.5482

>>> Final Test Evaluation
------------------------------------------------------------
MAE: 0.4615
RMSE: 0.6266
MAPE: 37.9097
Acc_10: 42.6136
Acc_20: 65.9091
------------------------------------------------------------
