--- Enthalpy Baseline: DP (Ratio: 0.4) ---
Loading datasets...
Processing ../enthalpy/atct.csv...
-> Loaded 358 valid molecules from 358 rows.
Processing ../enthalpy/wudily_cho.csv...
-> Loaded 6074 valid molecules from 6074 rows.
Target Stats: Mean=14.00, Std=51.68

>>> [Stage 0] Sampling...

[Sampler] Running DP | Target: 2429/6074 (40.0%)
Scanning Source (DP):   0%|          | 0/6 [00:00<?, ?it/s]Scanning Source (DP):  17%|█▋        | 1/6 [00:01<00:06,  1.26s/it]Scanning Source (DP):  33%|███▎      | 2/6 [00:02<00:05,  1.27s/it]Scanning Source (DP):  50%|█████     | 3/6 [00:03<00:03,  1.29s/it]Scanning Source (DP):  67%|██████▋   | 4/6 [00:05<00:02,  1.39s/it]Scanning Source (DP):  83%|████████▎ | 5/6 [00:07<00:01,  1.47s/it]Scanning Source (DP): 100%|██████████| 6/6 [00:08<00:00,  1.62s/it]                                                                   -> Source reduced: 6074 -> 2429

=== Phase 1: Source Pre-training ===
[P1] Ep 10: Loss 0.3647 | Val MAE 46.1896
[P1] Ep 20: Loss 0.1746 | Val MAE 67.9823
[P1] Ep 30: Loss 0.1587 | Val MAE 58.2896
[P1] Ep 40: Loss 0.1107 | Val MAE 74.8333
[P1] Ep 50: Loss 0.1026 | Val MAE 85.3118
[P1] Ep 60: Loss 0.0783 | Val MAE 51.6918
[P1] Ep 70: Loss 0.0877 | Val MAE 50.4404
[P1] Ep 80: Loss 0.0946 | Val MAE 34.9320
[P1] Ep 90: Loss 0.0925 | Val MAE 41.9554
[P1] Ep 100: Loss 0.1845 | Val MAE 41.0683
[P1] Ep 110: Loss 0.0663 | Val MAE 56.3372
[P1] Ep 120: Loss 0.0479 | Val MAE 47.6587
[P1] Ep 130: Loss 0.0730 | Val MAE 40.3019
[P1] Ep 140: Loss 0.0938 | Val MAE 62.0587
[P1] Ep 150: Loss 0.0510 | Val MAE 44.5072
[P1] Ep 160: Loss 0.0521 | Val MAE 31.0091
[P1] Ep 170: Loss 0.0515 | Val MAE 45.1495
[P1] Ep 180: Loss 0.0381 | Val MAE 101.5217
[P1] Ep 190: Loss 0.0433 | Val MAE 69.4862
[P1] Ep 200: Loss 0.0402 | Val MAE 72.3460
[P1] Ep 210: Loss 0.0398 | Val MAE 53.2483
[P1] Ep 220: Loss 0.0420 | Val MAE 33.5325
[P1] Ep 230: Loss 0.0330 | Val MAE 28.0567
[P1] Ep 240: Loss 0.0281 | Val MAE 43.7533
[P1] Ep 250: Loss 0.0321 | Val MAE 65.1819
[P1] Ep 260: Loss 0.0276 | Val MAE 65.1465
[P1] Ep 270: Loss 0.0326 | Val MAE 72.2565
[P1] Ep 280: Loss 0.0248 | Val MAE 88.5837
[P1] Ep 290: Loss 0.0267 | Val MAE 87.3055
[P1] Ep 300: Loss 0.0260 | Val MAE 90.4377
[P1] Ep 310: Loss 0.0241 | Val MAE 94.4231
[P1] Ep 320: Loss 0.0229 | Val MAE 95.7589
[P1] Ep 330: Loss 0.0223 | Val MAE 86.2162
[P1] Ep 340: Loss 0.0309 | Val MAE 95.3512
[P1] Ep 350: Loss 0.0206 | Val MAE 87.0145
[P1] Ep 360: Loss 0.0259 | Val MAE 92.7346
[P1] Ep 370: Loss 0.0155 | Val MAE 87.2429
[P1] Ep 380: Loss 0.0157 | Val MAE 85.7471
[P1] Ep 390: Loss 0.0223 | Val MAE 77.0839
[P1] Ep 400: Loss 0.0179 | Val MAE 81.8294
[P1] Ep 410: Loss 0.0185 | Val MAE 90.1159
[P1] Ep 420: Loss 0.0207 | Val MAE 94.7444
[P1] Ep 430: Loss 0.0188 | Val MAE 89.8755
[P1] Ep 440: Loss 0.0172 | Val MAE 92.0734
[P1] Ep 450: Loss 0.0175 | Val MAE 84.6051
[P1] Ep 460: Loss 0.0126 | Val MAE 96.1555
[P1] Ep 470: Loss 0.0127 | Val MAE 97.2375
[P1] Ep 480: Loss 0.0134 | Val MAE 99.8415
[P1] Ep 490: Loss 0.0211 | Val MAE 99.7154
[P1] Ep 500: Loss 0.0130 | Val MAE 107.4416

=== Phase 2: Target Fine-tuning ===
[FT] Ep 10: Loss 0.7844 | Val MAE 34.8039
[FT] Ep 20: Loss 0.6991 | Val MAE 38.2149
[FT] Ep 30: Loss 0.6902 | Val MAE 33.7936
[FT] Ep 40: Loss 0.6608 | Val MAE 34.5927
[FT] Ep 50: Loss 0.5873 | Val MAE 33.4048
[FT] Ep 60: Loss 0.5628 | Val MAE 32.8325
[FT] Ep 70: Loss 0.5910 | Val MAE 34.8804
[FT] Ep 80: Loss 0.5582 | Val MAE 33.9616
[FT] Ep 90: Loss 0.5471 | Val MAE 30.2465
[FT] Ep 100: Loss 0.5178 | Val MAE 32.8847
[FT] Ep 110: Loss 0.5211 | Val MAE 31.2976
[FT] Ep 120: Loss 0.5256 | Val MAE 37.1504
[FT] Ep 130: Loss 0.5010 | Val MAE 30.4614
[FT] Ep 140: Loss 0.4673 | Val MAE 32.8789
[FT] Ep 150: Loss 0.4734 | Val MAE 33.0843
[FT] Ep 160: Loss 0.4767 | Val MAE 33.5937
[FT] Ep 170: Loss 0.4864 | Val MAE 34.1896
[FT] Ep 180: Loss 0.4129 | Val MAE 32.8497
[FT] Ep 190: Loss 0.4629 | Val MAE 29.7903
[FT] Ep 200: Loss 0.4377 | Val MAE 29.8435
[FT] Ep 210: Loss 0.4260 | Val MAE 27.6211
[FT] Ep 220: Loss 0.5111 | Val MAE 27.0694
[FT] Ep 230: Loss 0.3988 | Val MAE 28.3563
[FT] Ep 240: Loss 0.4244 | Val MAE 27.9046
[FT] Ep 250: Loss 0.3984 | Val MAE 31.5550
[FT] Ep 260: Loss 0.3872 | Val MAE 27.4644
[FT] Ep 270: Loss 0.3662 | Val MAE 30.3118
[FT] Ep 280: Loss 0.3834 | Val MAE 33.8273
[FT] Ep 290: Loss 0.3522 | Val MAE 29.9161
[FT] Ep 300: Loss 0.3937 | Val MAE 29.3578
[FT] Ep 310: Loss 0.3804 | Val MAE 33.6571
[FT] Ep 320: Loss 0.3603 | Val MAE 29.3391
[FT] Ep 330: Loss 0.3231 | Val MAE 30.6595
Early stopping triggered.

>>> Testing Final Model...
------------------------------------------------------------
[BASELINE RESULT] Method: DP
   MAE:  26.0499
   RMSE: 35.6748
   MAPE: 106.55 %
   Acc:  16.67 %
------------------------------------------------------------
