--- Enthalpy Baseline: EL2N-2 (Ratio: 0.8) ---
Loading datasets...
Processing ../enthalpy/atct.csv...
-> Loaded 358 valid molecules from 358 rows.
Processing ../enthalpy/wudily_cho.csv...
-> Loaded 6074 valid molecules from 6074 rows.
Target Stats: Mean=14.00, Std=51.68

>>> [Stage 0] Sampling...

[Sampler] Running EL2N-2 | Target: 4859/6074 (80.0%)
Scanning Source (EL2N-2):   0%|          | 0/6 [00:00<?, ?it/s]Scanning Source (EL2N-2):  17%|█▋        | 1/6 [00:01<00:05,  1.12s/it]Scanning Source (EL2N-2):  33%|███▎      | 2/6 [00:02<00:04,  1.02s/it]Scanning Source (EL2N-2):  50%|█████     | 3/6 [00:03<00:03,  1.11s/it]Scanning Source (EL2N-2):  67%|██████▋   | 4/6 [00:04<00:02,  1.04s/it]Scanning Source (EL2N-2):  83%|████████▎ | 5/6 [00:05<00:01,  1.03s/it]Scanning Source (EL2N-2): 100%|██████████| 6/6 [00:06<00:00,  1.15s/it]                                                                       -> Source reduced: 6074 -> 4859

=== Phase 1: Source Pre-training ===
[P1] Ep 10: Loss 0.1783 | Val MAE 137.7238
[P1] Ep 20: Loss 0.1306 | Val MAE 99.7059
[P1] Ep 30: Loss 0.0987 | Val MAE 130.5672
[P1] Ep 40: Loss 0.1015 | Val MAE 133.8759
[P1] Ep 50: Loss 0.0877 | Val MAE 176.8587
[P1] Ep 60: Loss 0.0881 | Val MAE 159.8196
[P1] Ep 70: Loss 0.0632 | Val MAE 143.2236
[P1] Ep 80: Loss 0.0701 | Val MAE 155.3380
[P1] Ep 90: Loss 0.0515 | Val MAE 120.6306
[P1] Ep 100: Loss 0.0390 | Val MAE 141.9413
[P1] Ep 110: Loss 0.0371 | Val MAE 149.9307
[P1] Ep 120: Loss 0.0361 | Val MAE 120.1530
[P1] Ep 130: Loss 0.0311 | Val MAE 121.2901
[P1] Ep 140: Loss 0.0284 | Val MAE 122.9305
[P1] Ep 150: Loss 0.0269 | Val MAE 97.4213
[P1] Ep 160: Loss 0.0254 | Val MAE 119.5750
[P1] Ep 170: Loss 0.0245 | Val MAE 94.7566
[P1] Ep 180: Loss 0.0193 | Val MAE 91.6569
[P1] Ep 190: Loss 0.0183 | Val MAE 82.0752
[P1] Ep 200: Loss 0.0213 | Val MAE 97.0761
[P1] Ep 210: Loss 0.0160 | Val MAE 96.2983
[P1] Ep 220: Loss 0.0216 | Val MAE 87.5122
[P1] Ep 230: Loss 0.0186 | Val MAE 92.6657
[P1] Ep 240: Loss 0.0373 | Val MAE 103.2391
[P1] Ep 250: Loss 0.0158 | Val MAE 86.0461
[P1] Ep 260: Loss 0.0157 | Val MAE 87.9881
[P1] Ep 270: Loss 0.0154 | Val MAE 85.7854
[P1] Ep 280: Loss 0.0138 | Val MAE 83.5557
[P1] Ep 290: Loss 0.0139 | Val MAE 71.1343
[P1] Ep 300: Loss 0.0161 | Val MAE 90.4415
[P1] Ep 310: Loss 0.0139 | Val MAE 110.9468
[P1] Ep 320: Loss 0.0119 | Val MAE 103.5615
[P1] Ep 330: Loss 0.0137 | Val MAE 105.4012
[P1] Ep 340: Loss 0.0124 | Val MAE 93.5985
[P1] Ep 350: Loss 0.0738 | Val MAE 105.5198
[P1] Ep 360: Loss 0.0125 | Val MAE 118.2361
[P1] Ep 370: Loss 0.0104 | Val MAE 102.8678
[P1] Ep 380: Loss 0.0107 | Val MAE 122.9953
[P1] Ep 390: Loss 0.0094 | Val MAE 137.7016
[P1] Ep 400: Loss 0.0111 | Val MAE 118.6869
[P1] Ep 410: Loss 0.0096 | Val MAE 130.7089
[P1] Ep 420: Loss 0.0151 | Val MAE 144.1273
[P1] Ep 430: Loss 0.0124 | Val MAE 137.6729
[P1] Ep 440: Loss 0.0118 | Val MAE 138.3004
[P1] Ep 450: Loss 0.0086 | Val MAE 154.5389
[P1] Ep 460: Loss 0.0094 | Val MAE 157.8289
[P1] Ep 470: Loss 0.0090 | Val MAE 160.4171
[P1] Ep 480: Loss 0.0156 | Val MAE 154.8777
[P1] Ep 490: Loss 0.0183 | Val MAE 159.4406
[P1] Ep 500: Loss 0.0117 | Val MAE 179.3458

=== Phase 2: Target Fine-tuning ===
[FT] Ep 10: Loss 0.8079 | Val MAE 30.9596
[FT] Ep 20: Loss 0.6997 | Val MAE 35.0193
[FT] Ep 30: Loss 0.6795 | Val MAE 36.4986
[FT] Ep 40: Loss 0.5684 | Val MAE 30.8017
[FT] Ep 50: Loss 0.5463 | Val MAE 31.4572
[FT] Ep 60: Loss 0.4920 | Val MAE 28.2845
[FT] Ep 70: Loss 0.4728 | Val MAE 29.5860
[FT] Ep 80: Loss 0.4377 | Val MAE 32.6066
[FT] Ep 90: Loss 0.4431 | Val MAE 29.2629
[FT] Ep 100: Loss 0.4129 | Val MAE 31.7506
[FT] Ep 110: Loss 0.3735 | Val MAE 28.1572
[FT] Ep 120: Loss 0.3981 | Val MAE 31.5119
[FT] Ep 130: Loss 0.3646 | Val MAE 28.6983
[FT] Ep 140: Loss 0.3547 | Val MAE 31.6319
[FT] Ep 150: Loss 0.3201 | Val MAE 29.7731
Early stopping triggered.

>>> Testing Final Model...
------------------------------------------------------------
[BASELINE RESULT] Method: EL2N-2
   MAE:  28.0944
   RMSE: 38.9938
   MAPE: 102.70 %
   Acc:  11.11 %
------------------------------------------------------------
