/root/miniconda3/envs/subset/lib/python3.9/site-packages/torch/nn/modules/transformer.py:508: UserWarning: The PyTorch API of nested tensors is in prototype stage and will change in the near future. We recommend specifying layout=torch.jagged when constructing a nested tensor, as this layout receives active development, has better operator coverage, and works with torch.compile. (Triggered internally at /pytorch/aten/src/ATen/NestedTensorImpl.cpp:178.)
  output = torch._nested_tensor_from_mask(
--- DTA Baseline: Full (Ratio: 0.8) ---

=== Phase 1: Source Pre-training ===
[P1] Ep 1: Loss 1.4202 | Val MAE 2.0608
[P1] Ep 2: Loss 0.8563 | Val MAE 2.0641
[P1] Ep 3: Loss 0.8003 | Val MAE 2.1612
[P1] Ep 4: Loss 0.7722 | Val MAE 2.2177
[P1] Ep 5: Loss 0.7605 | Val MAE 2.1070
[P1] Ep 6: Loss 0.7242 | Val MAE 1.9938
[P1] Ep 7: Loss 0.6975 | Val MAE 2.0995
[P1] Ep 8: Loss 0.6816 | Val MAE 2.2598
[P1] Ep 9: Loss 0.6690 | Val MAE 2.0011
[P1] Ep 10: Loss 0.6653 | Val MAE 2.2200
[P1] Ep 11: Loss 0.6598 | Val MAE 2.0898
[P1] Ep 12: Loss 0.6472 | Val MAE 2.0083
[P1] Ep 13: Loss 0.6435 | Val MAE 1.8936
[P1] Ep 14: Loss 0.6341 | Val MAE 2.0208
[P1] Ep 15: Loss 0.6311 | Val MAE 2.0138
[P1] Ep 16: Loss 0.6239 | Val MAE 1.9815
[P1] Ep 17: Loss 0.6164 | Val MAE 2.0120
[P1] Ep 18: Loss 0.6133 | Val MAE 2.0311
[P1] Ep 19: Loss 0.6004 | Val MAE 2.0423
[P1] Ep 20: Loss 0.5940 | Val MAE 2.1086
[P1] Ep 21: Loss 0.5964 | Val MAE 1.9617
[P1] Ep 22: Loss 0.5781 | Val MAE 1.9675
[P1] Ep 23: Loss 0.5780 | Val MAE 1.9679
[P1] Ep 24: Loss 0.5734 | Val MAE 1.9903
[P1] Ep 25: Loss 0.5660 | Val MAE 1.9422
[P1] Ep 26: Loss 0.5537 | Val MAE 1.9512
[P1] Ep 27: Loss 0.5417 | Val MAE 1.8788
[P1] Ep 28: Loss 0.5401 | Val MAE 1.9560
[P1] Ep 29: Loss 0.5290 | Val MAE 1.8874
[P1] Ep 30: Loss 0.5275 | Val MAE 1.9487
[P1] Ep 31: Loss 0.5183 | Val MAE 1.9391
[P1] Ep 32: Loss 0.5088 | Val MAE 1.8086
[P1] Ep 33: Loss 0.5070 | Val MAE 1.7812
[P1] Ep 34: Loss 0.4950 | Val MAE 2.0047
[P1] Ep 35: Loss 0.5012 | Val MAE 1.8219
[P1] Ep 36: Loss 0.4871 | Val MAE 1.9351
[P1] Ep 37: Loss 0.4828 | Val MAE 1.8705
[P1] Ep 38: Loss 0.4725 | Val MAE 1.9763
[P1] Ep 39: Loss 0.4720 | Val MAE 1.9473
[P1] Ep 40: Loss 0.4727 | Val MAE 1.8612
[P1] Ep 41: Loss 0.4653 | Val MAE 1.7467
[P1] Ep 42: Loss 0.4592 | Val MAE 1.8811
[P1] Ep 43: Loss 0.4542 | Val MAE 1.8440
[P1] Ep 44: Loss 0.4479 | Val MAE 1.7702
[P1] Ep 45: Loss 0.4405 | Val MAE 2.0499
[P1] Ep 46: Loss 0.4429 | Val MAE 1.8413
[P1] Ep 47: Loss 0.4435 | Val MAE 2.0396
[P1] Ep 48: Loss 0.4350 | Val MAE 1.8839
[P1] Ep 49: Loss 0.4279 | Val MAE 1.8740
[P1] Ep 50: Loss 0.4178 | Val MAE 1.7586
[P1] Ep 51: Loss 0.4237 | Val MAE 1.8151
[P1] Ep 52: Loss 0.4180 | Val MAE 1.7669
[P1] Ep 53: Loss 0.4075 | Val MAE 1.8097
[P1] Ep 54: Loss 0.4053 | Val MAE 1.8651
[P1] Ep 55: Loss 0.4047 | Val MAE 1.8251
[P1] Ep 56: Loss 0.4000 | Val MAE 1.7486
[P1] Ep 57: Loss 0.3954 | Val MAE 1.7452
[P1] Ep 58: Loss 0.3926 | Val MAE 1.8114
[P1] Ep 59: Loss 0.3887 | Val MAE 1.7697
[P1] Ep 60: Loss 0.3888 | Val MAE 1.7837
[P1] Ep 61: Loss 0.3842 | Val MAE 1.8399
[P1] Ep 62: Loss 0.3790 | Val MAE 1.8831
[P1] Ep 63: Loss 0.3712 | Val MAE 1.8778
[P1] Ep 64: Loss 0.3684 | Val MAE 1.8223
[P1] Ep 65: Loss 0.3732 | Val MAE 1.7332
[P1] Ep 66: Loss 0.3623 | Val MAE 1.7974
[P1] Ep 67: Loss 0.3546 | Val MAE 1.8487
[P1] Ep 68: Loss 0.3512 | Val MAE 1.7736
[P1] Ep 69: Loss 0.3494 | Val MAE 1.7967
[P1] Ep 70: Loss 0.3408 | Val MAE 1.8851
[P1] Ep 71: Loss 0.3417 | Val MAE 1.9191
[P1] Ep 72: Loss 0.3387 | Val MAE 1.8214
[P1] Ep 73: Loss 0.3346 | Val MAE 1.8201
[P1] Ep 74: Loss 0.3305 | Val MAE 1.8698
[P1] Ep 75: Loss 0.3213 | Val MAE 1.8759
[P1] Ep 76: Loss 0.3226 | Val MAE 1.8947
[P1] Ep 77: Loss 0.3218 | Val MAE 1.8781
[P1] Ep 78: Loss 0.3128 | Val MAE 1.9196
[P1] Ep 79: Loss 0.3133 | Val MAE 1.9179
[P1] Ep 80: Loss 0.3084 | Val MAE 1.7671
[P1] Ep 81: Loss 0.3074 | Val MAE 1.8306
[P1] Ep 82: Loss 0.2991 | Val MAE 1.9132
[P1] Ep 83: Loss 0.2974 | Val MAE 1.8128
[P1] Ep 84: Loss 0.2964 | Val MAE 1.7952
[P1] Ep 85: Loss 0.2925 | Val MAE 1.8265
[P1] Ep 86: Loss 0.2858 | Val MAE 1.8842
[P1] Ep 87: Loss 0.2831 | Val MAE 1.8319
[P1] Ep 88: Loss 0.2775 | Val MAE 1.9048
[P1] Ep 89: Loss 0.2769 | Val MAE 1.8879
[P1] Ep 90: Loss 0.2767 | Val MAE 1.7800
[P1] Ep 91: Loss 0.2659 | Val MAE 1.8610
[P1] Ep 92: Loss 0.2680 | Val MAE 1.8024
[P1] Ep 93: Loss 0.2713 | Val MAE 1.8980
[P1] Ep 94: Loss 0.2627 | Val MAE 1.8440
[P1] Ep 95: Loss 0.2571 | Val MAE 1.8304
[P1] Ep 96: Loss 0.2603 | Val MAE 1.8595
[P1] Ep 97: Loss 0.2533 | Val MAE 1.7119
[P1] Ep 98: Loss 0.2503 | Val MAE 1.7824
[P1] Ep 99: Loss 0.2513 | Val MAE 1.7277
[P1] Ep 100: Loss 0.2484 | Val MAE 1.7540
[P1] Ep 101: Loss 0.2499 | Val MAE 1.7957
[P1] Ep 102: Loss 0.2400 | Val MAE 1.8433
[P1] Ep 103: Loss 0.2392 | Val MAE 1.7282
[P1] Ep 104: Loss 0.2356 | Val MAE 1.7939
[P1] Ep 105: Loss 0.2332 | Val MAE 1.7189
[P1] Ep 106: Loss 0.2298 | Val MAE 1.8115
[P1] Ep 107: Loss 0.2324 | Val MAE 1.6804
[P1] Ep 108: Loss 0.2282 | Val MAE 1.7371
[P1] Ep 109: Loss 0.2263 | Val MAE 1.7578
[P1] Ep 110: Loss 0.2258 | Val MAE 1.8422
[P1] Ep 111: Loss 0.2231 | Val MAE 1.7336
[P1] Ep 112: Loss 0.2171 | Val MAE 1.6863
[P1] Ep 113: Loss 0.2125 | Val MAE 1.8081
[P1] Ep 114: Loss 0.2187 | Val MAE 1.7849
[P1] Ep 115: Loss 0.2142 | Val MAE 1.7678
[P1] Ep 116: Loss 0.2123 | Val MAE 1.8064
[P1] Ep 117: Loss 0.2090 | Val MAE 1.8080
[P1] Ep 118: Loss 0.2087 | Val MAE 1.7064
[P1] Ep 119: Loss 0.2059 | Val MAE 1.7008
[P1] Ep 120: Loss 0.2059 | Val MAE 1.6935
[P1] Ep 121: Loss 0.2043 | Val MAE 1.6824
[P1] Ep 122: Loss 0.2000 | Val MAE 1.6598
[P1] Ep 123: Loss 0.2030 | Val MAE 1.7939
[P1] Ep 124: Loss 0.1972 | Val MAE 1.8428
[P1] Ep 125: Loss 0.1964 | Val MAE 1.8286
[P1] Ep 126: Loss 0.1913 | Val MAE 1.7837
[P1] Ep 127: Loss 0.1971 | Val MAE 1.7994
[P1] Ep 128: Loss 0.1917 | Val MAE 1.8346
[P1] Ep 129: Loss 0.1894 | Val MAE 1.7995
[P1] Ep 130: Loss 0.1916 | Val MAE 1.8122
[P1] Ep 131: Loss 0.1889 | Val MAE 1.8137
[P1] Ep 132: Loss 0.1873 | Val MAE 1.7760
[P1] Ep 133: Loss 0.1844 | Val MAE 1.9064
[P1] Ep 134: Loss 0.1838 | Val MAE 1.8383
[P1] Ep 135: Loss 0.1843 | Val MAE 1.8349
[P1] Ep 136: Loss 0.1811 | Val MAE 1.8586
[P1] Ep 137: Loss 0.1771 | Val MAE 1.8111
[P1] Ep 138: Loss 0.1786 | Val MAE 1.8570
[P1] Ep 139: Loss 0.1779 | Val MAE 1.8971
[P1] Ep 140: Loss 0.1746 | Val MAE 1.8003
[P1] Ep 141: Loss 0.1704 | Val MAE 1.9971
[P1] Ep 142: Loss 0.1726 | Val MAE 1.9616
[P1] Ep 143: Loss 0.1701 | Val MAE 1.7813
[P1] Ep 144: Loss 0.1692 | Val MAE 1.7804
[P1] Ep 145: Loss 0.1705 | Val MAE 1.7619
[P1] Ep 146: Loss 0.1660 | Val MAE 1.8458
[P1] Ep 147: Loss 0.1627 | Val MAE 1.7842
[P1] Ep 148: Loss 0.1654 | Val MAE 1.8354
[P1] Ep 149: Loss 0.1645 | Val MAE 1.7441
[P1] Ep 150: Loss 0.1626 | Val MAE 1.7667
[P1] Ep 151: Loss 0.1576 | Val MAE 1.7826
[P1] Ep 152: Loss 0.1595 | Val MAE 1.8137
[P1] Ep 153: Loss 0.1556 | Val MAE 1.8674
[P1] Ep 154: Loss 0.1553 | Val MAE 1.7409
[P1] Ep 155: Loss 0.1537 | Val MAE 1.8562
[P1] Ep 156: Loss 0.1571 | Val MAE 1.8514
[P1] Ep 157: Loss 0.1542 | Val MAE 1.8112
[P1] Ep 158: Loss 0.1519 | Val MAE 1.7847
[P1] Ep 159: Loss 0.1494 | Val MAE 1.7182
[P1] Ep 160: Loss 0.1494 | Val MAE 1.7913
[P1] Ep 161: Loss 0.1487 | Val MAE 1.7686
[P1] Ep 162: Loss 0.1476 | Val MAE 1.8025
[P1] Ep 163: Loss 0.1441 | Val MAE 1.7982
[P1] Ep 164: Loss 0.1410 | Val MAE 1.7649
[P1] Ep 165: Loss 0.1460 | Val MAE 1.7969
[P1] Ep 166: Loss 0.1441 | Val MAE 1.7514
[P1] Ep 167: Loss 0.1413 | Val MAE 1.7666
[P1] Ep 168: Loss 0.1404 | Val MAE 1.7857
[P1] Ep 169: Loss 0.1350 | Val MAE 1.7261
[P1] Ep 170: Loss 0.1405 | Val MAE 1.7517
[P1] Ep 171: Loss 0.1368 | Val MAE 1.8131
[P1] Ep 172: Loss 0.1337 | Val MAE 1.7948
[P1] Ep 173: Loss 0.1381 | Val MAE 1.7745
[P1] Ep 174: Loss 0.1316 | Val MAE 1.8841
[P1] Ep 175: Loss 0.1350 | Val MAE 1.8024
[P1] Ep 176: Loss 0.1307 | Val MAE 1.7372
[P1] Ep 177: Loss 0.1297 | Val MAE 1.7934
[P1] Ep 178: Loss 0.1291 | Val MAE 1.8871
[P1] Ep 179: Loss 0.1292 | Val MAE 1.7597
[P1] Ep 180: Loss 0.1248 | Val MAE 1.7526
[P1] Ep 181: Loss 0.1259 | Val MAE 1.7853
[P1] Ep 182: Loss 0.1289 | Val MAE 1.8574
[P1] Ep 183: Loss 0.1251 | Val MAE 1.7379
[P1] Ep 184: Loss 0.1279 | Val MAE 1.8287
[P1] Ep 185: Loss 0.1279 | Val MAE 1.9236
[P1] Ep 186: Loss 0.1239 | Val MAE 1.8200
[P1] Ep 187: Loss 0.1221 | Val MAE 1.8082
[P1] Ep 188: Loss 0.1248 | Val MAE 1.7989
[P1] Ep 189: Loss 0.1218 | Val MAE 1.8172
[P1] Ep 190: Loss 0.1216 | Val MAE 1.8450
[P1] Ep 191: Loss 0.1214 | Val MAE 1.8395
[P1] Ep 192: Loss 0.1232 | Val MAE 1.8834
[P1] Ep 193: Loss 0.1186 | Val MAE 1.8066
[P1] Ep 194: Loss 0.1187 | Val MAE 1.8778
[P1] Ep 195: Loss 0.1179 | Val MAE 1.8873
[P1] Ep 196: Loss 0.1158 | Val MAE 1.8577
[P1] Ep 197: Loss 0.1143 | Val MAE 1.7944
[P1] Ep 198: Loss 0.1149 | Val MAE 1.7877
[P1] Ep 199: Loss 0.1167 | Val MAE 1.7965
[P1] Ep 200: Loss 0.1132 | Val MAE 1.8745

=== Phase 2: Target Fine-tuning ===
Freezing backbone layers...
[FT] Ep 1: Loss 8.1597 | Val MAE 1.5932 CI 0.6491
[FT] Ep 2: Loss 7.5983 | Val MAE 1.5350 CI 0.6433
[FT] Ep 3: Loss 7.9648 | Val MAE 1.4869 CI 0.6725
[FT] Ep 4: Loss 7.1770 | Val MAE 1.4528 CI 0.6667
[FT] Ep 5: Loss 6.7202 | Val MAE 1.4296 CI 0.6842
[FT] Ep 6: Loss 6.8089 | Val MAE 1.4059 CI 0.6842
[FT] Ep 7: Loss 6.3390 | Val MAE 1.3852 CI 0.7076
[FT] Ep 8: Loss 6.2128 | Val MAE 1.3649 CI 0.7076
[FT] Ep 9: Loss 5.9028 | Val MAE 1.3490 CI 0.7193
[FT] Ep 10: Loss 5.4240 | Val MAE 1.3371 CI 0.7251
[FT] Ep 11: Loss 5.7223 | Val MAE 1.3270 CI 0.7310
[FT] Ep 12: Loss 5.6538 | Val MAE 1.3209 CI 0.7427
[FT] Ep 13: Loss 5.3155 | Val MAE 1.3101 CI 0.7485
[FT] Ep 14: Loss 4.9026 | Val MAE 1.3015 CI 0.7544
[FT] Ep 15: Loss 4.7757 | Val MAE 1.2951 CI 0.7544
[FT] Ep 16: Loss 4.7841 | Val MAE 1.2885 CI 0.7427
[FT] Ep 17: Loss 4.5895 | Val MAE 1.2852 CI 0.7368
[FT] Ep 18: Loss 4.5964 | Val MAE 1.2846 CI 0.7368
[FT] Ep 19: Loss 4.6785 | Val MAE 1.2865 CI 0.7310
[FT] Ep 20: Loss 4.3901 | Val MAE 1.2878 CI 0.7251
[FT] Ep 21: Loss 4.1319 | Val MAE 1.2922 CI 0.7251
[FT] Ep 22: Loss 4.3568 | Val MAE 1.2994 CI 0.7251
[FT] Ep 23: Loss 4.1590 | Val MAE 1.3064 CI 0.7310
[FT] Ep 24: Loss 4.0586 | Val MAE 1.3097 CI 0.7193
[FT] Ep 25: Loss 4.0665 | Val MAE 1.3068 CI 0.7076
[FT] Ep 26: Loss 4.2425 | Val MAE 1.3130 CI 0.7018
[FT] Ep 27: Loss 3.8800 | Val MAE 1.3139 CI 0.6901
[FT] Ep 28: Loss 3.8730 | Val MAE 1.3215 CI 0.6842
[FT] Ep 29: Loss 3.4729 | Val MAE 1.3247 CI 0.6784
[FT] Ep 30: Loss 3.8301 | Val MAE 1.3257 CI 0.6784
[FT] Ep 31: Loss 3.4359 | Val MAE 1.3257 CI 0.6784
[FT] Ep 32: Loss 3.4617 | Val MAE 1.3302 CI 0.6725
[FT] Ep 33: Loss 3.5434 | Val MAE 1.3374 CI 0.6725
[FT] Ep 34: Loss 3.2024 | Val MAE 1.3412 CI 0.6667
[FT] Ep 35: Loss 3.1103 | Val MAE 1.3462 CI 0.6608
[FT] Ep 36: Loss 3.0664 | Val MAE 1.3499 CI 0.6550
[FT] Ep 37: Loss 3.2387 | Val MAE 1.3570 CI 0.6608
[FT] Ep 38: Loss 3.0677 | Val MAE 1.3608 CI 0.6608
[FT] Ep 39: Loss 3.0516 | Val MAE 1.3586 CI 0.6550
[FT] Ep 40: Loss 3.0239 | Val MAE 1.3557 CI 0.6550
[FT] Ep 41: Loss 2.9400 | Val MAE 1.3512 CI 0.6550
[FT] Ep 42: Loss 2.7526 | Val MAE 1.3544 CI 0.6433
[FT] Ep 43: Loss 2.6653 | Val MAE 1.3572 CI 0.6433
[FT] Ep 44: Loss 2.7388 | Val MAE 1.3635 CI 0.6433
[FT] Ep 45: Loss 2.7372 | Val MAE 1.3673 CI 0.6550
[FT] Ep 46: Loss 2.6052 | Val MAE 1.3721 CI 0.6550
[FT] Ep 47: Loss 2.6271 | Val MAE 1.3767 CI 0.6550
[FT] Ep 48: Loss 2.4341 | Val MAE 1.3833 CI 0.6550
[FT] Ep 49: Loss 2.6301 | Val MAE 1.3907 CI 0.6433
[FT] Ep 50: Loss 2.3759 | Val MAE 1.3913 CI 0.6374
[FT] Ep 51: Loss 2.3859 | Val MAE 1.3957 CI 0.6433
[FT] Ep 52: Loss 2.4531 | Val MAE 1.4074 CI 0.6433
[FT] Ep 53: Loss 2.4479 | Val MAE 1.4170 CI 0.6316
[FT] Ep 54: Loss 2.3645 | Val MAE 1.4250 CI 0.6316
[FT] Ep 55: Loss 2.4477 | Val MAE 1.4342 CI 0.6257
[FT] Ep 56: Loss 2.0647 | Val MAE 1.4462 CI 0.6257
[FT] Ep 57: Loss 2.2639 | Val MAE 1.4530 CI 0.6257
[FT] Ep 58: Loss 2.1475 | Val MAE 1.4546 CI 0.6257
[FT] Ep 59: Loss 2.3685 | Val MAE 1.4546 CI 0.6140
[FT] Ep 60: Loss 2.0493 | Val MAE 1.4590 CI 0.6140
[FT] Ep 61: Loss 1.9573 | Val MAE 1.4669 CI 0.6140
[FT] Ep 62: Loss 1.9673 | Val MAE 1.4758 CI 0.6199
[FT] Ep 63: Loss 2.1343 | Val MAE 1.4923 CI 0.6140
[FT] Ep 64: Loss 1.9765 | Val MAE 1.5180 CI 0.6082
[FT] Ep 65: Loss 2.1510 | Val MAE 1.5253 CI 0.6082
[FT] Ep 66: Loss 2.1644 | Val MAE 1.5236 CI 0.6082
[FT] Ep 67: Loss 2.2127 | Val MAE 1.5224 CI 0.6023
[FT] Ep 68: Loss 1.8056 | Val MAE 1.5251 CI 0.6023
Early stopping triggered.

>>> Final Test Evaluation
------------------------------------------------------------
[BASELINE RESULT] Method: Full
   MAE:  1.1968
   RMSE: 1.5185
   CI:   0.7053
   RM2:  0.2460
   MAPE: 20.45 %
   Acc:  40.00 %
------------------------------------------------------------
