nohup: ignoring input
Namespace(target_csv='enthalpy/atct.csv', source_csv='enthalpy/wudily_cho.csv', pretrained='./df_core.pt', batch_size=128, epochs=200, ft_epochs=150, hidden_dim=256, layers=3, dropout=0.2, lr=0.0005, wd=1e-06, patience=50, device='cuda:0', num_prototypes=40, tau_high=0.85, sigma_0=0.15, gamma=0.5, alpha=0.9, w_min=0.0001)
--- DETS Full Pipeline: Stabilized Loss & Orthogonal Init ---
Device: cuda:0
-> Loading TARGET (Experiment) Dataset: enthalpy/atct.csv
Processing enthalpy/atct.csv...
-> Loaded 358 valid molecules from 358 rows.
-> Loading SOURCE (Theory) Dataset: enthalpy/wudily_cho.csv
Processing enthalpy/wudily_cho.csv...
-> Loaded 6074 valid molecules from 6074 rows.
-> Target Statistics: Mean=14.0561, Std=51.2793
-> [Warning] No pretrained weights found. Starting from SCRATCH.

==================================================
PHASE 1: DETS Source Training
==================================================
-> Extracting Anchors from Target (Experiment) Data...
   Running K-Means (K=40)...
-> Anchors Established: 40 prototypes.
   [Debug] Range Filter dropped 213 molecules (Out of [-114.1, 142.3]).
   [Debug] Active Weights Mean: 1.0000
-> [Epoch 1] HighConf>0.1: 5861 (96.5%)
[P1] Epoch 001 | Loss 0.6270 | Val MAE 42.8195 | Acc 0.00%
   [Debug] Range Filter dropped 213 molecules (Out of [-114.1, 142.3]).
   [Debug] Active Weights Mean: 0.1627
-> [Epoch 2] HighConf>0.1: 1264 (20.8%)
[P1] Epoch 002 | Loss 0.1108 | Val MAE 40.6684 | Acc 2.78%
   [Debug] Range Filter dropped 213 molecules (Out of [-114.1, 142.3]).
   [Debug] Active Weights Mean: 0.1352
-> [Epoch 3] HighConf>0.1: 928 (15.3%)
[P1] Epoch 003 | Loss 0.0379 | Val MAE 57.7043 | Acc 2.78%
   [Debug] Range Filter dropped 213 molecules (Out of [-114.1, 142.3]).
   [Debug] Active Weights Mean: 0.2805
-> [Epoch 4] HighConf>0.1: 1831 (30.1%)
[P1] Epoch 004 | Loss 0.0199 | Val MAE 48.9361 | Acc 2.78%
   [Debug] Range Filter dropped 213 molecules (Out of [-114.1, 142.3]).
   [Debug] Active Weights Mean: 0.1543
-> [Epoch 5] HighConf>0.1: 1347 (22.2%)
[P1] Epoch 005 | Loss 0.0115 | Val MAE 42.5416 | Acc 8.33%
   [Debug] Range Filter dropped 213 molecules (Out of [-114.1, 142.3]).
   [Debug] Active Weights Mean: 0.1554
-> [Epoch 6] HighConf>0.1: 1573 (25.9%)
[P1] Epoch 006 | Loss 0.0098 | Val MAE 42.3233 | Acc 5.56%
   [Debug] Range Filter dropped 213 molecules (Out of [-114.1, 142.3]).
   [Debug] Active Weights Mean: 0.2729
-> [Epoch 7] HighConf>0.1: 1822 (30.0%)
[P1] Epoch 007 | Loss 0.0082 | Val MAE 41.8481 | Acc 5.56%
   [Debug] Range Filter dropped 213 molecules (Out of [-114.1, 142.3]).
   [Debug] Active Weights Mean: 0.2913
-> [Epoch 8] HighConf>0.1: 1823 (30.0%)
[P1] Epoch 008 | Loss 0.0063 | Val MAE 37.9766 | Acc 5.56%
   [Debug] Range Filter dropped 213 molecules (Out of [-114.1, 142.3]).
   [Debug] Active Weights Mean: 0.2220
-> [Epoch 9] HighConf>0.1: 1822 (30.0%)
[P1] Epoch 009 | Loss 0.0062 | Val MAE 34.4210 | Acc 11.11%
   [Debug] Range Filter dropped 213 molecules (Out of [-114.1, 142.3]).
   [Debug] Active Weights Mean: 0.2563
-> [Epoch 10] HighConf>0.1: 1854 (30.5%)
[P1] Epoch 010 | Loss 0.0064 | Val MAE 36.2588 | Acc 11.11%
   [Debug] Range Filter dropped 213 molecules (Out of [-114.1, 142.3]).
   [Debug] Active Weights Mean: 0.3164
-> [Epoch 11] HighConf>0.1: 1868 (30.8%)
[P1] Epoch 011 | Loss 0.0058 | Val MAE 39.9628 | Acc 5.56%
   [Debug] Range Filter dropped 213 molecules (Out of [-114.1, 142.3]).
   [Debug] Active Weights Mean: 0.3006
-> [Epoch 12] HighConf>0.1: 1823 (30.0%)
[P1] Epoch 012 | Loss 0.0055 | Val MAE 36.4114 | Acc 8.33%
   [Debug] Range Filter dropped 213 molecules (Out of [-114.1, 142.3]).
   [Debug] Active Weights Mean: 0.1778
-> [Epoch 13] HighConf>0.1: 1824 (30.0%)
[P1] Epoch 013 | Loss 0.0055 | Val MAE 34.5701 | Acc 11.11%
   [Debug] Range Filter dropped 213 molecules (Out of [-114.1, 142.3]).
   [Debug] Active Weights Mean: 0.3177
-> [Epoch 14] HighConf>0.1: 1839 (30.3%)
[P1] Epoch 014 | Loss 0.0051 | Val MAE 33.1654 | Acc 13.89%
   [Debug] Range Filter dropped 213 molecules (Out of [-114.1, 142.3]).
   [Debug] Active Weights Mean: 0.3004
-> [Epoch 15] HighConf>0.1: 1846 (30.4%)
[P1] Epoch 015 | Loss 0.0043 | Val MAE 31.4168 | Acc 8.33%
   [Debug] Range Filter dropped 213 molecules (Out of [-114.1, 142.3]).
   [Debug] Active Weights Mean: 0.3016
-> [Epoch 16] HighConf>0.1: 1822 (30.0%)
[P1] Epoch 016 | Loss 0.0044 | Val MAE 32.1788 | Acc 16.67%
   [Debug] Range Filter dropped 213 molecules (Out of [-114.1, 142.3]).
   [Debug] Active Weights Mean: 0.2566
-> [Epoch 17] HighConf>0.1: 1822 (30.0%)
[P1] Epoch 017 | Loss 0.0048 | Val MAE 33.4071 | Acc 2.78%
   [Debug] Range Filter dropped 213 molecules (Out of [-114.1, 142.3]).
   [Debug] Active Weights Mean: 0.2450
-> [Epoch 18] HighConf>0.1: 1822 (30.0%)
[P1] Epoch 018 | Loss 0.0045 | Val MAE 29.6840 | Acc 8.33%
   [Debug] Range Filter dropped 213 molecules (Out of [-114.1, 142.3]).
   [Debug] Active Weights Mean: 0.2661
-> [Epoch 19] HighConf>0.1: 1823 (30.0%)
[P1] Epoch 019 | Loss 0.0043 | Val MAE 30.4862 | Acc 13.89%
   [Debug] Range Filter dropped 213 molecules (Out of [-114.1, 142.3]).
   [Debug] Active Weights Mean: 0.2592
-> [Epoch 20] HighConf>0.1: 1825 (30.0%)
[P1] Epoch 020 | Loss 0.0043 | Val MAE 31.6772 | Acc 11.11%
   [Debug] Range Filter dropped 213 molecules (Out of [-114.1, 142.3]).
   [Debug] Active Weights Mean: 0.2471
-> [Epoch 21] HighConf>0.1: 1823 (30.0%)
[P1] Epoch 021 | Loss 0.0042 | Val MAE 32.2261 | Acc 5.56%
   [Debug] Range Filter dropped 213 molecules (Out of [-114.1, 142.3]).
   [Debug] Active Weights Mean: 0.2789
-> [Epoch 22] HighConf>0.1: 1822 (30.0%)
[P1] Epoch 022 | Loss 0.0036 | Val MAE 33.3551 | Acc 8.33%
   [Debug] Range Filter dropped 213 molecules (Out of [-114.1, 142.3]).
   [Debug] Active Weights Mean: 0.3014
-> [Epoch 23] HighConf>0.1: 1829 (30.1%)
[P1] Epoch 023 | Loss 0.0038 | Val MAE 32.2406 | Acc 11.11%
   [Debug] Range Filter dropped 213 molecules (Out of [-114.1, 142.3]).
   [Debug] Active Weights Mean: 0.2124
-> [Epoch 24] HighConf>0.1: 1822 (30.0%)
[P1] Epoch 024 | Loss 0.0037 | Val MAE 31.0699 | Acc 13.89%
   [Debug] Range Filter dropped 213 molecules (Out of [-114.1, 142.3]).
   [Debug] Active Weights Mean: 0.2285
-> [Epoch 25] HighConf>0.1: 1825 (30.0%)
[P1] Epoch 025 | Loss 0.0036 | Val MAE 32.9307 | Acc 5.56%
   [Debug] Range Filter dropped 213 molecules (Out of [-114.1, 142.3]).
   [Debug] Active Weights Mean: 0.2566
-> [Epoch 26] HighConf>0.1: 1822 (30.0%)
[P1] Epoch 026 | Loss 0.0037 | Val MAE 34.3017 | Acc 8.33%
   [Debug] Range Filter dropped 213 molecules (Out of [-114.1, 142.3]).
   [Debug] Active Weights Mean: 0.1782
-> [Epoch 27] HighConf>0.1: 1824 (30.0%)
[P1] Epoch 027 | Loss 0.0038 | Val MAE 38.6017 | Acc 8.33%
   [Debug] Range Filter dropped 213 molecules (Out of [-114.1, 142.3]).
   [Debug] Active Weights Mean: 0.2112
-> [Epoch 28] HighConf>0.1: 1822 (30.0%)
[P1] Epoch 028 | Loss 0.0034 | Val MAE 34.0928 | Acc 8.33%
   [Debug] Range Filter dropped 213 molecules (Out of [-114.1, 142.3]).
   [Debug] Active Weights Mean: 0.2277
-> [Epoch 29] HighConf>0.1: 1822 (30.0%)
[P1] Epoch 029 | Loss 0.0035 | Val MAE 37.7843 | Acc 13.89%
   [Debug] Range Filter dropped 213 molecules (Out of [-114.1, 142.3]).
   [Debug] Active Weights Mean: 0.1837
-> [Epoch 30] HighConf>0.1: 1822 (30.0%)
[P1] Epoch 030 | Loss 0.0035 | Val MAE 34.0179 | Acc 5.56%
   [Debug] Range Filter dropped 213 molecules (Out of [-114.1, 142.3]).
   [Debug] Active Weights Mean: 0.2891
-> [Epoch 31] HighConf>0.1: 1823 (30.0%)
[P1] Epoch 031 | Loss 0.0036 | Val MAE 32.3656 | Acc 13.89%
   [Debug] Range Filter dropped 213 molecules (Out of [-114.1, 142.3]).
   [Debug] Active Weights Mean: 0.2525
-> [Epoch 32] HighConf>0.1: 1850 (30.5%)
[P1] Epoch 032 | Loss 0.0035 | Val MAE 34.0886 | Acc 11.11%
   [Debug] Range Filter dropped 213 molecules (Out of [-114.1, 142.3]).
   [Debug] Active Weights Mean: 0.2245
-> [Epoch 33] HighConf>0.1: 1824 (30.0%)
[P1] Epoch 033 | Loss 0.0033 | Val MAE 35.3668 | Acc 5.56%
   [Debug] Range Filter dropped 213 molecules (Out of [-114.1, 142.3]).
   [Debug] Active Weights Mean: 0.2447
-> [Epoch 34] HighConf>0.1: 1822 (30.0%)
[P1] Epoch 034 | Loss 0.0033 | Val MAE 32.8593 | Acc 5.56%
   [Debug] Range Filter dropped 213 molecules (Out of [-114.1, 142.3]).
   [Debug] Active Weights Mean: 0.2221
-> [Epoch 35] HighConf>0.1: 1827 (30.1%)
[P1] Epoch 035 | Loss 0.0034 | Val MAE 30.8200 | Acc 5.56%
   [Debug] Range Filter dropped 213 molecules (Out of [-114.1, 142.3]).
   [Debug] Active Weights Mean: 0.1992
-> [Epoch 36] HighConf>0.1: 1825 (30.0%)
[P1] Epoch 036 | Loss 0.0031 | Val MAE 32.4068 | Acc 11.11%
   [Debug] Range Filter dropped 213 molecules (Out of [-114.1, 142.3]).
   [Debug] Active Weights Mean: 0.2146
-> [Epoch 37] HighConf>0.1: 1824 (30.0%)
[P1] Epoch 037 | Loss 0.0032 | Val MAE 32.3977 | Acc 16.67%
   [Debug] Range Filter dropped 213 molecules (Out of [-114.1, 142.3]).
   [Debug] Active Weights Mean: 0.2293
-> [Epoch 38] HighConf>0.1: 1822 (30.0%)
[P1] Epoch 038 | Loss 0.0031 | Val MAE 32.6912 | Acc 8.33%
   [Debug] Range Filter dropped 213 molecules (Out of [-114.1, 142.3]).
   [Debug] Active Weights Mean: 0.2289
-> [Epoch 39] HighConf>0.1: 1822 (30.0%)
[P1] Epoch 039 | Loss 0.0038 | Val MAE 31.9766 | Acc 13.89%
   [Debug] Range Filter dropped 213 molecules (Out of [-114.1, 142.3]).
   [Debug] Active Weights Mean: 0.1958
-> [Epoch 40] HighConf>0.1: 1822 (30.0%)
[P1] Epoch 040 | Loss 0.0036 | Val MAE 34.3457 | Acc 5.56%
   [Debug] Range Filter dropped 213 molecules (Out of [-114.1, 142.3]).
   [Debug] Active Weights Mean: 0.2102
-> [Epoch 41] HighConf>0.1: 1822 (30.0%)
[P1] Epoch 041 | Loss 0.0037 | Val MAE 35.4829 | Acc 13.89%
   [Debug] Range Filter dropped 213 molecules (Out of [-114.1, 142.3]).
   [Debug] Active Weights Mean: 0.2564
-> [Epoch 42] HighConf>0.1: 1827 (30.1%)
[P1] Epoch 042 | Loss 0.0031 | Val MAE 31.9204 | Acc 5.56%
   [Debug] Range Filter dropped 213 molecules (Out of [-114.1, 142.3]).
   [Debug] Active Weights Mean: 0.1917
-> [Epoch 43] HighConf>0.1: 1822 (30.0%)
[P1] Epoch 043 | Loss 0.0037 | Val MAE 33.0174 | Acc 11.11%
   [Debug] Range Filter dropped 213 molecules (Out of [-114.1, 142.3]).
   [Debug] Active Weights Mean: 0.1964
-> [Epoch 44] HighConf>0.1: 1808 (29.8%)
[P1] Epoch 044 | Loss 0.0042 | Val MAE 30.9076 | Acc 5.56%
   [Debug] Range Filter dropped 213 molecules (Out of [-114.1, 142.3]).
   [Debug] Active Weights Mean: 0.2116
-> [Epoch 45] HighConf>0.1: 1825 (30.0%)
[P1] Epoch 045 | Loss 0.0042 | Val MAE 34.6504 | Acc 16.67%
   [Debug] Range Filter dropped 213 molecules (Out of [-114.1, 142.3]).
   [Debug] Active Weights Mean: 0.1658
-> [Epoch 46] HighConf>0.1: 1536 (25.3%)
[P1] Epoch 046 | Loss 0.0035 | Val MAE 34.2536 | Acc 5.56%
   [Debug] Range Filter dropped 213 molecules (Out of [-114.1, 142.3]).
   [Debug] Active Weights Mean: 0.3011
-> [Epoch 47] HighConf>0.1: 1822 (30.0%)
[P1] Epoch 047 | Loss 0.0035 | Val MAE 33.8584 | Acc 8.33%
   [Debug] Range Filter dropped 213 molecules (Out of [-114.1, 142.3]).
   [Debug] Active Weights Mean: 0.2104
-> [Epoch 48] HighConf>0.1: 1822 (30.0%)
[P1] Epoch 048 | Loss 0.0030 | Val MAE 29.8194 | Acc 11.11%
   [Debug] Range Filter dropped 213 molecules (Out of [-114.1, 142.3]).
   [Debug] Active Weights Mean: 0.2100
-> [Epoch 49] HighConf>0.1: 1822 (30.0%)
[P1] Epoch 049 | Loss 0.0032 | Val MAE 31.2695 | Acc 16.67%
   [Debug] Range Filter dropped 213 molecules (Out of [-114.1, 142.3]).
   [Debug] Active Weights Mean: 0.1857
-> [Epoch 50] HighConf>0.1: 1827 (30.1%)
[P1] Epoch 050 | Loss 0.0027 | Val MAE 30.4779 | Acc 2.78%
   [Debug] Range Filter dropped 213 molecules (Out of [-114.1, 142.3]).
   [Debug] Active Weights Mean: 0.2207
-> [Epoch 51] HighConf>0.1: 1822 (30.0%)
[P1] Epoch 051 | Loss 0.0026 | Val MAE 30.4720 | Acc 13.89%
   [Debug] Range Filter dropped 213 molecules (Out of [-114.1, 142.3]).
   [Debug] Active Weights Mean: 0.1434
-> [Epoch 52] HighConf>0.1: 1164 (19.2%)
[P1] Epoch 052 | Loss 0.0028 | Val MAE 31.0313 | Acc 2.78%
   [Debug] Range Filter dropped 213 molecules (Out of [-114.1, 142.3]).
   [Debug] Active Weights Mean: 0.1634
-> [Epoch 53] HighConf>0.1: 1653 (27.2%)
[P1] Epoch 053 | Loss 0.0027 | Val MAE 30.5668 | Acc 8.33%
   [Debug] Range Filter dropped 213 molecules (Out of [-114.1, 142.3]).
   [Debug] Active Weights Mean: 0.1682
-> [Epoch 54] HighConf>0.1: 1632 (26.9%)
[P1] Epoch 054 | Loss 0.0026 | Val MAE 31.5677 | Acc 2.78%
   [Debug] Range Filter dropped 213 molecules (Out of [-114.1, 142.3]).
   [Debug] Active Weights Mean: 0.1884
-> [Epoch 55] HighConf>0.1: 1824 (30.0%)
[P1] Epoch 055 | Loss 0.0024 | Val MAE 32.2316 | Acc 11.11%
   [Debug] Range Filter dropped 213 molecules (Out of [-114.1, 142.3]).
   [Debug] Active Weights Mean: 0.1665
-> [Epoch 56] HighConf>0.1: 1527 (25.1%)
[P1] Epoch 056 | Loss 0.0027 | Val MAE 33.5323 | Acc 11.11%
   [Debug] Range Filter dropped 213 molecules (Out of [-114.1, 142.3]).
   [Debug] Active Weights Mean: 0.2424
-> [Epoch 57] HighConf>0.1: 1822 (30.0%)
[P1] Epoch 057 | Loss 0.0029 | Val MAE 31.5165 | Acc 11.11%
   [Debug] Range Filter dropped 213 molecules (Out of [-114.1, 142.3]).
   [Debug] Active Weights Mean: 0.1951
-> [Epoch 58] HighConf>0.1: 1825 (30.0%)
[P1] Epoch 058 | Loss 0.0027 | Val MAE 32.0614 | Acc 8.33%
   [Debug] Range Filter dropped 213 molecules (Out of [-114.1, 142.3]).
   [Debug] Active Weights Mean: 0.1482
-> [Epoch 59] HighConf>0.1: 1394 (23.0%)
[P1] Epoch 059 | Loss 0.0027 | Val MAE 31.0781 | Acc 8.33%
   [Debug] Range Filter dropped 213 molecules (Out of [-114.1, 142.3]).
   [Debug] Active Weights Mean: 0.2095
-> [Epoch 60] HighConf>0.1: 1822 (30.0%)
[P1] Epoch 060 | Loss 0.0025 | Val MAE 29.5290 | Acc 8.33%
   [Debug] Range Filter dropped 213 molecules (Out of [-114.1, 142.3]).
   [Debug] Active Weights Mean: 0.1777
-> [Epoch 61] HighConf>0.1: 1822 (30.0%)
[P1] Epoch 061 | Loss 0.0026 | Val MAE 30.9979 | Acc 5.56%
   [Debug] Range Filter dropped 213 molecules (Out of [-114.1, 142.3]).
   [Debug] Active Weights Mean: 0.1825
-> [Epoch 62] HighConf>0.1: 1610 (26.5%)
[P1] Epoch 062 | Loss 0.0025 | Val MAE 31.8055 | Acc 2.78%
   [Debug] Range Filter dropped 213 molecules (Out of [-114.1, 142.3]).
   [Debug] Active Weights Mean: 0.1902
-> [Epoch 63] HighConf>0.1: 1822 (30.0%)
[P1] Epoch 063 | Loss 0.0026 | Val MAE 30.4081 | Acc 19.44%
   [Debug] Range Filter dropped 213 molecules (Out of [-114.1, 142.3]).
   [Debug] Active Weights Mean: 0.1897
-> [Epoch 64] HighConf>0.1: 1822 (30.0%)
[P1] Epoch 064 | Loss 0.0023 | Val MAE 30.6860 | Acc 0.00%
   [Debug] Range Filter dropped 213 molecules (Out of [-114.1, 142.3]).
   [Debug] Active Weights Mean: 0.1826
-> [Epoch 65] HighConf>0.1: 1822 (30.0%)
[P1] Epoch 065 | Loss 0.0027 | Val MAE 31.1483 | Acc 8.33%
   [Debug] Range Filter dropped 213 molecules (Out of [-114.1, 142.3]).
   [Debug] Active Weights Mean: 0.1676
-> [Epoch 66] HighConf>0.1: 1381 (22.7%)
[P1] Epoch 066 | Loss 0.0026 | Val MAE 29.9637 | Acc 5.56%
   [Debug] Range Filter dropped 213 molecules (Out of [-114.1, 142.3]).
   [Debug] Active Weights Mean: 0.2046
-> [Epoch 67] HighConf>0.1: 1822 (30.0%)
[P1] Epoch 067 | Loss 0.0027 | Val MAE 31.0630 | Acc 13.89%
   [Debug] Range Filter dropped 213 molecules (Out of [-114.1, 142.3]).
   [Debug] Active Weights Mean: 0.1702
-> [Epoch 68] HighConf>0.1: 1550 (25.5%)
[P1] Epoch 068 | Loss 0.0025 | Val MAE 30.7742 | Acc 5.56%
   [Debug] Range Filter dropped 213 molecules (Out of [-114.1, 142.3]).
   [Debug] Active Weights Mean: 0.1434
-> [Epoch 69] HighConf>0.1: 1197 (19.7%)
[P1] Epoch 069 | Loss 0.0026 | Val MAE 29.0537 | Acc 8.33%
   [Debug] Range Filter dropped 213 molecules (Out of [-114.1, 142.3]).
   [Debug] Active Weights Mean: 0.1411
-> [Epoch 70] HighConf>0.1: 1171 (19.3%)
[P1] Epoch 070 | Loss 0.0024 | Val MAE 30.5239 | Acc 8.33%
   [Debug] Range Filter dropped 213 molecules (Out of [-114.1, 142.3]).
   [Debug] Active Weights Mean: 0.1471
-> [Epoch 71] HighConf>0.1: 1376 (22.7%)
[P1] Epoch 071 | Loss 0.0026 | Val MAE 29.0293 | Acc 13.89%
   [Debug] Range Filter dropped 213 molecules (Out of [-114.1, 142.3]).
   [Debug] Active Weights Mean: 0.1589
-> [Epoch 72] HighConf>0.1: 1378 (22.7%)
[P1] Epoch 072 | Loss 0.0024 | Val MAE 29.4065 | Acc 13.89%
   [Debug] Range Filter dropped 213 molecules (Out of [-114.1, 142.3]).
   [Debug] Active Weights Mean: 0.2652
-> [Epoch 73] HighConf>0.1: 1822 (30.0%)
[P1] Epoch 073 | Loss 0.0030 | Val MAE 32.2322 | Acc 11.11%
   [Debug] Range Filter dropped 213 molecules (Out of [-114.1, 142.3]).
   [Debug] Active Weights Mean: 0.2306
-> [Epoch 74] HighConf>0.1: 1823 (30.0%)
[P1] Epoch 074 | Loss 0.0028 | Val MAE 29.2975 | Acc 8.33%
   [Debug] Range Filter dropped 213 molecules (Out of [-114.1, 142.3]).
   [Debug] Active Weights Mean: 0.2114
-> [Epoch 75] HighConf>0.1: 1826 (30.1%)
[P1] Epoch 075 | Loss 0.0025 | Val MAE 29.3377 | Acc 11.11%
   [Debug] Range Filter dropped 213 molecules (Out of [-114.1, 142.3]).
   [Debug] Active Weights Mean: 0.2340
-> [Epoch 76] HighConf>0.1: 1836 (30.2%)
[P1] Epoch 076 | Loss 0.0023 | Val MAE 30.6162 | Acc 5.56%
   [Debug] Range Filter dropped 213 molecules (Out of [-114.1, 142.3]).
   [Debug] Active Weights Mean: 0.2175
-> [Epoch 77] HighConf>0.1: 1822 (30.0%)
[P1] Epoch 077 | Loss 0.0026 | Val MAE 31.3468 | Acc 13.89%
   [Debug] Range Filter dropped 213 molecules (Out of [-114.1, 142.3]).
   [Debug] Active Weights Mean: 0.2050
-> [Epoch 78] HighConf>0.1: 1836 (30.2%)
[P1] Epoch 078 | Loss 0.0025 | Val MAE 30.6528 | Acc 11.11%
   [Debug] Range Filter dropped 213 molecules (Out of [-114.1, 142.3]).
   [Debug] Active Weights Mean: 0.2146
-> [Epoch 79] HighConf>0.1: 1822 (30.0%)
[P1] Epoch 079 | Loss 0.0024 | Val MAE 29.8769 | Acc 8.33%
   [Debug] Range Filter dropped 213 molecules (Out of [-114.1, 142.3]).
   [Debug] Active Weights Mean: 0.2332
-> [Epoch 80] HighConf>0.1: 1822 (30.0%)
[P1] Epoch 080 | Loss 0.0026 | Val MAE 31.0610 | Acc 11.11%
   [Debug] Range Filter dropped 213 molecules (Out of [-114.1, 142.3]).
   [Debug] Active Weights Mean: 0.2515
-> [Epoch 81] HighConf>0.1: 1834 (30.2%)
[P1] Epoch 081 | Loss 0.0024 | Val MAE 32.2587 | Acc 13.89%
   [Debug] Range Filter dropped 213 molecules (Out of [-114.1, 142.3]).
   [Debug] Active Weights Mean: 0.2340
-> [Epoch 82] HighConf>0.1: 1831 (30.1%)
[P1] Epoch 082 | Loss 0.0023 | Val MAE 29.5970 | Acc 11.11%
   [Debug] Range Filter dropped 213 molecules (Out of [-114.1, 142.3]).
   [Debug] Active Weights Mean: 0.2056
-> [Epoch 83] HighConf>0.1: 1824 (30.0%)
[P1] Epoch 083 | Loss 0.0022 | Val MAE 29.5249 | Acc 13.89%
   [Debug] Range Filter dropped 213 molecules (Out of [-114.1, 142.3]).
   [Debug] Active Weights Mean: 0.1976
-> [Epoch 84] HighConf>0.1: 1825 (30.0%)
[P1] Epoch 084 | Loss 0.0021 | Val MAE 31.5297 | Acc 8.33%
   [Debug] Range Filter dropped 213 molecules (Out of [-114.1, 142.3]).
   [Debug] Active Weights Mean: 0.2617
-> [Epoch 85] HighConf>0.1: 1822 (30.0%)
[P1] Epoch 085 | Loss 0.0022 | Val MAE 32.4148 | Acc 13.89%
   [Debug] Range Filter dropped 213 molecules (Out of [-114.1, 142.3]).
   [Debug] Active Weights Mean: 0.2045
-> [Epoch 86] HighConf>0.1: 1845 (30.4%)
[P1] Epoch 086 | Loss 0.0024 | Val MAE 31.4010 | Acc 8.33%
   [Debug] Range Filter dropped 213 molecules (Out of [-114.1, 142.3]).
   [Debug] Active Weights Mean: 0.2594
-> [Epoch 87] HighConf>0.1: 1823 (30.0%)
[P1] Epoch 087 | Loss 0.0023 | Val MAE 31.4746 | Acc 11.11%
   [Debug] Range Filter dropped 213 molecules (Out of [-114.1, 142.3]).
   [Debug] Active Weights Mean: 0.1553
-> [Epoch 88] HighConf>0.1: 1450 (23.9%)
[P1] Epoch 088 | Loss 0.0022 | Val MAE 30.6475 | Acc 8.33%
   [Debug] Range Filter dropped 213 molecules (Out of [-114.1, 142.3]).
   [Debug] Active Weights Mean: 0.2269
-> [Epoch 89] HighConf>0.1: 1825 (30.0%)
[P1] Epoch 089 | Loss 0.0025 | Val MAE 31.2038 | Acc 2.78%
   [Debug] Range Filter dropped 213 molecules (Out of [-114.1, 142.3]).
   [Debug] Active Weights Mean: 0.2232
-> [Epoch 90] HighConf>0.1: 1822 (30.0%)
[P1] Epoch 090 | Loss 0.0022 | Val MAE 32.0674 | Acc 8.33%
   [Debug] Range Filter dropped 213 molecules (Out of [-114.1, 142.3]).
   [Debug] Active Weights Mean: 0.2170
-> [Epoch 91] HighConf>0.1: 1822 (30.0%)
[P1] Epoch 091 | Loss 0.0023 | Val MAE 31.8966 | Acc 5.56%
   [Debug] Range Filter dropped 213 molecules (Out of [-114.1, 142.3]).
   [Debug] Active Weights Mean: 0.2198
-> [Epoch 92] HighConf>0.1: 1822 (30.0%)
[P1] Epoch 092 | Loss 0.0021 | Val MAE 33.0095 | Acc 13.89%
   [Debug] Range Filter dropped 213 molecules (Out of [-114.1, 142.3]).
   [Debug] Active Weights Mean: 0.2139
-> [Epoch 93] HighConf>0.1: 1822 (30.0%)
[P1] Epoch 093 | Loss 0.0021 | Val MAE 32.4806 | Acc 11.11%
   [Debug] Range Filter dropped 213 molecules (Out of [-114.1, 142.3]).
   [Debug] Active Weights Mean: 0.2078
-> [Epoch 94] HighConf>0.1: 1822 (30.0%)
[P1] Epoch 094 | Loss 0.0024 | Val MAE 29.9630 | Acc 19.44%
   [Debug] Range Filter dropped 213 molecules (Out of [-114.1, 142.3]).
   [Debug] Active Weights Mean: 0.1379
-> [Epoch 95] HighConf>0.1: 1148 (18.9%)
[P1] Epoch 095 | Loss 0.0024 | Val MAE 31.4231 | Acc 8.33%
   [Debug] Range Filter dropped 213 molecules (Out of [-114.1, 142.3]).
   [Debug] Active Weights Mean: 0.2267
-> [Epoch 96] HighConf>0.1: 1823 (30.0%)
[P1] Epoch 096 | Loss 0.0023 | Val MAE 31.0935 | Acc 5.56%
   [Debug] Range Filter dropped 213 molecules (Out of [-114.1, 142.3]).
   [Debug] Active Weights Mean: 0.1593
-> [Epoch 97] HighConf>0.1: 1435 (23.6%)
[P1] Epoch 097 | Loss 0.0020 | Val MAE 31.5848 | Acc 11.11%
   [Debug] Range Filter dropped 213 molecules (Out of [-114.1, 142.3]).
   [Debug] Active Weights Mean: 0.1547
-> [Epoch 98] HighConf>0.1: 1422 (23.4%)
[P1] Epoch 098 | Loss 0.0021 | Val MAE 31.4116 | Acc 5.56%
   [Debug] Range Filter dropped 213 molecules (Out of [-114.1, 142.3]).
   [Debug] Active Weights Mean: 0.1461
-> [Epoch 99] HighConf>0.1: 1264 (20.8%)
[P1] Epoch 099 | Loss 0.0022 | Val MAE 32.0906 | Acc 8.33%
   [Debug] Range Filter dropped 213 molecules (Out of [-114.1, 142.3]).
   [Debug] Active Weights Mean: 0.2302
-> [Epoch 100] HighConf>0.1: 1842 (30.3%)
[P1] Epoch 100 | Loss 0.0020 | Val MAE 29.4245 | Acc 16.67%
   [Debug] Range Filter dropped 213 molecules (Out of [-114.1, 142.3]).
   [Debug] Active Weights Mean: 0.1919
-> [Epoch 101] HighConf>0.1: 1827 (30.1%)
[P1] Epoch 101 | Loss 0.0021 | Val MAE 32.3703 | Acc 5.56%
   [Debug] Range Filter dropped 213 molecules (Out of [-114.1, 142.3]).
   [Debug] Active Weights Mean: 0.2492
-> [Epoch 102] HighConf>0.1: 1822 (30.0%)
[P1] Epoch 102 | Loss 0.0023 | Val MAE 30.1966 | Acc 13.89%
   [Debug] Range Filter dropped 213 molecules (Out of [-114.1, 142.3]).
   [Debug] Active Weights Mean: 0.2704
-> [Epoch 103] HighConf>0.1: 1822 (30.0%)
[P1] Epoch 103 | Loss 0.0022 | Val MAE 31.3066 | Acc 8.33%
   [Debug] Range Filter dropped 213 molecules (Out of [-114.1, 142.3]).
   [Debug] Active Weights Mean: 0.2577
-> [Epoch 104] HighConf>0.1: 1822 (30.0%)
[P1] Epoch 104 | Loss 0.0021 | Val MAE 31.6601 | Acc 13.89%
   [Debug] Range Filter dropped 213 molecules (Out of [-114.1, 142.3]).
   [Debug] Active Weights Mean: 0.2495
-> [Epoch 105] HighConf>0.1: 1822 (30.0%)
[P1] Epoch 105 | Loss 0.0020 | Val MAE 33.0254 | Acc 5.56%
   [Debug] Range Filter dropped 213 molecules (Out of [-114.1, 142.3]).
   [Debug] Active Weights Mean: 0.2260
-> [Epoch 106] HighConf>0.1: 1825 (30.0%)
[P1] Epoch 106 | Loss 0.0023 | Val MAE 33.8251 | Acc 5.56%
   [Debug] Range Filter dropped 213 molecules (Out of [-114.1, 142.3]).
   [Debug] Active Weights Mean: 0.2398
-> [Epoch 107] HighConf>0.1: 1822 (30.0%)
[P1] Epoch 107 | Loss 0.0022 | Val MAE 32.1419 | Acc 8.33%
   [Debug] Range Filter dropped 213 molecules (Out of [-114.1, 142.3]).
   [Debug] Active Weights Mean: 0.2771
-> [Epoch 108] HighConf>0.1: 1824 (30.0%)
[P1] Epoch 108 | Loss 0.0020 | Val MAE 30.4728 | Acc 11.11%
   [Debug] Range Filter dropped 213 molecules (Out of [-114.1, 142.3]).
   [Debug] Active Weights Mean: 0.2346
-> [Epoch 109] HighConf>0.1: 1822 (30.0%)
[P1] Epoch 109 | Loss 0.0017 | Val MAE 31.6241 | Acc 11.11%
   [Debug] Range Filter dropped 213 molecules (Out of [-114.1, 142.3]).
   [Debug] Active Weights Mean: 0.2365
-> [Epoch 110] HighConf>0.1: 1823 (30.0%)
[P1] Epoch 110 | Loss 0.0018 | Val MAE 31.6423 | Acc 11.11%
   [Debug] Range Filter dropped 213 molecules (Out of [-114.1, 142.3]).
   [Debug] Active Weights Mean: 0.1309
-> [Epoch 111] HighConf>0.1: 1027 (16.9%)
[P1] Epoch 111 | Loss 0.0021 | Val MAE 33.3788 | Acc 5.56%
   [Debug] Range Filter dropped 213 molecules (Out of [-114.1, 142.3]).
   [Debug] Active Weights Mean: 0.2095
-> [Epoch 112] HighConf>0.1: 1831 (30.1%)
[P1] Epoch 112 | Loss 0.0021 | Val MAE 32.7869 | Acc 8.33%
   [Debug] Range Filter dropped 213 molecules (Out of [-114.1, 142.3]).
   [Debug] Active Weights Mean: 0.1741
-> [Epoch 113] HighConf>0.1: 1576 (25.9%)
[P1] Epoch 113 | Loss 0.0021 | Val MAE 31.9602 | Acc 8.33%
   [Debug] Range Filter dropped 213 molecules (Out of [-114.1, 142.3]).
   [Debug] Active Weights Mean: 0.1792
-> [Epoch 114] HighConf>0.1: 1524 (25.1%)
[P1] Epoch 114 | Loss 0.0018 | Val MAE 32.0132 | Acc 8.33%
   [Debug] Range Filter dropped 213 molecules (Out of [-114.1, 142.3]).
   [Debug] Active Weights Mean: 0.1889
-> [Epoch 115] HighConf>0.1: 1606 (26.4%)
[P1] Epoch 115 | Loss 0.0020 | Val MAE 31.8764 | Acc 13.89%
   [Debug] Range Filter dropped 213 molecules (Out of [-114.1, 142.3]).
   [Debug] Active Weights Mean: 0.2197
-> [Epoch 116] HighConf>0.1: 1822 (30.0%)
[P1] Epoch 116 | Loss 0.0018 | Val MAE 30.6366 | Acc 19.44%
   [Debug] Range Filter dropped 213 molecules (Out of [-114.1, 142.3]).
   [Debug] Active Weights Mean: 0.2298
-> [Epoch 117] HighConf>0.1: 1822 (30.0%)
[P1] Epoch 117 | Loss 0.0020 | Val MAE 31.7804 | Acc 8.33%
   [Debug] Range Filter dropped 213 molecules (Out of [-114.1, 142.3]).
   [Debug] Active Weights Mean: 0.2429
-> [Epoch 118] HighConf>0.1: 1832 (30.2%)
[P1] Epoch 118 | Loss 0.0019 | Val MAE 30.2124 | Acc 11.11%
   [Debug] Range Filter dropped 213 molecules (Out of [-114.1, 142.3]).
   [Debug] Active Weights Mean: 0.2394
-> [Epoch 119] HighConf>0.1: 1822 (30.0%)
[P1] Epoch 119 | Loss 0.0020 | Val MAE 30.4402 | Acc 8.33%
   [Debug] Range Filter dropped 213 molecules (Out of [-114.1, 142.3]).
   [Debug] Active Weights Mean: 0.2660
-> [Epoch 120] HighConf>0.1: 1827 (30.1%)
[P1] Epoch 120 | Loss 0.0022 | Val MAE 32.7479 | Acc 11.11%
   [Debug] Range Filter dropped 213 molecules (Out of [-114.1, 142.3]).
   [Debug] Active Weights Mean: 0.2031
-> [Epoch 121] HighConf>0.1: 1822 (30.0%)
[P1] Epoch 121 | Loss 0.0020 | Val MAE 30.4486 | Acc 13.89%
Phase 1 Early stopping.
------------------------------------------------------------
[phase1 RESULT] Performance on Test Set:
   MAE:      43.6777 kcal/mol
   RMSE:     56.7881 kcal/mol
   MAPE:     185.07 %
   Acc(10%): 8.33 %  <-- Key Metric
------------------------------------------------------------

==================================================
PHASE 2: Target Fine-tuning
   Strategy: Freeze GNN first -> Align Head -> Unfreeze All
==================================================
>>> Stage 2.1: Aligning Prediction Head (Backbone Frozen)...
[P2-Head] Epoch 10 | Val MAE 35.5102 | Acc 2.78%
[P2-Head] Epoch 20 | Val MAE 35.7943 | Acc 5.56%
[P2-Head] Epoch 30 | Val MAE 35.5815 | Acc 2.78%
[P2-Head] Epoch 40 | Val MAE 35.4365 | Acc 2.78%
[P2-Head] Epoch 50 | Val MAE 36.3967 | Acc 5.56%
[P2-Head] Epoch 60 | Val MAE 36.8267 | Acc 2.78%
[P2-Head] Epoch 70 | Val MAE 37.4910 | Acc 5.56%
[P2-Head] Epoch 80 | Val MAE 36.8065 | Acc 2.78%
[P2-Head] Epoch 90 | Val MAE 36.8893 | Acc 2.78%
[P2-Head] Epoch 100 | Val MAE 35.7766 | Acc 2.78%
[P2-Head] Epoch 110 | Val MAE 36.0774 | Acc 0.00%
[P2-Head] Epoch 120 | Val MAE 36.5155 | Acc 2.78%
[P2-Head] Epoch 130 | Val MAE 37.4866 | Acc 0.00%
[P2-Head] Epoch 140 | Val MAE 35.6332 | Acc 0.00%
[P2-Head] Epoch 150 | Val MAE 36.4139 | Acc 5.56%

>>> Stage 2.2: Fine-tuning Whole Model...
[P2-Full] Epoch 010 | Loss 0.5993 | Val MAE 37.0734 | Acc 0.00%
[P2-Full] Epoch 020 | Loss 0.5567 | Val MAE 37.6388 | Acc 0.00%
[P2-Full] Epoch 030 | Loss 0.5379 | Val MAE 36.9748 | Acc 0.00%
[P2-Full] Epoch 040 | Loss 0.5350 | Val MAE 36.6816 | Acc 2.78%
[P2-Full] Epoch 050 | Loss 0.5064 | Val MAE 35.5370 | Acc 2.78%
[P2-Full] Epoch 060 | Loss 0.4699 | Val MAE 36.6280 | Acc 0.00%
[P2-Full] Epoch 070 | Loss 0.4839 | Val MAE 35.0142 | Acc 2.78%
[P2-Full] Epoch 080 | Loss 0.4713 | Val MAE 37.1002 | Acc 0.00%
[P2-Full] Epoch 090 | Loss 0.4614 | Val MAE 35.8785 | Acc 2.78%
[P2-Full] Epoch 100 | Loss 0.4680 | Val MAE 35.9600 | Acc 2.78%
[P2-Full] Epoch 110 | Loss 0.4162 | Val MAE 35.1723 | Acc 2.78%
[P2-Full] Epoch 120 | Loss 0.4256 | Val MAE 35.4483 | Acc 5.56%
[P2-Full] Epoch 130 | Loss 0.4368 | Val MAE 35.5264 | Acc 2.78%
[P2-Full] Epoch 140 | Loss 0.4415 | Val MAE 35.2181 | Acc 2.78%
[P2-Full] Epoch 150 | Loss 0.4300 | Val MAE 35.8441 | Acc 5.56%

>>> Testing Final Model...
------------------------------------------------------------
[FINAL RESULT] Performance on Test Set:
   MAE:      25.0192 kcal/mol
   RMSE:     36.7387 kcal/mol
   MAPE:     79.37 %
   Acc(10%): 13.89 %  <-- Key Metric
------------------------------------------------------------
