nohup: ignoring input
Namespace(target_csv='enthalpy/atct.csv', source_csv='enthalpy/wudily_cho.csv', pretrained='./df_core.pt', batch_size=128, epochs=200, ft_epochs=150, hidden_dim=256, layers=3, dropout=0.2, lr=0.0005, wd=1e-06, patience=50, device='cuda:0', num_prototypes=50, tau_high=0.85, sigma_0=0.15, gamma=0.5, alpha=0.9, w_min=0.0001)
--- DETS Full Pipeline: Stabilized Loss & Orthogonal Init ---
Device: cuda:0
-> Loading TARGET (Experiment) Dataset: enthalpy/atct.csv
Processing enthalpy/atct.csv...
-> Loaded 358 valid molecules from 358 rows.
-> Loading SOURCE (Theory) Dataset: enthalpy/wudily_cho.csv
Processing enthalpy/wudily_cho.csv...
-> Loaded 6074 valid molecules from 6074 rows.
-> Target Statistics: Mean=14.0561, Std=51.2793
-> [Warning] No pretrained weights found. Starting from SCRATCH.

==================================================
PHASE 1: DETS Source Training
==================================================
-> Extracting Anchors from Target (Experiment) Data...
   Running K-Means (K=50)...
-> Anchors Established: 50 prototypes.
   [Debug] Range Filter dropped 213 molecules (Out of [-114.1, 142.3]).
   [Debug] Active Weights Mean: 1.0000
-> [Epoch 1] HighConf>0.1: 5829 (96.0%)
[P1] Epoch 001 | Loss 0.3113 | Val MAE 86.2397 | Acc 5.56%
   [Debug] Range Filter dropped 213 molecules (Out of [-114.1, 142.3]).
   [Debug] Active Weights Mean: 0.1386
-> [Epoch 2] HighConf>0.1: 928 (15.3%)
[P1] Epoch 002 | Loss 0.0865 | Val MAE 83.7035 | Acc 0.00%
   [Debug] Range Filter dropped 213 molecules (Out of [-114.1, 142.3]).
   [Debug] Active Weights Mean: 0.2096
-> [Epoch 3] HighConf>0.1: 1828 (30.1%)
[P1] Epoch 003 | Loss 0.0282 | Val MAE 61.1485 | Acc 0.00%
   [Debug] Range Filter dropped 213 molecules (Out of [-114.1, 142.3]).
   [Debug] Active Weights Mean: 0.1509
-> [Epoch 4] HighConf>0.1: 1254 (20.6%)
[P1] Epoch 004 | Loss 0.0105 | Val MAE 73.1508 | Acc 0.00%
   [Debug] Range Filter dropped 213 molecules (Out of [-114.1, 142.3]).
   [Debug] Active Weights Mean: 0.1575
-> [Epoch 5] HighConf>0.1: 1454 (23.9%)
[P1] Epoch 005 | Loss 0.0080 | Val MAE 71.0589 | Acc 0.00%
   [Debug] Range Filter dropped 213 molecules (Out of [-114.1, 142.3]).
   [Debug] Active Weights Mean: 0.1232
-> [Epoch 6] HighConf>0.1: 879 (14.5%)
[P1] Epoch 006 | Loss 0.0065 | Val MAE 62.9050 | Acc 8.33%
   [Debug] Range Filter dropped 213 molecules (Out of [-114.1, 142.3]).
   [Debug] Active Weights Mean: 0.1950
-> [Epoch 7] HighConf>0.1: 1856 (30.6%)
[P1] Epoch 007 | Loss 0.0062 | Val MAE 55.7428 | Acc 2.78%
   [Debug] Range Filter dropped 213 molecules (Out of [-114.1, 142.3]).
   [Debug] Active Weights Mean: 0.1787
-> [Epoch 8] HighConf>0.1: 1626 (26.8%)
[P1] Epoch 008 | Loss 0.0052 | Val MAE 55.7466 | Acc 8.33%
   [Debug] Range Filter dropped 213 molecules (Out of [-114.1, 142.3]).
   [Debug] Active Weights Mean: 0.1194
-> [Epoch 9] HighConf>0.1: 835 (13.7%)
[P1] Epoch 009 | Loss 0.0050 | Val MAE 57.1445 | Acc 2.78%
   [Debug] Range Filter dropped 213 molecules (Out of [-114.1, 142.3]).
   [Debug] Active Weights Mean: 0.1834
-> [Epoch 10] HighConf>0.1: 1807 (29.7%)
[P1] Epoch 010 | Loss 0.0041 | Val MAE 52.7872 | Acc 0.00%
   [Debug] Range Filter dropped 213 molecules (Out of [-114.1, 142.3]).
   [Debug] Active Weights Mean: 0.0871
-> [Epoch 11] HighConf>0.1: 438 (7.2%)
[P1] Epoch 011 | Loss 0.0040 | Val MAE 56.1339 | Acc 0.00%
   [Debug] Range Filter dropped 213 molecules (Out of [-114.1, 142.3]).
   [Debug] Active Weights Mean: 0.1361
-> [Epoch 12] HighConf>0.1: 1150 (18.9%)
[P1] Epoch 012 | Loss 0.0035 | Val MAE 53.3823 | Acc 8.33%
   [Debug] Range Filter dropped 213 molecules (Out of [-114.1, 142.3]).
   [Debug] Active Weights Mean: 0.1112
-> [Epoch 13] HighConf>0.1: 793 (13.1%)
[P1] Epoch 013 | Loss 0.0036 | Val MAE 56.6058 | Acc 13.89%
   [Debug] Range Filter dropped 213 molecules (Out of [-114.1, 142.3]).
   [Debug] Active Weights Mean: 0.1633
-> [Epoch 14] HighConf>0.1: 1508 (24.8%)
[P1] Epoch 014 | Loss 0.0032 | Val MAE 51.5899 | Acc 13.89%
   [Debug] Range Filter dropped 213 molecules (Out of [-114.1, 142.3]).
   [Debug] Active Weights Mean: 0.1317
-> [Epoch 15] HighConf>0.1: 1090 (17.9%)
[P1] Epoch 015 | Loss 0.0034 | Val MAE 51.0714 | Acc 8.33%
   [Debug] Range Filter dropped 213 molecules (Out of [-114.1, 142.3]).
   [Debug] Active Weights Mean: 0.1635
-> [Epoch 16] HighConf>0.1: 1495 (24.6%)
[P1] Epoch 016 | Loss 0.0031 | Val MAE 54.6368 | Acc 11.11%
   [Debug] Range Filter dropped 213 molecules (Out of [-114.1, 142.3]).
   [Debug] Active Weights Mean: 0.1806
-> [Epoch 17] HighConf>0.1: 1701 (28.0%)
[P1] Epoch 017 | Loss 0.0030 | Val MAE 56.1135 | Acc 2.78%
   [Debug] Range Filter dropped 213 molecules (Out of [-114.1, 142.3]).
   [Debug] Active Weights Mean: 0.1976
-> [Epoch 18] HighConf>0.1: 1822 (30.0%)
[P1] Epoch 018 | Loss 0.0027 | Val MAE 48.0323 | Acc 11.11%
   [Debug] Range Filter dropped 213 molecules (Out of [-114.1, 142.3]).
   [Debug] Active Weights Mean: 0.1609
-> [Epoch 19] HighConf>0.1: 1379 (22.7%)
[P1] Epoch 019 | Loss 0.0029 | Val MAE 53.1973 | Acc 5.56%
   [Debug] Range Filter dropped 213 molecules (Out of [-114.1, 142.3]).
   [Debug] Active Weights Mean: 0.1454
-> [Epoch 20] HighConf>0.1: 1174 (19.3%)
[P1] Epoch 020 | Loss 0.0028 | Val MAE 53.2589 | Acc 11.11%
   [Debug] Range Filter dropped 213 molecules (Out of [-114.1, 142.3]).
   [Debug] Active Weights Mean: 0.1800
-> [Epoch 21] HighConf>0.1: 1548 (25.5%)
[P1] Epoch 021 | Loss 0.0031 | Val MAE 53.2508 | Acc 5.56%
   [Debug] Range Filter dropped 213 molecules (Out of [-114.1, 142.3]).
   [Debug] Active Weights Mean: 0.1676
-> [Epoch 22] HighConf>0.1: 1436 (23.6%)
[P1] Epoch 022 | Loss 0.0025 | Val MAE 53.7773 | Acc 11.11%
   [Debug] Range Filter dropped 213 molecules (Out of [-114.1, 142.3]).
   [Debug] Active Weights Mean: 0.1874
-> [Epoch 23] HighConf>0.1: 1679 (27.6%)
[P1] Epoch 023 | Loss 0.0027 | Val MAE 57.1449 | Acc 2.78%
   [Debug] Range Filter dropped 213 molecules (Out of [-114.1, 142.3]).
   [Debug] Active Weights Mean: 0.2046
-> [Epoch 24] HighConf>0.1: 1822 (30.0%)
[P1] Epoch 024 | Loss 0.0026 | Val MAE 57.8897 | Acc 11.11%
   [Debug] Range Filter dropped 213 molecules (Out of [-114.1, 142.3]).
   [Debug] Active Weights Mean: 0.1733
-> [Epoch 25] HighConf>0.1: 1513 (24.9%)
[P1] Epoch 025 | Loss 0.0025 | Val MAE 56.6585 | Acc 8.33%
   [Debug] Range Filter dropped 213 molecules (Out of [-114.1, 142.3]).
   [Debug] Active Weights Mean: 0.1703
-> [Epoch 26] HighConf>0.1: 1414 (23.3%)
[P1] Epoch 026 | Loss 0.0026 | Val MAE 51.5416 | Acc 13.89%
   [Debug] Range Filter dropped 213 molecules (Out of [-114.1, 142.3]).
   [Debug] Active Weights Mean: 0.1166
-> [Epoch 27] HighConf>0.1: 823 (13.5%)
[P1] Epoch 027 | Loss 0.0026 | Val MAE 46.5434 | Acc 8.33%
   [Debug] Range Filter dropped 213 molecules (Out of [-114.1, 142.3]).
   [Debug] Active Weights Mean: 0.1509
-> [Epoch 28] HighConf>0.1: 1263 (20.8%)
[P1] Epoch 028 | Loss 0.0025 | Val MAE 46.4596 | Acc 8.33%
   [Debug] Range Filter dropped 213 molecules (Out of [-114.1, 142.3]).
   [Debug] Active Weights Mean: 0.1811
-> [Epoch 29] HighConf>0.1: 1592 (26.2%)
[P1] Epoch 029 | Loss 0.0023 | Val MAE 48.8636 | Acc 5.56%
   [Debug] Range Filter dropped 213 molecules (Out of [-114.1, 142.3]).
   [Debug] Active Weights Mean: 0.1699
-> [Epoch 30] HighConf>0.1: 1394 (23.0%)
[P1] Epoch 030 | Loss 0.0024 | Val MAE 56.0957 | Acc 11.11%
   [Debug] Range Filter dropped 213 molecules (Out of [-114.1, 142.3]).
   [Debug] Active Weights Mean: 0.1306
-> [Epoch 31] HighConf>0.1: 1019 (16.8%)
[P1] Epoch 031 | Loss 0.0024 | Val MAE 51.0986 | Acc 8.33%
   [Debug] Range Filter dropped 213 molecules (Out of [-114.1, 142.3]).
   [Debug] Active Weights Mean: 0.1356
-> [Epoch 32] HighConf>0.1: 966 (15.9%)
[P1] Epoch 032 | Loss 0.0023 | Val MAE 52.9802 | Acc 11.11%
   [Debug] Range Filter dropped 213 molecules (Out of [-114.1, 142.3]).
   [Debug] Active Weights Mean: 0.1548
-> [Epoch 33] HighConf>0.1: 1288 (21.2%)
[P1] Epoch 033 | Loss 0.0020 | Val MAE 49.1081 | Acc 8.33%
   [Debug] Range Filter dropped 213 molecules (Out of [-114.1, 142.3]).
   [Debug] Active Weights Mean: 0.1264
-> [Epoch 34] HighConf>0.1: 946 (15.6%)
[P1] Epoch 034 | Loss 0.0027 | Val MAE 49.3978 | Acc 2.78%
   [Debug] Range Filter dropped 213 molecules (Out of [-114.1, 142.3]).
   [Debug] Active Weights Mean: 0.1809
-> [Epoch 35] HighConf>0.1: 1663 (27.4%)
[P1] Epoch 035 | Loss 0.0023 | Val MAE 49.8322 | Acc 5.56%
   [Debug] Range Filter dropped 213 molecules (Out of [-114.1, 142.3]).
   [Debug] Active Weights Mean: 0.1331
-> [Epoch 36] HighConf>0.1: 1044 (17.2%)
[P1] Epoch 036 | Loss 0.0021 | Val MAE 50.0409 | Acc 5.56%
   [Debug] Range Filter dropped 213 molecules (Out of [-114.1, 142.3]).
   [Debug] Active Weights Mean: 0.1305
-> [Epoch 37] HighConf>0.1: 967 (15.9%)
[P1] Epoch 037 | Loss 0.0020 | Val MAE 54.8636 | Acc 8.33%
   [Debug] Range Filter dropped 213 molecules (Out of [-114.1, 142.3]).
   [Debug] Active Weights Mean: 0.1220
-> [Epoch 38] HighConf>0.1: 902 (14.9%)
[P1] Epoch 038 | Loss 0.0021 | Val MAE 52.1900 | Acc 11.11%
   [Debug] Range Filter dropped 213 molecules (Out of [-114.1, 142.3]).
   [Debug] Active Weights Mean: 0.1927
-> [Epoch 39] HighConf>0.1: 1706 (28.1%)
[P1] Epoch 039 | Loss 0.0021 | Val MAE 54.4736 | Acc 11.11%
   [Debug] Range Filter dropped 213 molecules (Out of [-114.1, 142.3]).
   [Debug] Active Weights Mean: 0.1379
-> [Epoch 40] HighConf>0.1: 1083 (17.8%)
[P1] Epoch 040 | Loss 0.0019 | Val MAE 58.5287 | Acc 5.56%
   [Debug] Range Filter dropped 213 molecules (Out of [-114.1, 142.3]).
   [Debug] Active Weights Mean: 0.1108
-> [Epoch 41] HighConf>0.1: 768 (12.6%)
[P1] Epoch 041 | Loss 0.0017 | Val MAE 57.8616 | Acc 8.33%
   [Debug] Range Filter dropped 213 molecules (Out of [-114.1, 142.3]).
   [Debug] Active Weights Mean: 0.1772
-> [Epoch 42] HighConf>0.1: 1559 (25.7%)
[P1] Epoch 042 | Loss 0.0019 | Val MAE 54.1847 | Acc 11.11%
   [Debug] Range Filter dropped 213 molecules (Out of [-114.1, 142.3]).
   [Debug] Active Weights Mean: 0.1949
-> [Epoch 43] HighConf>0.1: 1714 (28.2%)
[P1] Epoch 043 | Loss 0.0017 | Val MAE 53.0536 | Acc 13.89%
   [Debug] Range Filter dropped 213 molecules (Out of [-114.1, 142.3]).
   [Debug] Active Weights Mean: 0.1480
-> [Epoch 44] HighConf>0.1: 1215 (20.0%)
[P1] Epoch 044 | Loss 0.0018 | Val MAE 58.1093 | Acc 5.56%
   [Debug] Range Filter dropped 213 molecules (Out of [-114.1, 142.3]).
   [Debug] Active Weights Mean: 0.1673
-> [Epoch 45] HighConf>0.1: 1321 (21.7%)
[P1] Epoch 045 | Loss 0.0018 | Val MAE 58.3319 | Acc 8.33%
   [Debug] Range Filter dropped 213 molecules (Out of [-114.1, 142.3]).
   [Debug] Active Weights Mean: 0.1716
-> [Epoch 46] HighConf>0.1: 1436 (23.6%)
[P1] Epoch 046 | Loss 0.0019 | Val MAE 61.6144 | Acc 8.33%
   [Debug] Range Filter dropped 213 molecules (Out of [-114.1, 142.3]).
   [Debug] Active Weights Mean: 0.2069
-> [Epoch 47] HighConf>0.1: 1799 (29.6%)
[P1] Epoch 047 | Loss 0.0020 | Val MAE 62.0689 | Acc 5.56%
   [Debug] Range Filter dropped 213 molecules (Out of [-114.1, 142.3]).
   [Debug] Active Weights Mean: 0.1581
-> [Epoch 48] HighConf>0.1: 1302 (21.4%)
[P1] Epoch 048 | Loss 0.0020 | Val MAE 62.6537 | Acc 11.11%
   [Debug] Range Filter dropped 213 molecules (Out of [-114.1, 142.3]).
   [Debug] Active Weights Mean: 0.2076
-> [Epoch 49] HighConf>0.1: 1828 (30.1%)
[P1] Epoch 049 | Loss 0.0017 | Val MAE 57.8244 | Acc 16.67%
   [Debug] Range Filter dropped 213 molecules (Out of [-114.1, 142.3]).
   [Debug] Active Weights Mean: 0.2126
-> [Epoch 50] HighConf>0.1: 1822 (30.0%)
[P1] Epoch 050 | Loss 0.0018 | Val MAE 66.2334 | Acc 2.78%
   [Debug] Range Filter dropped 213 molecules (Out of [-114.1, 142.3]).
   [Debug] Active Weights Mean: 0.1203
-> [Epoch 51] HighConf>0.1: 891 (14.7%)
[P1] Epoch 051 | Loss 0.0020 | Val MAE 57.6204 | Acc 2.78%
   [Debug] Range Filter dropped 213 molecules (Out of [-114.1, 142.3]).
   [Debug] Active Weights Mean: 0.1668
-> [Epoch 52] HighConf>0.1: 1403 (23.1%)
[P1] Epoch 052 | Loss 0.0018 | Val MAE 57.6592 | Acc 11.11%
   [Debug] Range Filter dropped 213 molecules (Out of [-114.1, 142.3]).
   [Debug] Active Weights Mean: 0.1373
-> [Epoch 53] HighConf>0.1: 1060 (17.5%)
[P1] Epoch 053 | Loss 0.0016 | Val MAE 65.5084 | Acc 11.11%
   [Debug] Range Filter dropped 213 molecules (Out of [-114.1, 142.3]).
   [Debug] Active Weights Mean: 0.1603
-> [Epoch 54] HighConf>0.1: 1373 (22.6%)
[P1] Epoch 054 | Loss 0.0017 | Val MAE 72.6946 | Acc 8.33%
   [Debug] Range Filter dropped 213 molecules (Out of [-114.1, 142.3]).
   [Debug] Active Weights Mean: 0.1624
-> [Epoch 55] HighConf>0.1: 1388 (22.9%)
[P1] Epoch 055 | Loss 0.0018 | Val MAE 70.7425 | Acc 2.78%
   [Debug] Range Filter dropped 213 molecules (Out of [-114.1, 142.3]).
   [Debug] Active Weights Mean: 0.2303
-> [Epoch 56] HighConf>0.1: 1824 (30.0%)
[P1] Epoch 056 | Loss 0.0021 | Val MAE 70.3009 | Acc 2.78%
   [Debug] Range Filter dropped 213 molecules (Out of [-114.1, 142.3]).
   [Debug] Active Weights Mean: 0.1154
-> [Epoch 57] HighConf>0.1: 839 (13.8%)
[P1] Epoch 057 | Loss 0.0019 | Val MAE 76.9595 | Acc 2.78%
   [Debug] Range Filter dropped 213 molecules (Out of [-114.1, 142.3]).
   [Debug] Active Weights Mean: 0.1591
-> [Epoch 58] HighConf>0.1: 1450 (23.9%)
[P1] Epoch 058 | Loss 0.0016 | Val MAE 82.2280 | Acc 5.56%
   [Debug] Range Filter dropped 213 molecules (Out of [-114.1, 142.3]).
   [Debug] Active Weights Mean: 0.1470
-> [Epoch 59] HighConf>0.1: 1206 (19.9%)
[P1] Epoch 059 | Loss 0.0017 | Val MAE 74.1606 | Acc 5.56%
   [Debug] Range Filter dropped 213 molecules (Out of [-114.1, 142.3]).
   [Debug] Active Weights Mean: 0.1796
-> [Epoch 60] HighConf>0.1: 1475 (24.3%)
[P1] Epoch 060 | Loss 0.0016 | Val MAE 76.8315 | Acc 8.33%
   [Debug] Range Filter dropped 213 molecules (Out of [-114.1, 142.3]).
   [Debug] Active Weights Mean: 0.1468
-> [Epoch 61] HighConf>0.1: 1166 (19.2%)
[P1] Epoch 061 | Loss 0.0015 | Val MAE 81.6232 | Acc 0.00%
   [Debug] Range Filter dropped 213 molecules (Out of [-114.1, 142.3]).
   [Debug] Active Weights Mean: 0.1478
-> [Epoch 62] HighConf>0.1: 1290 (21.2%)
[P1] Epoch 062 | Loss 0.0017 | Val MAE 70.5389 | Acc 5.56%
   [Debug] Range Filter dropped 213 molecules (Out of [-114.1, 142.3]).
   [Debug] Active Weights Mean: 0.1997
-> [Epoch 63] HighConf>0.1: 1632 (26.9%)
[P1] Epoch 063 | Loss 0.0017 | Val MAE 82.1250 | Acc 5.56%
   [Debug] Range Filter dropped 213 molecules (Out of [-114.1, 142.3]).
   [Debug] Active Weights Mean: 0.2036
-> [Epoch 64] HighConf>0.1: 1828 (30.1%)
[P1] Epoch 064 | Loss 0.0016 | Val MAE 87.4941 | Acc 11.11%
   [Debug] Range Filter dropped 213 molecules (Out of [-114.1, 142.3]).
   [Debug] Active Weights Mean: 0.1747
-> [Epoch 65] HighConf>0.1: 1458 (24.0%)
[P1] Epoch 065 | Loss 0.0015 | Val MAE 93.6491 | Acc 13.89%
   [Debug] Range Filter dropped 213 molecules (Out of [-114.1, 142.3]).
   [Debug] Active Weights Mean: 0.1482
-> [Epoch 66] HighConf>0.1: 1265 (20.8%)
[P1] Epoch 066 | Loss 0.0015 | Val MAE 73.6459 | Acc 13.89%
   [Debug] Range Filter dropped 213 molecules (Out of [-114.1, 142.3]).
   [Debug] Active Weights Mean: 0.1119
-> [Epoch 67] HighConf>0.1: 826 (13.6%)
[P1] Epoch 067 | Loss 0.0017 | Val MAE 71.7264 | Acc 8.33%
   [Debug] Range Filter dropped 213 molecules (Out of [-114.1, 142.3]).
   [Debug] Active Weights Mean: 0.1551
-> [Epoch 68] HighConf>0.1: 1265 (20.8%)
[P1] Epoch 068 | Loss 0.0015 | Val MAE 67.7364 | Acc 11.11%
   [Debug] Range Filter dropped 213 molecules (Out of [-114.1, 142.3]).
   [Debug] Active Weights Mean: 0.1207
-> [Epoch 69] HighConf>0.1: 859 (14.1%)
[P1] Epoch 069 | Loss 0.0017 | Val MAE 62.5971 | Acc 8.33%
   [Debug] Range Filter dropped 213 molecules (Out of [-114.1, 142.3]).
   [Debug] Active Weights Mean: 0.1816
-> [Epoch 70] HighConf>0.1: 1604 (26.4%)
[P1] Epoch 070 | Loss 0.0016 | Val MAE 70.1927 | Acc 2.78%
   [Debug] Range Filter dropped 213 molecules (Out of [-114.1, 142.3]).
   [Debug] Active Weights Mean: 0.1677
-> [Epoch 71] HighConf>0.1: 1425 (23.5%)
[P1] Epoch 071 | Loss 0.0017 | Val MAE 62.7279 | Acc 8.33%
   [Debug] Range Filter dropped 213 molecules (Out of [-114.1, 142.3]).
   [Debug] Active Weights Mean: 0.1565
-> [Epoch 72] HighConf>0.1: 1243 (20.5%)
[P1] Epoch 072 | Loss 0.0014 | Val MAE 63.9582 | Acc 8.33%
   [Debug] Range Filter dropped 213 molecules (Out of [-114.1, 142.3]).
   [Debug] Active Weights Mean: 0.1370
-> [Epoch 73] HighConf>0.1: 1086 (17.9%)
[P1] Epoch 073 | Loss 0.0015 | Val MAE 69.6829 | Acc 2.78%
   [Debug] Range Filter dropped 213 molecules (Out of [-114.1, 142.3]).
   [Debug] Active Weights Mean: 0.1278
-> [Epoch 74] HighConf>0.1: 989 (16.3%)
[P1] Epoch 074 | Loss 0.0016 | Val MAE 60.9222 | Acc 8.33%
   [Debug] Range Filter dropped 213 molecules (Out of [-114.1, 142.3]).
   [Debug] Active Weights Mean: 0.1532
-> [Epoch 75] HighConf>0.1: 1261 (20.8%)
[P1] Epoch 075 | Loss 0.0014 | Val MAE 64.4111 | Acc 11.11%
   [Debug] Range Filter dropped 213 molecules (Out of [-114.1, 142.3]).
   [Debug] Active Weights Mean: 0.1133
-> [Epoch 76] HighConf>0.1: 839 (13.8%)
[P1] Epoch 076 | Loss 0.0016 | Val MAE 68.5278 | Acc 13.89%
   [Debug] Range Filter dropped 213 molecules (Out of [-114.1, 142.3]).
   [Debug] Active Weights Mean: 0.2117
-> [Epoch 77] HighConf>0.1: 1827 (30.1%)
[P1] Epoch 077 | Loss 0.0015 | Val MAE 63.3986 | Acc 16.67%
   [Debug] Range Filter dropped 213 molecules (Out of [-114.1, 142.3]).
   [Debug] Active Weights Mean: 0.1667
-> [Epoch 78] HighConf>0.1: 1528 (25.2%)
[P1] Epoch 078 | Loss 0.0019 | Val MAE 62.8574 | Acc 8.33%
Phase 1 Early stopping.
------------------------------------------------------------
[phase1 RESULT] Performance on Test Set:
   MAE:      81.4939 kcal/mol
   RMSE:     122.6403 kcal/mol
   MAPE:     337.31 %
   Acc(10%): 8.33 %  <-- Key Metric
------------------------------------------------------------

==================================================
PHASE 2: Target Fine-tuning
   Strategy: Freeze GNN first -> Align Head -> Unfreeze All
==================================================
>>> Stage 2.1: Aligning Prediction Head (Backbone Frozen)...
[P2-Head] Epoch 10 | Val MAE 31.1089 | Acc 8.33%
[P2-Head] Epoch 20 | Val MAE 32.4482 | Acc 2.78%
[P2-Head] Epoch 30 | Val MAE 32.0258 | Acc 2.78%
[P2-Head] Epoch 40 | Val MAE 32.7527 | Acc 0.00%
[P2-Head] Epoch 50 | Val MAE 33.5773 | Acc 2.78%
[P2-Head] Epoch 60 | Val MAE 32.1291 | Acc 5.56%
[P2-Head] Epoch 70 | Val MAE 32.5304 | Acc 0.00%
[P2-Head] Epoch 80 | Val MAE 34.2514 | Acc 0.00%
[P2-Head] Epoch 90 | Val MAE 34.4452 | Acc 0.00%
[P2-Head] Epoch 100 | Val MAE 32.4084 | Acc 0.00%
[P2-Head] Epoch 110 | Val MAE 32.1561 | Acc 2.78%
[P2-Head] Epoch 120 | Val MAE 34.0087 | Acc 0.00%
[P2-Head] Epoch 130 | Val MAE 34.5823 | Acc 0.00%
[P2-Head] Epoch 140 | Val MAE 34.0944 | Acc 0.00%
[P2-Head] Epoch 150 | Val MAE 34.3866 | Acc 5.56%

>>> Stage 2.2: Fine-tuning Whole Model...
[P2-Full] Epoch 010 | Loss 0.5218 | Val MAE 34.4566 | Acc 0.00%
[P2-Full] Epoch 020 | Loss 0.5797 | Val MAE 35.1858 | Acc 2.78%
[P2-Full] Epoch 030 | Loss 0.5392 | Val MAE 34.5511 | Acc 0.00%
[P2-Full] Epoch 040 | Loss 0.5137 | Val MAE 35.8107 | Acc 0.00%
[P2-Full] Epoch 050 | Loss 0.4942 | Val MAE 33.9546 | Acc 2.78%
[P2-Full] Epoch 060 | Loss 0.4808 | Val MAE 35.9538 | Acc 0.00%
[P2-Full] Epoch 070 | Loss 0.4888 | Val MAE 34.1147 | Acc 0.00%
[P2-Full] Epoch 080 | Loss 0.4741 | Val MAE 34.9145 | Acc 0.00%
[P2-Full] Epoch 090 | Loss 0.4645 | Val MAE 33.7039 | Acc 5.56%
[P2-Full] Epoch 100 | Loss 0.4723 | Val MAE 33.1681 | Acc 8.33%
[P2-Full] Epoch 110 | Loss 0.4501 | Val MAE 33.6500 | Acc 5.56%
[P2-Full] Epoch 120 | Loss 0.4796 | Val MAE 33.5324 | Acc 2.78%
Phase 2 Early stopping.

>>> Testing Final Model...
------------------------------------------------------------
[FINAL RESULT] Performance on Test Set:
   MAE:      23.9054 kcal/mol
   RMSE:     32.7312 kcal/mol
   MAPE:     92.07 %
   Acc(10%): 2.78 %  <-- Key Metric
------------------------------------------------------------
