--- Baseline MLP Pipeline (Method: CSIE) ---
Loading data from:
  Theory: ../bandgap/theory_features_clean.csv
  Exp: ../bandgap/exp_features_clean.csv
Full Source Data: 7908 | Target Train: 632
Initializing ResNet Baseline (Dim=128)...

=== Stage 0: Coreset Selection [CSIE] ===
   Target Ratio: 40.0%

[Sampler] Running CSIE | Target: 3163/7908 (40.0%)
Scanning Source (CSIE):   0%|          | 0/8 [00:00<?, ?it/s]Scanning Source (CSIE):  12%|█▎        | 1/8 [00:00<00:00,  8.90it/s]                                                                     Extracting Info:   0%|          | 0/1 [00:00<?, ?it/s]                                                      -> Selected 3163 samples.

=== PHASE 1: Source Pre-training ===
[P1] Ep 20: Loss 0.8790
[P1] Ep 40: Loss 0.7344
[P1] Ep 60: Loss 0.6335
[P1] Ep 80: Loss 0.5940
[P1] Ep 100: Loss 0.5430
[P1] Ep 120: Loss 0.4878
[P1] Ep 140: Loss 0.4678
[P1] Ep 160: Loss 0.4237
[P1] Ep 180: Loss 0.4132
[P1] Ep 200: Loss 0.3917
[P1] Ep 220: Loss 0.3798
[P1] Ep 240: Loss 0.3341
[P1] Ep 260: Loss 0.3419
[P1] Ep 280: Loss 0.3145
[P1] Ep 300: Loss 0.3064
[P1] Ep 320: Loss 0.2919
[P1] Ep 340: Loss 0.2749
[P1] Ep 360: Loss 0.2650
[P1] Ep 380: Loss 0.2544
[P1] Ep 400: Loss 0.2392
[P1] Ep 420: Loss 0.2360
[P1] Ep 440: Loss 0.2250
[P1] Ep 460: Loss 0.2143
[P1] Ep 480: Loss 0.2148
[P1] Ep 500: Loss 0.2070
[P1] Ep 520: Loss 0.1915
[P1] Ep 540: Loss 0.1956
[P1] Ep 560: Loss 0.1766
[P1] Ep 580: Loss 0.1837
[P1] Ep 600: Loss 0.1670
[P1] Ep 620: Loss 0.1690
[P1] Ep 640: Loss 0.1587
[P1] Ep 660: Loss 0.1557
[P1] Ep 680: Loss 0.1530
[P1] Ep 700: Loss 0.1514
[P1] Ep 720: Loss 0.1434
[P1] Ep 740: Loss 0.1422
[P1] Ep 760: Loss 0.1366
[P1] Ep 780: Loss 0.1339
[P1] Ep 800: Loss 0.1300
[P1] Ep 820: Loss 0.1362
[P1] Ep 840: Loss 0.1276
[P1] Ep 860: Loss 0.1169
[P1] Ep 880: Loss 0.1261
[P1] Ep 900: Loss 0.1226
[P1] Ep 920: Loss 0.1092
[P1] Ep 940: Loss 0.1161
[P1] Ep 960: Loss 0.1115
[P1] Ep 980: Loss 0.1115
[P1] Ep 1000: Loss 0.1047

=== PHASE 2.1: Head Alignment ===
[P2.1] Ep 50 MAE 0.8158
[P2.1] Ep 100 MAE 0.8084
[P2.1] Ep 150 MAE 0.8278

=== PHASE 2.2: Full Fine-tuning ===
[P2.2] Ep 20 MAE 0.7204
[P2.2] Ep 40 MAE 0.7177
[P2.2] Ep 60 MAE 0.7137
[P2.2] Ep 80 MAE 0.7133
[P2.2] Ep 100 MAE 0.7111
[P2.2] Ep 120 MAE 0.7043
[P2.2] Ep 140 MAE 0.7077
[P2.2] Ep 160 MAE 0.7002
[P2.2] Ep 180 MAE 0.7027
[P2.2] Ep 200 MAE 0.6945
[P2.2] Ep 220 MAE 0.6909
[P2.2] Ep 240 MAE 0.6982
[P2.2] Ep 260 MAE 0.6908
[P2.2] Ep 280 MAE 0.6923
[P2.2] Ep 300 MAE 0.6934
[P2.2] Ep 320 MAE 0.6903
[P2.2] Ep 340 MAE 0.6892
[P2.2] Ep 360 MAE 0.6833
[P2.2] Ep 380 MAE 0.6765
[P2.2] Ep 400 MAE 0.6768
[P2.2] Ep 420 MAE 0.6710
[P2.2] Ep 440 MAE 0.6692
[P2.2] Ep 460 MAE 0.6620
[P2.2] Ep 480 MAE 0.6681
[P2.2] Ep 500 MAE 0.6670
[P2.2] Ep 520 MAE 0.6631
[P2.2] Ep 540 MAE 0.6539
[P2.2] Ep 560 MAE 0.6524
[P2.2] Ep 580 MAE 0.6533
[P2.2] Ep 600 MAE 0.6536
[P2.2] Ep 620 MAE 0.6471
[P2.2] Ep 640 MAE 0.6571
[P2.2] Ep 660 MAE 0.6464
[P2.2] Ep 680 MAE 0.6456
[P2.2] Ep 700 MAE 0.6471
[P2.2] Ep 720 MAE 0.6412
[P2.2] Ep 740 MAE 0.6349
[P2.2] Ep 760 MAE 0.6402
[P2.2] Ep 780 MAE 0.6339
[P2.2] Ep 800 MAE 0.6391
[P2.2] Ep 820 MAE 0.6368
[P2.2] Ep 840 MAE 0.6352

>>> Final Test Evaluation
------------------------------------------------------------
Method: CSIE (Ratio=0.4)
MAE: 0.7141
RMSE: 0.9258
MAPE: 53.7910
Acc_10: 21.0227
Acc_20: 42.0455
------------------------------------------------------------
