--- Baseline MLP Pipeline (Method: Influence) ---
Loading data from:
  Theory: ../bandgap/theory_features_clean.csv
  Exp: ../bandgap/exp_features_clean.csv
Full Source Data: 7908 | Target Train: 632
Initializing ResNet Baseline (Dim=128)...

=== Stage 0: Coreset Selection [Influence] ===
   Target Ratio: 40.0%

[Sampler] Running Influence | Target: 3163/7908 (40.0%)
Scanning Source (Influence):   0%|          | 0/8 [00:00<?, ?it/s]Scanning Source (Influence):  12%|█▎        | 1/8 [00:00<00:01,  6.69it/s]                                                                          Scanning Target:   0%|          | 0/1 [00:00<?, ?it/s]                                                      -> Selected 3163 samples.

=== PHASE 1: Source Pre-training ===
[P1] Ep 20: Loss 0.9031
[P1] Ep 40: Loss 0.7339
[P1] Ep 60: Loss 0.6381
[P1] Ep 80: Loss 0.5547
[P1] Ep 100: Loss 0.5169
[P1] Ep 120: Loss 0.4744
[P1] Ep 140: Loss 0.4439
[P1] Ep 160: Loss 0.4306
[P1] Ep 180: Loss 0.3845
[P1] Ep 200: Loss 0.3468
[P1] Ep 220: Loss 0.3604
[P1] Ep 240: Loss 0.3278
[P1] Ep 260: Loss 0.2990
[P1] Ep 280: Loss 0.2968
[P1] Ep 300: Loss 0.2956
[P1] Ep 320: Loss 0.2655
[P1] Ep 340: Loss 0.2651
[P1] Ep 360: Loss 0.2537
[P1] Ep 380: Loss 0.2505
[P1] Ep 400: Loss 0.2325
[P1] Ep 420: Loss 0.2247
[P1] Ep 440: Loss 0.2324
[P1] Ep 460: Loss 0.2087
[P1] Ep 480: Loss 0.1942
[P1] Ep 500: Loss 0.1958
[P1] Ep 520: Loss 0.1995
[P1] Ep 540: Loss 0.1846
[P1] Ep 560: Loss 0.1884
[P1] Ep 580: Loss 0.1724
[P1] Ep 600: Loss 0.1775
[P1] Ep 620: Loss 0.1647
[P1] Ep 640: Loss 0.1599
[P1] Ep 660: Loss 0.1557
[P1] Ep 680: Loss 0.1560
[P1] Ep 700: Loss 0.1547
[P1] Ep 720: Loss 0.1425
[P1] Ep 740: Loss 0.1459
[P1] Ep 760: Loss 0.1458
[P1] Ep 780: Loss 0.1410
[P1] Ep 800: Loss 0.1347
[P1] Ep 820: Loss 0.1335
[P1] Ep 840: Loss 0.1242
[P1] Ep 860: Loss 0.1333
[P1] Ep 880: Loss 0.1237
[P1] Ep 900: Loss 0.1253
[P1] Ep 920: Loss 0.1190
[P1] Ep 940: Loss 0.1221
[P1] Ep 960: Loss 0.1202
[P1] Ep 980: Loss 0.1193
[P1] Ep 1000: Loss 0.1097

=== PHASE 2.1: Head Alignment ===
[P2.1] Ep 50 MAE 0.8910

=== PHASE 2.2: Full Fine-tuning ===
[P2.2] Ep 20 MAE 0.7649
[P2.2] Ep 40 MAE 0.7522
[P2.2] Ep 60 MAE 0.7490
[P2.2] Ep 80 MAE 0.7499
[P2.2] Ep 100 MAE 0.7432
[P2.2] Ep 120 MAE 0.7430
[P2.2] Ep 140 MAE 0.7366

>>> Final Test Evaluation
------------------------------------------------------------
Method: Influence (Ratio=0.4)
MAE: 0.6031
RMSE: 0.7681
MAPE: 47.8715
Acc_10: 27.8409
Acc_20: 48.8636
------------------------------------------------------------
