--- Baseline MLP Pipeline (Method: Soft Random) ---
Loading data from:
  Theory: ../bandgap/theory_features_clean.csv
  Exp: ../bandgap/exp_features_clean.csv
Full Source Data: 7908 | Target Train: 632
Initializing ResNet Baseline (Dim=128)...

=== Stage 0: Coreset Selection [Soft Random] ===
   Target Ratio: 40.0%

[Sampler] Running Soft Random | Target: 3163/7908 (40.0%)
Scanning Source (Soft Random):   0%|          | 0/8 [00:00<?, ?it/s]Scanning Source (Soft Random):  12%|█▎        | 1/8 [00:00<00:00,  8.97it/s]                                                                            -> Selected 3163 samples.

=== PHASE 1: Source Pre-training ===
[P1] Ep 20: Loss 1.0025
[P1] Ep 40: Loss 0.8128
[P1] Ep 60: Loss 0.7074
[P1] Ep 80: Loss 0.6356
[P1] Ep 100: Loss 0.5365
[P1] Ep 120: Loss 0.5185
[P1] Ep 140: Loss 0.4892
[P1] Ep 160: Loss 0.4598
[P1] Ep 180: Loss 0.4172
[P1] Ep 200: Loss 0.3987
[P1] Ep 220: Loss 0.4036
[P1] Ep 240: Loss 0.3459
[P1] Ep 260: Loss 0.3227
[P1] Ep 280: Loss 0.3060
[P1] Ep 300: Loss 0.2944
[P1] Ep 320: Loss 0.2850
[P1] Ep 340: Loss 0.2776
[P1] Ep 360: Loss 0.2635
[P1] Ep 380: Loss 0.2392
[P1] Ep 400: Loss 0.2414
[P1] Ep 420: Loss 0.2428
[P1] Ep 440: Loss 0.2330
[P1] Ep 460: Loss 0.2198
[P1] Ep 480: Loss 0.2136
[P1] Ep 500: Loss 0.1974
[P1] Ep 520: Loss 0.1994
[P1] Ep 540: Loss 0.1944
[P1] Ep 560: Loss 0.1830
[P1] Ep 580: Loss 0.1786
[P1] Ep 600: Loss 0.1820
[P1] Ep 620: Loss 0.1651
[P1] Ep 640: Loss 0.1545
[P1] Ep 660: Loss 0.1618
[P1] Ep 680: Loss 0.1634
[P1] Ep 700: Loss 0.1536
[P1] Ep 720: Loss 0.1463
[P1] Ep 740: Loss 0.1397
[P1] Ep 760: Loss 0.1456
[P1] Ep 780: Loss 0.1376
[P1] Ep 800: Loss 0.1342
[P1] Ep 820: Loss 0.1319
[P1] Ep 840: Loss 0.1262
[P1] Ep 860: Loss 0.1208
[P1] Ep 880: Loss 0.1159
[P1] Ep 900: Loss 0.1190
[P1] Ep 920: Loss 0.1148
[P1] Ep 940: Loss 0.1134
[P1] Ep 960: Loss 0.1146
[P1] Ep 980: Loss 0.1138
[P1] Ep 1000: Loss 0.1051

=== PHASE 2.1: Head Alignment ===
[P2.1] Ep 50 MAE 0.7820

=== PHASE 2.2: Full Fine-tuning ===
[P2.2] Ep 20 MAE 0.6571
[P2.2] Ep 40 MAE 0.6427
[P2.2] Ep 60 MAE 0.6531
[P2.2] Ep 80 MAE 0.6506
[P2.2] Ep 100 MAE 0.6510
[P2.2] Ep 120 MAE 0.6543
[P2.2] Ep 140 MAE 0.6438
[P2.2] Ep 160 MAE 0.6453

>>> Final Test Evaluation
------------------------------------------------------------
Method: Soft Random (Ratio=0.4)
MAE: 0.6125
RMSE: 0.7421
MAPE: 40.4080
Acc_10: 19.3182
Acc_20: 43.1818
------------------------------------------------------------
